2026-06-07T03:27:19.2713100Z Current runner version: '2.334.0'
2026-06-07T03:27:19.2730020Z ##[group]Runner Image Provisioner
2026-06-07T03:27:19.2730640Z Hosted Compute Agent
2026-06-07T03:27:19.2731020Z Version: 20260520.533
2026-06-07T03:27:19.2731430Z Commit: 189110e25284a9812c124fd27b339e2fb4f2f9db
2026-06-07T03:27:19.2731900Z Build Date: 2026-05-20T17:44:04Z
2026-06-07T03:27:19.2732420Z Worker ID: {47c4293a-6aa8-4cc9-b99e-9801fe73d80b}
2026-06-07T03:27:19.2732880Z Azure Region: westus
2026-06-07T03:27:19.2733270Z ##[endgroup]
2026-06-07T03:27:19.2734260Z ##[group]Operating System
2026-06-07T03:27:19.2734850Z macOS
2026-06-07T03:27:19.2735180Z 15.7.7
2026-06-07T03:27:19.2735540Z 24G720
2026-06-07T03:27:19.2735880Z ##[endgroup]
2026-06-07T03:27:19.2736250Z ##[group]Runner Image
2026-06-07T03:27:19.2736640Z Image: macos-15-arm64
2026-06-07T03:27:19.2737030Z Version: 20260527.0100.1
2026-06-07T03:27:19.2737930Z Included Software: https://github.com/actions/runner-images/blob/macos-15-arm64/20260527.0100/images/macos/macos-15-arm64-Readme.md
2026-06-07T03:27:19.2738980Z Image Release: https://github.com/actions/runner-images/releases/tag/macos-15-arm64%2F20260527.0100
2026-06-07T03:27:19.2739670Z ##[endgroup]
2026-06-07T03:27:19.2740480Z ##[group]GITHUB_TOKEN Permissions
2026-06-07T03:27:19.2741870Z Contents: read
2026-06-07T03:27:19.2742250Z Metadata: read
2026-06-07T03:27:19.2742590Z Packages: read
2026-06-07T03:27:19.2742940Z ##[endgroup]
2026-06-07T03:27:19.2745000Z Secret source: Actions
2026-06-07T03:27:19.2745430Z Prepare workflow directory
2026-06-07T03:27:19.3013240Z Prepare all required actions
2026-06-07T03:27:19.3041570Z Getting action download info
2026-06-07T03:27:19.6969920Z Download action repository 'actions/checkout@v4' (SHA:34e114876b0b11c390a56381ad16ebd13914f8d5)
2026-06-07T03:27:20.1261170Z Download action repository 'actions/upload-artifact@v4' (SHA:ea165f8d65b6e75b540449e92b4886f43607fa02)
2026-06-07T03:27:20.3754920Z Complete job name: build
2026-06-07T03:27:20.4247120Z ##[group]Run actions/checkout@v4
2026-06-07T03:27:20.4247940Z with:
2026-06-07T03:27:20.4248270Z   repository: JK-GL/BaoJunKeyless
2026-06-07T03:27:20.4251610Z   token: ***
2026-06-07T03:27:20.4251920Z   ssh-strict: true
2026-06-07T03:27:20.4252240Z   ssh-user: git
2026-06-07T03:27:20.4252570Z   persist-credentials: true
2026-06-07T03:27:20.4252920Z   clean: true
2026-06-07T03:27:20.4253250Z   sparse-checkout-cone-mode: true
2026-06-07T03:27:20.4253630Z   fetch-depth: 1
2026-06-07T03:27:20.4253940Z   fetch-tags: false
2026-06-07T03:27:20.4254270Z   show-progress: true
2026-06-07T03:27:20.4254590Z   lfs: false
2026-06-07T03:27:20.4254890Z   submodules: false
2026-06-07T03:27:20.4255230Z   set-safe-directory: true
2026-06-07T03:27:20.4255810Z ##[endgroup]
2026-06-07T03:27:20.7864330Z Syncing repository: JK-GL/BaoJunKeyless
2026-06-07T03:27:20.7865810Z ##[group]Getting Git version info
2026-06-07T03:27:20.7866430Z Working directory is '/Users/runner/work/BaoJunKeyless/BaoJunKeyless'
2026-06-07T03:27:20.7867330Z [command]/opt/homebrew/bin/git version
2026-06-07T03:27:20.8171510Z git version 2.54.0
2026-06-07T03:27:20.8212130Z ##[endgroup]
2026-06-07T03:27:20.8236150Z Copying '/Users/runner/.gitconfig' to '/Users/runner/work/_temp/d7ac9949-8254-479b-8327-6e5f293db197/.gitconfig'
2026-06-07T03:27:20.8249770Z Temporarily overriding HOME='/Users/runner/work/_temp/d7ac9949-8254-479b-8327-6e5f293db197' before making global git config changes
2026-06-07T03:27:20.8252820Z Adding repository directory to the temporary git global config as a safe directory
2026-06-07T03:27:20.8257320Z [command]/opt/homebrew/bin/git config --global --add safe.directory /Users/runner/work/BaoJunKeyless/BaoJunKeyless
2026-06-07T03:27:20.8410380Z Deleting the contents of '/Users/runner/work/BaoJunKeyless/BaoJunKeyless'
2026-06-07T03:27:20.8416610Z ##[group]Initializing the repository
2026-06-07T03:27:20.8426040Z [command]/opt/homebrew/bin/git init /Users/runner/work/BaoJunKeyless/BaoJunKeyless
2026-06-07T03:27:20.8711610Z hint: Using 'master' as the name for the initial branch. This default branch name
2026-06-07T03:27:20.8716070Z hint: will change to "main" in Git 3.0. To configure the initial branch name
2026-06-07T03:27:20.8718190Z hint: to use in all of your new repositories, which will suppress this warning,
2026-06-07T03:27:20.8719910Z hint: call:
2026-06-07T03:27:20.8720760Z hint:
2026-06-07T03:27:20.8721860Z hint: 	git config --global init.defaultBranch <name>
2026-06-07T03:27:20.8723230Z hint:
2026-06-07T03:27:20.8723730Z hint: Names commonly chosen instead of 'master' are 'main', 'trunk' and
2026-06-07T03:27:20.8724470Z hint: 'development'. The just-created branch can be renamed via this command:
2026-06-07T03:27:20.8725100Z hint:
2026-06-07T03:27:20.8742360Z hint: 	git branch -m <name>
2026-06-07T03:27:20.8743040Z hint:
2026-06-07T03:27:20.8743510Z hint: Disable this message with "git config set advice.defaultBranchName false"
2026-06-07T03:27:20.8744270Z Initialized empty Git repository in /Users/runner/work/BaoJunKeyless/BaoJunKeyless/.git/
2026-06-07T03:27:20.8745630Z [command]/opt/homebrew/bin/git remote add origin https://github.com/JK-GL/BaoJunKeyless
2026-06-07T03:27:20.8817730Z ##[endgroup]
2026-06-07T03:27:20.8818730Z ##[group]Disabling automatic garbage collection
2026-06-07T03:27:20.8822440Z [command]/opt/homebrew/bin/git config --local gc.auto 0
2026-06-07T03:27:20.8920520Z ##[endgroup]
2026-06-07T03:27:20.8921570Z ##[group]Setting up auth
2026-06-07T03:27:20.8930770Z [command]/opt/homebrew/bin/git config --local --name-only --get-regexp core\.sshCommand
2026-06-07T03:27:20.9008610Z [command]/opt/homebrew/bin/git submodule foreach --recursive sh -c "git config --local --name-only --get-regexp 'core\.sshCommand' && git config --local --unset-all 'core.sshCommand' || :"
2026-06-07T03:27:21.0376860Z [command]/opt/homebrew/bin/git config --local --name-only --get-regexp http\.https\:\/\/github\.com\/\.extraheader
2026-06-07T03:27:21.0455660Z [command]/opt/homebrew/bin/git submodule foreach --recursive sh -c "git config --local --name-only --get-regexp 'http\.https\:\/\/github\.com\/\.extraheader' && git config --local --unset-all 'http.https://github.com/.extraheader' || :"
2026-06-07T03:27:21.1611310Z [command]/opt/homebrew/bin/git config --local --name-only --get-regexp ^includeIf\.gitdir:
2026-06-07T03:27:21.1707390Z [command]/opt/homebrew/bin/git submodule foreach --recursive git config --local --show-origin --name-only --get-regexp remote.origin.url
2026-06-07T03:27:21.2796010Z [command]/opt/homebrew/bin/git config --local http.https://github.com/.extraheader AUTHORIZATION: basic ***
2026-06-07T03:27:21.2910230Z ##[endgroup]
2026-06-07T03:27:21.2911330Z ##[group]Fetching the repository
2026-06-07T03:27:21.2926370Z [command]/opt/homebrew/bin/git -c protocol.version=2 fetch --no-tags --prune --no-recurse-submodules --depth=1 origin +6eb8d473be0d046963238a391b9e84d71aeba53f:refs/remotes/origin/main
2026-06-07T03:27:21.9888930Z From https://github.com/JK-GL/BaoJunKeyless
2026-06-07T03:27:21.9890450Z  * [new ref]         6eb8d473be0d046963238a391b9e84d71aeba53f -> origin/main
2026-06-07T03:27:21.9992200Z ##[endgroup]
2026-06-07T03:27:21.9993260Z ##[group]Determining the checkout info
2026-06-07T03:27:21.9994400Z ##[endgroup]
2026-06-07T03:27:21.9998390Z [command]/opt/homebrew/bin/git sparse-checkout disable
2026-06-07T03:27:22.0089100Z [command]/opt/homebrew/bin/git config --local --unset-all extensions.worktreeConfig
2026-06-07T03:27:22.0162840Z ##[group]Checking out the ref
2026-06-07T03:27:22.0164920Z [command]/opt/homebrew/bin/git checkout --progress --force -B main refs/remotes/origin/main
2026-06-07T03:27:22.0444710Z Switched to a new branch 'main'
2026-06-07T03:27:22.0453540Z branch 'main' set up to track 'origin/main'.
2026-06-07T03:27:22.0463110Z ##[endgroup]
2026-06-07T03:27:22.0567270Z [command]/opt/homebrew/bin/git log -1 --format=%H
2026-06-07T03:27:22.0639130Z 6eb8d473be0d046963238a391b9e84d71aeba53f
2026-06-07T03:27:22.0905850Z ##[group]Run sudo xcode-select -s /Applications/Xcode_16.2.app/Contents/Developer
2026-06-07T03:27:22.0907690Z [36;1msudo xcode-select -s /Applications/Xcode_16.2.app/Contents/Developer[0m
2026-06-07T03:27:22.0961890Z shell: /bin/bash -e {0}
2026-06-07T03:27:22.0962670Z ##[endgroup]
2026-06-07T03:27:22.2158500Z ##[group]Run brew install xcodegen
2026-06-07T03:27:22.2159480Z [36;1mbrew install xcodegen[0m
2026-06-07T03:27:22.2209980Z shell: /bin/bash -e {0}
2026-06-07T03:27:22.2210740Z ##[endgroup]
2026-06-07T03:27:28.3525770Z ✔︎ JSON API formula_tap_migrations.jws.json
2026-06-07T03:27:28.3528130Z ✔︎ JSON API cask_tap_migrations.jws.json
2026-06-07T03:27:30.7519110Z Inspect the formula dependency plan before installing with `brew install --ask`.
2026-06-07T03:27:30.7585240Z Enable ask mode by setting `HOMEBREW_ASK=1`.
2026-06-07T03:27:30.7587060Z Hide these hints with `HOMEBREW_NO_ENV_HINTS=1` (see `man brew`).
2026-06-07T03:27:30.7589630Z [32m==>[0m [1mFetching downloads for: [32mxcodegen[39m[0m
2026-06-07T03:27:31.2121720Z ✔︎ Bottle Manifest xcodegen (2.45.4)
2026-06-07T03:27:32.0261150Z ✔︎ Bottle xcodegen (2.45.4)
2026-06-07T03:27:32.2376310Z [34m==>[0m [1mPouring xcodegen--2.45.4.arm64_sequoia.bottle.tar.gz[0m
2026-06-07T03:27:32.4178360Z 🍺  /opt/homebrew/Cellar/xcodegen/2.45.4: 38 files, 7.4MB
2026-06-07T03:27:32.4620330Z ##[group]Run echo "BUILD_DATE=$(TZ=Asia/Shanghai date +'%Y%m%d.%H%M')" >> "$GITHUB_ENV"
2026-06-07T03:27:32.4620900Z [36;1mecho "BUILD_DATE=$(TZ=Asia/Shanghai date +'%Y%m%d.%H%M')" >> "$GITHUB_ENV"[0m
2026-06-07T03:27:32.4682500Z shell: /bin/bash -e {0}
2026-06-07T03:27:32.4683140Z ##[endgroup]
2026-06-07T03:27:32.5413530Z ##[group]Run xcodegen generate
2026-06-07T03:27:32.5413980Z [36;1mxcodegen generate[0m
2026-06-07T03:27:32.5449610Z shell: /bin/bash -e {0}
2026-06-07T03:27:32.5449950Z env:
2026-06-07T03:27:32.5450260Z   BUILD_DATE: 20260607.1127
2026-06-07T03:27:32.5450530Z ##[endgroup]
2026-06-07T03:27:32.5901080Z ⚙️  Generating plists...
2026-06-07T03:27:32.6027220Z ⚙️  Generating project...
2026-06-07T03:27:32.6028980Z ⚙️  Writing project...
2026-06-07T03:27:32.6105920Z Created project at /Users/runner/work/BaoJunKeyless/BaoJunKeyless/BaoJunKeyless.xcodeproj
2026-06-07T03:27:32.6144030Z ##[group]Run xcodebuild \
2026-06-07T03:27:32.6144380Z [36;1mxcodebuild \[0m
2026-06-07T03:27:32.6144730Z [36;1m  -project BaoJunKeyless.xcodeproj \[0m
2026-06-07T03:27:32.6145090Z [36;1m  -scheme BaoJunKeyless \[0m
2026-06-07T03:27:32.6145420Z [36;1m  -sdk iphoneos \[0m
2026-06-07T03:27:32.6145650Z [36;1m  -configuration Release \[0m
2026-06-07T03:27:32.6146060Z [36;1m  -derivedDataPath build \[0m
2026-06-07T03:27:32.6146360Z [36;1m  CODE_SIGNING_ALLOWED=NO \[0m
2026-06-07T03:27:32.6146730Z [36;1m  CODE_SIGNING_REQUIRED=NO \[0m
2026-06-07T03:27:32.6147060Z [36;1m  COPY_PHASE_STRIP=NO \[0m
2026-06-07T03:27:32.6147550Z [36;1m  CURRENT_PROJECT_VERSION="$BUILD_DATE" 2>&1 | tail -30[0m
2026-06-07T03:27:32.6185810Z shell: /bin/bash -e {0}
2026-06-07T03:27:32.6186150Z env:
2026-06-07T03:27:32.6186390Z   BUILD_DATE: 20260607.1127
2026-06-07T03:27:32.6186680Z ##[endgroup]
2026-06-07T03:28:03.7954080Z     builtin-swiftTaskExecution -- /Applications/Xcode_16.2.app/Contents/Developer/Toolchains/XcodeDefault.xctoolchain/usr/bin/swift-frontend -frontend -c /Users/runner/work/BaoJunKeyless/BaoJunKeyless/Sources/Theme/AppBackgroundView.swift /Users/runner/work/BaoJunKeyless/BaoJunKeyless/Sources/Models/AppDiagnosticsSettings.swift /Users/runner/work/BaoJunKeyless/BaoJunKeyless/Sources/Models/AppInfo.swift /Users/runner/work/BaoJunKeyless/BaoJunKeyless/Sources/Theme/AppNavigationContainerView.swift /Users/runner/work/BaoJunKeyless/BaoJunKeyless/Sources/Theme/AppScrollState.swift /Users/runner/work/BaoJunKeyless/BaoJunKeyless/Sources/Theme/AppTheme.swift /Users/runner/work/BaoJunKeyless/BaoJunKeyless/Sources/Theme/AppViewCompatibility.swift /Users/runner/work/BaoJunKeyless/BaoJunKeyless/Sources/App/BaoJunKeylessApp.swift /Users/runner/work/BaoJunKeyless/BaoJunKeyless/Sources/Theme/ChromeBarMetrics.swift /Users/runner/work/BaoJunKeyless/BaoJunKeyless/Sources/Components/Components.swift /Users/runner/work/BaoJunKeyless/BaoJunKeyless/Sources/Views/ContentView.swift /Users/runner/work/BaoJunKeyless/BaoJunKeyless/Sources/Models/CrashLogger.swift /Users/runner/work/BaoJunKeyless/BaoJunKeyless/Sources/Components/CustomAlertView.swift /Users/runner/work/BaoJunKeyless/BaoJunKeyless/Sources/Models/CustomVibrationPattern.swift /Users/runner/work/BaoJunKeyless/BaoJunKeyless/Sources/Views/Keyless/KeylessSections.swift /Users/runner/work/BaoJunKeyless/BaoJunKeyless/Sources/Models/KeylessSettingsStore.swift /Users/runner/work/BaoJunKeyless/BaoJunKeyless/Sources/Views/KeylessView.swift /Users/runner/work/BaoJunKeyless/BaoJunKeyless/Sources/Models/LocationManager.swift /Users/runner/work/BaoJunKeyless/BaoJunKeyless/Sources/Views/LogView.swift /Users/runner/work/BaoJunKeyless/BaoJunKeyless/Sources/Theme/MenuBarView.swift /Users/runner/work/BaoJunKeyless/BaoJunKeyless/Sources/Models/Models.swift /Users/runner/work/BaoJunKeyless/BaoJunKeyless/Sources/Services/MotionManager.swift /Users/runner/work/BaoJunKeyless/BaoJunKeyless/Sources/Theme/PageHeaderView.swift /Users/runner/work/BaoJunKeyless/BaoJunKeyless/Sources/Views/Settings/PhotoPicker.swift /Users/runner/work/BaoJunKeyless/BaoJunKeyless/Sources/Views/RadarView.swift /Users/runner/work/BaoJunKeyless/BaoJunKeyless/Sources/Theme/RowDividerView.swift /Users/runner/work/BaoJunKeyless/BaoJunKeyless/Sources/Theme/SectionHeadingView.swift /Users/runner/work/BaoJunKeyless/BaoJunKeyless/Sources/Theme/SettingsEntryButtonView.swift /Users/runner/work/BaoJunKeyless/BaoJunKeyless/Sources/Theme/SettingsInlineActionRowView.swift /Users/runner/work/BaoJunKeyless/BaoJunKeyless/Sources/Theme/SettingsPanelView.swift /Users/runner/work/BaoJunKeyless/BaoJunKeyless/Sources/Views/Settings/SettingsSections.swift /Users/runner/work/BaoJunKeyless/BaoJunKeyless/Sources/Theme/SettingsStatusRowView.swift /Users/runner/work/BaoJunKeyless/BaoJunKeyless/Sources/Views/SettingsView.swift /Users/runner/work/BaoJunKeyless/BaoJunKeyless/Sources/Components/ShareSheet.swift /Users/runner/work/BaoJunKeyless/BaoJunKeyless/Sources/Views/Status/StatusCards.swift /Users/runner/work/BaoJunKeyless/BaoJunKeyless/Sources/Views/Status/StatusSections.swift /Users/runner/work/BaoJunKeyless/BaoJunKeyless/Sources/Views/StatusView.swift /Users/runner/work/BaoJunKeyless/BaoJunKeyless/Sources/Theme/ThemeImageSupport.swift /Users/runner/work/BaoJunKeyless/BaoJunKeyless/Sources/Theme/ThemeManager.swift /Users/runner/work/BaoJunKeyless/BaoJunKeyless/Sources/Theme/ThemeOptionCardView.swift /Users/runner/work/BaoJunKeyless/BaoJunKeyless/Sources/Models/VehicleEventLogStore.swift /Users/runner/work/BaoJunKeyless/BaoJunKeyless/Sources/Components/VibrationRecorderView.swift -supplementary-output-file-map /Users/runner/work/BaoJunKeyless/BaoJunKeyless/build/Build/Intermediates.noindex/BaoJunKeyless.build/Release-iphoneos/BaoJunKeyless.build/Objects-normal/arm64/supplementaryOutputs-1 -target arm64-apple-ios15.0 -Xllvm -aarch64-use-tbi -enable-objc-interop -stack-check -sdk /Applications/Xcode_16.2.app/Contents/Developer/Platforms/iPhoneOS.platform/Developer/SDKs/iPhoneOS18.2.sdk -I /Users/runner/work/BaoJunKeyless/BaoJunKeyless/build/Build/Products/Release-iphoneos -F /Users/runner/work/BaoJunKeyless/BaoJunKeyless/build/Build/Products/Release-iphoneos -no-color-diagnostics -g -debug-info-format\=dwarf -dwarf-version\=4 -module-cache-path /Users/runner/work/BaoJunKeyless/BaoJunKeyless/build/ModuleCache.noindex -swift-version 5 -enforce-exclusivity\=checked -O -serialize-debugging-options -const-gather-protocols-file /Users/runner/work/BaoJunKeyless/BaoJunKeyless/build/Build/Intermediates.noindex/BaoJunKeyless.build/Release-iphoneos/BaoJunKeyless.build/Objects-normal/arm64/BaoJunKeyless_const_extract_protocols.json -enable-experimental-feature DebugDescriptionMacro -enable-bare-slash-regex -empty-abi-descriptor -validate-clang-modules-once -clang-build-session-file /Users/runner/work/BaoJunKeyless/BaoJunKeyless/build/ModuleCache.noindex/Session.modulevalidation -Xcc -working-directory -Xcc /Users/runner/work/BaoJunKeyless/BaoJunKeyless -resource-dir /Applications/Xcode_16.2.app/Contents/Developer/Toolchains/XcodeDefault.xctoolchain/usr/lib/swift -file-compilation-dir /Users/runner/work/BaoJunKeyless/BaoJunKeyless -Xcc -ivfsstatcache -Xcc /Users/runner/work/BaoJunKeyless/BaoJunKeyless/build/SDKStatCaches.noindex/iphoneos18.2-22C146-6f6929c68f51360d5ca70a73a7e0c2f9.sdkstatcache -Xcc -I/Users/runner/work/BaoJunKeyless/BaoJunKeyless/build/Build/Intermediates.noindex/BaoJunKeyless.build/Release-iphoneos/BaoJunKeyless.build/swift-overrides.hmap -Xcc -iquote -Xcc /Users/runner/work/BaoJunKeyless/BaoJunKeyless/build/Build/Intermediates.noindex/BaoJunKeyless.build/Release-iphoneos/BaoJunKeyless.build/BaoJunKeyless-generated-files.hmap -Xcc -I/Users/runner/work/BaoJunKeyless/BaoJunKeyless/build/Build/Intermediates.noindex/BaoJunKeyless.build/Release-iphoneos/BaoJunKeyless.build/BaoJunKeyless-own-target-headers.hmap -Xcc -I/Users/runner/work/BaoJunKeyless/BaoJunKeyless/build/Build/Intermediates.noindex/BaoJunKeyless.build/Release-iphoneos/BaoJunKeyless.build/BaoJunKeyless-all-target-headers.hmap -Xcc -iquote -Xcc /Users/runner/work/BaoJunKeyless/BaoJunKeyless/build/Build/Intermediates.noindex/BaoJunKeyless.build/Release-iphoneos/BaoJunKeyless.build/BaoJunKeyless-project-headers.hmap -Xcc -I/Users/runner/work/BaoJunKeyless/BaoJunKeyless/build/Build/Products/Release-iphoneos/include -Xcc -I/Users/runner/work/BaoJunKeyless/BaoJunKeyless/build/Build/Intermediates.noindex/BaoJunKeyless.build/Release-iphoneos/BaoJunKeyless.build/DerivedSources-normal/arm64 -Xcc -I/Users/runner/work/BaoJunKeyless/BaoJunKeyless/build/Build/Intermediates.noindex/BaoJunKeyless.build/Release-iphoneos/BaoJunKeyless.build/DerivedSources/arm64 -Xcc -I/Users/runner/work/BaoJunKeyless/BaoJunKeyless/build/Build/Intermediates.noindex/BaoJunKeyless.build/Release-iphoneos/BaoJunKeyless.build/DerivedSources -module-name BaoJunKeyless -frontend-parseable-output -disable-clang-spi -target-sdk-version 18.2 -target-sdk-name iphoneos18.2 -external-plugin-path /Applications/Xcode_16.2.app/Contents/Developer/Platforms/iPhoneOS.platform/Developer/usr/lib/swift/host/plugins\#/Applications/Xcode_16.2.app/Contents/Developer/Platforms/iPhoneOS.platform/Developer/usr/bin/swift-plugin-server -external-plugin-path /Applications/Xcode_16.2.app/Contents/Developer/Platforms/iPhoneOS.platform/Developer/usr/local/lib/swift/host/plugins\#/Applications/Xcode_16.2.app/Contents/Developer/Platforms/iPhoneOS.platform/Developer/usr/bin/swift-plugin-server -plugin-path /Applications/Xcode_16.2.app/Contents/Developer/Toolchains/XcodeDefault.xctoolchain/usr/lib/swift/host/plugins -plugin-path /Applications/Xcode_16.2.app/Contents/Developer/Toolchains/XcodeDefault.xctoolchain/usr/local/lib/swift/host/plugins -enable-default-cmo -num-threads 3 -o /Users/runner/work/BaoJunKeyless/BaoJunKeyless/build/Build/Intermediates.noindex/BaoJunKeyless.build/Release-iphoneos/BaoJunKeyless.build/Objects-normal/arm64/AppBackgroundView.o -o /Users/runner/work/BaoJunKeyless/BaoJunKeyless/build/Build/Intermediates.noindex/BaoJunKeyless.build/Release-iphoneos/BaoJunKeyless.build/Objects-normal/arm64/AppDiagnosticsSettings.o -o /Users/runner/work/BaoJunKeyless/BaoJunKeyless/build/Build/Intermediates.noindex/BaoJunKeyless.build/Release-iphoneos/BaoJunKeyless.build/Objects-normal/arm64/AppInfo.o -o /Users/runner/work/BaoJunKeyless/BaoJunKeyless/build/Build/Intermediates.noindex/BaoJunKeyless.build/Release-iphoneos/BaoJunKeyless.build/Objects-normal/arm64/AppNavigationContainerView.o -o /Users/runner/work/BaoJunKeyless/BaoJunKeyless/build/Build/Intermediates.noindex/BaoJunKeyless.build/Release-iphoneos/BaoJunKeyless.build/Objects-normal/arm64/AppScrollState.o -o /Users/runner/work/BaoJunKeyless/BaoJunKeyless/build/Build/Intermediates.noindex/BaoJunKeyless.build/Release-iphoneos/BaoJunKeyless.build/Objects-normal/arm64/AppTheme.o -o /Users/runner/work/BaoJunKeyless/BaoJunKeyless/build/Build/Intermediates.noindex/BaoJunKeyless.build/Release-iphoneos/BaoJunKeyless.build/Objects-normal/arm64/AppViewCompatibility.o -o /Users/runner/work/BaoJunKeyless/BaoJunKeyless/build/Build/Intermediates.noindex/BaoJunKeyless.build/Release-iphoneos/BaoJunKeyless.build/Objects-normal/arm64/BaoJunKeylessApp.o -o /Users/runner/work/BaoJunKeyless/BaoJunKeyless/build/Build/Intermediates.noindex/BaoJunKeyless.build/Release-iphoneos/BaoJunKeyless.build/Objects-normal/arm64/ChromeBarMetrics.o -o /Users/runner/work/BaoJunKeyless/BaoJunKeyless/build/Build/Intermediates.noindex/BaoJunKeyless.build/Release-iphoneos/BaoJunKeyless.build/Objects-normal/arm64/Components.o -o /Users/runner/work/BaoJunKeyless/BaoJunKeyless/build/Build/Intermediates.noindex/BaoJunKeyless.build/Release-iphoneos/BaoJunKeyless.build/Objects-normal/arm64/ContentView.o -o /Users/runner/work/BaoJunKeyless/BaoJunKeyless/build/Build/Intermediates.noindex/BaoJunKeyless.build/Release-iphoneos/BaoJunKeyless.build/Objects-normal/arm64/CrashLogger.o -o /Users/runner/work/BaoJunKeyless/BaoJunKeyless/build/Build/Intermediates.noindex/BaoJunKeyless.build/Release-iphoneos/BaoJunKeyless.build/Objects-normal/arm64/CustomAlertView.o -o /Users/runner/work/BaoJunKeyless/BaoJunKeyless/build/Build/Intermediates.noindex/BaoJunKeyless.build/Release-iphoneos/BaoJunKeyless.build/Objects-normal/arm64/CustomVibrationPattern.o -o /Users/runner/work/BaoJunKeyless/BaoJunKeyless/build/Build/Intermediates.noindex/BaoJunKeyless.build/Release-iphoneos/BaoJunKeyless.build/Objects-normal/arm64/KeylessSections.o -o /Users/runner/work/BaoJunKeyless/BaoJunKeyless/build/Build/Intermediates.noindex/BaoJunKeyless.build/Release-iphoneos/BaoJunKeyless.build/Objects-normal/arm64/KeylessSettingsStore.o -o /Users/runner/work/BaoJunKeyless/BaoJunKeyless/build/Build/Intermediates.noindex/BaoJunKeyless.build/Release-iphoneos/BaoJunKeyless.build/Objects-normal/arm64/KeylessView.o -o /Users/runner/work/BaoJunKeyless/BaoJunKeyless/build/Build/Intermediates.noindex/BaoJunKeyless.build/Release-iphoneos/BaoJunKeyless.build/Objects-normal/arm64/LocationManager.o -o /Users/runner/work/BaoJunKeyless/BaoJunKeyless/build/Build/Intermediates.noindex/BaoJunKeyless.build/Release-iphoneos/BaoJunKeyless.build/Objects-normal/arm64/LogView.o -o /Users/runner/work/BaoJunKeyless/BaoJunKeyless/build/Build/Intermediates.noindex/BaoJunKeyless.build/Release-iphoneos/BaoJunKeyless.build/Objects-normal/arm64/MenuBarView.o -o /Users/runner/work/BaoJunKeyless/BaoJunKeyless/build/Build/Intermediates.noindex/BaoJunKeyless.build/Release-iphoneos/BaoJunKeyless.build/Objects-normal/arm64/Models.o -o /Users/runner/work/BaoJunKeyless/BaoJunKeyless/build/Build/Intermediates.noindex/BaoJunKeyless.build/Release-iphoneos/BaoJunKeyless.build/Objects-normal/arm64/MotionManager.o -o /Users/runner/work/BaoJunKeyless/BaoJunKeyless/build/Build/Intermediates.noindex/BaoJunKeyless.build/Release-iphoneos/BaoJunKeyless.build/Objects-normal/arm64/PageHeaderView.o -o /Users/runner/work/BaoJunKeyless/BaoJunKeyless/build/Build/Intermediates.noindex/BaoJunKeyless.build/Release-iphoneos/BaoJunKeyless.build/Objects-normal/arm64/PhotoPicker.o -o /Users/runner/work/BaoJunKeyless/BaoJunKeyless/build/Build/Intermediates.noindex/BaoJunKeyless.build/Release-iphoneos/BaoJunKeyless.build/Objects-normal/arm64/RadarView.o -o /Users/runner/work/BaoJunKeyless/BaoJunKeyless/build/Build/Intermediates.noindex/BaoJunKeyless.build/Release-iphoneos/BaoJunKeyless.build/Objects-normal/arm64/RowDividerView.o -o /Users/runner/work/BaoJunKeyless/BaoJunKeyless/build/Build/Intermediates.noindex/BaoJunKeyless.build/Release-iphoneos/BaoJunKeyless.build/Objects-normal/arm64/SectionHeadingView.o -o /Users/runner/work/BaoJunKeyless/BaoJunKeyless/build/Build/Intermediates.noindex/BaoJunKeyless.build/Release-iphoneos/BaoJunKeyless.build/Objects-normal/arm64/SettingsEntryButtonView.o -o /Users/runner/work/BaoJunKeyless/BaoJunKeyless/build/Build/Intermediates.noindex/BaoJunKeyless.build/Release-iphoneos/BaoJunKeyless.build/Objects-normal/arm64/SettingsInlineActionRowView.o -o /Users/runner/work/BaoJunKeyless/BaoJunKeyless/build/Build/Intermediates.noindex/BaoJunKeyless.build/Release-iphoneos/BaoJunKeyless.build/Objects-normal/arm64/SettingsPanelView.o -o /Users/runner/work/BaoJunKeyless/BaoJunKeyless/build/Build/Intermediates.noindex/BaoJunKeyless.build/Release-iphoneos/BaoJunKeyless.build/Objects-normal/arm64/SettingsSections.o -o /Users/runner/work/BaoJunKeyless/BaoJunKeyless/build/Build/Intermediates.noindex/BaoJunKeyless.build/Release-iphoneos/BaoJunKeyless.build/Objects-normal/arm64/SettingsStatusRowView.o -o /Users/runner/work/BaoJunKeyless/BaoJunKeyless/build/Build/Intermediates.noindex/BaoJunKeyless.build/Release-iphoneos/BaoJunKeyless.build/Objects-normal/arm64/SettingsView.o -o /Users/runner/work/BaoJunKeyless/BaoJunKeyless/build/Build/Intermediates.noindex/BaoJunKeyless.build/Release-iphoneos/BaoJunKeyless.build/Objects-normal/arm64/ShareSheet.o -o /Users/runner/work/BaoJunKeyless/BaoJunKeyless/build/Build/Intermediates.noindex/BaoJunKeyless.build/Release-iphoneos/BaoJunKeyless.build/Objects-normal/arm64/StatusCards.o -o /Users/runner/work/BaoJunKeyless/BaoJunKeyless/build/Build/Intermediates.noindex/BaoJunKeyless.build/Release-iphoneos/BaoJunKeyless.build/Objects-normal/arm64/StatusSections.o -o /Users/runner/work/BaoJunKeyless/BaoJunKeyless/build/Build/Intermediates.noindex/BaoJunKeyless.build/Release-iphoneos/BaoJunKeyless.build/Objects-normal/arm64/StatusView.o -o /Users/runner/work/BaoJunKeyless/BaoJunKeyless/build/Build/Intermediates.noindex/BaoJunKeyless.build/Release-iphoneos/BaoJunKeyless.build/Objects-normal/arm64/ThemeImageSupport.o -o /Users/runner/work/BaoJunKeyless/BaoJunKeyless/build/Build/Intermediates.noindex/BaoJunKeyless.build/Release-iphoneos/BaoJunKeyless.build/Objects-normal/arm64/ThemeManager.o -o /Users/runner/work/BaoJunKeyless/BaoJunKeyless/build/Build/Intermediates.noindex/BaoJunKeyless.build/Release-iphoneos/BaoJunKeyless.build/Objects-normal/arm64/ThemeOptionCardView.o -o /Users/runner/work/BaoJunKeyless/BaoJunKeyless/build/Build/Intermediates.noindex/BaoJunKeyless.build/Release-iphoneos/BaoJunKeyless.build/Objects-normal/arm64/VehicleEventLogStore.o -o /Users/runner/work/BaoJunKeyless/BaoJunKeyless/build/Build/Intermediates.noindex/BaoJunKeyless.build/Release-iphoneos/BaoJunKeyless.build/Objects-normal/arm64/VibrationRecorderView.o -index-unit-output-path /BaoJunKeyless.build/Release-iphoneos/BaoJunKeyless.build/Objects-normal/arm64/AppBackgroundView.o -index-unit-output-path /BaoJunKeyless.build/Release-iphoneos/BaoJunKeyless.build/Objects-normal/arm64/AppDiagnosticsSettings.o -index-unit-output-path /BaoJunKeyless.build/Release-iphoneos/BaoJunKeyless.build/Objects-normal/arm64/AppInfo.o -index-unit-output-path /BaoJunKeyless.build/Release-iphoneos/BaoJunKeyless.build/Objects-normal/arm64/AppNavigationContainerView.o -index-unit-output-path /BaoJunKeyless.build/Release-iphoneos/BaoJunKeyless.build/Objects-normal/arm64/AppScrollState.o -index-unit-output-path /BaoJunKeyless.build/Release-iphoneos/BaoJunKeyless.build/Objects-normal/arm64/AppTheme.o -index-unit-output-path /BaoJunKeyless.build/Release-iphoneos/BaoJunKeyless.build/Objects-normal/arm64/AppViewCompatibility.o -index-unit-output-path /BaoJunKeyless.build/Release-iphoneos/BaoJunKeyless.build/Objects-normal/arm64/BaoJunKeylessApp.o -index-unit-output-path /BaoJunKeyless.build/Release-iphoneos/BaoJunKeyless.build/Objects-normal/arm64/ChromeBarMetrics.o -index-unit-output-path /BaoJunKeyless.build/Release-iphoneos/BaoJunKeyless.build/Objects-normal/arm64/Components.o -index-unit-output-path /BaoJunKeyless.build/Release-iphoneos/BaoJunKeyless.build/Objects-normal/arm64/ContentView.o -index-unit-output-path /BaoJunKeyless.build/Release-iphoneos/BaoJunKeyless.build/Objects-normal/arm64/CrashLogger.o -index-unit-output-path /BaoJunKeyless.build/Release-iphoneos/BaoJunKeyless.build/Objects-normal/arm64/CustomAlertView.o -index-unit-output-path /BaoJunKeyless.build/Release-iphoneos/BaoJunKeyless.build/Objects-normal/arm64/CustomVibrationPattern.o -index-unit-output-path /BaoJunKeyless.build/Release-iphoneos/BaoJunKeyless.build/Objects-normal/arm64/KeylessSections.o -index-unit-output-path /BaoJunKeyless.build/Release-iphoneos/BaoJunKeyless.build/Objects-normal/arm64/KeylessSettingsStore.o -index-unit-output-path /BaoJunKeyless.build/Release-iphoneos/BaoJunKeyless.build/Objects-normal/arm64/KeylessView.o -index-unit-output-path /BaoJunKeyless.build/Release-iphoneos/BaoJunKeyless.build/Objects-normal/arm64/LocationManager.o -index-unit-output-path /BaoJunKeyless.build/Release-iphoneos/BaoJunKeyless.build/Objects-normal/arm64/LogView.o -index-unit-output-path /BaoJunKeyless.build/Release-iphoneos/BaoJunKeyless.build/Objects-normal/arm64/MenuBarView.o -index-unit-output-path /BaoJunKeyless.build/Release-iphoneos/BaoJunKeyless.build/Objects-normal/arm64/Models.o -index-unit-output-path /BaoJunKeyless.build/Release-iphoneos/BaoJunKeyless.build/Objects-normal/arm64/MotionManager.o -index-unit-output-path /BaoJunKeyless.build/Release-iphoneos/BaoJunKeyless.build/Objects-normal/arm64/PageHeaderView.o -index-unit-output-path /BaoJunKeyless.build/Release-iphoneos/BaoJunKeyless.build/Objects-normal/arm64/PhotoPicker.o -index-unit-output-path /BaoJunKeyless.build/Release-iphoneos/BaoJunKeyless.build/Objects-normal/arm64/RadarView.o -index-unit-output-path /BaoJunKeyless.build/Release-iphoneos/BaoJunKeyless.build/Objects-normal/arm64/RowDividerView.o -index-unit-output-path /BaoJunKeyless.build/Release-iphoneos/BaoJunKeyless.build/Objects-normal/arm64/SectionHeadingView.o -index-unit-output-path /BaoJunKeyless.build/Release-iphoneos/BaoJunKeyless.build/Objects-normal/arm64/SettingsEntryButtonView.o -index-unit-output-path /BaoJunKeyless.build/Release-iphoneos/BaoJunKeyless.build/Objects-normal/arm64/SettingsInlineActionRowView.o -index-unit-output-path /BaoJunKeyless.build/Release-iphoneos/BaoJunKeyless.build/Objects-normal/arm64/SettingsPanelView.o -index-unit-output-path /BaoJunKeyless.build/Release-iphoneos/BaoJunKeyless.build/Objects-normal/arm64/SettingsSections.o -index-unit-output-path /BaoJunKeyless.build/Release-iphoneos/BaoJunKeyless.build/Objects-normal/arm64/SettingsStatusRowView.o -index-unit-output-path /BaoJunKeyless.build/Release-iphoneos/BaoJunKeyless.build/Objects-normal/arm64/SettingsView.o -index-unit-output-path /BaoJunKeyless.build/Release-iphoneos/BaoJunKeyless.build/Objects-normal/arm64/ShareSheet.o -index-unit-output-path /BaoJunKeyless.build/Release-iphoneos/BaoJunKeyless.build/Objects-normal/arm64/StatusCards.o -index-unit-output-path /BaoJunKeyless.build/Release-iphoneos/BaoJunKeyless.build/Objects-normal/arm64/StatusSections.o -index-unit-output-path /BaoJunKeyless.build/Release-iphoneos/BaoJunKeyless.build/Objects-normal/arm64/StatusView.o -index-unit-output-path /BaoJunKeyless.build/Release-iphoneos/BaoJunKeyless.build/Objects-normal/arm64/ThemeImageSupport.o -index-unit-output-path /BaoJunKeyless.build/Release-iphoneos/BaoJunKeyless.build/Objects-normal/arm64/ThemeManager.o -index-unit-output-path /BaoJunKeyless.build/Release-iphoneos/BaoJunKeyless.build/Objects-normal/arm64/ThemeOptionCardView.o -index-unit-output-path /BaoJunKeyless.build/Release-iphoneos/BaoJunKeyless.build/Objects-normal/arm64/VehicleEventLogStore.o -index-unit-output-path /BaoJunKeyless.build/Release-iphoneos/BaoJunKeyless.build/Objects-normal/arm64/VibrationRecorderView.o
2026-06-07T03:28:03.8021490Z 
2026-06-07T03:28:03.8021850Z CompileSwift normal arm64 (in target 'BaoJunKeyless' from project 'BaoJunKeyless')
2026-06-07T03:28:03.8022400Z     cd /Users/runner/work/BaoJunKeyless/BaoJunKeyless
2026-06-07T03:28:03.8129440Z     /Applications/Xcode_16.2.app/Contents/Developer/Toolchains/XcodeDefault.xctoolchain/usr/bin/swift-frontend -c /Users/runner/work/BaoJunKeyless/BaoJunKeyless/Sources/Theme/AppBackgroundView.swift /Users/runner/work/BaoJunKeyless/BaoJunKeyless/Sources/Models/AppDiagnosticsSettings.swift /Users/runner/work/BaoJunKeyless/BaoJunKeyless/Sources/Models/AppInfo.swift /Users/runner/work/BaoJunKeyless/BaoJunKeyless/Sources/Theme/AppNavigationContainerView.swift /Users/runner/work/BaoJunKeyless/BaoJunKeyless/Sources/Theme/AppScrollState.swift /Users/runner/work/BaoJunKeyless/BaoJunKeyless/Sources/Theme/AppTheme.swift /Users/runner/work/BaoJunKeyless/BaoJunKeyless/Sources/Theme/AppViewCompatibility.swift /Users/runner/work/BaoJunKeyless/BaoJunKeyless/Sources/App/BaoJunKeylessApp.swift /Users/runner/work/BaoJunKeyless/BaoJunKeyless/Sources/Theme/ChromeBarMetrics.swift /Users/runner/work/BaoJunKeyless/BaoJunKeyless/Sources/Components/Components.swift /Users/runner/work/BaoJunKeyless/BaoJunKeyless/Sources/Views/ContentView.swift /Users/runner/work/BaoJunKeyless/BaoJunKeyless/Sources/Models/CrashLogger.swift /Users/runner/work/BaoJunKeyless/BaoJunKeyless/Sources/Components/CustomAlertView.swift /Users/runner/work/BaoJunKeyless/BaoJunKeyless/Sources/Models/CustomVibrationPattern.swift /Users/runner/work/BaoJunKeyless/BaoJunKeyless/Sources/Views/Keyless/KeylessSections.swift /Users/runner/work/BaoJunKeyless/BaoJunKeyless/Sources/Models/KeylessSettingsStore.swift /Users/runner/work/BaoJunKeyless/BaoJunKeyless/Sources/Views/KeylessView.swift /Users/runner/work/BaoJunKeyless/BaoJunKeyless/Sources/Models/LocationManager.swift /Users/runner/work/BaoJunKeyless/BaoJunKeyless/Sources/Views/LogView.swift /Users/runner/work/BaoJunKeyless/BaoJunKeyless/Sources/Theme/MenuBarView.swift /Users/runner/work/BaoJunKeyless/BaoJunKeyless/Sources/Models/Models.swift /Users/runner/work/BaoJunKeyless/BaoJunKeyless/Sources/Services/MotionManager.swift /Users/runner/work/BaoJunKeyless/BaoJunKeyless/Sources/Theme/PageHeaderView.swift /Users/runner/work/BaoJunKeyless/BaoJunKeyless/Sources/Views/Settings/PhotoPicker.swift /Users/runner/work/BaoJunKeyless/BaoJunKeyless/Sources/Views/RadarView.swift /Users/runner/work/BaoJunKeyless/BaoJunKeyless/Sources/Theme/RowDividerView.swift /Users/runner/work/BaoJunKeyless/BaoJunKeyless/Sources/Theme/SectionHeadingView.swift /Users/runner/work/BaoJunKeyless/BaoJunKeyless/Sources/Theme/SettingsEntryButtonView.swift /Users/runner/work/BaoJunKeyless/BaoJunKeyless/Sources/Theme/SettingsInlineActionRowView.swift /Users/runner/work/BaoJunKeyless/BaoJunKeyless/Sources/Theme/SettingsPanelView.swift /Users/runner/work/BaoJunKeyless/BaoJunKeyless/Sources/Views/Settings/SettingsSections.swift /Users/runner/work/BaoJunKeyless/BaoJunKeyless/Sources/Theme/SettingsStatusRowView.swift /Users/runner/work/BaoJunKeyless/BaoJunKeyless/Sources/Views/SettingsView.swift /Users/runner/work/BaoJunKeyless/BaoJunKeyless/Sources/Components/ShareSheet.swift /Users/runner/work/BaoJunKeyless/BaoJunKeyless/Sources/Views/Status/StatusCards.swift /Users/runner/work/BaoJunKeyless/BaoJunKeyless/Sources/Views/Status/StatusSections.swift /Users/runner/work/BaoJunKeyless/BaoJunKeyless/Sources/Views/StatusView.swift /Users/runner/work/BaoJunKeyless/BaoJunKeyless/Sources/Theme/ThemeImageSupport.swift /Users/runner/work/BaoJunKeyless/BaoJunKeyless/Sources/Theme/ThemeManager.swift /Users/runner/work/BaoJunKeyless/BaoJunKeyless/Sources/Theme/ThemeOptionCardView.swift /Users/runner/work/BaoJunKeyless/BaoJunKeyless/Sources/Models/VehicleEventLogStore.swift /Users/runner/work/BaoJunKeyless/BaoJunKeyless/Sources/Components/VibrationRecorderView.swift -supplementary-output-file-map /Users/runner/work/BaoJunKeyless/BaoJunKeyless/build/Build/Intermediates.noindex/BaoJunKeyless.build/Release-iphoneos/BaoJunKeyless.build/Objects-normal/arm64/supplementaryOutputs-1 -target arm64-apple-ios15.0 -Xllvm -aarch64-use-tbi -enable-objc-interop -stack-check -sdk /Applications/Xcode_16.2.app/Contents/Developer/Platforms/iPhoneOS.platform/Developer/SDKs/iPhoneOS18.2.sdk -I /Users/runner/work/BaoJunKeyless/BaoJunKeyless/build/Build/Products/Release-iphoneos -F /Users/runner/work/BaoJunKeyless/BaoJunKeyless/build/Build/Products/Release-iphoneos -no-color-diagnostics -g -debug-info-format\=dwarf -dwarf-version\=4 -module-cache-path /Users/runner/work/BaoJunKeyless/BaoJunKeyless/build/ModuleCache.noindex -swift-version 5 -enforce-exclusivity\=checked -O -serialize-debugging-options -const-gather-protocols-file /Users/runner/work/BaoJunKeyless/BaoJunKeyless/build/Build/Intermediates.noindex/BaoJunKeyless.build/Release-iphoneos/BaoJunKeyless.build/Objects-normal/arm64/BaoJunKeyless_const_extract_protocols.json -enable-experimental-feature DebugDescriptionMacro -enable-bare-slash-regex -empty-abi-descriptor -validate-clang-modules-once -clang-build-session-file /Users/runner/work/BaoJunKeyless/BaoJunKeyless/build/ModuleCache.noindex/Session.modulevalidation -Xcc -working-directory -Xcc /Users/runner/work/BaoJunKeyless/BaoJunKeyless -resource-dir /Applications/Xcode_16.2.app/Contents/Developer/Toolchains/XcodeDefault.xctoolchain/usr/lib/swift -file-compilation-dir /Users/runner/work/BaoJunKeyless/BaoJunKeyless -Xcc -ivfsstatcache -Xcc /Users/runner/work/BaoJunKeyless/BaoJunKeyless/build/SDKStatCaches.noindex/iphoneos18.2-22C146-6f6929c68f51360d5ca70a73a7e0c2f9.sdkstatcache -Xcc -I/Users/runner/work/BaoJunKeyless/BaoJunKeyless/build/Build/Intermediates.noindex/BaoJunKeyless.build/Release-iphoneos/BaoJunKeyless.build/swift-overrides.hmap -Xcc -iquote -Xcc /Users/runner/work/BaoJunKeyless/BaoJunKeyless/build/Build/Intermediates.noindex/BaoJunKeyless.build/Release-iphoneos/BaoJunKeyless.build/BaoJunKeyless-generated-files.hmap -Xcc -I/Users/runner/work/BaoJunKeyless/BaoJunKeyless/build/Build/Intermediates.noindex/BaoJunKeyless.build/Release-iphoneos/BaoJunKeyless.build/BaoJunKeyless-own-target-headers.hmap -Xcc -I/Users/runner/work/BaoJunKeyless/BaoJunKeyless/build/Build/Intermediates.noindex/BaoJunKeyless.build/Release-iphoneos/BaoJunKeyless.build/BaoJunKeyless-all-target-headers.hmap -Xcc -iquote -Xcc /Users/runner/work/BaoJunKeyless/BaoJunKeyless/build/Build/Intermediates.noindex/BaoJunKeyless.build/Release-iphoneos/BaoJunKeyless.build/BaoJunKeyless-project-headers.hmap -Xcc -I/Users/runner/work/BaoJunKeyless/BaoJunKeyless/build/Build/Products/Release-iphoneos/include -Xcc -I/Users/runner/work/BaoJunKeyless/BaoJunKeyless/build/Build/Intermediates.noindex/BaoJunKeyless.build/Release-iphoneos/BaoJunKeyless.build/DerivedSources-normal/arm64 -Xcc -I/Users/runner/work/BaoJunKeyless/BaoJunKeyless/build/Build/Intermediates.noindex/BaoJunKeyless.build/Release-iphoneos/BaoJunKeyless.build/DerivedSources/arm64 -Xcc -I/Users/runner/work/BaoJunKeyless/BaoJunKeyless/build/Build/Intermediates.noindex/BaoJunKeyless.build/Release-iphoneos/BaoJunKeyless.build/DerivedSources -module-name BaoJunKeyless -frontend-parseable-output -disable-clang-spi -target-sdk-version 18.2 -target-sdk-name iphoneos18.2 -external-plugin-path /Applications/Xcode_16.2.app/Contents/Developer/Platforms/iPhoneOS.platform/Developer/usr/lib/swift/host/plugins\#/Applications/Xcode_16.2.app/Contents/Developer/Platforms/iPhoneOS.platform/Developer/usr/bin/swift-plugin-server -external-plugin-path /Applications/Xcode_16.2.app/Contents/Developer/Platforms/iPhoneOS.platform/Developer/usr/local/lib/swift/host/plugins\#/Applications/Xcode_16.2.app/Contents/Developer/Platforms/iPhoneOS.platform/Developer/usr/bin/swift-plugin-server -plugin-path /Applications/Xcode_16.2.app/Contents/Developer/Toolchains/XcodeDefault.xctoolchain/usr/lib/swift/host/plugins -plugin-path /Applications/Xcode_16.2.app/Contents/Developer/Toolchains/XcodeDefault.xctoolchain/usr/local/lib/swift/host/plugins -enable-default-cmo -num-threads 3 -o /Users/runner/work/BaoJunKeyless/BaoJunKeyless/build/Build/Intermediates.noindex/BaoJunKeyless.build/Release-iphoneos/BaoJunKeyless.build/Objects-normal/arm64/AppBackgroundView.o -o /Users/runner/work/BaoJunKeyless/BaoJunKeyless/build/Build/Intermediates.noindex/BaoJunKeyless.build/Release-iphoneos/BaoJunKeyless.build/Objects-normal/arm64/AppDiagnosticsSettings.o -o /Users/runner/work/BaoJunKeyless/BaoJunKeyless/build/Build/Intermediates.noindex/BaoJunKeyless.build/Release-iphoneos/BaoJunKeyless.build/Objects-normal/arm64/AppInfo.o -o /Users/runner/work/BaoJunKeyless/BaoJunKeyless/build/Build/Intermediates.noindex/BaoJunKeyless.build/Release-iphoneos/BaoJunKeyless.build/Objects-normal/arm64/AppNavigationContainerView.o -o /Users/runner/work/BaoJunKeyless/BaoJunKeyless/build/Build/Intermediates.noindex/BaoJunKeyless.build/Release-iphoneos/BaoJunKeyless.build/Objects-normal/arm64/AppScrollState.o -o /Users/runner/work/BaoJunKeyless/BaoJunKeyless/build/Build/Intermediates.noindex/BaoJunKeyless.build/Release-iphoneos/BaoJunKeyless.build/Objects-normal/arm64/AppTheme.o -o /Users/runner/work/BaoJunKeyless/BaoJunKeyless/build/Build/Intermediates.noindex/BaoJunKeyless.build/Release-iphoneos/BaoJunKeyless.build/Objects-normal/arm64/AppViewCompatibility.o -o /Users/runner/work/BaoJunKeyless/BaoJunKeyless/build/Build/Intermediates.noindex/BaoJunKeyless.build/Release-iphoneos/BaoJunKeyless.build/Objects-normal/arm64/BaoJunKeylessApp.o -o /Users/runner/work/BaoJunKeyless/BaoJunKeyless/build/Build/Intermediates.noindex/BaoJunKeyless.build/Release-iphoneos/BaoJunKeyless.build/Objects-normal/arm64/ChromeBarMetrics.o -o /Users/runner/work/BaoJunKeyless/BaoJunKeyless/build/Build/Intermediates.noindex/BaoJunKeyless.build/Release-iphoneos/BaoJunKeyless.build/Objects-normal/arm64/Components.o -o /Users/runner/work/BaoJunKeyless/BaoJunKeyless/build/Build/Intermediates.noindex/BaoJunKeyless.build/Release-iphoneos/BaoJunKeyless.build/Objects-normal/arm64/ContentView.o -o /Users/runner/work/BaoJunKeyless/BaoJunKeyless/build/Build/Intermediates.noindex/BaoJunKeyless.build/Release-iphoneos/BaoJunKeyless.build/Objects-normal/arm64/CrashLogger.o -o /Users/runner/work/BaoJunKeyless/BaoJunKeyless/build/Build/Intermediates.noindex/BaoJunKeyless.build/Release-iphoneos/BaoJunKeyless.build/Objects-normal/arm64/CustomAlertView.o -o /Users/runner/work/BaoJunKeyless/BaoJunKeyless/build/Build/Intermediates.noindex/BaoJunKeyless.build/Release-iphoneos/BaoJunKeyless.build/Objects-normal/arm64/CustomVibrationPattern.o -o /Users/runner/work/BaoJunKeyless/BaoJunKeyless/build/Build/Intermediates.noindex/BaoJunKeyless.build/Release-iphoneos/BaoJunKeyless.build/Objects-normal/arm64/KeylessSections.o -o /Users/runner/work/BaoJunKeyless/BaoJunKeyless/build/Build/Intermediates.noindex/BaoJunKeyless.build/Release-iphoneos/BaoJunKeyless.build/Objects-normal/arm64/KeylessSettingsStore.o -o /Users/runner/work/BaoJunKeyless/BaoJunKeyless/build/Build/Intermediates.noindex/BaoJunKeyless.build/Release-iphoneos/BaoJunKeyless.build/Objects-normal/arm64/KeylessView.o -o /Users/runner/work/BaoJunKeyless/BaoJunKeyless/build/Build/Intermediates.noindex/BaoJunKeyless.build/Release-iphoneos/BaoJunKeyless.build/Objects-normal/arm64/LocationManager.o -o /Users/runner/work/BaoJunKeyless/BaoJunKeyless/build/Build/Intermediates.noindex/BaoJunKeyless.build/Release-iphoneos/BaoJunKeyless.build/Objects-normal/arm64/LogView.o -o /Users/runner/work/BaoJunKeyless/BaoJunKeyless/build/Build/Intermediates.noindex/BaoJunKeyless.build/Release-iphoneos/BaoJunKeyless.build/Objects-normal/arm64/MenuBarView.o -o /Users/runner/work/BaoJunKeyless/BaoJunKeyless/build/Build/Intermediates.noindex/BaoJunKeyless.build/Release-iphoneos/BaoJunKeyless.build/Objects-normal/arm64/Models.o -o /Users/runner/work/BaoJunKeyless/BaoJunKeyless/build/Build/Intermediates.noindex/BaoJunKeyless.build/Release-iphoneos/BaoJunKeyless.build/Objects-normal/arm64/MotionManager.o -o /Users/runner/work/BaoJunKeyless/BaoJunKeyless/build/Build/Intermediates.noindex/BaoJunKeyless.build/Release-iphoneos/BaoJunKeyless.build/Objects-normal/arm64/PageHeaderView.o -o /Users/runner/work/BaoJunKeyless/BaoJunKeyless/build/Build/Intermediates.noindex/BaoJunKeyless.build/Release-iphoneos/BaoJunKeyless.build/Objects-normal/arm64/PhotoPicker.o -o /Users/runner/work/BaoJunKeyless/BaoJunKeyless/build/Build/Intermediates.noindex/BaoJunKeyless.build/Release-iphoneos/BaoJunKeyless.build/Objects-normal/arm64/RadarView.o -o /Users/runner/work/BaoJunKeyless/BaoJunKeyless/build/Build/Intermediates.noindex/BaoJunKeyless.build/Release-iphoneos/BaoJunKeyless.build/Objects-normal/arm64/RowDividerView.o -o /Users/runner/work/BaoJunKeyless/BaoJunKeyless/build/Build/Intermediates.noindex/BaoJunKeyless.build/Release-iphoneos/BaoJunKeyless.build/Objects-normal/arm64/SectionHeadingView.o -o /Users/runner/work/BaoJunKeyless/BaoJunKeyless/build/Build/Intermediates.noindex/BaoJunKeyless.build/Release-iphoneos/BaoJunKeyless.build/Objects-normal/arm64/SettingsEntryButtonView.o -o /Users/runner/work/BaoJunKeyless/BaoJunKeyless/build/Build/Intermediates.noindex/BaoJunKeyless.build/Release-iphoneos/BaoJunKeyless.build/Objects-normal/arm64/SettingsInlineActionRowView.o -o /Users/runner/work/BaoJunKeyless/BaoJunKeyless/build/Build/Intermediates.noindex/BaoJunKeyless.build/Release-iphoneos/BaoJunKeyless.build/Objects-normal/arm64/SettingsPanelView.o -o /Users/runner/work/BaoJunKeyless/BaoJunKeyless/build/Build/Intermediates.noindex/BaoJunKeyless.build/Release-iphoneos/BaoJunKeyless.build/Objects-normal/arm64/SettingsSections.o -o /Users/runner/work/BaoJunKeyless/BaoJunKeyless/build/Build/Intermediates.noindex/BaoJunKeyless.build/Release-iphoneos/BaoJunKeyless.build/Objects-normal/arm64/SettingsStatusRowView.o -o /Users/runner/work/BaoJunKeyless/BaoJunKeyless/build/Build/Intermediates.noindex/BaoJunKeyless.build/Release-iphoneos/BaoJunKeyless.build/Objects-normal/arm64/SettingsView.o -o /Users/runner/work/BaoJunKeyless/BaoJunKeyless/build/Build/Intermediates.noindex/BaoJunKeyless.build/Release-iphoneos/BaoJunKeyless.build/Objects-normal/arm64/ShareSheet.o -o /Users/runner/work/BaoJunKeyless/BaoJunKeyless/build/Build/Intermediates.noindex/BaoJunKeyless.build/Release-iphoneos/BaoJunKeyless.build/Objects-normal/arm64/StatusCards.o -o /Users/runner/work/BaoJunKeyless/BaoJunKeyless/build/Build/Intermediates.noindex/BaoJunKeyless.build/Release-iphoneos/BaoJunKeyless.build/Objects-normal/arm64/StatusSections.o -o /Users/runner/work/BaoJunKeyless/BaoJunKeyless/build/Build/Intermediates.noindex/BaoJunKeyless.build/Release-iphoneos/BaoJunKeyless.build/Objects-normal/arm64/StatusView.o -o /Users/runner/work/BaoJunKeyless/BaoJunKeyless/build/Build/Intermediates.noindex/BaoJunKeyless.build/Release-iphoneos/BaoJunKeyless.build/Objects-normal/arm64/ThemeImageSupport.o -o /Users/runner/work/BaoJunKeyless/BaoJunKeyless/build/Build/Intermediates.noindex/BaoJunKeyless.build/Release-iphoneos/BaoJunKeyless.build/Objects-normal/arm64/ThemeManager.o -o /Users/runner/work/BaoJunKeyless/BaoJunKeyless/build/Build/Intermediates.noindex/BaoJunKeyless.build/Release-iphoneos/BaoJunKeyless.build/Objects-normal/arm64/ThemeOptionCardView.o -o /Users/runner/work/BaoJunKeyless/BaoJunKeyless/build/Build/Intermediates.noindex/BaoJunKeyless.build/Release-iphoneos/BaoJunKeyless.build/Objects-normal/arm64/VehicleEventLogStore.o -o /Users/runner/work/BaoJunKeyless/BaoJunKeyless/build/Build/Intermediates.noindex/BaoJunKeyless.build/Release-iphoneos/BaoJunKeyless.build/Objects-normal/arm64/VibrationRecorderView.o -index-unit-output-path /BaoJunKeyless.build/Release-iphoneos/BaoJunKeyless.build/Objects-normal/arm64/AppBackgroundView.o -index-unit-output-path /BaoJunKeyless.build/Release-iphoneos/BaoJunKeyless.build/Objects-normal/arm64/AppDiagnosticsSettings.o -index-unit-output-path /BaoJunKeyless.build/Release-iphoneos/BaoJunKeyless.build/Objects-normal/arm64/AppInfo.o -index-unit-output-path /BaoJunKeyless.build/Release-iphoneos/BaoJunKeyless.build/Objects-normal/arm64/AppNavigationContainerView.o -index-unit-output-path /BaoJunKeyless.build/Release-iphoneos/BaoJunKeyless.build/Objects-normal/arm64/AppScrollState.o -index-unit-output-path /BaoJunKeyless.build/Release-iphoneos/BaoJunKeyless.build/Objects-normal/arm64/AppTheme.o -index-unit-output-path /BaoJunKeyless.build/Release-iphoneos/BaoJunKeyless.build/Objects-normal/arm64/AppViewCompatibility.o -index-unit-output-path /BaoJunKeyless.build/Release-iphoneos/BaoJunKeyless.build/Objects-normal/arm64/BaoJunKeylessApp.o -index-unit-output-path /BaoJunKeyless.build/Release-iphoneos/BaoJunKeyless.build/Objects-normal/arm64/ChromeBarMetrics.o -index-unit-output-path /BaoJunKeyless.build/Release-iphoneos/BaoJunKeyless.build/Objects-normal/arm64/Components.o -index-unit-output-path /BaoJunKeyless.build/Release-iphoneos/BaoJunKeyless.build/Objects-normal/arm64/ContentView.o -index-unit-output-path /BaoJunKeyless.build/Release-iphoneos/BaoJunKeyless.build/Objects-normal/arm64/CrashLogger.o -index-unit-output-path /BaoJunKeyless.build/Release-iphoneos/BaoJunKeyless.build/Objects-normal/arm64/CustomAlertView.o -index-unit-output-path /BaoJunKeyless.build/Release-iphoneos/BaoJunKeyless.build/Objects-normal/arm64/CustomVibrationPattern.o -index-unit-output-path /BaoJunKeyless.build/Release-iphoneos/BaoJunKeyless.build/Objects-normal/arm64/KeylessSections.o -index-unit-output-path /BaoJunKeyless.build/Release-iphoneos/BaoJunKeyless.build/Objects-normal/arm64/KeylessSettingsStore.o -index-unit-output-path /BaoJunKeyless.build/Release-iphoneos/BaoJunKeyless.build/Objects-normal/arm64/KeylessView.o -index-unit-output-path /BaoJunKeyless.build/Release-iphoneos/BaoJunKeyless.build/Objects-normal/arm64/LocationManager.o -index-unit-output-path /BaoJunKeyless.build/Release-iphoneos/BaoJunKeyless.build/Objects-normal/arm64/LogView.o -index-unit-output-path /BaoJunKeyless.build/Release-iphoneos/BaoJunKeyless.build/Objects-normal/arm64/MenuBarView.o -index-unit-output-path /BaoJunKeyless.build/Release-iphoneos/BaoJunKeyless.build/Objects-normal/arm64/Models.o -index-unit-output-path /BaoJunKeyless.build/Release-iphoneos/BaoJunKeyless.build/Objects-normal/arm64/MotionManager.o -index-unit-output-path /BaoJunKeyless.build/Release-iphoneos/BaoJunKeyless.build/Objects-normal/arm64/PageHeaderView.o -index-unit-output-path /BaoJunKeyless.build/Release-iphoneos/BaoJunKeyless.build/Objects-normal/arm64/PhotoPicker.o -index-unit-output-path /BaoJunKeyless.build/Release-iphoneos/BaoJunKeyless.build/Objects-normal/arm64/RadarView.o -index-unit-output-path /BaoJunKeyless.build/Release-iphoneos/BaoJunKeyless.build/Objects-normal/arm64/RowDividerView.o -index-unit-output-path /BaoJunKeyless.build/Release-iphoneos/BaoJunKeyless.build/Objects-normal/arm64/SectionHeadingView.o -index-unit-output-path /BaoJunKeyless.build/Release-iphoneos/BaoJunKeyless.build/Objects-normal/arm64/SettingsEntryButtonView.o -index-unit-output-path /BaoJunKeyless.build/Release-iphoneos/BaoJunKeyless.build/Objects-normal/arm64/SettingsInlineActionRowView.o -index-unit-output-path /BaoJunKeyless.build/Release-iphoneos/BaoJunKeyless.build/Objects-normal/arm64/SettingsPanelView.o -index-unit-output-path /BaoJunKeyless.build/Release-iphoneos/BaoJunKeyless.build/Objects-normal/arm64/SettingsSections.o -index-unit-output-path /BaoJunKeyless.build/Release-iphoneos/BaoJunKeyless.build/Objects-normal/arm64/SettingsStatusRowView.o -index-unit-output-path /BaoJunKeyless.build/Release-iphoneos/BaoJunKeyless.build/Objects-normal/arm64/SettingsView.o -index-unit-output-path /BaoJunKeyless.build/Release-iphoneos/BaoJunKeyless.build/Objects-normal/arm64/ShareSheet.o -index-unit-output-path /BaoJunKeyless.build/Release-iphoneos/BaoJunKeyless.build/Objects-normal/arm64/StatusCards.o -index-unit-output-path /BaoJunKeyless.build/Release-iphoneos/BaoJunKeyless.build/Objects-normal/arm64/StatusSections.o -index-unit-output-path /BaoJunKeyless.build/Release-iphoneos/BaoJunKeyless.build/Objects-normal/arm64/StatusView.o -index-unit-output-path /BaoJunKeyless.build/Release-iphoneos/BaoJunKeyless.build/Objects-normal/arm64/ThemeImageSupport.o -index-unit-output-path /BaoJunKeyless.build/Release-iphoneos/BaoJunKeyless.build/Objects-normal/arm64/ThemeManager.o -index-unit-output-path /BaoJunKeyless.build/Release-iphoneos/BaoJunKeyless.build/Objects-normal/arm64/ThemeOptionCardView.o -index-unit-output-path /BaoJunKeyless.build/Release-iphoneos/BaoJunKeyless.build/Objects-normal/arm64/VehicleEventLogStore.o -index-unit-output-path /BaoJunKeyless.build/Release-iphoneos/BaoJunKeyless.build/Objects-normal/arm64/VibrationRecorderView.o
2026-06-07T03:28:03.8192310Z /Users/runner/work/BaoJunKeyless/BaoJunKeyless/Sources/Models/LocationManager.swift:98:39: error: value of optional type 'String?' must be unwrapped to a value of type 'String'
2026-06-07T03:28:03.8193120Z                 self.vehicleAddress = finalAddress
2026-06-07T03:28:03.8193410Z                                       ^
2026-06-07T03:28:03.8194110Z /Users/runner/work/BaoJunKeyless/BaoJunKeyless/Sources/Models/LocationManager.swift:98:39: note: coalesce using '??' to provide a default when the optional value contains 'nil'
2026-06-07T03:28:03.8194800Z                 self.vehicleAddress = finalAddress
2026-06-07T03:28:03.8195270Z                                       ^
2026-06-07T03:28:03.8195560Z                                                    ?? <#default value#>
2026-06-07T03:28:03.8196870Z /Users/runner/work/BaoJunKeyless/BaoJunKeyless/Sources/Models/LocationManager.swift:98:39: note: force-unwrap using '!' to abort execution if the optional value contains 'nil'
2026-06-07T03:28:03.8197600Z                 self.vehicleAddress = finalAddress
2026-06-07T03:28:03.8197880Z                                       ^
2026-06-07T03:28:03.8198250Z                                                   !
2026-06-07T03:28:03.8198400Z 
2026-06-07T03:28:03.8198850Z SwiftDriver\ Compilation BaoJunKeyless normal arm64 com.apple.xcode.tools.swift.compiler (in target 'BaoJunKeyless' from project 'BaoJunKeyless')
2026-06-07T03:28:03.8199560Z     cd /Users/runner/work/BaoJunKeyless/BaoJunKeyless
2026-06-07T03:28:03.8211910Z     builtin-Swift-Compilation -- /Applications/Xcode_16.2.app/Contents/Developer/Toolchains/XcodeDefault.xctoolchain/usr/bin/swiftc -module-name BaoJunKeyless -O -whole-module-optimization -enforce-exclusivity\=checked @/Users/runner/work/BaoJunKeyless/BaoJunKeyless/build/Build/Intermediates.noindex/BaoJunKeyless.build/Release-iphoneos/BaoJunKeyless.build/Objects-normal/arm64/BaoJunKeyless.SwiftFileList -enable-bare-slash-regex -enable-experimental-feature DebugDescriptionMacro -sdk /Applications/Xcode_16.2.app/Contents/Developer/Platforms/iPhoneOS.platform/Developer/SDKs/iPhoneOS18.2.sdk -target arm64-apple-ios15.0 -g -module-cache-path /Users/runner/work/BaoJunKeyless/BaoJunKeyless/build/ModuleCache.noindex -Xfrontend -serialize-debugging-options -swift-version 5 -I /Users/runner/work/BaoJunKeyless/BaoJunKeyless/build/Build/Products/Release-iphoneos -F /Users/runner/work/BaoJunKeyless/BaoJunKeyless/build/Build/Products/Release-iphoneos -c -num-threads 3 -Xcc -ivfsstatcache -Xcc /Users/runner/work/BaoJunKeyless/BaoJunKeyless/build/SDKStatCaches.noindex/iphoneos18.2-22C146-6f6929c68f51360d5ca70a73a7e0c2f9.sdkstatcache -output-file-map /Users/runner/work/BaoJunKeyless/BaoJunKeyless/build/Build/Intermediates.noindex/BaoJunKeyless.build/Release-iphoneos/BaoJunKeyless.build/Objects-normal/arm64/BaoJunKeyless-OutputFileMap.json -use-frontend-parseable-output -save-temps -no-color-diagnostics -serialize-diagnostics -emit-dependencies -emit-module -emit-module-path /Users/runner/work/BaoJunKeyless/BaoJunKeyless/build/Build/Intermediates.noindex/BaoJunKeyless.build/Release-iphoneos/BaoJunKeyless.build/Objects-normal/arm64/BaoJunKeyless.swiftmodule -validate-clang-modules-once -clang-build-session-file /Users/runner/work/BaoJunKeyless/BaoJunKeyless/build/ModuleCache.noindex/Session.modulevalidation -Xcc -I/Users/runner/work/BaoJunKeyless/BaoJunKeyless/build/Build/Intermediates.noindex/BaoJunKeyless.build/Release-iphoneos/BaoJunKeyless.build/swift-overrides.hmap -emit-const-values -Xfrontend -const-gather-protocols-file -Xfrontend /Users/runner/work/BaoJunKeyless/BaoJunKeyless/build/Build/Intermediates.noindex/BaoJunKeyless.build/Release-iphoneos/BaoJunKeyless.build/Objects-normal/arm64/BaoJunKeyless_const_extract_protocols.json -Xcc -iquote -Xcc /Users/runner/work/BaoJunKeyless/BaoJunKeyless/build/Build/Intermediates.noindex/BaoJunKeyless.build/Release-iphoneos/BaoJunKeyless.build/BaoJunKeyless-generated-files.hmap -Xcc -I/Users/runner/work/BaoJunKeyless/BaoJunKeyless/build/Build/Intermediates.noindex/BaoJunKeyless.build/Release-iphoneos/BaoJunKeyless.build/BaoJunKeyless-own-target-headers.hmap -Xcc -I/Users/runner/work/BaoJunKeyless/BaoJunKeyless/build/Build/Intermediates.noindex/BaoJunKeyless.build/Release-iphoneos/BaoJunKeyless.build/BaoJunKeyless-all-target-headers.hmap -Xcc -iquote -Xcc /Users/runner/work/BaoJunKeyless/BaoJunKeyless/build/Build/Intermediates.noindex/BaoJunKeyless.build/Release-iphoneos/BaoJunKeyless.build/BaoJunKeyless-project-headers.hmap -Xcc -I/Users/runner/work/BaoJunKeyless/BaoJunKeyless/build/Build/Products/Release-iphoneos/include -Xcc -I/Users/runner/work/BaoJunKeyless/BaoJunKeyless/build/Build/Intermediates.noindex/BaoJunKeyless.build/Release-iphoneos/BaoJunKeyless.build/DerivedSources-normal/arm64 -Xcc -I/Users/runner/work/BaoJunKeyless/BaoJunKeyless/build/Build/Intermediates.noindex/BaoJunKeyless.build/Release-iphoneos/BaoJunKeyless.build/DerivedSources/arm64 -Xcc -I/Users/runner/work/BaoJunKeyless/BaoJunKeyless/build/Build/Intermediates.noindex/BaoJunKeyless.build/Release-iphoneos/BaoJunKeyless.build/DerivedSources -emit-objc-header -emit-objc-header-path /Users/runner/work/BaoJunKeyless/BaoJunKeyless/build/Build/Intermediates.noindex/BaoJunKeyless.build/Release-iphoneos/BaoJunKeyless.build/Objects-normal/arm64/BaoJunKeyless-Swift.h -working-directory /Users/runner/work/BaoJunKeyless/BaoJunKeyless -no-emit-module-separately-wmo
2026-06-07T03:28:03.8224100Z 
2026-06-07T03:28:03.8224570Z note: Disabling previews because SWIFT_VERSION is set and SWIFT_OPTIMIZATION_LEVEL=-O, expected -Onone (in target 'BaoJunKeyless' from project 'BaoJunKeyless')
2026-06-07T03:28:03.8225170Z ** BUILD FAILED **
2026-06-07T03:28:03.8225400Z 
2026-06-07T03:28:03.8225410Z 
2026-06-07T03:28:03.8225550Z The following build commands failed:
2026-06-07T03:28:03.8225950Z 	CompileSwift normal arm64 (in target 'BaoJunKeyless' from project 'BaoJunKeyless')
2026-06-07T03:28:03.8240560Z 	SwiftCompile normal arm64 Compiling\ AppBackgroundView.swift,\ AppDiagnosticsSettings.swift,\ AppInfo.swift,\ AppNavigationContainerView.swift,\ AppScrollState.swift,\ AppTheme.swift,\ AppViewCompatibility.swift,\ BaoJunKeylessApp.swift,\ ChromeBarMetrics.swift,\ Components.swift,\ ContentView.swift,\ CrashLogger.swift,\ CustomAlertView.swift,\ CustomVibrationPattern.swift,\ KeylessSections.swift,\ KeylessSettingsStore.swift,\ KeylessView.swift,\ LocationManager.swift,\ LogView.swift,\ MenuBarView.swift,\ Models.swift,\ MotionManager.swift,\ PageHeaderView.swift,\ PhotoPicker.swift,\ RadarView.swift,\ RowDividerView.swift,\ SectionHeadingView.swift,\ SettingsEntryButtonView.swift,\ SettingsInlineActionRowView.swift,\ SettingsPanelView.swift,\ SettingsSections.swift,\ SettingsStatusRowView.swift,\ SettingsView.swift,\ ShareSheet.swift,\ StatusCards.swift,\ StatusSections.swift,\ StatusView.swift,\ ThemeImageSupport.swift,\ ThemeManager.swift,\ ThemeOptionCardView.swift,\ VehicleEventLogStore.swift,\ VibrationRecorderView.swift /Users/runner/work/BaoJunKeyless/BaoJunKeyless/Sources/Theme/AppBackgroundView.swift /Users/runner/work/BaoJunKeyless/BaoJunKeyless/Sources/Models/AppDiagnosticsSettings.swift /Users/runner/work/BaoJunKeyless/BaoJunKeyless/Sources/Models/AppInfo.swift /Users/runner/work/BaoJunKeyless/BaoJunKeyless/Sources/Theme/AppNavigationContainerView.swift /Users/runner/work/BaoJunKeyless/BaoJunKeyless/Sources/Theme/AppScrollState.swift /Users/runner/work/BaoJunKeyless/BaoJunKeyless/Sources/Theme/AppTheme.swift /Users/runner/work/BaoJunKeyless/BaoJunKeyless/Sources/Theme/AppViewCompatibility.swift /Users/runner/work/BaoJunKeyless/BaoJunKeyless/Sources/App/BaoJunKeylessApp.swift /Users/runner/work/BaoJunKeyless/BaoJunKeyless/Sources/Theme/ChromeBarMetrics.swift /Users/runner/work/BaoJunKeyless/BaoJunKeyless/Sources/Components/Components.swift /Users/runner/work/BaoJunKeyless/BaoJunKeyless/Sources/Views/ContentView.swift /Users/runner/work/BaoJunKeyless/BaoJunKeyless/Sources/Models/CrashLogger.swift /Users/runner/work/BaoJunKeyless/BaoJunKeyless/Sources/Components/CustomAlertView.swift /Users/runner/work/BaoJunKeyless/BaoJunKeyless/Sources/Models/CustomVibrationPattern.swift /Users/runner/work/BaoJunKeyless/BaoJunKeyless/Sources/Views/Keyless/KeylessSections.swift /Users/runner/work/BaoJunKeyless/BaoJunKeyless/Sources/Models/KeylessSettingsStore.swift /Users/runner/work/BaoJunKeyless/BaoJunKeyless/Sources/Views/KeylessView.swift /Users/runner/work/BaoJunKeyless/BaoJunKeyless/Sources/Models/LocationManager.swift /Users/runner/work/BaoJunKeyless/BaoJunKeyless/Sources/Views/LogView.swift /Users/runner/work/BaoJunKeyless/BaoJunKeyless/Sources/Theme/MenuBarView.swift /Users/runner/work/BaoJunKeyless/BaoJunKeyless/Sources/Models/Models.swift /Users/runner/work/BaoJunKeyless/BaoJunKeyless/Sources/Services/MotionManager.swift /Users/runner/work/BaoJunKeyless/BaoJunKeyless/Sources/Theme/PageHeaderView.swift /Users/runner/work/BaoJunKeyless/BaoJunKeyless/Sources/Views/Settings/PhotoPicker.swift /Users/runner/work/BaoJunKeyless/BaoJunKeyless/Sources/Views/RadarView.swift /Users/runner/work/BaoJunKeyless/BaoJunKeyless/Sources/Theme/RowDividerView.swift /Users/runner/work/BaoJunKeyless/BaoJunKeyless/Sources/Theme/SectionHeadingView.swift /Users/runner/work/BaoJunKeyless/BaoJunKeyless/Sources/Theme/SettingsEntryButtonView.swift /Users/runner/work/BaoJunKeyless/BaoJunKeyless/Sources/Theme/SettingsInlineActionRowView.swift /Users/runner/work/BaoJunKeyless/BaoJunKeyless/Sources/Theme/SettingsPanelView.swift /Users/runner/work/BaoJunKeyless/BaoJunKeyless/Sources/Views/Settings/SettingsSections.swift /Users/runner/work/BaoJunKeyless/BaoJunKeyless/Sources/Theme/SettingsStatusRowView.swift /Users/runner/work/BaoJunKeyless/BaoJunKeyless/Sources/Views/SettingsView.swift /Users/runner/work/BaoJunKeyless/BaoJunKeyless/Sources/Components/ShareSheet.swift /Users/runner/work/BaoJunKeyless/BaoJunKeyless/Sources/Views/Status/StatusCards.swift /Users/runner/work/BaoJunKeyless/BaoJunKeyless/Sources/Views/Status/StatusSections.swift /Users/runner/work/BaoJunKeyless/BaoJunKeyless/Sources/Views/StatusView.swift /Users/runner/work/BaoJunKeyless/BaoJunKeyless/Sources/Theme/ThemeImageSupport.swift /Users/runner/work/BaoJunKeyless/BaoJunKeyless/Sources/Theme/ThemeManager.swift /Users/runner/work/BaoJunKeyless/BaoJunKeyless/Sources/Theme/ThemeOptionCardView.swift /Users/runner/work/BaoJunKeyless/BaoJunKeyless/Sources/Models/VehicleEventLogStore.swift /Users/runner/work/BaoJunKeyless/BaoJunKeyless/Sources/Components/VibrationRecorderView.swift (in target 'BaoJunKeyless' from project 'BaoJunKeyless')
2026-06-07T03:28:03.8255370Z 	Building project BaoJunKeyless with scheme BaoJunKeyless and configuration Release
2026-06-07T03:28:03.8255770Z (3 failures)
2026-06-07T03:28:03.8409200Z ##[group]Run APP=build/Build/Products/Release-iphoneos/BaoJunKeyless.app
2026-06-07T03:28:03.8409880Z [36;1mAPP=build/Build/Products/Release-iphoneos/BaoJunKeyless.app[0m
2026-06-07T03:28:03.8410270Z [36;1mfind "$APP" -maxdepth 1 -ls[0m
2026-06-07T03:28:03.8410650Z [36;1mfile "$APP/BaoJunKeyless" || echo "NO BINARY"[0m
2026-06-07T03:28:04.1175810Z shell: /bin/bash -e {0}
2026-06-07T03:28:04.1176220Z env:
2026-06-07T03:28:04.1176470Z   BUILD_DATE: 20260607.1127
2026-06-07T03:28:04.1176800Z ##[endgroup]
2026-06-07T03:28:04.2149370Z 3459748        0 drwxr-xr-x    5 runner           staff                 160 Jun  7 03:27 build/Build/Products/Release-iphoneos/BaoJunKeyless.app
2026-06-07T03:28:04.2152990Z 3459749        0 drwxr-xr-x    5 runner           staff                 160 Jun  7 03:27 build/Build/Products/Release-iphoneos/BaoJunKeyless.app/Assets.xcassets
2026-06-07T03:28:04.2157180Z 3459755        8 -rw-r--r--    1 runner           staff                1307 Jun  7 03:27 build/Build/Products/Release-iphoneos/BaoJunKeyless.app/Info.plist
2026-06-07T03:28:04.2159340Z 3459756        8 -rw-r--r--    1 runner           staff                   8 Jun  7 03:27 build/Build/Products/Release-iphoneos/BaoJunKeyless.app/PkgInfo
2026-06-07T03:28:04.2340500Z build/Build/Products/Release-iphoneos/BaoJunKeyless.app/BaoJunKeyless: cannot open `build/Build/Products/Release-iphoneos/BaoJunKeyless.app/BaoJunKeyless' (No such file or directory)
2026-06-07T03:28:04.2418120Z ##[group]Run APP=build/Build/Products/Release-iphoneos/BaoJunKeyless.app
2026-06-07T03:28:04.2418690Z [36;1mAPP=build/Build/Products/Release-iphoneos/BaoJunKeyless.app[0m
2026-06-07T03:28:04.2419090Z [36;1mcodesign --force --deep --sign - "$APP" || true[0m
2026-06-07T03:28:04.2419510Z [36;1mmkdir -p Payload && cp -R "$APP" Payload/[0m
2026-06-07T03:28:04.2419830Z [36;1mzip -r -y BaoJunKeyless.ipa Payload[0m
2026-06-07T03:28:04.2420170Z [36;1mls -lh BaoJunKeyless.ipa[0m
2026-06-07T03:28:04.2420540Z [36;1munzip -l BaoJunKeyless.ipa | grep "BaoJunKeyless.app/BaoJunKeyless"[0m
2026-06-07T03:28:04.2457660Z shell: /bin/bash -e {0}
2026-06-07T03:28:04.2457900Z env:
2026-06-07T03:28:04.2458540Z   BUILD_DATE: 20260607.1127
2026-06-07T03:28:04.2458790Z ##[endgroup]
2026-06-07T03:28:04.3745830Z   adding: Payload/ (stored 0%)
2026-06-07T03:28:04.3747580Z   adding: Payload/BaoJunKeyless.app/ (stored 0%)
2026-06-07T03:28:04.3754390Z   adding: Payload/BaoJunKeyless.app/_CodeSignature/ (stored 0%)
2026-06-07T03:28:04.3755950Z   adding: Payload/BaoJunKeyless.app/_CodeSignature/CodeResources (deflated 75%)
2026-06-07T03:28:04.3757580Z   adding: Payload/BaoJunKeyless.app/_CodeSignature/CodeDirectory (deflated 20%)
2026-06-07T03:28:04.3759250Z   adding: Payload/BaoJunKeyless.app/_CodeSignature/CodeRequirements-1 (deflated 20%)
2026-06-07T03:28:04.3760910Z   adding: Payload/BaoJunKeyless.app/_CodeSignature/CodeSignature (stored 0%)
2026-06-07T03:28:04.3762950Z   adding: Payload/BaoJunKeyless.app/_CodeSignature/CodeRequirements (stored 0%)
2026-06-07T03:28:04.3764490Z   adding: Payload/BaoJunKeyless.app/Assets.xcassets/ (stored 0%)
2026-06-07T03:28:04.3766710Z   adding: Payload/BaoJunKeyless.app/Assets.xcassets/AppIcon.appiconset/ (stored 0%)
2026-06-07T03:28:04.3768560Z   adding: Payload/BaoJunKeyless.app/Assets.xcassets/AppIcon.appiconset/Contents.json (deflated 34%)
2026-06-07T03:28:04.3770200Z   adding: Payload/BaoJunKeyless.app/Assets.xcassets/AccentColor.colorset/ (stored 0%)
2026-06-07T03:28:04.3771790Z   adding: Payload/BaoJunKeyless.app/Assets.xcassets/AccentColor.colorset/Contents.json (deflated 27%)
2026-06-07T03:28:04.3773170Z   adding: Payload/BaoJunKeyless.app/Assets.xcassets/Contents.json (deflated 16%)
2026-06-07T03:28:04.3773650Z   adding: Payload/BaoJunKeyless.app/Info.plist (deflated 32%)
2026-06-07T03:28:04.3774180Z   adding: Payload/BaoJunKeyless.app/PkgInfo (deflated 38%)
2026-06-07T03:28:04.3890190Z -rw-r--r--  1 runner  staff   5.7K Jun  7 03:28 BaoJunKeyless.ipa
2026-06-07T03:28:04.4069360Z ##[error]Process completed with exit code 1.
2026-06-07T03:28:04.4356340Z Post job cleanup.
2026-06-07T03:28:04.9402170Z [command]/opt/homebrew/bin/git version
2026-06-07T03:28:04.9961490Z git version 2.54.0
2026-06-07T03:28:05.0090340Z Copying '/Users/runner/.gitconfig' to '/Users/runner/work/_temp/def260e3-b42d-4bb4-8b0b-6272bc10f23a/.gitconfig'
2026-06-07T03:28:05.0092670Z Temporarily overriding HOME='/Users/runner/work/_temp/def260e3-b42d-4bb4-8b0b-6272bc10f23a' before making global git config changes
2026-06-07T03:28:05.0094660Z Adding repository directory to the temporary git global config as a safe directory
2026-06-07T03:28:05.0096430Z [command]/opt/homebrew/bin/git config --global --add safe.directory /Users/runner/work/BaoJunKeyless/BaoJunKeyless
2026-06-07T03:28:05.0279600Z [command]/opt/homebrew/bin/git config --local --name-only --get-regexp core\.sshCommand
2026-06-07T03:28:05.0422330Z [command]/opt/homebrew/bin/git submodule foreach --recursive sh -c "git config --local --name-only --get-regexp 'core\.sshCommand' && git config --local --unset-all 'core.sshCommand' || :"
2026-06-07T03:28:05.1946370Z [command]/opt/homebrew/bin/git config --local --name-only --get-regexp http\.https\:\/\/github\.com\/\.extraheader
2026-06-07T03:28:05.1953170Z http.https://github.com/.extraheader
2026-06-07T03:28:05.2005990Z [command]/opt/homebrew/bin/git config --local --unset-all http.https://github.com/.extraheader
2026-06-07T03:28:05.2081510Z [command]/opt/homebrew/bin/git submodule foreach --recursive sh -c "git config --local --name-only --get-regexp 'http\.https\:\/\/github\.com\/\.extraheader' && git config --local --unset-all 'http.https://github.com/.extraheader' || :"
2026-06-07T03:28:05.4497170Z [command]/opt/homebrew/bin/git config --local --name-only --get-regexp ^includeIf\.gitdir:
2026-06-07T03:28:05.4815670Z [command]/opt/homebrew/bin/git submodule foreach --recursive git config --local --show-origin --name-only --get-regexp remote.origin.url
2026-06-07T03:28:05.6524980Z Cleaning up orphan processes
2026-06-07T03:28:06.3735790Z ##[warning]Node.js 20 actions are deprecated. The following actions are running on Node.js 20 and may not work as expected: actions/checkout@v4. Actions will be forced to run with Node.js 24 by default starting June 16th, 2026. Node.js 20 will be removed from the runner on September 16th, 2026. Please check if updated versions of these actions are available that support Node.js 24. To opt into Node.js 24 now, set the FORCE_JAVASCRIPT_ACTIONS_TO_NODE24=true environment variable on the runner or in your workflow file. Once Node.js 24 becomes the default, you can temporarily opt out by setting ACTIONS_ALLOW_USE_UNSECURE_NODE_VERSION=true. For more information see: https://github.blog/changelog/2025-09-19-deprecation-of-node-20-on-github-actions-runners/
