2026-06-07T10:13:03.9164970Z Current runner version: '2.334.0'
2026-06-07T10:13:03.9179330Z ##[group]Runner Image Provisioner
2026-06-07T10:13:03.9179830Z Hosted Compute Agent
2026-06-07T10:13:03.9180190Z Version: 20260520.533
2026-06-07T10:13:03.9180570Z Commit: 189110e25284a9812c124fd27b339e2fb4f2f9db
2026-06-07T10:13:03.9181030Z Build Date: 2026-05-20T17:44:04Z
2026-06-07T10:13:03.9181450Z Worker ID: {6a4b1d5c-bca1-4e69-8dfd-599469df8f08}
2026-06-07T10:13:03.9181890Z Azure Region: westus
2026-06-07T10:13:03.9182230Z ##[endgroup]
2026-06-07T10:13:03.9182990Z ##[group]Operating System
2026-06-07T10:13:03.9183350Z macOS
2026-06-07T10:13:03.9183650Z 15.7.7
2026-06-07T10:13:03.9183950Z 24G720
2026-06-07T10:13:03.9184250Z ##[endgroup]
2026-06-07T10:13:03.9184560Z ##[group]Runner Image
2026-06-07T10:13:03.9184920Z Image: macos-15-arm64
2026-06-07T10:13:03.9185260Z Version: 20260527.0100.1
2026-06-07T10:13:03.9186000Z Included Software: https://github.com/actions/runner-images/blob/macos-15-arm64/20260527.0100/images/macos/macos-15-arm64-Readme.md
2026-06-07T10:13:03.9186950Z Image Release: https://github.com/actions/runner-images/releases/tag/macos-15-arm64%2F20260527.0100
2026-06-07T10:13:03.9187560Z ##[endgroup]
2026-06-07T10:13:03.9188290Z ##[group]GITHUB_TOKEN Permissions
2026-06-07T10:13:03.9189210Z Contents: read
2026-06-07T10:13:03.9189560Z Metadata: read
2026-06-07T10:13:03.9189910Z Packages: read
2026-06-07T10:13:03.9190250Z ##[endgroup]
2026-06-07T10:13:03.9191410Z Secret source: Actions
2026-06-07T10:13:03.9191810Z Prepare workflow directory
2026-06-07T10:13:03.9392340Z Prepare all required actions
2026-06-07T10:13:03.9416960Z Getting action download info
2026-06-07T10:13:04.2332730Z Download action repository 'actions/checkout@v4' (SHA:34e114876b0b11c390a56381ad16ebd13914f8d5)
2026-06-07T10:13:04.5924070Z Download action repository 'actions/upload-artifact@v4' (SHA:ea165f8d65b6e75b540449e92b4886f43607fa02)
2026-06-07T10:13:04.7697130Z Complete job name: build
2026-06-07T10:13:04.8079440Z ##[group]Run actions/checkout@v4
2026-06-07T10:13:04.8079970Z with:
2026-06-07T10:13:04.8080270Z   repository: JK-GL/BaoJunKeyless
2026-06-07T10:13:04.8082920Z   token: ***
2026-06-07T10:13:04.8083200Z   ssh-strict: true
2026-06-07T10:13:04.8083500Z   ssh-user: git
2026-06-07T10:13:04.8083800Z   persist-credentials: true
2026-06-07T10:13:04.8084130Z   clean: true
2026-06-07T10:13:04.8084430Z   sparse-checkout-cone-mode: true
2026-06-07T10:13:04.8084770Z   fetch-depth: 1
2026-06-07T10:13:04.8085070Z   fetch-tags: false
2026-06-07T10:13:04.8085370Z   show-progress: true
2026-06-07T10:13:04.8085660Z   lfs: false
2026-06-07T10:13:04.8085950Z   submodules: false
2026-06-07T10:13:04.8086250Z   set-safe-directory: true
2026-06-07T10:13:04.8086680Z ##[endgroup]
2026-06-07T10:13:05.1685220Z Syncing repository: JK-GL/BaoJunKeyless
2026-06-07T10:13:05.1686790Z ##[group]Getting Git version info
2026-06-07T10:13:05.1687440Z Working directory is '/Users/runner/work/BaoJunKeyless/BaoJunKeyless'
2026-06-07T10:13:05.1688530Z [command]/opt/homebrew/bin/git version
2026-06-07T10:13:05.1932380Z git version 2.54.0
2026-06-07T10:13:05.1957320Z ##[endgroup]
2026-06-07T10:13:05.1969210Z Copying '/Users/runner/.gitconfig' to '/Users/runner/work/_temp/fa626815-1414-4a82-987c-56e5d562d74c/.gitconfig'
2026-06-07T10:13:05.1988540Z Temporarily overriding HOME='/Users/runner/work/_temp/fa626815-1414-4a82-987c-56e5d562d74c' before making global git config changes
2026-06-07T10:13:05.1989800Z Adding repository directory to the temporary git global config as a safe directory
2026-06-07T10:13:05.1990840Z [command]/opt/homebrew/bin/git config --global --add safe.directory /Users/runner/work/BaoJunKeyless/BaoJunKeyless
2026-06-07T10:13:05.2087320Z Deleting the contents of '/Users/runner/work/BaoJunKeyless/BaoJunKeyless'
2026-06-07T10:13:05.2089980Z ##[group]Initializing the repository
2026-06-07T10:13:05.2094280Z [command]/opt/homebrew/bin/git init /Users/runner/work/BaoJunKeyless/BaoJunKeyless
2026-06-07T10:13:05.2295160Z hint: Using 'master' as the name for the initial branch. This default branch name
2026-06-07T10:13:05.2296840Z hint: will change to "main" in Git 3.0. To configure the initial branch name
2026-06-07T10:13:05.2297620Z hint: to use in all of your new repositories, which will suppress this warning,
2026-06-07T10:13:05.2298190Z hint: call:
2026-06-07T10:13:05.2298520Z hint:
2026-06-07T10:13:05.2298920Z hint: 	git config --global init.defaultBranch <name>
2026-06-07T10:13:05.2299410Z hint:
2026-06-07T10:13:05.2299830Z hint: Names commonly chosen instead of 'master' are 'main', 'trunk' and
2026-06-07T10:13:05.2300550Z hint: 'development'. The just-created branch can be renamed via this command:
2026-06-07T10:13:05.2301090Z hint:
2026-06-07T10:13:05.2301390Z hint: 	git branch -m <name>
2026-06-07T10:13:05.2301740Z hint:
2026-06-07T10:13:05.2302200Z hint: Disable this message with "git config set advice.defaultBranchName false"
2026-06-07T10:13:05.2302950Z Initialized empty Git repository in /Users/runner/work/BaoJunKeyless/BaoJunKeyless/.git/
2026-06-07T10:13:05.2304410Z [command]/opt/homebrew/bin/git remote add origin https://github.com/JK-GL/BaoJunKeyless
2026-06-07T10:13:05.2380440Z ##[endgroup]
2026-06-07T10:13:05.2381130Z ##[group]Disabling automatic garbage collection
2026-06-07T10:13:05.2383150Z [command]/opt/homebrew/bin/git config --local gc.auto 0
2026-06-07T10:13:05.2446930Z ##[endgroup]
2026-06-07T10:13:05.2447880Z ##[group]Setting up auth
2026-06-07T10:13:05.2452400Z [command]/opt/homebrew/bin/git config --local --name-only --get-regexp core\.sshCommand
2026-06-07T10:13:05.2513850Z [command]/opt/homebrew/bin/git submodule foreach --recursive sh -c "git config --local --name-only --get-regexp 'core\.sshCommand' && git config --local --unset-all 'core.sshCommand' || :"
2026-06-07T10:13:05.3421390Z [command]/opt/homebrew/bin/git config --local --name-only --get-regexp http\.https\:\/\/github\.com\/\.extraheader
2026-06-07T10:13:05.3482390Z [command]/opt/homebrew/bin/git submodule foreach --recursive sh -c "git config --local --name-only --get-regexp 'http\.https\:\/\/github\.com\/\.extraheader' && git config --local --unset-all 'http.https://github.com/.extraheader' || :"
2026-06-07T10:13:05.4226860Z [command]/opt/homebrew/bin/git config --local --name-only --get-regexp ^includeIf\.gitdir:
2026-06-07T10:13:05.4286770Z [command]/opt/homebrew/bin/git submodule foreach --recursive git config --local --show-origin --name-only --get-regexp remote.origin.url
2026-06-07T10:13:05.5003930Z [command]/opt/homebrew/bin/git config --local http.https://github.com/.extraheader AUTHORIZATION: basic ***
2026-06-07T10:13:05.5072200Z ##[endgroup]
2026-06-07T10:13:05.5073460Z ##[group]Fetching the repository
2026-06-07T10:13:05.5080770Z [command]/opt/homebrew/bin/git -c protocol.version=2 fetch --no-tags --prune --no-recurse-submodules --depth=1 origin +23d5bfa4951371b71edb5ee180ea68b0d0ef9911:refs/remotes/origin/main
2026-06-07T10:13:06.2908620Z From https://github.com/JK-GL/BaoJunKeyless
2026-06-07T10:13:06.2909290Z  * [new ref]         23d5bfa4951371b71edb5ee180ea68b0d0ef9911 -> origin/main
2026-06-07T10:13:06.2980670Z ##[endgroup]
2026-06-07T10:13:06.2981200Z ##[group]Determining the checkout info
2026-06-07T10:13:06.2981700Z ##[endgroup]
2026-06-07T10:13:06.2983180Z [command]/opt/homebrew/bin/git sparse-checkout disable
2026-06-07T10:13:06.3051850Z [command]/opt/homebrew/bin/git config --local --unset-all extensions.worktreeConfig
2026-06-07T10:13:06.3110450Z ##[group]Checking out the ref
2026-06-07T10:13:06.3112390Z [command]/opt/homebrew/bin/git checkout --progress --force -B main refs/remotes/origin/main
2026-06-07T10:13:06.3650650Z Switched to a new branch 'main'
2026-06-07T10:13:06.3656500Z branch 'main' set up to track 'origin/main'.
2026-06-07T10:13:06.3660240Z ##[endgroup]
2026-06-07T10:13:06.3732380Z [command]/opt/homebrew/bin/git log -1 --format=%H
2026-06-07T10:13:06.3794290Z 23d5bfa4951371b71edb5ee180ea68b0d0ef9911
2026-06-07T10:13:06.3952120Z ##[group]Run sudo xcode-select -s /Applications/Xcode_16.2.app/Contents/Developer
2026-06-07T10:13:06.3952890Z [36;1msudo xcode-select -s /Applications/Xcode_16.2.app/Contents/Developer[0m
2026-06-07T10:13:06.3993810Z shell: /bin/bash -e {0}
2026-06-07T10:13:06.3994200Z ##[endgroup]
2026-06-07T10:13:06.4719280Z ##[group]Run brew install xcodegen
2026-06-07T10:13:06.4719780Z [36;1mbrew install xcodegen[0m
2026-06-07T10:13:06.4752820Z shell: /bin/bash -e {0}
2026-06-07T10:13:06.4753200Z ##[endgroup]
2026-06-07T10:13:10.5479930Z ✔︎ JSON API formula_tap_migrations.jws.json
2026-06-07T10:13:12.0649670Z ✔︎ JSON API cask_tap_migrations.jws.json
2026-06-07T10:13:12.0650580Z Inspect the formula dependency plan before installing with `brew install --ask`.
2026-06-07T10:13:12.0651170Z Enable ask mode by setting `HOMEBREW_ASK=1`.
2026-06-07T10:13:12.0651880Z Hide these hints with `HOMEBREW_NO_ENV_HINTS=1` (see `man brew`).
2026-06-07T10:13:12.0652790Z [32m==>[0m [1mFetching downloads for: [32mxcodegen[39m[0m
2026-06-07T10:13:12.6155280Z ✔︎ Bottle Manifest xcodegen (2.45.4)
2026-06-07T10:13:13.3564150Z ✔︎ Bottle xcodegen (2.45.4)
2026-06-07T10:13:13.4943150Z [34m==>[0m [1mPouring xcodegen--2.45.4.arm64_sequoia.bottle.tar.gz[0m
2026-06-07T10:13:13.6443390Z 🍺  /opt/homebrew/Cellar/xcodegen/2.45.4: 38 files, 7.4MB
2026-06-07T10:13:13.6823490Z ##[group]Run echo "BUILD_DATE=$(TZ=Asia/Shanghai date +'%Y%m%d.%H%M')" >> "$GITHUB_ENV"
2026-06-07T10:13:13.6824110Z [36;1mecho "BUILD_DATE=$(TZ=Asia/Shanghai date +'%Y%m%d.%H%M')" >> "$GITHUB_ENV"[0m
2026-06-07T10:13:13.6862200Z shell: /bin/bash -e {0}
2026-06-07T10:13:13.6862610Z ##[endgroup]
2026-06-07T10:13:13.7351170Z ##[group]Run xcodegen generate
2026-06-07T10:13:13.7351460Z [36;1mxcodegen generate[0m
2026-06-07T10:13:13.7381270Z shell: /bin/bash -e {0}
2026-06-07T10:13:13.7381550Z env:
2026-06-07T10:13:13.7381900Z   BUILD_DATE: 20260607.1813
2026-06-07T10:13:13.7382080Z ##[endgroup]
2026-06-07T10:13:13.7787640Z ⚙️  Generating plists...
2026-06-07T10:13:13.7788220Z ⚙️  Generating project...
2026-06-07T10:13:13.7900120Z ⚙️  Writing project...
2026-06-07T10:13:13.8080520Z Created project at /Users/runner/work/BaoJunKeyless/BaoJunKeyless/BaoJunKeyless.xcodeproj
2026-06-07T10:13:13.8111310Z ##[group]Run xcodebuild \
2026-06-07T10:13:13.8111550Z [36;1mxcodebuild \[0m
2026-06-07T10:13:13.8111790Z [36;1m  -project BaoJunKeyless.xcodeproj \[0m
2026-06-07T10:13:13.8112060Z [36;1m  -scheme BaoJunKeyless \[0m
2026-06-07T10:13:13.8112280Z [36;1m  -sdk iphoneos \[0m
2026-06-07T10:13:13.8112480Z [36;1m  -configuration Release \[0m
2026-06-07T10:13:13.8112700Z [36;1m  -derivedDataPath build \[0m
2026-06-07T10:13:13.8112910Z [36;1m  CODE_SIGNING_ALLOWED=NO \[0m
2026-06-07T10:13:13.8113130Z [36;1m  CODE_SIGNING_REQUIRED=NO \[0m
2026-06-07T10:13:13.8113340Z [36;1m  COPY_PHASE_STRIP=NO \[0m
2026-06-07T10:13:13.8113630Z [36;1m  CURRENT_PROJECT_VERSION="$BUILD_DATE" 2>&1 | tail -30[0m
2026-06-07T10:13:13.8144610Z shell: /bin/bash -e {0}
2026-06-07T10:13:13.8144830Z env:
2026-06-07T10:13:13.8145000Z   BUILD_DATE: 20260607.1813
2026-06-07T10:13:13.8145200Z ##[endgroup]
2026-06-07T10:13:36.7681830Z     builtin-copy -exclude .DS_Store -exclude CVS -exclude .svn -exclude .git -exclude .hg -resolve-src-symlinks /Users/runner/work/BaoJunKeyless/BaoJunKeyless/Assets.xcassets /Users/runner/work/BaoJunKeyless/BaoJunKeyless/build/Build/Products/Release-iphoneos/BaoJunKeyless.app
2026-06-07T10:13:36.7812020Z 
2026-06-07T10:13:36.7829010Z SwiftDriver BaoJunKeyless normal arm64 com.apple.xcode.tools.swift.compiler (in target 'BaoJunKeyless' from project 'BaoJunKeyless')
2026-06-07T10:13:36.7830380Z     cd /Users/runner/work/BaoJunKeyless/BaoJunKeyless
2026-06-07T10:13:36.8028670Z     builtin-SwiftDriver -- /Applications/Xcode_16.2.app/Contents/Developer/Toolchains/XcodeDefault.xctoolchain/usr/bin/swiftc -module-name BaoJunKeyless -O -whole-module-optimization -enforce-exclusivity\=checked @/Users/runner/work/BaoJunKeyless/BaoJunKeyless/build/Build/Intermediates.noindex/BaoJunKeyless.build/Release-iphoneos/BaoJunKeyless.build/Objects-normal/arm64/BaoJunKeyless.SwiftFileList -enable-bare-slash-regex -enable-experimental-feature DebugDescriptionMacro -sdk /Applications/Xcode_16.2.app/Contents/Developer/Platforms/iPhoneOS.platform/Developer/SDKs/iPhoneOS18.2.sdk -target arm64-apple-ios15.0 -g -module-cache-path /Users/runner/work/BaoJunKeyless/BaoJunKeyless/build/ModuleCache.noindex -Xfrontend -serialize-debugging-options -swift-version 5 -I /Users/runner/work/BaoJunKeyless/BaoJunKeyless/build/Build/Products/Release-iphoneos -F /Users/runner/work/BaoJunKeyless/BaoJunKeyless/build/Build/Products/Release-iphoneos -c -num-threads 3 -Xcc -ivfsstatcache -Xcc /Users/runner/work/BaoJunKeyless/BaoJunKeyless/build/SDKStatCaches.noindex/iphoneos18.2-22C146-6f6929c68f51360d5ca70a73a7e0c2f9.sdkstatcache -output-file-map /Users/runner/work/BaoJunKeyless/BaoJunKeyless/build/Build/Intermediates.noindex/BaoJunKeyless.build/Release-iphoneos/BaoJunKeyless.build/Objects-normal/arm64/BaoJunKeyless-OutputFileMap.json -use-frontend-parseable-output -save-temps -no-color-diagnostics -serialize-diagnostics -emit-dependencies -emit-module -emit-module-path /Users/runner/work/BaoJunKeyless/BaoJunKeyless/build/Build/Intermediates.noindex/BaoJunKeyless.build/Release-iphoneos/BaoJunKeyless.build/Objects-normal/arm64/BaoJunKeyless.swiftmodule -validate-clang-modules-once -clang-build-session-file /Users/runner/work/BaoJunKeyless/BaoJunKeyless/build/ModuleCache.noindex/Session.modulevalidation -Xcc -I/Users/runner/work/BaoJunKeyless/BaoJunKeyless/build/Build/Intermediates.noindex/BaoJunKeyless.build/Release-iphoneos/BaoJunKeyless.build/swift-overrides.hmap -emit-const-values -Xfrontend -const-gather-protocols-file -Xfrontend /Users/runner/work/BaoJunKeyless/BaoJunKeyless/build/Build/Intermediates.noindex/BaoJunKeyless.build/Release-iphoneos/BaoJunKeyless.build/Objects-normal/arm64/BaoJunKeyless_const_extract_protocols.json -Xcc -iquote -Xcc /Users/runner/work/BaoJunKeyless/BaoJunKeyless/build/Build/Intermediates.noindex/BaoJunKeyless.build/Release-iphoneos/BaoJunKeyless.build/BaoJunKeyless-generated-files.hmap -Xcc -I/Users/runner/work/BaoJunKeyless/BaoJunKeyless/build/Build/Intermediates.noindex/BaoJunKeyless.build/Release-iphoneos/BaoJunKeyless.build/BaoJunKeyless-own-target-headers.hmap -Xcc -I/Users/runner/work/BaoJunKeyless/BaoJunKeyless/build/Build/Intermediates.noindex/BaoJunKeyless.build/Release-iphoneos/BaoJunKeyless.build/BaoJunKeyless-all-target-headers.hmap -Xcc -iquote -Xcc /Users/runner/work/BaoJunKeyless/BaoJunKeyless/build/Build/Intermediates.noindex/BaoJunKeyless.build/Release-iphoneos/BaoJunKeyless.build/BaoJunKeyless-project-headers.hmap -Xcc -I/Users/runner/work/BaoJunKeyless/BaoJunKeyless/build/Build/Products/Release-iphoneos/include -Xcc -I/Users/runner/work/BaoJunKeyless/BaoJunKeyless/build/Build/Intermediates.noindex/BaoJunKeyless.build/Release-iphoneos/BaoJunKeyless.build/DerivedSources-normal/arm64 -Xcc -I/Users/runner/work/BaoJunKeyless/BaoJunKeyless/build/Build/Intermediates.noindex/BaoJunKeyless.build/Release-iphoneos/BaoJunKeyless.build/DerivedSources/arm64 -Xcc -I/Users/runner/work/BaoJunKeyless/BaoJunKeyless/build/Build/Intermediates.noindex/BaoJunKeyless.build/Release-iphoneos/BaoJunKeyless.build/DerivedSources -emit-objc-header -emit-objc-header-path /Users/runner/work/BaoJunKeyless/BaoJunKeyless/build/Build/Intermediates.noindex/BaoJunKeyless.build/Release-iphoneos/BaoJunKeyless.build/Objects-normal/arm64/BaoJunKeyless-Swift.h -working-directory /Users/runner/work/BaoJunKeyless/BaoJunKeyless -no-emit-module-separately-wmo
2026-06-07T10:13:36.8154800Z 
2026-06-07T10:13:36.8155230Z SwiftDriver\ Compilation BaoJunKeyless normal arm64 com.apple.xcode.tools.swift.compiler (in target 'BaoJunKeyless' from project 'BaoJunKeyless')
2026-06-07T10:13:36.8155960Z     cd /Users/runner/work/BaoJunKeyless/BaoJunKeyless
2026-06-07T10:13:36.8197450Z     builtin-Swift-Compilation -- /Applications/Xcode_16.2.app/Contents/Developer/Toolchains/XcodeDefault.xctoolchain/usr/bin/swiftc -module-name BaoJunKeyless -O -whole-module-optimization -enforce-exclusivity\=checked @/Users/runner/work/BaoJunKeyless/BaoJunKeyless/build/Build/Intermediates.noindex/BaoJunKeyless.build/Release-iphoneos/BaoJunKeyless.build/Objects-normal/arm64/BaoJunKeyless.SwiftFileList -enable-bare-slash-regex -enable-experimental-feature DebugDescriptionMacro -sdk /Applications/Xcode_16.2.app/Contents/Developer/Platforms/iPhoneOS.platform/Developer/SDKs/iPhoneOS18.2.sdk -target arm64-apple-ios15.0 -g -module-cache-path /Users/runner/work/BaoJunKeyless/BaoJunKeyless/build/ModuleCache.noindex -Xfrontend -serialize-debugging-options -swift-version 5 -I /Users/runner/work/BaoJunKeyless/BaoJunKeyless/build/Build/Products/Release-iphoneos -F /Users/runner/work/BaoJunKeyless/BaoJunKeyless/build/Build/Products/Release-iphoneos -c -num-threads 3 -Xcc -ivfsstatcache -Xcc /Users/runner/work/BaoJunKeyless/BaoJunKeyless/build/SDKStatCaches.noindex/iphoneos18.2-22C146-6f6929c68f51360d5ca70a73a7e0c2f9.sdkstatcache -output-file-map /Users/runner/work/BaoJunKeyless/BaoJunKeyless/build/Build/Intermediates.noindex/BaoJunKeyless.build/Release-iphoneos/BaoJunKeyless.build/Objects-normal/arm64/BaoJunKeyless-OutputFileMap.json -use-frontend-parseable-output -save-temps -no-color-diagnostics -serialize-diagnostics -emit-dependencies -emit-module -emit-module-path /Users/runner/work/BaoJunKeyless/BaoJunKeyless/build/Build/Intermediates.noindex/BaoJunKeyless.build/Release-iphoneos/BaoJunKeyless.build/Objects-normal/arm64/BaoJunKeyless.swiftmodule -validate-clang-modules-once -clang-build-session-file /Users/runner/work/BaoJunKeyless/BaoJunKeyless/build/ModuleCache.noindex/Session.modulevalidation -Xcc -I/Users/runner/work/BaoJunKeyless/BaoJunKeyless/build/Build/Intermediates.noindex/BaoJunKeyless.build/Release-iphoneos/BaoJunKeyless.build/swift-overrides.hmap -emit-const-values -Xfrontend -const-gather-protocols-file -Xfrontend /Users/runner/work/BaoJunKeyless/BaoJunKeyless/build/Build/Intermediates.noindex/BaoJunKeyless.build/Release-iphoneos/BaoJunKeyless.build/Objects-normal/arm64/BaoJunKeyless_const_extract_protocols.json -Xcc -iquote -Xcc /Users/runner/work/BaoJunKeyless/BaoJunKeyless/build/Build/Intermediates.noindex/BaoJunKeyless.build/Release-iphoneos/BaoJunKeyless.build/BaoJunKeyless-generated-files.hmap -Xcc -I/Users/runner/work/BaoJunKeyless/BaoJunKeyless/build/Build/Intermediates.noindex/BaoJunKeyless.build/Release-iphoneos/BaoJunKeyless.build/BaoJunKeyless-own-target-headers.hmap -Xcc -I/Users/runner/work/BaoJunKeyless/BaoJunKeyless/build/Build/Intermediates.noindex/BaoJunKeyless.build/Release-iphoneos/BaoJunKeyless.build/BaoJunKeyless-all-target-headers.hmap -Xcc -iquote -Xcc /Users/runner/work/BaoJunKeyless/BaoJunKeyless/build/Build/Intermediates.noindex/BaoJunKeyless.build/Release-iphoneos/BaoJunKeyless.build/BaoJunKeyless-project-headers.hmap -Xcc -I/Users/runner/work/BaoJunKeyless/BaoJunKeyless/build/Build/Products/Release-iphoneos/include -Xcc -I/Users/runner/work/BaoJunKeyless/BaoJunKeyless/build/Build/Intermediates.noindex/BaoJunKeyless.build/Release-iphoneos/BaoJunKeyless.build/DerivedSources-normal/arm64 -Xcc -I/Users/runner/work/BaoJunKeyless/BaoJunKeyless/build/Build/Intermediates.noindex/BaoJunKeyless.build/Release-iphoneos/BaoJunKeyless.build/DerivedSources/arm64 -Xcc -I/Users/runner/work/BaoJunKeyless/BaoJunKeyless/build/Build/Intermediates.noindex/BaoJunKeyless.build/Release-iphoneos/BaoJunKeyless.build/DerivedSources -emit-objc-header -emit-objc-header-path /Users/runner/work/BaoJunKeyless/BaoJunKeyless/build/Build/Intermediates.noindex/BaoJunKeyless.build/Release-iphoneos/BaoJunKeyless.build/Objects-normal/arm64/BaoJunKeyless-Swift.h -working-directory /Users/runner/work/BaoJunKeyless/BaoJunKeyless -no-emit-module-separately-wmo
2026-06-07T10:13:36.8233760Z 
2026-06-07T10:13:36.8248790Z SwiftCompile normal arm64 Compiling\ AddressServiceSettings.swift,\ AppBackgroundView.swift,\ AppDiagnosticsSettings.swift,\ AppInfo.swift,\ AppNavigationContainerView.swift,\ AppScrollState.swift,\ AppTheme.swift,\ AppViewCompatibility.swift,\ BaoJunKeylessApp.swift,\ ChromeBarMetrics.swift,\ Components.swift,\ ContentView.swift,\ CrashLogger.swift,\ CustomAlertView.swift,\ CustomVibrationPattern.swift,\ KeylessSections.swift,\ KeylessSettingsStore.swift,\ KeylessView.swift,\ LocationManager.swift,\ LocationResolver.swift,\ LogView.swift,\ MenuBarView.swift,\ Models.swift,\ MotionManager.swift,\ PageHeaderView.swift,\ PhotoPicker.swift,\ RadarView.swift,\ RowDividerView.swift,\ SectionHeadingView.swift,\ SettingsEntryButtonView.swift,\ SettingsInlineActionRowView.swift,\ SettingsPanelView.swift,\ SettingsSections.swift,\ SettingsStatusRowView.swift,\ SettingsView.swift,\ ShareSheet.swift,\ StatusCards.swift,\ StatusSections.swift,\ StatusView.swift,\ ThemeImageSupport.swift,\ ThemeManager.swift,\ ThemeOptionCardView.swift,\ VehicleEventLogStore.swift,\ VibrationRecorderView.swift /Users/runner/work/BaoJunKeyless/BaoJunKeyless/Sources/Services/AddressServiceSettings.swift /Users/runner/work/BaoJunKeyless/BaoJunKeyless/Sources/Theme/AppBackgroundView.swift /Users/runner/work/BaoJunKeyless/BaoJunKeyless/Sources/Models/AppDiagnosticsSettings.swift /Users/runner/work/BaoJunKeyless/BaoJunKeyless/Sources/Models/AppInfo.swift /Users/runner/work/BaoJunKeyless/BaoJunKeyless/Sources/Theme/AppNavigationContainerView.swift /Users/runner/work/BaoJunKeyless/BaoJunKeyless/Sources/Theme/AppScrollState.swift /Users/runner/work/BaoJunKeyless/BaoJunKeyless/Sources/Theme/AppTheme.swift /Users/runner/work/BaoJunKeyless/BaoJunKeyless/Sources/Theme/AppViewCompatibility.swift /Users/runner/work/BaoJunKeyless/BaoJunKeyless/Sources/App/BaoJunKeylessApp.swift /Users/runner/work/BaoJunKeyless/BaoJunKeyless/Sources/Theme/ChromeBarMetrics.swift /Users/runner/work/BaoJunKeyless/BaoJunKeyless/Sources/Components/Components.swift /Users/runner/work/BaoJunKeyless/BaoJunKeyless/Sources/Views/ContentView.swift /Users/runner/work/BaoJunKeyless/BaoJunKeyless/Sources/Models/CrashLogger.swift /Users/runner/work/BaoJunKeyless/BaoJunKeyless/Sources/Components/CustomAlertView.swift /Users/runner/work/BaoJunKeyless/BaoJunKeyless/Sources/Models/CustomVibrationPattern.swift /Users/runner/work/BaoJunKeyless/BaoJunKeyless/Sources/Views/Keyless/KeylessSections.swift /Users/runner/work/BaoJunKeyless/BaoJunKeyless/Sources/Models/KeylessSettingsStore.swift /Users/runner/work/BaoJunKeyless/BaoJunKeyless/Sources/Views/KeylessView.swift /Users/runner/work/BaoJunKeyless/BaoJunKeyless/Sources/Models/LocationManager.swift /Users/runner/work/BaoJunKeyless/BaoJunKeyless/Sources/Services/LocationResolver.swift /Users/runner/work/BaoJunKeyless/BaoJunKeyless/Sources/Views/LogView.swift /Users/runner/work/BaoJunKeyless/BaoJunKeyless/Sources/Theme/MenuBarView.swift /Users/runner/work/BaoJunKeyless/BaoJunKeyless/Sources/Models/Models.swift /Users/runner/work/BaoJunKeyless/BaoJunKeyless/Sources/Services/MotionManager.swift /Users/runner/work/BaoJunKeyless/BaoJunKeyless/Sources/Theme/PageHeaderView.swift /Users/runner/work/BaoJunKeyless/BaoJunKeyless/Sources/Views/Settings/PhotoPicker.swift /Users/runner/work/BaoJunKeyless/BaoJunKeyless/Sources/Views/RadarView.swift /Users/runner/work/BaoJunKeyless/BaoJunKeyless/Sources/Theme/RowDividerView.swift /Users/runner/work/BaoJunKeyless/BaoJunKeyless/Sources/Theme/SectionHeadingView.swift /Users/runner/work/BaoJunKeyless/BaoJunKeyless/Sources/Theme/SettingsEntryButtonView.swift /Users/runner/work/BaoJunKeyless/BaoJunKeyless/Sources/Theme/SettingsInlineActionRowView.swift /Users/runner/work/BaoJunKeyless/BaoJunKeyless/Sources/Theme/SettingsPanelView.swift /Users/runner/work/BaoJunKeyless/BaoJunKeyless/Sources/Views/Settings/SettingsSections.swift /Users/runner/work/BaoJunKeyless/BaoJunKeyless/Sources/Theme/SettingsStatusRowView.swift /Users/runner/work/BaoJunKeyless/BaoJunKeyless/Sources/Views/SettingsView.swift /Users/runner/work/BaoJunKeyless/BaoJunKeyless/Sources/Components/ShareSheet.swift /Users/runner/work/BaoJunKeyless/BaoJunKeyless/Sources/Views/Status/StatusCards.swift /Users/runner/work/BaoJunKeyless/BaoJunKeyless/Sources/Views/Status/StatusSections.swift /Users/runner/work/BaoJunKeyless/BaoJunKeyless/Sources/Views/StatusView.swift /Users/runner/work/BaoJunKeyless/BaoJunKeyless/Sources/Theme/ThemeImageSupport.swift /Users/runner/work/BaoJunKeyless/BaoJunKeyless/Sources/Theme/ThemeManager.swift /Users/runner/work/BaoJunKeyless/BaoJunKeyless/Sources/Theme/ThemeOptionCardView.swift /Users/runner/work/BaoJunKeyless/BaoJunKeyless/Sources/Models/VehicleEventLogStore.swift /Users/runner/work/BaoJunKeyless/BaoJunKeyless/Sources/Components/VibrationRecorderView.swift (in target 'BaoJunKeyless' from project 'BaoJunKeyless')
2026-06-07T10:13:36.8268570Z     cd /Users/runner/work/BaoJunKeyless/BaoJunKeyless
2026-06-07T10:13:36.8335240Z     builtin-swiftTaskExecution -- /Applications/Xcode_16.2.app/Contents/Developer/Toolchains/XcodeDefault.xctoolchain/usr/bin/swift-frontend -frontend -c /Users/runner/work/BaoJunKeyless/BaoJunKeyless/Sources/Services/AddressServiceSettings.swift /Users/runner/work/BaoJunKeyless/BaoJunKeyless/Sources/Theme/AppBackgroundView.swift /Users/runner/work/BaoJunKeyless/BaoJunKeyless/Sources/Models/AppDiagnosticsSettings.swift /Users/runner/work/BaoJunKeyless/BaoJunKeyless/Sources/Models/AppInfo.swift /Users/runner/work/BaoJunKeyless/BaoJunKeyless/Sources/Theme/AppNavigationContainerView.swift /Users/runner/work/BaoJunKeyless/BaoJunKeyless/Sources/Theme/AppScrollState.swift /Users/runner/work/BaoJunKeyless/BaoJunKeyless/Sources/Theme/AppTheme.swift /Users/runner/work/BaoJunKeyless/BaoJunKeyless/Sources/Theme/AppViewCompatibility.swift /Users/runner/work/BaoJunKeyless/BaoJunKeyless/Sources/App/BaoJunKeylessApp.swift /Users/runner/work/BaoJunKeyless/BaoJunKeyless/Sources/Theme/ChromeBarMetrics.swift /Users/runner/work/BaoJunKeyless/BaoJunKeyless/Sources/Components/Components.swift /Users/runner/work/BaoJunKeyless/BaoJunKeyless/Sources/Views/ContentView.swift /Users/runner/work/BaoJunKeyless/BaoJunKeyless/Sources/Models/CrashLogger.swift /Users/runner/work/BaoJunKeyless/BaoJunKeyless/Sources/Components/CustomAlertView.swift /Users/runner/work/BaoJunKeyless/BaoJunKeyless/Sources/Models/CustomVibrationPattern.swift /Users/runner/work/BaoJunKeyless/BaoJunKeyless/Sources/Views/Keyless/KeylessSections.swift /Users/runner/work/BaoJunKeyless/BaoJunKeyless/Sources/Models/KeylessSettingsStore.swift /Users/runner/work/BaoJunKeyless/BaoJunKeyless/Sources/Views/KeylessView.swift /Users/runner/work/BaoJunKeyless/BaoJunKeyless/Sources/Models/LocationManager.swift /Users/runner/work/BaoJunKeyless/BaoJunKeyless/Sources/Services/LocationResolver.swift /Users/runner/work/BaoJunKeyless/BaoJunKeyless/Sources/Views/LogView.swift /Users/runner/work/BaoJunKeyless/BaoJunKeyless/Sources/Theme/MenuBarView.swift /Users/runner/work/BaoJunKeyless/BaoJunKeyless/Sources/Models/Models.swift /Users/runner/work/BaoJunKeyless/BaoJunKeyless/Sources/Services/MotionManager.swift /Users/runner/work/BaoJunKeyless/BaoJunKeyless/Sources/Theme/PageHeaderView.swift /Users/runner/work/BaoJunKeyless/BaoJunKeyless/Sources/Views/Settings/PhotoPicker.swift /Users/runner/work/BaoJunKeyless/BaoJunKeyless/Sources/Views/RadarView.swift /Users/runner/work/BaoJunKeyless/BaoJunKeyless/Sources/Theme/RowDividerView.swift /Users/runner/work/BaoJunKeyless/BaoJunKeyless/Sources/Theme/SectionHeadingView.swift /Users/runner/work/BaoJunKeyless/BaoJunKeyless/Sources/Theme/SettingsEntryButtonView.swift /Users/runner/work/BaoJunKeyless/BaoJunKeyless/Sources/Theme/SettingsInlineActionRowView.swift /Users/runner/work/BaoJunKeyless/BaoJunKeyless/Sources/Theme/SettingsPanelView.swift /Users/runner/work/BaoJunKeyless/BaoJunKeyless/Sources/Views/Settings/SettingsSections.swift /Users/runner/work/BaoJunKeyless/BaoJunKeyless/Sources/Theme/SettingsStatusRowView.swift /Users/runner/work/BaoJunKeyless/BaoJunKeyless/Sources/Views/SettingsView.swift /Users/runner/work/BaoJunKeyless/BaoJunKeyless/Sources/Components/ShareSheet.swift /Users/runner/work/BaoJunKeyless/BaoJunKeyless/Sources/Views/Status/StatusCards.swift /Users/runner/work/BaoJunKeyless/BaoJunKeyless/Sources/Views/Status/StatusSections.swift /Users/runner/work/BaoJunKeyless/BaoJunKeyless/Sources/Views/StatusView.swift /Users/runner/work/BaoJunKeyless/BaoJunKeyless/Sources/Theme/ThemeImageSupport.swift /Users/runner/work/BaoJunKeyless/BaoJunKeyless/Sources/Theme/ThemeManager.swift /Users/runner/work/BaoJunKeyless/BaoJunKeyless/Sources/Theme/ThemeOptionCardView.swift /Users/runner/work/BaoJunKeyless/BaoJunKeyless/Sources/Models/VehicleEventLogStore.swift /Users/runner/work/BaoJunKeyless/BaoJunKeyless/Sources/Components/VibrationRecorderView.swift -supplementary-output-file-map /Users/runner/work/BaoJunKeyless/BaoJunKeyless/build/Build/Intermediates.noindex/BaoJunKeyless.build/Release-iphoneos/BaoJunKeyless.build/Objects-normal/arm64/supplementaryOutputs-1 -target arm64-apple-ios15.0 -Xllvm -aarch64-use-tbi -enable-objc-interop -stack-check -sdk /Applications/Xcode_16.2.app/Contents/Developer/Platforms/iPhoneOS.platform/Developer/SDKs/iPhoneOS18.2.sdk -I /Users/runner/work/BaoJunKeyless/BaoJunKeyless/build/Build/Products/Release-iphoneos -F /Users/runner/work/BaoJunKeyless/BaoJunKeyless/build/Build/Products/Release-iphoneos -no-color-diagnostics -g -debug-info-format\=dwarf -dwarf-version\=4 -module-cache-path /Users/runner/work/BaoJunKeyless/BaoJunKeyless/build/ModuleCache.noindex -swift-version 5 -enforce-exclusivity\=checked -O -serialize-debugging-options -const-gather-protocols-file /Users/runner/work/BaoJunKeyless/BaoJunKeyless/build/Build/Intermediates.noindex/BaoJunKeyless.build/Release-iphoneos/BaoJunKeyless.build/Objects-normal/arm64/BaoJunKeyless_const_extract_protocols.json -enable-experimental-feature DebugDescriptionMacro -enable-bare-slash-regex -empty-abi-descriptor -validate-clang-modules-once -clang-build-session-file /Users/runner/work/BaoJunKeyless/BaoJunKeyless/build/ModuleCache.noindex/Session.modulevalidation -Xcc -working-directory -Xcc /Users/runner/work/BaoJunKeyless/BaoJunKeyless -resource-dir /Applications/Xcode_16.2.app/Contents/Developer/Toolchains/XcodeDefault.xctoolchain/usr/lib/swift -file-compilation-dir /Users/runner/work/BaoJunKeyless/BaoJunKeyless -Xcc -ivfsstatcache -Xcc /Users/runner/work/BaoJunKeyless/BaoJunKeyless/build/SDKStatCaches.noindex/iphoneos18.2-22C146-6f6929c68f51360d5ca70a73a7e0c2f9.sdkstatcache -Xcc -I/Users/runner/work/BaoJunKeyless/BaoJunKeyless/build/Build/Intermediates.noindex/BaoJunKeyless.build/Release-iphoneos/BaoJunKeyless.build/swift-overrides.hmap -Xcc -iquote -Xcc /Users/runner/work/BaoJunKeyless/BaoJunKeyless/build/Build/Intermediates.noindex/BaoJunKeyless.build/Release-iphoneos/BaoJunKeyless.build/BaoJunKeyless-generated-files.hmap -Xcc -I/Users/runner/work/BaoJunKeyless/BaoJunKeyless/build/Build/Intermediates.noindex/BaoJunKeyless.build/Release-iphoneos/BaoJunKeyless.build/BaoJunKeyless-own-target-headers.hmap -Xcc -I/Users/runner/work/BaoJunKeyless/BaoJunKeyless/build/Build/Intermediates.noindex/BaoJunKeyless.build/Release-iphoneos/BaoJunKeyless.build/BaoJunKeyless-all-target-headers.hmap -Xcc -iquote -Xcc /Users/runner/work/BaoJunKeyless/BaoJunKeyless/build/Build/Intermediates.noindex/BaoJunKeyless.build/Release-iphoneos/BaoJunKeyless.build/BaoJunKeyless-project-headers.hmap -Xcc -I/Users/runner/work/BaoJunKeyless/BaoJunKeyless/build/Build/Products/Release-iphoneos/include -Xcc -I/Users/runner/work/BaoJunKeyless/BaoJunKeyless/build/Build/Intermediates.noindex/BaoJunKeyless.build/Release-iphoneos/BaoJunKeyless.build/DerivedSources-normal/arm64 -Xcc -I/Users/runner/work/BaoJunKeyless/BaoJunKeyless/build/Build/Intermediates.noindex/BaoJunKeyless.build/Release-iphoneos/BaoJunKeyless.build/DerivedSources/arm64 -Xcc -I/Users/runner/work/BaoJunKeyless/BaoJunKeyless/build/Build/Intermediates.noindex/BaoJunKeyless.build/Release-iphoneos/BaoJunKeyless.build/DerivedSources -module-name BaoJunKeyless -frontend-parseable-output -disable-clang-spi -target-sdk-version 18.2 -target-sdk-name iphoneos18.2 -external-plugin-path /Applications/Xcode_16.2.app/Contents/Developer/Platforms/iPhoneOS.platform/Developer/usr/lib/swift/host/plugins\#/Applications/Xcode_16.2.app/Contents/Developer/Platforms/iPhoneOS.platform/Developer/usr/bin/swift-plugin-server -external-plugin-path /Applications/Xcode_16.2.app/Contents/Developer/Platforms/iPhoneOS.platform/Developer/usr/local/lib/swift/host/plugins\#/Applications/Xcode_16.2.app/Contents/Developer/Platforms/iPhoneOS.platform/Developer/usr/bin/swift-plugin-server -plugin-path /Applications/Xcode_16.2.app/Contents/Developer/Toolchains/XcodeDefault.xctoolchain/usr/lib/swift/host/plugins -plugin-path /Applications/Xcode_16.2.app/Contents/Developer/Toolchains/XcodeDefault.xctoolchain/usr/local/lib/swift/host/plugins -enable-default-cmo -num-threads 3 -o /Users/runner/work/BaoJunKeyless/BaoJunKeyless/build/Build/Intermediates.noindex/BaoJunKeyless.build/Release-iphoneos/BaoJunKeyless.build/Objects-normal/arm64/AddressServiceSettings.o -o /Users/runner/work/BaoJunKeyless/BaoJunKeyless/build/Build/Intermediates.noindex/BaoJunKeyless.build/Release-iphoneos/BaoJunKeyless.build/Objects-normal/arm64/AppBackgroundView.o -o /Users/runner/work/BaoJunKeyless/BaoJunKeyless/build/Build/Intermediates.noindex/BaoJunKeyless.build/Release-iphoneos/BaoJunKeyless.build/Objects-normal/arm64/AppDiagnosticsSettings.o -o /Users/runner/work/BaoJunKeyless/BaoJunKeyless/build/Build/Intermediates.noindex/BaoJunKeyless.build/Release-iphoneos/BaoJunKeyless.build/Objects-normal/arm64/AppInfo.o -o /Users/runner/work/BaoJunKeyless/BaoJunKeyless/build/Build/Intermediates.noindex/BaoJunKeyless.build/Release-iphoneos/BaoJunKeyless.build/Objects-normal/arm64/AppNavigationContainerView.o -o /Users/runner/work/BaoJunKeyless/BaoJunKeyless/build/Build/Intermediates.noindex/BaoJunKeyless.build/Release-iphoneos/BaoJunKeyless.build/Objects-normal/arm64/AppScrollState.o -o /Users/runner/work/BaoJunKeyless/BaoJunKeyless/build/Build/Intermediates.noindex/BaoJunKeyless.build/Release-iphoneos/BaoJunKeyless.build/Objects-normal/arm64/AppTheme.o -o /Users/runner/work/BaoJunKeyless/BaoJunKeyless/build/Build/Intermediates.noindex/BaoJunKeyless.build/Release-iphoneos/BaoJunKeyless.build/Objects-normal/arm64/AppViewCompatibility.o -o /Users/runner/work/BaoJunKeyless/BaoJunKeyless/build/Build/Intermediates.noindex/BaoJunKeyless.build/Release-iphoneos/BaoJunKeyless.build/Objects-normal/arm64/BaoJunKeylessApp.o -o /Users/runner/work/BaoJunKeyless/BaoJunKeyless/build/Build/Intermediates.noindex/BaoJunKeyless.build/Release-iphoneos/BaoJunKeyless.build/Objects-normal/arm64/ChromeBarMetrics.o -o /Users/runner/work/BaoJunKeyless/BaoJunKeyless/build/Build/Intermediates.noindex/BaoJunKeyless.build/Release-iphoneos/BaoJunKeyless.build/Objects-normal/arm64/Components.o -o /Users/runner/work/BaoJunKeyless/BaoJunKeyless/build/Build/Intermediates.noindex/BaoJunKeyless.build/Release-iphoneos/BaoJunKeyless.build/Objects-normal/arm64/ContentView.o -o /Users/runner/work/BaoJunKeyless/BaoJunKeyless/build/Build/Intermediates.noindex/BaoJunKeyless.build/Release-iphoneos/BaoJunKeyless.build/Objects-normal/arm64/CrashLogger.o -o /Users/runner/work/BaoJunKeyless/BaoJunKeyless/build/Build/Intermediates.noindex/BaoJunKeyless.build/Release-iphoneos/BaoJunKeyless.build/Objects-normal/arm64/CustomAlertView.o -o /Users/runner/work/BaoJunKeyless/BaoJunKeyless/build/Build/Intermediates.noindex/BaoJunKeyless.build/Release-iphoneos/BaoJunKeyless.build/Objects-normal/arm64/CustomVibrationPattern.o -o /Users/runner/work/BaoJunKeyless/BaoJunKeyless/build/Build/Intermediates.noindex/BaoJunKeyless.build/Release-iphoneos/BaoJunKeyless.build/Objects-normal/arm64/KeylessSections.o -o /Users/runner/work/BaoJunKeyless/BaoJunKeyless/build/Build/Intermediates.noindex/BaoJunKeyless.build/Release-iphoneos/BaoJunKeyless.build/Objects-normal/arm64/KeylessSettingsStore.o -o /Users/runner/work/BaoJunKeyless/BaoJunKeyless/build/Build/Intermediates.noindex/BaoJunKeyless.build/Release-iphoneos/BaoJunKeyless.build/Objects-normal/arm64/KeylessView.o -o /Users/runner/work/BaoJunKeyless/BaoJunKeyless/build/Build/Intermediates.noindex/BaoJunKeyless.build/Release-iphoneos/BaoJunKeyless.build/Objects-normal/arm64/LocationManager.o -o /Users/runner/work/BaoJunKeyless/BaoJunKeyless/build/Build/Intermediates.noindex/BaoJunKeyless.build/Release-iphoneos/BaoJunKeyless.build/Objects-normal/arm64/LocationResolver.o -o /Users/runner/work/BaoJunKeyless/BaoJunKeyless/build/Build/Intermediates.noindex/BaoJunKeyless.build/Release-iphoneos/BaoJunKeyless.build/Objects-normal/arm64/LogView.o -o /Users/runner/work/BaoJunKeyless/BaoJunKeyless/build/Build/Intermediates.noindex/BaoJunKeyless.build/Release-iphoneos/BaoJunKeyless.build/Objects-normal/arm64/MenuBarView.o -o /Users/runner/work/BaoJunKeyless/BaoJunKeyless/build/Build/Intermediates.noindex/BaoJunKeyless.build/Release-iphoneos/BaoJunKeyless.build/Objects-normal/arm64/Models.o -o /Users/runner/work/BaoJunKeyless/BaoJunKeyless/build/Build/Intermediates.noindex/BaoJunKeyless.build/Release-iphoneos/BaoJunKeyless.build/Objects-normal/arm64/MotionManager.o -o /Users/runner/work/BaoJunKeyless/BaoJunKeyless/build/Build/Intermediates.noindex/BaoJunKeyless.build/Release-iphoneos/BaoJunKeyless.build/Objects-normal/arm64/PageHeaderView.o -o /Users/runner/work/BaoJunKeyless/BaoJunKeyless/build/Build/Intermediates.noindex/BaoJunKeyless.build/Release-iphoneos/BaoJunKeyless.build/Objects-normal/arm64/PhotoPicker.o -o /Users/runner/work/BaoJunKeyless/BaoJunKeyless/build/Build/Intermediates.noindex/BaoJunKeyless.build/Release-iphoneos/BaoJunKeyless.build/Objects-normal/arm64/RadarView.o -o /Users/runner/work/BaoJunKeyless/BaoJunKeyless/build/Build/Intermediates.noindex/BaoJunKeyless.build/Release-iphoneos/BaoJunKeyless.build/Objects-normal/arm64/RowDividerView.o -o /Users/runner/work/BaoJunKeyless/BaoJunKeyless/build/Build/Intermediates.noindex/BaoJunKeyless.build/Release-iphoneos/BaoJunKeyless.build/Objects-normal/arm64/SectionHeadingView.o -o /Users/runner/work/BaoJunKeyless/BaoJunKeyless/build/Build/Intermediates.noindex/BaoJunKeyless.build/Release-iphoneos/BaoJunKeyless.build/Objects-normal/arm64/SettingsEntryButtonView.o -o /Users/runner/work/BaoJunKeyless/BaoJunKeyless/build/Build/Intermediates.noindex/BaoJunKeyless.build/Release-iphoneos/BaoJunKeyless.build/Objects-normal/arm64/SettingsInlineActionRowView.o -o /Users/runner/work/BaoJunKeyless/BaoJunKeyless/build/Build/Intermediates.noindex/BaoJunKeyless.build/Release-iphoneos/BaoJunKeyless.build/Objects-normal/arm64/SettingsPanelView.o -o /Users/runner/work/BaoJunKeyless/BaoJunKeyless/build/Build/Intermediates.noindex/BaoJunKeyless.build/Release-iphoneos/BaoJunKeyless.build/Objects-normal/arm64/SettingsSections.o -o /Users/runner/work/BaoJunKeyless/BaoJunKeyless/build/Build/Intermediates.noindex/BaoJunKeyless.build/Release-iphoneos/BaoJunKeyless.build/Objects-normal/arm64/SettingsStatusRowView.o -o /Users/runner/work/BaoJunKeyless/BaoJunKeyless/build/Build/Intermediates.noindex/BaoJunKeyless.build/Release-iphoneos/BaoJunKeyless.build/Objects-normal/arm64/SettingsView.o -o /Users/runner/work/BaoJunKeyless/BaoJunKeyless/build/Build/Intermediates.noindex/BaoJunKeyless.build/Release-iphoneos/BaoJunKeyless.build/Objects-normal/arm64/ShareSheet.o -o /Users/runner/work/BaoJunKeyless/BaoJunKeyless/build/Build/Intermediates.noindex/BaoJunKeyless.build/Release-iphoneos/BaoJunKeyless.build/Objects-normal/arm64/StatusCards.o -o /Users/runner/work/BaoJunKeyless/BaoJunKeyless/build/Build/Intermediates.noindex/BaoJunKeyless.build/Release-iphoneos/BaoJunKeyless.build/Objects-normal/arm64/StatusSections.o -o /Users/runner/work/BaoJunKeyless/BaoJunKeyless/build/Build/Intermediates.noindex/BaoJunKeyless.build/Release-iphoneos/BaoJunKeyless.build/Objects-normal/arm64/StatusView.o -o /Users/runner/work/BaoJunKeyless/BaoJunKeyless/build/Build/Intermediates.noindex/BaoJunKeyless.build/Release-iphoneos/BaoJunKeyless.build/Objects-normal/arm64/ThemeImageSupport.o -o /Users/runner/work/BaoJunKeyless/BaoJunKeyless/build/Build/Intermediates.noindex/BaoJunKeyless.build/Release-iphoneos/BaoJunKeyless.build/Objects-normal/arm64/ThemeManager.o -o /Users/runner/work/BaoJunKeyless/BaoJunKeyless/build/Build/Intermediates.noindex/BaoJunKeyless.build/Release-iphoneos/BaoJunKeyless.build/Objects-normal/arm64/ThemeOptionCardView.o -o /Users/runner/work/BaoJunKeyless/BaoJunKeyless/build/Build/Intermediates.noindex/BaoJunKeyless.build/Release-iphoneos/BaoJunKeyless.build/Objects-normal/arm64/VehicleEventLogStore.o -o /Users/runner/work/BaoJunKeyless/BaoJunKeyless/build/Build/Intermediates.noindex/BaoJunKeyless.build/Release-iphoneos/BaoJunKeyless.build/Objects-normal/arm64/VibrationRecorderView.o -index-unit-output-path /BaoJunKeyless.build/Release-iphoneos/BaoJunKeyless.build/Objects-normal/arm64/AddressServiceSettings.o -index-unit-output-path /BaoJunKeyless.build/Release-iphoneos/BaoJunKeyless.build/Objects-normal/arm64/AppBackgroundView.o -index-unit-output-path /BaoJunKeyless.build/Release-iphoneos/BaoJunKeyless.build/Objects-normal/arm64/AppDiagnosticsSettings.o -index-unit-output-path /BaoJunKeyless.build/Release-iphoneos/BaoJunKeyless.build/Objects-normal/arm64/AppInfo.o -index-unit-output-path /BaoJunKeyless.build/Release-iphoneos/BaoJunKeyless.build/Objects-normal/arm64/AppNavigationContainerView.o -index-unit-output-path /BaoJunKeyless.build/Release-iphoneos/BaoJunKeyless.build/Objects-normal/arm64/AppScrollState.o -index-unit-output-path /BaoJunKeyless.build/Release-iphoneos/BaoJunKeyless.build/Objects-normal/arm64/AppTheme.o -index-unit-output-path /BaoJunKeyless.build/Release-iphoneos/BaoJunKeyless.build/Objects-normal/arm64/AppViewCompatibility.o -index-unit-output-path /BaoJunKeyless.build/Release-iphoneos/BaoJunKeyless.build/Objects-normal/arm64/BaoJunKeylessApp.o -index-unit-output-path /BaoJunKeyless.build/Release-iphoneos/BaoJunKeyless.build/Objects-normal/arm64/ChromeBarMetrics.o -index-unit-output-path /BaoJunKeyless.build/Release-iphoneos/BaoJunKeyless.build/Objects-normal/arm64/Components.o -index-unit-output-path /BaoJunKeyless.build/Release-iphoneos/BaoJunKeyless.build/Objects-normal/arm64/ContentView.o -index-unit-output-path /BaoJunKeyless.build/Release-iphoneos/BaoJunKeyless.build/Objects-normal/arm64/CrashLogger.o -index-unit-output-path /BaoJunKeyless.build/Release-iphoneos/BaoJunKeyless.build/Objects-normal/arm64/CustomAlertView.o -index-unit-output-path /BaoJunKeyless.build/Release-iphoneos/BaoJunKeyless.build/Objects-normal/arm64/CustomVibrationPattern.o -index-unit-output-path /BaoJunKeyless.build/Release-iphoneos/BaoJunKeyless.build/Objects-normal/arm64/KeylessSections.o -index-unit-output-path /BaoJunKeyless.build/Release-iphoneos/BaoJunKeyless.build/Objects-normal/arm64/KeylessSettingsStore.o -index-unit-output-path /BaoJunKeyless.build/Release-iphoneos/BaoJunKeyless.build/Objects-normal/arm64/KeylessView.o -index-unit-output-path /BaoJunKeyless.build/Release-iphoneos/BaoJunKeyless.build/Objects-normal/arm64/LocationManager.o -index-unit-output-path /BaoJunKeyless.build/Release-iphoneos/BaoJunKeyless.build/Objects-normal/arm64/LocationResolver.o -index-unit-output-path /BaoJunKeyless.build/Release-iphoneos/BaoJunKeyless.build/Objects-normal/arm64/LogView.o -index-unit-output-path /BaoJunKeyless.build/Release-iphoneos/BaoJunKeyless.build/Objects-normal/arm64/MenuBarView.o -index-unit-output-path /BaoJunKeyless.build/Release-iphoneos/BaoJunKeyless.build/Objects-normal/arm64/Models.o -index-unit-output-path /BaoJunKeyless.build/Release-iphoneos/BaoJunKeyless.build/Objects-normal/arm64/MotionManager.o -index-unit-output-path /BaoJunKeyless.build/Release-iphoneos/BaoJunKeyless.build/Objects-normal/arm64/PageHeaderView.o -index-unit-output-path /BaoJunKeyless.build/Release-iphoneos/BaoJunKeyless.build/Objects-normal/arm64/PhotoPicker.o -index-unit-output-path /BaoJunKeyless.build/Release-iphoneos/BaoJunKeyless.build/Objects-normal/arm64/RadarView.o -index-unit-output-path /BaoJunKeyless.build/Release-iphoneos/BaoJunKeyless.build/Objects-normal/arm64/RowDividerView.o -index-unit-output-path /BaoJunKeyless.build/Release-iphoneos/BaoJunKeyless.build/Objects-normal/arm64/SectionHeadingView.o -index-unit-output-path /BaoJunKeyless.build/Release-iphoneos/BaoJunKeyless.build/Objects-normal/arm64/SettingsEntryButtonView.o -index-unit-output-path /BaoJunKeyless.build/Release-iphoneos/BaoJunKeyless.build/Objects-normal/arm64/SettingsInlineActionRowView.o -index-unit-output-path /BaoJunKeyless.build/Release-iphoneos/BaoJunKeyless.build/Objects-normal/arm64/SettingsPanelView.o -index-unit-output-path /BaoJunKeyless.build/Release-iphoneos/BaoJunKeyless.build/Objects-normal/arm64/SettingsSections.o -index-unit-output-path /BaoJunKeyless.build/Release-iphoneos/BaoJunKeyless.build/Objects-normal/arm64/SettingsStatusRowView.o -index-unit-output-path /BaoJunKeyless.build/Release-iphoneos/BaoJunKeyless.build/Objects-normal/arm64/SettingsView.o -index-unit-output-path /BaoJunKeyless.build/Release-iphoneos/BaoJunKeyless.build/Objects-normal/arm64/ShareSheet.o -index-unit-output-path /BaoJunKeyless.build/Release-iphoneos/BaoJunKeyless.build/Objects-normal/arm64/StatusCards.o -index-unit-output-path /BaoJunKeyless.build/Release-iphoneos/BaoJunKeyless.build/Objects-normal/arm64/StatusSections.o -index-unit-output-path /BaoJunKeyless.build/Release-iphoneos/BaoJunKeyless.build/Objects-normal/arm64/StatusView.o -index-unit-output-path /BaoJunKeyless.build/Release-iphoneos/BaoJunKeyless.build/Objects-normal/arm64/ThemeImageSupport.o -index-unit-output-path /BaoJunKeyless.build/Release-iphoneos/BaoJunKeyless.build/Objects-normal/arm64/ThemeManager.o -index-unit-output-path /BaoJunKeyless.build/Release-iphoneos/BaoJunKeyless.build/Objects-normal/arm64/ThemeOptionCardView.o -index-unit-output-path /BaoJunKeyless.build/Release-iphoneos/BaoJunKeyless.build/Objects-normal/arm64/VehicleEventLogStore.o -index-unit-output-path /BaoJunKeyless.build/Release-iphoneos/BaoJunKeyless.build/Objects-normal/arm64/VibrationRecorderView.o
2026-06-07T10:13:36.8399700Z 
2026-06-07T10:13:36.8400030Z CompileSwift normal arm64 (in target 'BaoJunKeyless' from project 'BaoJunKeyless')
2026-06-07T10:13:36.8400530Z     cd /Users/runner/work/BaoJunKeyless/BaoJunKeyless
2026-06-07T10:13:36.8466960Z     /Applications/Xcode_16.2.app/Contents/Developer/Toolchains/XcodeDefault.xctoolchain/usr/bin/swift-frontend -c /Users/runner/work/BaoJunKeyless/BaoJunKeyless/Sources/Services/AddressServiceSettings.swift /Users/runner/work/BaoJunKeyless/BaoJunKeyless/Sources/Theme/AppBackgroundView.swift /Users/runner/work/BaoJunKeyless/BaoJunKeyless/Sources/Models/AppDiagnosticsSettings.swift /Users/runner/work/BaoJunKeyless/BaoJunKeyless/Sources/Models/AppInfo.swift /Users/runner/work/BaoJunKeyless/BaoJunKeyless/Sources/Theme/AppNavigationContainerView.swift /Users/runner/work/BaoJunKeyless/BaoJunKeyless/Sources/Theme/AppScrollState.swift /Users/runner/work/BaoJunKeyless/BaoJunKeyless/Sources/Theme/AppTheme.swift /Users/runner/work/BaoJunKeyless/BaoJunKeyless/Sources/Theme/AppViewCompatibility.swift /Users/runner/work/BaoJunKeyless/BaoJunKeyless/Sources/App/BaoJunKeylessApp.swift /Users/runner/work/BaoJunKeyless/BaoJunKeyless/Sources/Theme/ChromeBarMetrics.swift /Users/runner/work/BaoJunKeyless/BaoJunKeyless/Sources/Components/Components.swift /Users/runner/work/BaoJunKeyless/BaoJunKeyless/Sources/Views/ContentView.swift /Users/runner/work/BaoJunKeyless/BaoJunKeyless/Sources/Models/CrashLogger.swift /Users/runner/work/BaoJunKeyless/BaoJunKeyless/Sources/Components/CustomAlertView.swift /Users/runner/work/BaoJunKeyless/BaoJunKeyless/Sources/Models/CustomVibrationPattern.swift /Users/runner/work/BaoJunKeyless/BaoJunKeyless/Sources/Views/Keyless/KeylessSections.swift /Users/runner/work/BaoJunKeyless/BaoJunKeyless/Sources/Models/KeylessSettingsStore.swift /Users/runner/work/BaoJunKeyless/BaoJunKeyless/Sources/Views/KeylessView.swift /Users/runner/work/BaoJunKeyless/BaoJunKeyless/Sources/Models/LocationManager.swift /Users/runner/work/BaoJunKeyless/BaoJunKeyless/Sources/Services/LocationResolver.swift /Users/runner/work/BaoJunKeyless/BaoJunKeyless/Sources/Views/LogView.swift /Users/runner/work/BaoJunKeyless/BaoJunKeyless/Sources/Theme/MenuBarView.swift /Users/runner/work/BaoJunKeyless/BaoJunKeyless/Sources/Models/Models.swift /Users/runner/work/BaoJunKeyless/BaoJunKeyless/Sources/Services/MotionManager.swift /Users/runner/work/BaoJunKeyless/BaoJunKeyless/Sources/Theme/PageHeaderView.swift /Users/runner/work/BaoJunKeyless/BaoJunKeyless/Sources/Views/Settings/PhotoPicker.swift /Users/runner/work/BaoJunKeyless/BaoJunKeyless/Sources/Views/RadarView.swift /Users/runner/work/BaoJunKeyless/BaoJunKeyless/Sources/Theme/RowDividerView.swift /Users/runner/work/BaoJunKeyless/BaoJunKeyless/Sources/Theme/SectionHeadingView.swift /Users/runner/work/BaoJunKeyless/BaoJunKeyless/Sources/Theme/SettingsEntryButtonView.swift /Users/runner/work/BaoJunKeyless/BaoJunKeyless/Sources/Theme/SettingsInlineActionRowView.swift /Users/runner/work/BaoJunKeyless/BaoJunKeyless/Sources/Theme/SettingsPanelView.swift /Users/runner/work/BaoJunKeyless/BaoJunKeyless/Sources/Views/Settings/SettingsSections.swift /Users/runner/work/BaoJunKeyless/BaoJunKeyless/Sources/Theme/SettingsStatusRowView.swift /Users/runner/work/BaoJunKeyless/BaoJunKeyless/Sources/Views/SettingsView.swift /Users/runner/work/BaoJunKeyless/BaoJunKeyless/Sources/Components/ShareSheet.swift /Users/runner/work/BaoJunKeyless/BaoJunKeyless/Sources/Views/Status/StatusCards.swift /Users/runner/work/BaoJunKeyless/BaoJunKeyless/Sources/Views/Status/StatusSections.swift /Users/runner/work/BaoJunKeyless/BaoJunKeyless/Sources/Views/StatusView.swift /Users/runner/work/BaoJunKeyless/BaoJunKeyless/Sources/Theme/ThemeImageSupport.swift /Users/runner/work/BaoJunKeyless/BaoJunKeyless/Sources/Theme/ThemeManager.swift /Users/runner/work/BaoJunKeyless/BaoJunKeyless/Sources/Theme/ThemeOptionCardView.swift /Users/runner/work/BaoJunKeyless/BaoJunKeyless/Sources/Models/VehicleEventLogStore.swift /Users/runner/work/BaoJunKeyless/BaoJunKeyless/Sources/Components/VibrationRecorderView.swift -supplementary-output-file-map /Users/runner/work/BaoJunKeyless/BaoJunKeyless/build/Build/Intermediates.noindex/BaoJunKeyless.build/Release-iphoneos/BaoJunKeyless.build/Objects-normal/arm64/supplementaryOutputs-1 -target arm64-apple-ios15.0 -Xllvm -aarch64-use-tbi -enable-objc-interop -stack-check -sdk /Applications/Xcode_16.2.app/Contents/Developer/Platforms/iPhoneOS.platform/Developer/SDKs/iPhoneOS18.2.sdk -I /Users/runner/work/BaoJunKeyless/BaoJunKeyless/build/Build/Products/Release-iphoneos -F /Users/runner/work/BaoJunKeyless/BaoJunKeyless/build/Build/Products/Release-iphoneos -no-color-diagnostics -g -debug-info-format\=dwarf -dwarf-version\=4 -module-cache-path /Users/runner/work/BaoJunKeyless/BaoJunKeyless/build/ModuleCache.noindex -swift-version 5 -enforce-exclusivity\=checked -O -serialize-debugging-options -const-gather-protocols-file /Users/runner/work/BaoJunKeyless/BaoJunKeyless/build/Build/Intermediates.noindex/BaoJunKeyless.build/Release-iphoneos/BaoJunKeyless.build/Objects-normal/arm64/BaoJunKeyless_const_extract_protocols.json -enable-experimental-feature DebugDescriptionMacro -enable-bare-slash-regex -empty-abi-descriptor -validate-clang-modules-once -clang-build-session-file /Users/runner/work/BaoJunKeyless/BaoJunKeyless/build/ModuleCache.noindex/Session.modulevalidation -Xcc -working-directory -Xcc /Users/runner/work/BaoJunKeyless/BaoJunKeyless -resource-dir /Applications/Xcode_16.2.app/Contents/Developer/Toolchains/XcodeDefault.xctoolchain/usr/lib/swift -file-compilation-dir /Users/runner/work/BaoJunKeyless/BaoJunKeyless -Xcc -ivfsstatcache -Xcc /Users/runner/work/BaoJunKeyless/BaoJunKeyless/build/SDKStatCaches.noindex/iphoneos18.2-22C146-6f6929c68f51360d5ca70a73a7e0c2f9.sdkstatcache -Xcc -I/Users/runner/work/BaoJunKeyless/BaoJunKeyless/build/Build/Intermediates.noindex/BaoJunKeyless.build/Release-iphoneos/BaoJunKeyless.build/swift-overrides.hmap -Xcc -iquote -Xcc /Users/runner/work/BaoJunKeyless/BaoJunKeyless/build/Build/Intermediates.noindex/BaoJunKeyless.build/Release-iphoneos/BaoJunKeyless.build/BaoJunKeyless-generated-files.hmap -Xcc -I/Users/runner/work/BaoJunKeyless/BaoJunKeyless/build/Build/Intermediates.noindex/BaoJunKeyless.build/Release-iphoneos/BaoJunKeyless.build/BaoJunKeyless-own-target-headers.hmap -Xcc -I/Users/runner/work/BaoJunKeyless/BaoJunKeyless/build/Build/Intermediates.noindex/BaoJunKeyless.build/Release-iphoneos/BaoJunKeyless.build/BaoJunKeyless-all-target-headers.hmap -Xcc -iquote -Xcc /Users/runner/work/BaoJunKeyless/BaoJunKeyless/build/Build/Intermediates.noindex/BaoJunKeyless.build/Release-iphoneos/BaoJunKeyless.build/BaoJunKeyless-project-headers.hmap -Xcc -I/Users/runner/work/BaoJunKeyless/BaoJunKeyless/build/Build/Products/Release-iphoneos/include -Xcc -I/Users/runner/work/BaoJunKeyless/BaoJunKeyless/build/Build/Intermediates.noindex/BaoJunKeyless.build/Release-iphoneos/BaoJunKeyless.build/DerivedSources-normal/arm64 -Xcc -I/Users/runner/work/BaoJunKeyless/BaoJunKeyless/build/Build/Intermediates.noindex/BaoJunKeyless.build/Release-iphoneos/BaoJunKeyless.build/DerivedSources/arm64 -Xcc -I/Users/runner/work/BaoJunKeyless/BaoJunKeyless/build/Build/Intermediates.noindex/BaoJunKeyless.build/Release-iphoneos/BaoJunKeyless.build/DerivedSources -module-name BaoJunKeyless -frontend-parseable-output -disable-clang-spi -target-sdk-version 18.2 -target-sdk-name iphoneos18.2 -external-plugin-path /Applications/Xcode_16.2.app/Contents/Developer/Platforms/iPhoneOS.platform/Developer/usr/lib/swift/host/plugins\#/Applications/Xcode_16.2.app/Contents/Developer/Platforms/iPhoneOS.platform/Developer/usr/bin/swift-plugin-server -external-plugin-path /Applications/Xcode_16.2.app/Contents/Developer/Platforms/iPhoneOS.platform/Developer/usr/local/lib/swift/host/plugins\#/Applications/Xcode_16.2.app/Contents/Developer/Platforms/iPhoneOS.platform/Developer/usr/bin/swift-plugin-server -plugin-path /Applications/Xcode_16.2.app/Contents/Developer/Toolchains/XcodeDefault.xctoolchain/usr/lib/swift/host/plugins -plugin-path /Applications/Xcode_16.2.app/Contents/Developer/Toolchains/XcodeDefault.xctoolchain/usr/local/lib/swift/host/plugins -enable-default-cmo -num-threads 3 -o /Users/runner/work/BaoJunKeyless/BaoJunKeyless/build/Build/Intermediates.noindex/BaoJunKeyless.build/Release-iphoneos/BaoJunKeyless.build/Objects-normal/arm64/AddressServiceSettings.o -o /Users/runner/work/BaoJunKeyless/BaoJunKeyless/build/Build/Intermediates.noindex/BaoJunKeyless.build/Release-iphoneos/BaoJunKeyless.build/Objects-normal/arm64/AppBackgroundView.o -o /Users/runner/work/BaoJunKeyless/BaoJunKeyless/build/Build/Intermediates.noindex/BaoJunKeyless.build/Release-iphoneos/BaoJunKeyless.build/Objects-normal/arm64/AppDiagnosticsSettings.o -o /Users/runner/work/BaoJunKeyless/BaoJunKeyless/build/Build/Intermediates.noindex/BaoJunKeyless.build/Release-iphoneos/BaoJunKeyless.build/Objects-normal/arm64/AppInfo.o -o /Users/runner/work/BaoJunKeyless/BaoJunKeyless/build/Build/Intermediates.noindex/BaoJunKeyless.build/Release-iphoneos/BaoJunKeyless.build/Objects-normal/arm64/AppNavigationContainerView.o -o /Users/runner/work/BaoJunKeyless/BaoJunKeyless/build/Build/Intermediates.noindex/BaoJunKeyless.build/Release-iphoneos/BaoJunKeyless.build/Objects-normal/arm64/AppScrollState.o -o /Users/runner/work/BaoJunKeyless/BaoJunKeyless/build/Build/Intermediates.noindex/BaoJunKeyless.build/Release-iphoneos/BaoJunKeyless.build/Objects-normal/arm64/AppTheme.o -o /Users/runner/work/BaoJunKeyless/BaoJunKeyless/build/Build/Intermediates.noindex/BaoJunKeyless.build/Release-iphoneos/BaoJunKeyless.build/Objects-normal/arm64/AppViewCompatibility.o -o /Users/runner/work/BaoJunKeyless/BaoJunKeyless/build/Build/Intermediates.noindex/BaoJunKeyless.build/Release-iphoneos/BaoJunKeyless.build/Objects-normal/arm64/BaoJunKeylessApp.o -o /Users/runner/work/BaoJunKeyless/BaoJunKeyless/build/Build/Intermediates.noindex/BaoJunKeyless.build/Release-iphoneos/BaoJunKeyless.build/Objects-normal/arm64/ChromeBarMetrics.o -o /Users/runner/work/BaoJunKeyless/BaoJunKeyless/build/Build/Intermediates.noindex/BaoJunKeyless.build/Release-iphoneos/BaoJunKeyless.build/Objects-normal/arm64/Components.o -o /Users/runner/work/BaoJunKeyless/BaoJunKeyless/build/Build/Intermediates.noindex/BaoJunKeyless.build/Release-iphoneos/BaoJunKeyless.build/Objects-normal/arm64/ContentView.o -o /Users/runner/work/BaoJunKeyless/BaoJunKeyless/build/Build/Intermediates.noindex/BaoJunKeyless.build/Release-iphoneos/BaoJunKeyless.build/Objects-normal/arm64/CrashLogger.o -o /Users/runner/work/BaoJunKeyless/BaoJunKeyless/build/Build/Intermediates.noindex/BaoJunKeyless.build/Release-iphoneos/BaoJunKeyless.build/Objects-normal/arm64/CustomAlertView.o -o /Users/runner/work/BaoJunKeyless/BaoJunKeyless/build/Build/Intermediates.noindex/BaoJunKeyless.build/Release-iphoneos/BaoJunKeyless.build/Objects-normal/arm64/CustomVibrationPattern.o -o /Users/runner/work/BaoJunKeyless/BaoJunKeyless/build/Build/Intermediates.noindex/BaoJunKeyless.build/Release-iphoneos/BaoJunKeyless.build/Objects-normal/arm64/KeylessSections.o -o /Users/runner/work/BaoJunKeyless/BaoJunKeyless/build/Build/Intermediates.noindex/BaoJunKeyless.build/Release-iphoneos/BaoJunKeyless.build/Objects-normal/arm64/KeylessSettingsStore.o -o /Users/runner/work/BaoJunKeyless/BaoJunKeyless/build/Build/Intermediates.noindex/BaoJunKeyless.build/Release-iphoneos/BaoJunKeyless.build/Objects-normal/arm64/KeylessView.o -o /Users/runner/work/BaoJunKeyless/BaoJunKeyless/build/Build/Intermediates.noindex/BaoJunKeyless.build/Release-iphoneos/BaoJunKeyless.build/Objects-normal/arm64/LocationManager.o -o /Users/runner/work/BaoJunKeyless/BaoJunKeyless/build/Build/Intermediates.noindex/BaoJunKeyless.build/Release-iphoneos/BaoJunKeyless.build/Objects-normal/arm64/LocationResolver.o -o /Users/runner/work/BaoJunKeyless/BaoJunKeyless/build/Build/Intermediates.noindex/BaoJunKeyless.build/Release-iphoneos/BaoJunKeyless.build/Objects-normal/arm64/LogView.o -o /Users/runner/work/BaoJunKeyless/BaoJunKeyless/build/Build/Intermediates.noindex/BaoJunKeyless.build/Release-iphoneos/BaoJunKeyless.build/Objects-normal/arm64/MenuBarView.o -o /Users/runner/work/BaoJunKeyless/BaoJunKeyless/build/Build/Intermediates.noindex/BaoJunKeyless.build/Release-iphoneos/BaoJunKeyless.build/Objects-normal/arm64/Models.o -o /Users/runner/work/BaoJunKeyless/BaoJunKeyless/build/Build/Intermediates.noindex/BaoJunKeyless.build/Release-iphoneos/BaoJunKeyless.build/Objects-normal/arm64/MotionManager.o -o /Users/runner/work/BaoJunKeyless/BaoJunKeyless/build/Build/Intermediates.noindex/BaoJunKeyless.build/Release-iphoneos/BaoJunKeyless.build/Objects-normal/arm64/PageHeaderView.o -o /Users/runner/work/BaoJunKeyless/BaoJunKeyless/build/Build/Intermediates.noindex/BaoJunKeyless.build/Release-iphoneos/BaoJunKeyless.build/Objects-normal/arm64/PhotoPicker.o -o /Users/runner/work/BaoJunKeyless/BaoJunKeyless/build/Build/Intermediates.noindex/BaoJunKeyless.build/Release-iphoneos/BaoJunKeyless.build/Objects-normal/arm64/RadarView.o -o /Users/runner/work/BaoJunKeyless/BaoJunKeyless/build/Build/Intermediates.noindex/BaoJunKeyless.build/Release-iphoneos/BaoJunKeyless.build/Objects-normal/arm64/RowDividerView.o -o /Users/runner/work/BaoJunKeyless/BaoJunKeyless/build/Build/Intermediates.noindex/BaoJunKeyless.build/Release-iphoneos/BaoJunKeyless.build/Objects-normal/arm64/SectionHeadingView.o -o /Users/runner/work/BaoJunKeyless/BaoJunKeyless/build/Build/Intermediates.noindex/BaoJunKeyless.build/Release-iphoneos/BaoJunKeyless.build/Objects-normal/arm64/SettingsEntryButtonView.o -o /Users/runner/work/BaoJunKeyless/BaoJunKeyless/build/Build/Intermediates.noindex/BaoJunKeyless.build/Release-iphoneos/BaoJunKeyless.build/Objects-normal/arm64/SettingsInlineActionRowView.o -o /Users/runner/work/BaoJunKeyless/BaoJunKeyless/build/Build/Intermediates.noindex/BaoJunKeyless.build/Release-iphoneos/BaoJunKeyless.build/Objects-normal/arm64/SettingsPanelView.o -o /Users/runner/work/BaoJunKeyless/BaoJunKeyless/build/Build/Intermediates.noindex/BaoJunKeyless.build/Release-iphoneos/BaoJunKeyless.build/Objects-normal/arm64/SettingsSections.o -o /Users/runner/work/BaoJunKeyless/BaoJunKeyless/build/Build/Intermediates.noindex/BaoJunKeyless.build/Release-iphoneos/BaoJunKeyless.build/Objects-normal/arm64/SettingsStatusRowView.o -o /Users/runner/work/BaoJunKeyless/BaoJunKeyless/build/Build/Intermediates.noindex/BaoJunKeyless.build/Release-iphoneos/BaoJunKeyless.build/Objects-normal/arm64/SettingsView.o -o /Users/runner/work/BaoJunKeyless/BaoJunKeyless/build/Build/Intermediates.noindex/BaoJunKeyless.build/Release-iphoneos/BaoJunKeyless.build/Objects-normal/arm64/ShareSheet.o -o /Users/runner/work/BaoJunKeyless/BaoJunKeyless/build/Build/Intermediates.noindex/BaoJunKeyless.build/Release-iphoneos/BaoJunKeyless.build/Objects-normal/arm64/StatusCards.o -o /Users/runner/work/BaoJunKeyless/BaoJunKeyless/build/Build/Intermediates.noindex/BaoJunKeyless.build/Release-iphoneos/BaoJunKeyless.build/Objects-normal/arm64/StatusSections.o -o /Users/runner/work/BaoJunKeyless/BaoJunKeyless/build/Build/Intermediates.noindex/BaoJunKeyless.build/Release-iphoneos/BaoJunKeyless.build/Objects-normal/arm64/StatusView.o -o /Users/runner/work/BaoJunKeyless/BaoJunKeyless/build/Build/Intermediates.noindex/BaoJunKeyless.build/Release-iphoneos/BaoJunKeyless.build/Objects-normal/arm64/ThemeImageSupport.o -o /Users/runner/work/BaoJunKeyless/BaoJunKeyless/build/Build/Intermediates.noindex/BaoJunKeyless.build/Release-iphoneos/BaoJunKeyless.build/Objects-normal/arm64/ThemeManager.o -o /Users/runner/work/BaoJunKeyless/BaoJunKeyless/build/Build/Intermediates.noindex/BaoJunKeyless.build/Release-iphoneos/BaoJunKeyless.build/Objects-normal/arm64/ThemeOptionCardView.o -o /Users/runner/work/BaoJunKeyless/BaoJunKeyless/build/Build/Intermediates.noindex/BaoJunKeyless.build/Release-iphoneos/BaoJunKeyless.build/Objects-normal/arm64/VehicleEventLogStore.o -o /Users/runner/work/BaoJunKeyless/BaoJunKeyless/build/Build/Intermediates.noindex/BaoJunKeyless.build/Release-iphoneos/BaoJunKeyless.build/Objects-normal/arm64/VibrationRecorderView.o -index-unit-output-path /BaoJunKeyless.build/Release-iphoneos/BaoJunKeyless.build/Objects-normal/arm64/AddressServiceSettings.o -index-unit-output-path /BaoJunKeyless.build/Release-iphoneos/BaoJunKeyless.build/Objects-normal/arm64/AppBackgroundView.o -index-unit-output-path /BaoJunKeyless.build/Release-iphoneos/BaoJunKeyless.build/Objects-normal/arm64/AppDiagnosticsSettings.o -index-unit-output-path /BaoJunKeyless.build/Release-iphoneos/BaoJunKeyless.build/Objects-normal/arm64/AppInfo.o -index-unit-output-path /BaoJunKeyless.build/Release-iphoneos/BaoJunKeyless.build/Objects-normal/arm64/AppNavigationContainerView.o -index-unit-output-path /BaoJunKeyless.build/Release-iphoneos/BaoJunKeyless.build/Objects-normal/arm64/AppScrollState.o -index-unit-output-path /BaoJunKeyless.build/Release-iphoneos/BaoJunKeyless.build/Objects-normal/arm64/AppTheme.o -index-unit-output-path /BaoJunKeyless.build/Release-iphoneos/BaoJunKeyless.build/Objects-normal/arm64/AppViewCompatibility.o -index-unit-output-path /BaoJunKeyless.build/Release-iphoneos/BaoJunKeyless.build/Objects-normal/arm64/BaoJunKeylessApp.o -index-unit-output-path /BaoJunKeyless.build/Release-iphoneos/BaoJunKeyless.build/Objects-normal/arm64/ChromeBarMetrics.o -index-unit-output-path /BaoJunKeyless.build/Release-iphoneos/BaoJunKeyless.build/Objects-normal/arm64/Components.o -index-unit-output-path /BaoJunKeyless.build/Release-iphoneos/BaoJunKeyless.build/Objects-normal/arm64/ContentView.o -index-unit-output-path /BaoJunKeyless.build/Release-iphoneos/BaoJunKeyless.build/Objects-normal/arm64/CrashLogger.o -index-unit-output-path /BaoJunKeyless.build/Release-iphoneos/BaoJunKeyless.build/Objects-normal/arm64/CustomAlertView.o -index-unit-output-path /BaoJunKeyless.build/Release-iphoneos/BaoJunKeyless.build/Objects-normal/arm64/CustomVibrationPattern.o -index-unit-output-path /BaoJunKeyless.build/Release-iphoneos/BaoJunKeyless.build/Objects-normal/arm64/KeylessSections.o -index-unit-output-path /BaoJunKeyless.build/Release-iphoneos/BaoJunKeyless.build/Objects-normal/arm64/KeylessSettingsStore.o -index-unit-output-path /BaoJunKeyless.build/Release-iphoneos/BaoJunKeyless.build/Objects-normal/arm64/KeylessView.o -index-unit-output-path /BaoJunKeyless.build/Release-iphoneos/BaoJunKeyless.build/Objects-normal/arm64/LocationManager.o -index-unit-output-path /BaoJunKeyless.build/Release-iphoneos/BaoJunKeyless.build/Objects-normal/arm64/LocationResolver.o -index-unit-output-path /BaoJunKeyless.build/Release-iphoneos/BaoJunKeyless.build/Objects-normal/arm64/LogView.o -index-unit-output-path /BaoJunKeyless.build/Release-iphoneos/BaoJunKeyless.build/Objects-normal/arm64/MenuBarView.o -index-unit-output-path /BaoJunKeyless.build/Release-iphoneos/BaoJunKeyless.build/Objects-normal/arm64/Models.o -index-unit-output-path /BaoJunKeyless.build/Release-iphoneos/BaoJunKeyless.build/Objects-normal/arm64/MotionManager.o -index-unit-output-path /BaoJunKeyless.build/Release-iphoneos/BaoJunKeyless.build/Objects-normal/arm64/PageHeaderView.o -index-unit-output-path /BaoJunKeyless.build/Release-iphoneos/BaoJunKeyless.build/Objects-normal/arm64/PhotoPicker.o -index-unit-output-path /BaoJunKeyless.build/Release-iphoneos/BaoJunKeyless.build/Objects-normal/arm64/RadarView.o -index-unit-output-path /BaoJunKeyless.build/Release-iphoneos/BaoJunKeyless.build/Objects-normal/arm64/RowDividerView.o -index-unit-output-path /BaoJunKeyless.build/Release-iphoneos/BaoJunKeyless.build/Objects-normal/arm64/SectionHeadingView.o -index-unit-output-path /BaoJunKeyless.build/Release-iphoneos/BaoJunKeyless.build/Objects-normal/arm64/SettingsEntryButtonView.o -index-unit-output-path /BaoJunKeyless.build/Release-iphoneos/BaoJunKeyless.build/Objects-normal/arm64/SettingsInlineActionRowView.o -index-unit-output-path /BaoJunKeyless.build/Release-iphoneos/BaoJunKeyless.build/Objects-normal/arm64/SettingsPanelView.o -index-unit-output-path /BaoJunKeyless.build/Release-iphoneos/BaoJunKeyless.build/Objects-normal/arm64/SettingsSections.o -index-unit-output-path /BaoJunKeyless.build/Release-iphoneos/BaoJunKeyless.build/Objects-normal/arm64/SettingsStatusRowView.o -index-unit-output-path /BaoJunKeyless.build/Release-iphoneos/BaoJunKeyless.build/Objects-normal/arm64/SettingsView.o -index-unit-output-path /BaoJunKeyless.build/Release-iphoneos/BaoJunKeyless.build/Objects-normal/arm64/ShareSheet.o -index-unit-output-path /BaoJunKeyless.build/Release-iphoneos/BaoJunKeyless.build/Objects-normal/arm64/StatusCards.o -index-unit-output-path /BaoJunKeyless.build/Release-iphoneos/BaoJunKeyless.build/Objects-normal/arm64/StatusSections.o -index-unit-output-path /BaoJunKeyless.build/Release-iphoneos/BaoJunKeyless.build/Objects-normal/arm64/StatusView.o -index-unit-output-path /BaoJunKeyless.build/Release-iphoneos/BaoJunKeyless.build/Objects-normal/arm64/ThemeImageSupport.o -index-unit-output-path /BaoJunKeyless.build/Release-iphoneos/BaoJunKeyless.build/Objects-normal/arm64/ThemeManager.o -index-unit-output-path /BaoJunKeyless.build/Release-iphoneos/BaoJunKeyless.build/Objects-normal/arm64/ThemeOptionCardView.o -index-unit-output-path /BaoJunKeyless.build/Release-iphoneos/BaoJunKeyless.build/Objects-normal/arm64/VehicleEventLogStore.o -index-unit-output-path /BaoJunKeyless.build/Release-iphoneos/BaoJunKeyless.build/Objects-normal/arm64/VibrationRecorderView.o
2026-06-07T10:13:36.8532320Z /Users/runner/work/BaoJunKeyless/BaoJunKeyless/Sources/Services/LocationResolver.swift:82:71: error: cannot find 'address' in scope
2026-06-07T10:13:36.8533090Z         let needsUpdate = distanceFromLast >= 50 || elapsed >= 60 || (address ?? "").isEmpty
2026-06-07T10:13:36.8533550Z                                                                       ^~~~~~~
2026-06-07T10:13:36.8533800Z 
2026-06-07T10:13:36.8534310Z note: Disabling previews because SWIFT_VERSION is set and SWIFT_OPTIMIZATION_LEVEL=-O, expected -Onone (in target 'BaoJunKeyless' from project 'BaoJunKeyless')
2026-06-07T10:13:36.8534990Z ** BUILD FAILED **
2026-06-07T10:13:36.8535100Z 
2026-06-07T10:13:36.8535100Z 
2026-06-07T10:13:36.8535270Z The following build commands failed:
2026-06-07T10:13:36.8535680Z 	CompileSwift normal arm64 (in target 'BaoJunKeyless' from project 'BaoJunKeyless')
2026-06-07T10:13:36.8550820Z 	SwiftCompile normal arm64 Compiling\ AddressServiceSettings.swift,\ AppBackgroundView.swift,\ AppDiagnosticsSettings.swift,\ AppInfo.swift,\ AppNavigationContainerView.swift,\ AppScrollState.swift,\ AppTheme.swift,\ AppViewCompatibility.swift,\ BaoJunKeylessApp.swift,\ ChromeBarMetrics.swift,\ Components.swift,\ ContentView.swift,\ CrashLogger.swift,\ CustomAlertView.swift,\ CustomVibrationPattern.swift,\ KeylessSections.swift,\ KeylessSettingsStore.swift,\ KeylessView.swift,\ LocationManager.swift,\ LocationResolver.swift,\ LogView.swift,\ MenuBarView.swift,\ Models.swift,\ MotionManager.swift,\ PageHeaderView.swift,\ PhotoPicker.swift,\ RadarView.swift,\ RowDividerView.swift,\ SectionHeadingView.swift,\ SettingsEntryButtonView.swift,\ SettingsInlineActionRowView.swift,\ SettingsPanelView.swift,\ SettingsSections.swift,\ SettingsStatusRowView.swift,\ SettingsView.swift,\ ShareSheet.swift,\ StatusCards.swift,\ StatusSections.swift,\ StatusView.swift,\ ThemeImageSupport.swift,\ ThemeManager.swift,\ ThemeOptionCardView.swift,\ VehicleEventLogStore.swift,\ VibrationRecorderView.swift /Users/runner/work/BaoJunKeyless/BaoJunKeyless/Sources/Services/AddressServiceSettings.swift /Users/runner/work/BaoJunKeyless/BaoJunKeyless/Sources/Theme/AppBackgroundView.swift /Users/runner/work/BaoJunKeyless/BaoJunKeyless/Sources/Models/AppDiagnosticsSettings.swift /Users/runner/work/BaoJunKeyless/BaoJunKeyless/Sources/Models/AppInfo.swift /Users/runner/work/BaoJunKeyless/BaoJunKeyless/Sources/Theme/AppNavigationContainerView.swift /Users/runner/work/BaoJunKeyless/BaoJunKeyless/Sources/Theme/AppScrollState.swift /Users/runner/work/BaoJunKeyless/BaoJunKeyless/Sources/Theme/AppTheme.swift /Users/runner/work/BaoJunKeyless/BaoJunKeyless/Sources/Theme/AppViewCompatibility.swift /Users/runner/work/BaoJunKeyless/BaoJunKeyless/Sources/App/BaoJunKeylessApp.swift /Users/runner/work/BaoJunKeyless/BaoJunKeyless/Sources/Theme/ChromeBarMetrics.swift /Users/runner/work/BaoJunKeyless/BaoJunKeyless/Sources/Components/Components.swift /Users/runner/work/BaoJunKeyless/BaoJunKeyless/Sources/Views/ContentView.swift /Users/runner/work/BaoJunKeyless/BaoJunKeyless/Sources/Models/CrashLogger.swift /Users/runner/work/BaoJunKeyless/BaoJunKeyless/Sources/Components/CustomAlertView.swift /Users/runner/work/BaoJunKeyless/BaoJunKeyless/Sources/Models/CustomVibrationPattern.swift /Users/runner/work/BaoJunKeyless/BaoJunKeyless/Sources/Views/Keyless/KeylessSections.swift /Users/runner/work/BaoJunKeyless/BaoJunKeyless/Sources/Models/KeylessSettingsStore.swift /Users/runner/work/BaoJunKeyless/BaoJunKeyless/Sources/Views/KeylessView.swift /Users/runner/work/BaoJunKeyless/BaoJunKeyless/Sources/Models/LocationManager.swift /Users/runner/work/BaoJunKeyless/BaoJunKeyless/Sources/Services/LocationResolver.swift /Users/runner/work/BaoJunKeyless/BaoJunKeyless/Sources/Views/LogView.swift /Users/runner/work/BaoJunKeyless/BaoJunKeyless/Sources/Theme/MenuBarView.swift /Users/runner/work/BaoJunKeyless/BaoJunKeyless/Sources/Models/Models.swift /Users/runner/work/BaoJunKeyless/BaoJunKeyless/Sources/Services/MotionManager.swift /Users/runner/work/BaoJunKeyless/BaoJunKeyless/Sources/Theme/PageHeaderView.swift /Users/runner/work/BaoJunKeyless/BaoJunKeyless/Sources/Views/Settings/PhotoPicker.swift /Users/runner/work/BaoJunKeyless/BaoJunKeyless/Sources/Views/RadarView.swift /Users/runner/work/BaoJunKeyless/BaoJunKeyless/Sources/Theme/RowDividerView.swift /Users/runner/work/BaoJunKeyless/BaoJunKeyless/Sources/Theme/SectionHeadingView.swift /Users/runner/work/BaoJunKeyless/BaoJunKeyless/Sources/Theme/SettingsEntryButtonView.swift /Users/runner/work/BaoJunKeyless/BaoJunKeyless/Sources/Theme/SettingsInlineActionRowView.swift /Users/runner/work/BaoJunKeyless/BaoJunKeyless/Sources/Theme/SettingsPanelView.swift /Users/runner/work/BaoJunKeyless/BaoJunKeyless/Sources/Views/Settings/SettingsSections.swift /Users/runner/work/BaoJunKeyless/BaoJunKeyless/Sources/Theme/SettingsStatusRowView.swift /Users/runner/work/BaoJunKeyless/BaoJunKeyless/Sources/Views/SettingsView.swift /Users/runner/work/BaoJunKeyless/BaoJunKeyless/Sources/Components/ShareSheet.swift /Users/runner/work/BaoJunKeyless/BaoJunKeyless/Sources/Views/Status/StatusCards.swift /Users/runner/work/BaoJunKeyless/BaoJunKeyless/Sources/Views/Status/StatusSections.swift /Users/runner/work/BaoJunKeyless/BaoJunKeyless/Sources/Views/StatusView.swift /Users/runner/work/BaoJunKeyless/BaoJunKeyless/Sources/Theme/ThemeImageSupport.swift /Users/runner/work/BaoJunKeyless/BaoJunKeyless/Sources/Theme/ThemeManager.swift /Users/runner/work/BaoJunKeyless/BaoJunKeyless/Sources/Theme/ThemeOptionCardView.swift /Users/runner/work/BaoJunKeyless/BaoJunKeyless/Sources/Models/VehicleEventLogStore.swift /Users/runner/work/BaoJunKeyless/BaoJunKeyless/Sources/Components/VibrationRecorderView.swift (in target 'BaoJunKeyless' from project 'BaoJunKeyless')
2026-06-07T10:13:36.8566150Z 	Building project BaoJunKeyless with scheme BaoJunKeyless and configuration Release
2026-06-07T10:13:36.8566630Z (3 failures)
2026-06-07T10:13:36.8625660Z ##[group]Run APP=build/Build/Products/Release-iphoneos/BaoJunKeyless.app
2026-06-07T10:13:36.8626180Z [36;1mAPP=build/Build/Products/Release-iphoneos/BaoJunKeyless.app[0m
2026-06-07T10:13:36.8626660Z [36;1mfind "$APP" -maxdepth 1 -ls[0m
2026-06-07T10:13:36.8626960Z [36;1mfile "$APP/BaoJunKeyless" || echo "NO BINARY"[0m
2026-06-07T10:13:36.9958990Z shell: /bin/bash -e {0}
2026-06-07T10:13:36.9959340Z env:
2026-06-07T10:13:36.9959630Z   BUILD_DATE: 20260607.1813
2026-06-07T10:13:36.9959870Z ##[endgroup]
2026-06-07T10:13:37.0663660Z 3411851        0 drwxr-xr-x    5 runner           staff                 160 Jun  7 10:13 build/Build/Products/Release-iphoneos/BaoJunKeyless.app
2026-06-07T10:13:37.0667700Z 3411852        0 drwxr-xr-x    5 runner           staff                 160 Jun  7 10:13 build/Build/Products/Release-iphoneos/BaoJunKeyless.app/Assets.xcassets
2026-06-07T10:13:37.0692100Z 3411858        8 -rw-r--r--    1 runner           staff                1307 Jun  7 10:13 build/Build/Products/Release-iphoneos/BaoJunKeyless.app/Info.plist
2026-06-07T10:13:37.0694770Z 3411859        8 -rw-r--r--    1 runner           staff                   8 Jun  7 10:13 build/Build/Products/Release-iphoneos/BaoJunKeyless.app/PkgInfo
2026-06-07T10:13:37.0789870Z build/Build/Products/Release-iphoneos/BaoJunKeyless.app/BaoJunKeyless: cannot open `build/Build/Products/Release-iphoneos/BaoJunKeyless.app/BaoJunKeyless' (No such file or directory)
2026-06-07T10:13:37.0863950Z ##[group]Run APP=build/Build/Products/Release-iphoneos/BaoJunKeyless.app
2026-06-07T10:13:37.0865500Z [36;1mAPP=build/Build/Products/Release-iphoneos/BaoJunKeyless.app[0m
2026-06-07T10:13:37.0866660Z [36;1mcodesign --force --deep --sign - "$APP" || true[0m
2026-06-07T10:13:37.0867470Z [36;1mmkdir -p Payload && cp -R "$APP" Payload/[0m
2026-06-07T10:13:37.0868370Z [36;1mzip -r -y BaoJunKeyless.ipa Payload[0m
2026-06-07T10:13:37.0869160Z [36;1mls -lh BaoJunKeyless.ipa[0m
2026-06-07T10:13:37.0870170Z [36;1munzip -l BaoJunKeyless.ipa | grep "BaoJunKeyless.app/BaoJunKeyless"[0m
2026-06-07T10:13:37.0961760Z shell: /bin/bash -e {0}
2026-06-07T10:13:37.0962140Z env:
2026-06-07T10:13:37.0962380Z   BUILD_DATE: 20260607.1813
2026-06-07T10:13:37.0962670Z ##[endgroup]
2026-06-07T10:13:37.2267810Z   adding: Payload/ (stored 0%)
2026-06-07T10:13:37.2270820Z   adding: Payload/BaoJunKeyless.app/ (stored 0%)
2026-06-07T10:13:37.2283600Z   adding: Payload/BaoJunKeyless.app/_CodeSignature/ (stored 0%)
2026-06-07T10:13:37.2289380Z   adding: Payload/BaoJunKeyless.app/_CodeSignature/CodeResources (deflated 75%)
2026-06-07T10:13:37.2291120Z   adding: Payload/BaoJunKeyless.app/_CodeSignature/CodeDirectory (deflated 20%)
2026-06-07T10:13:37.2291920Z   adding: Payload/BaoJunKeyless.app/_CodeSignature/CodeRequirements-1 (deflated 19%)
2026-06-07T10:13:37.2302710Z   adding: Payload/BaoJunKeyless.app/_CodeSignature/CodeSignature (stored 0%)
2026-06-07T10:13:37.2378540Z   adding: Payload/BaoJunKeyless.app/_CodeSignature/CodeRequirements (stored 0%)
2026-06-07T10:13:37.2386250Z   adding: Payload/BaoJunKeyless.app/Assets.xcassets/ (stored 0%)
2026-06-07T10:13:37.2387660Z   adding: Payload/BaoJunKeyless.app/Assets.xcassets/AppIcon.appiconset/ (stored 0%)
2026-06-07T10:13:37.2473160Z   adding: Payload/BaoJunKeyless.app/Assets.xcassets/AppIcon.appiconset/Contents.json (deflated 34%)
2026-06-07T10:13:37.2474280Z   adding: Payload/BaoJunKeyless.app/Assets.xcassets/AccentColor.colorset/ (stored 0%)
2026-06-07T10:13:37.2475230Z   adding: Payload/BaoJunKeyless.app/Assets.xcassets/AccentColor.colorset/Contents.json (deflated 27%)
2026-06-07T10:13:37.2475980Z   adding: Payload/BaoJunKeyless.app/Assets.xcassets/Contents.json (deflated 16%)
2026-06-07T10:13:37.2476650Z   adding: Payload/BaoJunKeyless.app/Info.plist (deflated 31%)
2026-06-07T10:13:37.2477200Z   adding: Payload/BaoJunKeyless.app/PkgInfo (deflated 38%)
2026-06-07T10:13:37.2478200Z -rw-r--r--  1 runner  staff   5.7K Jun  7 10:13 BaoJunKeyless.ipa
2026-06-07T10:13:37.2520600Z ##[error]Process completed with exit code 1.
2026-06-07T10:13:37.2688590Z Post job cleanup.
2026-06-07T10:13:37.6448250Z [command]/opt/homebrew/bin/git version
2026-06-07T10:13:37.6722400Z git version 2.54.0
2026-06-07T10:13:37.6834630Z Copying '/Users/runner/.gitconfig' to '/Users/runner/work/_temp/9d1ccb2f-fc79-4d77-bc80-f06a6fd795ca/.gitconfig'
2026-06-07T10:13:37.6836040Z Temporarily overriding HOME='/Users/runner/work/_temp/9d1ccb2f-fc79-4d77-bc80-f06a6fd795ca' before making global git config changes
2026-06-07T10:13:37.6836810Z Adding repository directory to the temporary git global config as a safe directory
2026-06-07T10:13:37.6837490Z [command]/opt/homebrew/bin/git config --global --add safe.directory /Users/runner/work/BaoJunKeyless/BaoJunKeyless
2026-06-07T10:13:37.6984280Z [command]/opt/homebrew/bin/git config --local --name-only --get-regexp core\.sshCommand
2026-06-07T10:13:37.7045360Z [command]/opt/homebrew/bin/git submodule foreach --recursive sh -c "git config --local --name-only --get-regexp 'core\.sshCommand' && git config --local --unset-all 'core.sshCommand' || :"
2026-06-07T10:13:37.8575500Z [command]/opt/homebrew/bin/git config --local --name-only --get-regexp http\.https\:\/\/github\.com\/\.extraheader
2026-06-07T10:13:37.8626570Z http.https://github.com/.extraheader
2026-06-07T10:13:37.8668960Z [command]/opt/homebrew/bin/git config --local --unset-all http.https://github.com/.extraheader
2026-06-07T10:13:37.8736460Z [command]/opt/homebrew/bin/git submodule foreach --recursive sh -c "git config --local --name-only --get-regexp 'http\.https\:\/\/github\.com\/\.extraheader' && git config --local --unset-all 'http.https://github.com/.extraheader' || :"
2026-06-07T10:13:37.9691010Z [command]/opt/homebrew/bin/git config --local --name-only --get-regexp ^includeIf\.gitdir:
2026-06-07T10:13:37.9754330Z [command]/opt/homebrew/bin/git submodule foreach --recursive git config --local --show-origin --name-only --get-regexp remote.origin.url
2026-06-07T10:13:38.1959040Z Cleaning up orphan processes
2026-06-07T10:13:38.5465200Z ##[warning]Node.js 20 actions are deprecated. The following actions are running on Node.js 20 and may not work as expected: actions/checkout@v4. Actions will be forced to run with Node.js 24 by default starting June 16th, 2026. Node.js 20 will be removed from the runner on September 16th, 2026. Please check if updated versions of these actions are available that support Node.js 24. To opt into Node.js 24 now, set the FORCE_JAVASCRIPT_ACTIONS_TO_NODE24=true environment variable on the runner or in your workflow file. Once Node.js 24 becomes the default, you can temporarily opt out by setting ACTIONS_ALLOW_USE_UNSECURE_NODE_VERSION=true. For more information see: https://github.blog/changelog/2025-09-19-deprecation-of-node-20-on-github-actions-runners/
