2026-06-07T12:12:59.1888450Z Current runner version: '2.334.0'
2026-06-07T12:12:59.1903010Z ##[group]Runner Image Provisioner
2026-06-07T12:12:59.1903510Z Hosted Compute Agent
2026-06-07T12:12:59.1903890Z Version: 20260520.533
2026-06-07T12:12:59.1904300Z Commit: 189110e25284a9812c124fd27b339e2fb4f2f9db
2026-06-07T12:12:59.1904770Z Build Date: 2026-05-20T17:44:04Z
2026-06-07T12:12:59.1905230Z Worker ID: {d7724aab-2ba2-43fc-970f-30c80f9a8ffa}
2026-06-07T12:12:59.1905710Z Azure Region: westus
2026-06-07T12:12:59.1906070Z ##[endgroup]
2026-06-07T12:12:59.1906930Z ##[group]Operating System
2026-06-07T12:12:59.1907320Z macOS
2026-06-07T12:12:59.1907650Z 15.7.7
2026-06-07T12:12:59.1907980Z 24G720
2026-06-07T12:12:59.1908310Z ##[endgroup]
2026-06-07T12:12:59.1908660Z ##[group]Runner Image
2026-06-07T12:12:59.1909040Z Image: macos-15-arm64
2026-06-07T12:12:59.1909410Z Version: 20260527.0100.1
2026-06-07T12:12:59.1910220Z Included Software: https://github.com/actions/runner-images/blob/macos-15-arm64/20260527.0100/images/macos/macos-15-arm64-Readme.md
2026-06-07T12:12:59.1911240Z Image Release: https://github.com/actions/runner-images/releases/tag/macos-15-arm64%2F20260527.0100
2026-06-07T12:12:59.1911890Z ##[endgroup]
2026-06-07T12:12:59.1912650Z ##[group]GITHUB_TOKEN Permissions
2026-06-07T12:12:59.1913630Z Contents: read
2026-06-07T12:12:59.1914000Z Metadata: read
2026-06-07T12:12:59.1914340Z Packages: read
2026-06-07T12:12:59.1914710Z ##[endgroup]
2026-06-07T12:12:59.1915970Z Secret source: Actions
2026-06-07T12:12:59.1916440Z Prepare workflow directory
2026-06-07T12:12:59.2130610Z Prepare all required actions
2026-06-07T12:12:59.2156500Z Getting action download info
2026-06-07T12:12:59.4966980Z Download action repository 'actions/checkout@v4' (SHA:34e114876b0b11c390a56381ad16ebd13914f8d5)
2026-06-07T12:12:59.8031850Z Download action repository 'actions/upload-artifact@v4' (SHA:ea165f8d65b6e75b540449e92b4886f43607fa02)
2026-06-07T12:13:00.1676690Z Complete job name: build
2026-06-07T12:13:00.2141390Z ##[group]Run actions/checkout@v4
2026-06-07T12:13:00.2141970Z with:
2026-06-07T12:13:00.2142300Z   repository: JK-GL/BaoJunKeyless
2026-06-07T12:13:00.2145500Z   token: ***
2026-06-07T12:13:00.2145820Z   ssh-strict: true
2026-06-07T12:13:00.2146130Z   ssh-user: git
2026-06-07T12:13:00.2146460Z   persist-credentials: true
2026-06-07T12:13:00.2146820Z   clean: true
2026-06-07T12:13:00.2147150Z   sparse-checkout-cone-mode: true
2026-06-07T12:13:00.2147530Z   fetch-depth: 1
2026-06-07T12:13:00.2147850Z   fetch-tags: false
2026-06-07T12:13:00.2148180Z   show-progress: true
2026-06-07T12:13:00.2148500Z   lfs: false
2026-06-07T12:13:00.2148810Z   submodules: false
2026-06-07T12:13:00.2149140Z   set-safe-directory: true
2026-06-07T12:13:00.2149600Z ##[endgroup]
2026-06-07T12:13:00.7585730Z Syncing repository: JK-GL/BaoJunKeyless
2026-06-07T12:13:00.7587380Z ##[group]Getting Git version info
2026-06-07T12:13:00.7588090Z Working directory is '/Users/runner/work/BaoJunKeyless/BaoJunKeyless'
2026-06-07T12:13:00.7591080Z [command]/opt/homebrew/bin/git version
2026-06-07T12:13:00.8407210Z git version 2.54.0
2026-06-07T12:13:00.8543150Z ##[endgroup]
2026-06-07T12:13:00.8582790Z Copying '/Users/runner/.gitconfig' to '/Users/runner/work/_temp/239b94a7-5fd9-4996-8dd7-d49a0ea7963f/.gitconfig'
2026-06-07T12:13:00.8613960Z Temporarily overriding HOME='/Users/runner/work/_temp/239b94a7-5fd9-4996-8dd7-d49a0ea7963f' before making global git config changes
2026-06-07T12:13:00.8622170Z Adding repository directory to the temporary git global config as a safe directory
2026-06-07T12:13:00.8623270Z [command]/opt/homebrew/bin/git config --global --add safe.directory /Users/runner/work/BaoJunKeyless/BaoJunKeyless
2026-06-07T12:13:00.8851160Z Deleting the contents of '/Users/runner/work/BaoJunKeyless/BaoJunKeyless'
2026-06-07T12:13:00.8854570Z ##[group]Initializing the repository
2026-06-07T12:13:00.8858630Z [command]/opt/homebrew/bin/git init /Users/runner/work/BaoJunKeyless/BaoJunKeyless
2026-06-07T12:13:00.9243670Z hint: Using 'master' as the name for the initial branch. This default branch name
2026-06-07T12:13:00.9245760Z hint: will change to "main" in Git 3.0. To configure the initial branch name
2026-06-07T12:13:00.9247400Z hint: to use in all of your new repositories, which will suppress this warning,
2026-06-07T12:13:00.9248030Z hint: call:
2026-06-07T12:13:00.9248410Z hint:
2026-06-07T12:13:00.9248800Z hint: 	git config --global init.defaultBranch <name>
2026-06-07T12:13:00.9249300Z hint:
2026-06-07T12:13:00.9249710Z hint: Names commonly chosen instead of 'master' are 'main', 'trunk' and
2026-06-07T12:13:00.9250360Z hint: 'development'. The just-created branch can be renamed via this command:
2026-06-07T12:13:00.9250880Z hint:
2026-06-07T12:13:00.9251190Z hint: 	git branch -m <name>
2026-06-07T12:13:00.9251560Z hint:
2026-06-07T12:13:00.9252020Z hint: Disable this message with "git config set advice.defaultBranchName false"
2026-06-07T12:13:00.9252790Z Initialized empty Git repository in /Users/runner/work/BaoJunKeyless/BaoJunKeyless/.git/
2026-06-07T12:13:00.9257690Z [command]/opt/homebrew/bin/git remote add origin https://github.com/JK-GL/BaoJunKeyless
2026-06-07T12:13:00.9354860Z ##[endgroup]
2026-06-07T12:13:00.9355580Z ##[group]Disabling automatic garbage collection
2026-06-07T12:13:00.9356170Z [command]/opt/homebrew/bin/git config --local gc.auto 0
2026-06-07T12:13:00.9468020Z ##[endgroup]
2026-06-07T12:13:00.9468770Z ##[group]Setting up auth
2026-06-07T12:13:00.9472930Z [command]/opt/homebrew/bin/git config --local --name-only --get-regexp core\.sshCommand
2026-06-07T12:13:00.9573370Z [command]/opt/homebrew/bin/git submodule foreach --recursive sh -c "git config --local --name-only --get-regexp 'core\.sshCommand' && git config --local --unset-all 'core.sshCommand' || :"
2026-06-07T12:13:01.1482230Z [command]/opt/homebrew/bin/git config --local --name-only --get-regexp http\.https\:\/\/github\.com\/\.extraheader
2026-06-07T12:13:01.1606710Z [command]/opt/homebrew/bin/git submodule foreach --recursive sh -c "git config --local --name-only --get-regexp 'http\.https\:\/\/github\.com\/\.extraheader' && git config --local --unset-all 'http.https://github.com/.extraheader' || :"
2026-06-07T12:13:01.3702850Z [command]/opt/homebrew/bin/git config --local --name-only --get-regexp ^includeIf\.gitdir:
2026-06-07T12:13:01.3899190Z [command]/opt/homebrew/bin/git submodule foreach --recursive git config --local --show-origin --name-only --get-regexp remote.origin.url
2026-06-07T12:13:01.4632470Z [command]/opt/homebrew/bin/git config --local http.https://github.com/.extraheader AUTHORIZATION: basic ***
2026-06-07T12:13:01.4696030Z ##[endgroup]
2026-06-07T12:13:01.4696880Z ##[group]Fetching the repository
2026-06-07T12:13:01.4702400Z [command]/opt/homebrew/bin/git -c protocol.version=2 fetch --no-tags --prune --no-recurse-submodules --depth=1 origin +4a197c6469cfaa2a888385d994a34f541bc4df80:refs/remotes/origin/main
2026-06-07T12:13:02.2746560Z From https://github.com/JK-GL/BaoJunKeyless
2026-06-07T12:13:02.2747470Z  * [new ref]         4a197c6469cfaa2a888385d994a34f541bc4df80 -> origin/main
2026-06-07T12:13:02.2887400Z ##[endgroup]
2026-06-07T12:13:02.2888200Z ##[group]Determining the checkout info
2026-06-07T12:13:02.2888960Z ##[endgroup]
2026-06-07T12:13:02.2890490Z [command]/opt/homebrew/bin/git sparse-checkout disable
2026-06-07T12:13:02.2971410Z [command]/opt/homebrew/bin/git config --local --unset-all extensions.worktreeConfig
2026-06-07T12:13:02.3052870Z ##[group]Checking out the ref
2026-06-07T12:13:02.3056220Z [command]/opt/homebrew/bin/git checkout --progress --force -B main refs/remotes/origin/main
2026-06-07T12:13:02.3344870Z Switched to a new branch 'main'
2026-06-07T12:13:02.3451490Z branch 'main' set up to track 'origin/main'.
2026-06-07T12:13:02.3615990Z ##[endgroup]
2026-06-07T12:13:02.4052120Z [command]/opt/homebrew/bin/git log -1 --format=%H
2026-06-07T12:13:02.4146900Z 4a197c6469cfaa2a888385d994a34f541bc4df80
2026-06-07T12:13:02.4350310Z ##[group]Run sudo xcode-select -s /Applications/Xcode_16.2.app/Contents/Developer
2026-06-07T12:13:02.4351590Z [36;1msudo xcode-select -s /Applications/Xcode_16.2.app/Contents/Developer[0m
2026-06-07T12:13:02.4399210Z shell: /bin/bash -e {0}
2026-06-07T12:13:02.4399970Z ##[endgroup]
2026-06-07T12:13:02.5384270Z ##[group]Run brew install xcodegen
2026-06-07T12:13:02.5385130Z [36;1mbrew install xcodegen[0m
2026-06-07T12:13:02.5433130Z shell: /bin/bash -e {0}
2026-06-07T12:13:02.5433880Z ##[endgroup]
2026-06-07T12:13:06.6431450Z ✔︎ JSON API formula_tap_migrations.jws.json
2026-06-07T12:13:06.6435710Z ✔︎ JSON API cask_tap_migrations.jws.json
2026-06-07T12:13:08.3875750Z Inspect the formula dependency plan before installing with `brew install --ask`.
2026-06-07T12:13:08.3876770Z Enable ask mode by setting `HOMEBREW_ASK=1`.
2026-06-07T12:13:08.3877470Z Hide these hints with `HOMEBREW_NO_ENV_HINTS=1` (see `man brew`).
2026-06-07T12:13:08.3878600Z [32m==>[0m [1mFetching downloads for: [32mxcodegen[39m[0m
2026-06-07T12:13:08.9543220Z ✔︎ Bottle Manifest xcodegen (2.45.4)
2026-06-07T12:13:09.6035630Z ✔︎ Bottle xcodegen (2.45.4)
2026-06-07T12:13:09.7398170Z [34m==>[0m [1mPouring xcodegen--2.45.4.arm64_sequoia.bottle.tar.gz[0m
2026-06-07T12:13:09.8822700Z 🍺  /opt/homebrew/Cellar/xcodegen/2.45.4: 38 files, 7.4MB
2026-06-07T12:13:09.9213780Z ##[group]Run echo "BUILD_DATE=$(TZ=Asia/Shanghai date +'%Y%m%d.%H%M')" >> "$GITHUB_ENV"
2026-06-07T12:13:09.9214360Z [36;1mecho "BUILD_DATE=$(TZ=Asia/Shanghai date +'%Y%m%d.%H%M')" >> "$GITHUB_ENV"[0m
2026-06-07T12:13:09.9269830Z shell: /bin/bash -e {0}
2026-06-07T12:13:09.9270190Z ##[endgroup]
2026-06-07T12:13:09.9715030Z ##[group]Run xcodegen generate
2026-06-07T12:13:09.9715430Z [36;1mxcodegen generate[0m
2026-06-07T12:13:09.9751770Z shell: /bin/bash -e {0}
2026-06-07T12:13:09.9752130Z env:
2026-06-07T12:13:09.9752340Z   BUILD_DATE: 20260607.2013
2026-06-07T12:13:09.9752560Z ##[endgroup]
2026-06-07T12:13:10.0169310Z ⚙️  Generating plists...
2026-06-07T12:13:10.0169800Z ⚙️  Generating project...
2026-06-07T12:13:10.0276510Z ⚙️  Writing project...
2026-06-07T12:13:10.0348030Z Created project at /Users/runner/work/BaoJunKeyless/BaoJunKeyless/BaoJunKeyless.xcodeproj
2026-06-07T12:13:10.0392520Z ##[group]Run xcodebuild \
2026-06-07T12:13:10.0392850Z [36;1mxcodebuild \[0m
2026-06-07T12:13:10.0393180Z [36;1m  -project BaoJunKeyless.xcodeproj \[0m
2026-06-07T12:13:10.0393570Z [36;1m  -scheme BaoJunKeyless \[0m
2026-06-07T12:13:10.0393830Z [36;1m  -sdk iphoneos \[0m
2026-06-07T12:13:10.0394170Z [36;1m  -configuration Release \[0m
2026-06-07T12:13:10.0394460Z [36;1m  -derivedDataPath build \[0m
2026-06-07T12:13:10.0394800Z [36;1m  CODE_SIGNING_ALLOWED=NO \[0m
2026-06-07T12:13:10.0395090Z [36;1m  CODE_SIGNING_REQUIRED=NO \[0m
2026-06-07T12:13:10.0395460Z [36;1m  COPY_PHASE_STRIP=NO \[0m
2026-06-07T12:13:10.0395800Z [36;1m  CURRENT_PROJECT_VERSION="$BUILD_DATE" 2>&1 | tail -30[0m
2026-06-07T12:13:10.0434830Z shell: /bin/bash -e {0}
2026-06-07T12:13:10.0435150Z env:
2026-06-07T12:13:10.0435360Z   BUILD_DATE: 20260607.2013
2026-06-07T12:13:10.0435700Z ##[endgroup]
2026-06-07T12:13:34.6386260Z     builtin-copy -exclude .DS_Store -exclude CVS -exclude .svn -exclude .git -exclude .hg -resolve-src-symlinks /Users/runner/work/BaoJunKeyless/BaoJunKeyless/Assets.xcassets /Users/runner/work/BaoJunKeyless/BaoJunKeyless/build/Build/Products/Release-iphoneos/BaoJunKeyless.app
2026-06-07T12:13:34.6407720Z 
2026-06-07T12:13:34.6409510Z SwiftDriver BaoJunKeyless normal arm64 com.apple.xcode.tools.swift.compiler (in target 'BaoJunKeyless' from project 'BaoJunKeyless')
2026-06-07T12:13:34.6489420Z     cd /Users/runner/work/BaoJunKeyless/BaoJunKeyless
2026-06-07T12:13:34.6537560Z     builtin-SwiftDriver -- /Applications/Xcode_16.2.app/Contents/Developer/Toolchains/XcodeDefault.xctoolchain/usr/bin/swiftc -module-name BaoJunKeyless -O -whole-module-optimization -enforce-exclusivity\=checked @/Users/runner/work/BaoJunKeyless/BaoJunKeyless/build/Build/Intermediates.noindex/BaoJunKeyless.build/Release-iphoneos/BaoJunKeyless.build/Objects-normal/arm64/BaoJunKeyless.SwiftFileList -enable-bare-slash-regex -enable-experimental-feature DebugDescriptionMacro -sdk /Applications/Xcode_16.2.app/Contents/Developer/Platforms/iPhoneOS.platform/Developer/SDKs/iPhoneOS18.2.sdk -target arm64-apple-ios15.0 -g -module-cache-path /Users/runner/work/BaoJunKeyless/BaoJunKeyless/build/ModuleCache.noindex -Xfrontend -serialize-debugging-options -swift-version 5 -I /Users/runner/work/BaoJunKeyless/BaoJunKeyless/build/Build/Products/Release-iphoneos -F /Users/runner/work/BaoJunKeyless/BaoJunKeyless/build/Build/Products/Release-iphoneos -c -num-threads 3 -Xcc -ivfsstatcache -Xcc /Users/runner/work/BaoJunKeyless/BaoJunKeyless/build/SDKStatCaches.noindex/iphoneos18.2-22C146-6f6929c68f51360d5ca70a73a7e0c2f9.sdkstatcache -output-file-map /Users/runner/work/BaoJunKeyless/BaoJunKeyless/build/Build/Intermediates.noindex/BaoJunKeyless.build/Release-iphoneos/BaoJunKeyless.build/Objects-normal/arm64/BaoJunKeyless-OutputFileMap.json -use-frontend-parseable-output -save-temps -no-color-diagnostics -serialize-diagnostics -emit-dependencies -emit-module -emit-module-path /Users/runner/work/BaoJunKeyless/BaoJunKeyless/build/Build/Intermediates.noindex/BaoJunKeyless.build/Release-iphoneos/BaoJunKeyless.build/Objects-normal/arm64/BaoJunKeyless.swiftmodule -validate-clang-modules-once -clang-build-session-file /Users/runner/work/BaoJunKeyless/BaoJunKeyless/build/ModuleCache.noindex/Session.modulevalidation -Xcc -I/Users/runner/work/BaoJunKeyless/BaoJunKeyless/build/Build/Intermediates.noindex/BaoJunKeyless.build/Release-iphoneos/BaoJunKeyless.build/swift-overrides.hmap -emit-const-values -Xfrontend -const-gather-protocols-file -Xfrontend /Users/runner/work/BaoJunKeyless/BaoJunKeyless/build/Build/Intermediates.noindex/BaoJunKeyless.build/Release-iphoneos/BaoJunKeyless.build/Objects-normal/arm64/BaoJunKeyless_const_extract_protocols.json -Xcc -iquote -Xcc /Users/runner/work/BaoJunKeyless/BaoJunKeyless/build/Build/Intermediates.noindex/BaoJunKeyless.build/Release-iphoneos/BaoJunKeyless.build/BaoJunKeyless-generated-files.hmap -Xcc -I/Users/runner/work/BaoJunKeyless/BaoJunKeyless/build/Build/Intermediates.noindex/BaoJunKeyless.build/Release-iphoneos/BaoJunKeyless.build/BaoJunKeyless-own-target-headers.hmap -Xcc -I/Users/runner/work/BaoJunKeyless/BaoJunKeyless/build/Build/Intermediates.noindex/BaoJunKeyless.build/Release-iphoneos/BaoJunKeyless.build/BaoJunKeyless-all-target-headers.hmap -Xcc -iquote -Xcc /Users/runner/work/BaoJunKeyless/BaoJunKeyless/build/Build/Intermediates.noindex/BaoJunKeyless.build/Release-iphoneos/BaoJunKeyless.build/BaoJunKeyless-project-headers.hmap -Xcc -I/Users/runner/work/BaoJunKeyless/BaoJunKeyless/build/Build/Products/Release-iphoneos/include -Xcc -I/Users/runner/work/BaoJunKeyless/BaoJunKeyless/build/Build/Intermediates.noindex/BaoJunKeyless.build/Release-iphoneos/BaoJunKeyless.build/DerivedSources-normal/arm64 -Xcc -I/Users/runner/work/BaoJunKeyless/BaoJunKeyless/build/Build/Intermediates.noindex/BaoJunKeyless.build/Release-iphoneos/BaoJunKeyless.build/DerivedSources/arm64 -Xcc -I/Users/runner/work/BaoJunKeyless/BaoJunKeyless/build/Build/Intermediates.noindex/BaoJunKeyless.build/Release-iphoneos/BaoJunKeyless.build/DerivedSources -emit-objc-header -emit-objc-header-path /Users/runner/work/BaoJunKeyless/BaoJunKeyless/build/Build/Intermediates.noindex/BaoJunKeyless.build/Release-iphoneos/BaoJunKeyless.build/Objects-normal/arm64/BaoJunKeyless-Swift.h -working-directory /Users/runner/work/BaoJunKeyless/BaoJunKeyless -no-emit-module-separately-wmo
2026-06-07T12:13:34.6556580Z 
2026-06-07T12:13:34.6557060Z SwiftDriver\ Compilation BaoJunKeyless normal arm64 com.apple.xcode.tools.swift.compiler (in target 'BaoJunKeyless' from project 'BaoJunKeyless')
2026-06-07T12:13:34.6557620Z     cd /Users/runner/work/BaoJunKeyless/BaoJunKeyless
2026-06-07T12:13:34.6569790Z     builtin-Swift-Compilation -- /Applications/Xcode_16.2.app/Contents/Developer/Toolchains/XcodeDefault.xctoolchain/usr/bin/swiftc -module-name BaoJunKeyless -O -whole-module-optimization -enforce-exclusivity\=checked @/Users/runner/work/BaoJunKeyless/BaoJunKeyless/build/Build/Intermediates.noindex/BaoJunKeyless.build/Release-iphoneos/BaoJunKeyless.build/Objects-normal/arm64/BaoJunKeyless.SwiftFileList -enable-bare-slash-regex -enable-experimental-feature DebugDescriptionMacro -sdk /Applications/Xcode_16.2.app/Contents/Developer/Platforms/iPhoneOS.platform/Developer/SDKs/iPhoneOS18.2.sdk -target arm64-apple-ios15.0 -g -module-cache-path /Users/runner/work/BaoJunKeyless/BaoJunKeyless/build/ModuleCache.noindex -Xfrontend -serialize-debugging-options -swift-version 5 -I /Users/runner/work/BaoJunKeyless/BaoJunKeyless/build/Build/Products/Release-iphoneos -F /Users/runner/work/BaoJunKeyless/BaoJunKeyless/build/Build/Products/Release-iphoneos -c -num-threads 3 -Xcc -ivfsstatcache -Xcc /Users/runner/work/BaoJunKeyless/BaoJunKeyless/build/SDKStatCaches.noindex/iphoneos18.2-22C146-6f6929c68f51360d5ca70a73a7e0c2f9.sdkstatcache -output-file-map /Users/runner/work/BaoJunKeyless/BaoJunKeyless/build/Build/Intermediates.noindex/BaoJunKeyless.build/Release-iphoneos/BaoJunKeyless.build/Objects-normal/arm64/BaoJunKeyless-OutputFileMap.json -use-frontend-parseable-output -save-temps -no-color-diagnostics -serialize-diagnostics -emit-dependencies -emit-module -emit-module-path /Users/runner/work/BaoJunKeyless/BaoJunKeyless/build/Build/Intermediates.noindex/BaoJunKeyless.build/Release-iphoneos/BaoJunKeyless.build/Objects-normal/arm64/BaoJunKeyless.swiftmodule -validate-clang-modules-once -clang-build-session-file /Users/runner/work/BaoJunKeyless/BaoJunKeyless/build/ModuleCache.noindex/Session.modulevalidation -Xcc -I/Users/runner/work/BaoJunKeyless/BaoJunKeyless/build/Build/Intermediates.noindex/BaoJunKeyless.build/Release-iphoneos/BaoJunKeyless.build/swift-overrides.hmap -emit-const-values -Xfrontend -const-gather-protocols-file -Xfrontend /Users/runner/work/BaoJunKeyless/BaoJunKeyless/build/Build/Intermediates.noindex/BaoJunKeyless.build/Release-iphoneos/BaoJunKeyless.build/Objects-normal/arm64/BaoJunKeyless_const_extract_protocols.json -Xcc -iquote -Xcc /Users/runner/work/BaoJunKeyless/BaoJunKeyless/build/Build/Intermediates.noindex/BaoJunKeyless.build/Release-iphoneos/BaoJunKeyless.build/BaoJunKeyless-generated-files.hmap -Xcc -I/Users/runner/work/BaoJunKeyless/BaoJunKeyless/build/Build/Intermediates.noindex/BaoJunKeyless.build/Release-iphoneos/BaoJunKeyless.build/BaoJunKeyless-own-target-headers.hmap -Xcc -I/Users/runner/work/BaoJunKeyless/BaoJunKeyless/build/Build/Intermediates.noindex/BaoJunKeyless.build/Release-iphoneos/BaoJunKeyless.build/BaoJunKeyless-all-target-headers.hmap -Xcc -iquote -Xcc /Users/runner/work/BaoJunKeyless/BaoJunKeyless/build/Build/Intermediates.noindex/BaoJunKeyless.build/Release-iphoneos/BaoJunKeyless.build/BaoJunKeyless-project-headers.hmap -Xcc -I/Users/runner/work/BaoJunKeyless/BaoJunKeyless/build/Build/Products/Release-iphoneos/include -Xcc -I/Users/runner/work/BaoJunKeyless/BaoJunKeyless/build/Build/Intermediates.noindex/BaoJunKeyless.build/Release-iphoneos/BaoJunKeyless.build/DerivedSources-normal/arm64 -Xcc -I/Users/runner/work/BaoJunKeyless/BaoJunKeyless/build/Build/Intermediates.noindex/BaoJunKeyless.build/Release-iphoneos/BaoJunKeyless.build/DerivedSources/arm64 -Xcc -I/Users/runner/work/BaoJunKeyless/BaoJunKeyless/build/Build/Intermediates.noindex/BaoJunKeyless.build/Release-iphoneos/BaoJunKeyless.build/DerivedSources -emit-objc-header -emit-objc-header-path /Users/runner/work/BaoJunKeyless/BaoJunKeyless/build/Build/Intermediates.noindex/BaoJunKeyless.build/Release-iphoneos/BaoJunKeyless.build/Objects-normal/arm64/BaoJunKeyless-Swift.h -working-directory /Users/runner/work/BaoJunKeyless/BaoJunKeyless -no-emit-module-separately-wmo
2026-06-07T12:13:34.6582090Z 
2026-06-07T12:13:34.6596620Z SwiftCompile normal arm64 Compiling\ AddressServiceSettings.swift,\ AppBackgroundView.swift,\ AppDiagnosticsSettings.swift,\ AppInfo.swift,\ AppNavigationContainerView.swift,\ AppScrollState.swift,\ AppTheme.swift,\ AppViewCompatibility.swift,\ BaoJunKeylessApp.swift,\ ChromeBarMetrics.swift,\ Components.swift,\ ContentView.swift,\ CrashLogger.swift,\ CustomAlertView.swift,\ CustomVibrationPattern.swift,\ KeylessSections.swift,\ KeylessSettingsStore.swift,\ KeylessView.swift,\ LocationManager.swift,\ LocationResolver.swift,\ LogView.swift,\ MenuBarView.swift,\ Models.swift,\ MotionManager.swift,\ PageHeaderView.swift,\ PhotoPicker.swift,\ RadarView.swift,\ RowDividerView.swift,\ SectionHeadingView.swift,\ SettingsEntryButtonView.swift,\ SettingsInlineActionRowView.swift,\ SettingsPanelView.swift,\ SettingsSections.swift,\ SettingsStatusRowView.swift,\ SettingsView.swift,\ ShareSheet.swift,\ StatusCards.swift,\ StatusSections.swift,\ StatusView.swift,\ ThemeImageSupport.swift,\ ThemeManager.swift,\ ThemeOptionCardView.swift,\ VehicleEventLogStore.swift,\ VibrationRecorderView.swift /Users/runner/work/BaoJunKeyless/BaoJunKeyless/Sources/Services/AddressServiceSettings.swift /Users/runner/work/BaoJunKeyless/BaoJunKeyless/Sources/Theme/AppBackgroundView.swift /Users/runner/work/BaoJunKeyless/BaoJunKeyless/Sources/Models/AppDiagnosticsSettings.swift /Users/runner/work/BaoJunKeyless/BaoJunKeyless/Sources/Models/AppInfo.swift /Users/runner/work/BaoJunKeyless/BaoJunKeyless/Sources/Theme/AppNavigationContainerView.swift /Users/runner/work/BaoJunKeyless/BaoJunKeyless/Sources/Theme/AppScrollState.swift /Users/runner/work/BaoJunKeyless/BaoJunKeyless/Sources/Theme/AppTheme.swift /Users/runner/work/BaoJunKeyless/BaoJunKeyless/Sources/Theme/AppViewCompatibility.swift /Users/runner/work/BaoJunKeyless/BaoJunKeyless/Sources/App/BaoJunKeylessApp.swift /Users/runner/work/BaoJunKeyless/BaoJunKeyless/Sources/Theme/ChromeBarMetrics.swift /Users/runner/work/BaoJunKeyless/BaoJunKeyless/Sources/Components/Components.swift /Users/runner/work/BaoJunKeyless/BaoJunKeyless/Sources/Views/ContentView.swift /Users/runner/work/BaoJunKeyless/BaoJunKeyless/Sources/Models/CrashLogger.swift /Users/runner/work/BaoJunKeyless/BaoJunKeyless/Sources/Components/CustomAlertView.swift /Users/runner/work/BaoJunKeyless/BaoJunKeyless/Sources/Models/CustomVibrationPattern.swift /Users/runner/work/BaoJunKeyless/BaoJunKeyless/Sources/Views/Keyless/KeylessSections.swift /Users/runner/work/BaoJunKeyless/BaoJunKeyless/Sources/Models/KeylessSettingsStore.swift /Users/runner/work/BaoJunKeyless/BaoJunKeyless/Sources/Views/KeylessView.swift /Users/runner/work/BaoJunKeyless/BaoJunKeyless/Sources/Models/LocationManager.swift /Users/runner/work/BaoJunKeyless/BaoJunKeyless/Sources/Services/LocationResolver.swift /Users/runner/work/BaoJunKeyless/BaoJunKeyless/Sources/Views/LogView.swift /Users/runner/work/BaoJunKeyless/BaoJunKeyless/Sources/Theme/MenuBarView.swift /Users/runner/work/BaoJunKeyless/BaoJunKeyless/Sources/Models/Models.swift /Users/runner/work/BaoJunKeyless/BaoJunKeyless/Sources/Services/MotionManager.swift /Users/runner/work/BaoJunKeyless/BaoJunKeyless/Sources/Theme/PageHeaderView.swift /Users/runner/work/BaoJunKeyless/BaoJunKeyless/Sources/Views/Settings/PhotoPicker.swift /Users/runner/work/BaoJunKeyless/BaoJunKeyless/Sources/Views/RadarView.swift /Users/runner/work/BaoJunKeyless/BaoJunKeyless/Sources/Theme/RowDividerView.swift /Users/runner/work/BaoJunKeyless/BaoJunKeyless/Sources/Theme/SectionHeadingView.swift /Users/runner/work/BaoJunKeyless/BaoJunKeyless/Sources/Theme/SettingsEntryButtonView.swift /Users/runner/work/BaoJunKeyless/BaoJunKeyless/Sources/Theme/SettingsInlineActionRowView.swift /Users/runner/work/BaoJunKeyless/BaoJunKeyless/Sources/Theme/SettingsPanelView.swift /Users/runner/work/BaoJunKeyless/BaoJunKeyless/Sources/Views/Settings/SettingsSections.swift /Users/runner/work/BaoJunKeyless/BaoJunKeyless/Sources/Theme/SettingsStatusRowView.swift /Users/runner/work/BaoJunKeyless/BaoJunKeyless/Sources/Views/SettingsView.swift /Users/runner/work/BaoJunKeyless/BaoJunKeyless/Sources/Components/ShareSheet.swift /Users/runner/work/BaoJunKeyless/BaoJunKeyless/Sources/Views/Status/StatusCards.swift /Users/runner/work/BaoJunKeyless/BaoJunKeyless/Sources/Views/Status/StatusSections.swift /Users/runner/work/BaoJunKeyless/BaoJunKeyless/Sources/Views/StatusView.swift /Users/runner/work/BaoJunKeyless/BaoJunKeyless/Sources/Theme/ThemeImageSupport.swift /Users/runner/work/BaoJunKeyless/BaoJunKeyless/Sources/Theme/ThemeManager.swift /Users/runner/work/BaoJunKeyless/BaoJunKeyless/Sources/Theme/ThemeOptionCardView.swift /Users/runner/work/BaoJunKeyless/BaoJunKeyless/Sources/Models/VehicleEventLogStore.swift /Users/runner/work/BaoJunKeyless/BaoJunKeyless/Sources/Components/VibrationRecorderView.swift (in target 'BaoJunKeyless' from project 'BaoJunKeyless')
2026-06-07T12:13:34.6611690Z     cd /Users/runner/work/BaoJunKeyless/BaoJunKeyless
2026-06-07T12:13:34.6684190Z     builtin-swiftTaskExecution -- /Applications/Xcode_16.2.app/Contents/Developer/Toolchains/XcodeDefault.xctoolchain/usr/bin/swift-frontend -frontend -c /Users/runner/work/BaoJunKeyless/BaoJunKeyless/Sources/Services/AddressServiceSettings.swift /Users/runner/work/BaoJunKeyless/BaoJunKeyless/Sources/Theme/AppBackgroundView.swift /Users/runner/work/BaoJunKeyless/BaoJunKeyless/Sources/Models/AppDiagnosticsSettings.swift /Users/runner/work/BaoJunKeyless/BaoJunKeyless/Sources/Models/AppInfo.swift /Users/runner/work/BaoJunKeyless/BaoJunKeyless/Sources/Theme/AppNavigationContainerView.swift /Users/runner/work/BaoJunKeyless/BaoJunKeyless/Sources/Theme/AppScrollState.swift /Users/runner/work/BaoJunKeyless/BaoJunKeyless/Sources/Theme/AppTheme.swift /Users/runner/work/BaoJunKeyless/BaoJunKeyless/Sources/Theme/AppViewCompatibility.swift /Users/runner/work/BaoJunKeyless/BaoJunKeyless/Sources/App/BaoJunKeylessApp.swift /Users/runner/work/BaoJunKeyless/BaoJunKeyless/Sources/Theme/ChromeBarMetrics.swift /Users/runner/work/BaoJunKeyless/BaoJunKeyless/Sources/Components/Components.swift /Users/runner/work/BaoJunKeyless/BaoJunKeyless/Sources/Views/ContentView.swift /Users/runner/work/BaoJunKeyless/BaoJunKeyless/Sources/Models/CrashLogger.swift /Users/runner/work/BaoJunKeyless/BaoJunKeyless/Sources/Components/CustomAlertView.swift /Users/runner/work/BaoJunKeyless/BaoJunKeyless/Sources/Models/CustomVibrationPattern.swift /Users/runner/work/BaoJunKeyless/BaoJunKeyless/Sources/Views/Keyless/KeylessSections.swift /Users/runner/work/BaoJunKeyless/BaoJunKeyless/Sources/Models/KeylessSettingsStore.swift /Users/runner/work/BaoJunKeyless/BaoJunKeyless/Sources/Views/KeylessView.swift /Users/runner/work/BaoJunKeyless/BaoJunKeyless/Sources/Models/LocationManager.swift /Users/runner/work/BaoJunKeyless/BaoJunKeyless/Sources/Services/LocationResolver.swift /Users/runner/work/BaoJunKeyless/BaoJunKeyless/Sources/Views/LogView.swift /Users/runner/work/BaoJunKeyless/BaoJunKeyless/Sources/Theme/MenuBarView.swift /Users/runner/work/BaoJunKeyless/BaoJunKeyless/Sources/Models/Models.swift /Users/runner/work/BaoJunKeyless/BaoJunKeyless/Sources/Services/MotionManager.swift /Users/runner/work/BaoJunKeyless/BaoJunKeyless/Sources/Theme/PageHeaderView.swift /Users/runner/work/BaoJunKeyless/BaoJunKeyless/Sources/Views/Settings/PhotoPicker.swift /Users/runner/work/BaoJunKeyless/BaoJunKeyless/Sources/Views/RadarView.swift /Users/runner/work/BaoJunKeyless/BaoJunKeyless/Sources/Theme/RowDividerView.swift /Users/runner/work/BaoJunKeyless/BaoJunKeyless/Sources/Theme/SectionHeadingView.swift /Users/runner/work/BaoJunKeyless/BaoJunKeyless/Sources/Theme/SettingsEntryButtonView.swift /Users/runner/work/BaoJunKeyless/BaoJunKeyless/Sources/Theme/SettingsInlineActionRowView.swift /Users/runner/work/BaoJunKeyless/BaoJunKeyless/Sources/Theme/SettingsPanelView.swift /Users/runner/work/BaoJunKeyless/BaoJunKeyless/Sources/Views/Settings/SettingsSections.swift /Users/runner/work/BaoJunKeyless/BaoJunKeyless/Sources/Theme/SettingsStatusRowView.swift /Users/runner/work/BaoJunKeyless/BaoJunKeyless/Sources/Views/SettingsView.swift /Users/runner/work/BaoJunKeyless/BaoJunKeyless/Sources/Components/ShareSheet.swift /Users/runner/work/BaoJunKeyless/BaoJunKeyless/Sources/Views/Status/StatusCards.swift /Users/runner/work/BaoJunKeyless/BaoJunKeyless/Sources/Views/Status/StatusSections.swift /Users/runner/work/BaoJunKeyless/BaoJunKeyless/Sources/Views/StatusView.swift /Users/runner/work/BaoJunKeyless/BaoJunKeyless/Sources/Theme/ThemeImageSupport.swift /Users/runner/work/BaoJunKeyless/BaoJunKeyless/Sources/Theme/ThemeManager.swift /Users/runner/work/BaoJunKeyless/BaoJunKeyless/Sources/Theme/ThemeOptionCardView.swift /Users/runner/work/BaoJunKeyless/BaoJunKeyless/Sources/Models/VehicleEventLogStore.swift /Users/runner/work/BaoJunKeyless/BaoJunKeyless/Sources/Components/VibrationRecorderView.swift -supplementary-output-file-map /Users/runner/work/BaoJunKeyless/BaoJunKeyless/build/Build/Intermediates.noindex/BaoJunKeyless.build/Release-iphoneos/BaoJunKeyless.build/Objects-normal/arm64/supplementaryOutputs-1 -target arm64-apple-ios15.0 -Xllvm -aarch64-use-tbi -enable-objc-interop -stack-check -sdk /Applications/Xcode_16.2.app/Contents/Developer/Platforms/iPhoneOS.platform/Developer/SDKs/iPhoneOS18.2.sdk -I /Users/runner/work/BaoJunKeyless/BaoJunKeyless/build/Build/Products/Release-iphoneos -F /Users/runner/work/BaoJunKeyless/BaoJunKeyless/build/Build/Products/Release-iphoneos -no-color-diagnostics -g -debug-info-format\=dwarf -dwarf-version\=4 -module-cache-path /Users/runner/work/BaoJunKeyless/BaoJunKeyless/build/ModuleCache.noindex -swift-version 5 -enforce-exclusivity\=checked -O -serialize-debugging-options -const-gather-protocols-file /Users/runner/work/BaoJunKeyless/BaoJunKeyless/build/Build/Intermediates.noindex/BaoJunKeyless.build/Release-iphoneos/BaoJunKeyless.build/Objects-normal/arm64/BaoJunKeyless_const_extract_protocols.json -enable-experimental-feature DebugDescriptionMacro -enable-bare-slash-regex -empty-abi-descriptor -validate-clang-modules-once -clang-build-session-file /Users/runner/work/BaoJunKeyless/BaoJunKeyless/build/ModuleCache.noindex/Session.modulevalidation -Xcc -working-directory -Xcc /Users/runner/work/BaoJunKeyless/BaoJunKeyless -resource-dir /Applications/Xcode_16.2.app/Contents/Developer/Toolchains/XcodeDefault.xctoolchain/usr/lib/swift -file-compilation-dir /Users/runner/work/BaoJunKeyless/BaoJunKeyless -Xcc -ivfsstatcache -Xcc /Users/runner/work/BaoJunKeyless/BaoJunKeyless/build/SDKStatCaches.noindex/iphoneos18.2-22C146-6f6929c68f51360d5ca70a73a7e0c2f9.sdkstatcache -Xcc -I/Users/runner/work/BaoJunKeyless/BaoJunKeyless/build/Build/Intermediates.noindex/BaoJunKeyless.build/Release-iphoneos/BaoJunKeyless.build/swift-overrides.hmap -Xcc -iquote -Xcc /Users/runner/work/BaoJunKeyless/BaoJunKeyless/build/Build/Intermediates.noindex/BaoJunKeyless.build/Release-iphoneos/BaoJunKeyless.build/BaoJunKeyless-generated-files.hmap -Xcc -I/Users/runner/work/BaoJunKeyless/BaoJunKeyless/build/Build/Intermediates.noindex/BaoJunKeyless.build/Release-iphoneos/BaoJunKeyless.build/BaoJunKeyless-own-target-headers.hmap -Xcc -I/Users/runner/work/BaoJunKeyless/BaoJunKeyless/build/Build/Intermediates.noindex/BaoJunKeyless.build/Release-iphoneos/BaoJunKeyless.build/BaoJunKeyless-all-target-headers.hmap -Xcc -iquote -Xcc /Users/runner/work/BaoJunKeyless/BaoJunKeyless/build/Build/Intermediates.noindex/BaoJunKeyless.build/Release-iphoneos/BaoJunKeyless.build/BaoJunKeyless-project-headers.hmap -Xcc -I/Users/runner/work/BaoJunKeyless/BaoJunKeyless/build/Build/Products/Release-iphoneos/include -Xcc -I/Users/runner/work/BaoJunKeyless/BaoJunKeyless/build/Build/Intermediates.noindex/BaoJunKeyless.build/Release-iphoneos/BaoJunKeyless.build/DerivedSources-normal/arm64 -Xcc -I/Users/runner/work/BaoJunKeyless/BaoJunKeyless/build/Build/Intermediates.noindex/BaoJunKeyless.build/Release-iphoneos/BaoJunKeyless.build/DerivedSources/arm64 -Xcc -I/Users/runner/work/BaoJunKeyless/BaoJunKeyless/build/Build/Intermediates.noindex/BaoJunKeyless.build/Release-iphoneos/BaoJunKeyless.build/DerivedSources -module-name BaoJunKeyless -frontend-parseable-output -disable-clang-spi -target-sdk-version 18.2 -target-sdk-name iphoneos18.2 -external-plugin-path /Applications/Xcode_16.2.app/Contents/Developer/Platforms/iPhoneOS.platform/Developer/usr/lib/swift/host/plugins\#/Applications/Xcode_16.2.app/Contents/Developer/Platforms/iPhoneOS.platform/Developer/usr/bin/swift-plugin-server -external-plugin-path /Applications/Xcode_16.2.app/Contents/Developer/Platforms/iPhoneOS.platform/Developer/usr/local/lib/swift/host/plugins\#/Applications/Xcode_16.2.app/Contents/Developer/Platforms/iPhoneOS.platform/Developer/usr/bin/swift-plugin-server -plugin-path /Applications/Xcode_16.2.app/Contents/Developer/Toolchains/XcodeDefault.xctoolchain/usr/lib/swift/host/plugins -plugin-path /Applications/Xcode_16.2.app/Contents/Developer/Toolchains/XcodeDefault.xctoolchain/usr/local/lib/swift/host/plugins -enable-default-cmo -num-threads 3 -o /Users/runner/work/BaoJunKeyless/BaoJunKeyless/build/Build/Intermediates.noindex/BaoJunKeyless.build/Release-iphoneos/BaoJunKeyless.build/Objects-normal/arm64/AddressServiceSettings.o -o /Users/runner/work/BaoJunKeyless/BaoJunKeyless/build/Build/Intermediates.noindex/BaoJunKeyless.build/Release-iphoneos/BaoJunKeyless.build/Objects-normal/arm64/AppBackgroundView.o -o /Users/runner/work/BaoJunKeyless/BaoJunKeyless/build/Build/Intermediates.noindex/BaoJunKeyless.build/Release-iphoneos/BaoJunKeyless.build/Objects-normal/arm64/AppDiagnosticsSettings.o -o /Users/runner/work/BaoJunKeyless/BaoJunKeyless/build/Build/Intermediates.noindex/BaoJunKeyless.build/Release-iphoneos/BaoJunKeyless.build/Objects-normal/arm64/AppInfo.o -o /Users/runner/work/BaoJunKeyless/BaoJunKeyless/build/Build/Intermediates.noindex/BaoJunKeyless.build/Release-iphoneos/BaoJunKeyless.build/Objects-normal/arm64/AppNavigationContainerView.o -o /Users/runner/work/BaoJunKeyless/BaoJunKeyless/build/Build/Intermediates.noindex/BaoJunKeyless.build/Release-iphoneos/BaoJunKeyless.build/Objects-normal/arm64/AppScrollState.o -o /Users/runner/work/BaoJunKeyless/BaoJunKeyless/build/Build/Intermediates.noindex/BaoJunKeyless.build/Release-iphoneos/BaoJunKeyless.build/Objects-normal/arm64/AppTheme.o -o /Users/runner/work/BaoJunKeyless/BaoJunKeyless/build/Build/Intermediates.noindex/BaoJunKeyless.build/Release-iphoneos/BaoJunKeyless.build/Objects-normal/arm64/AppViewCompatibility.o -o /Users/runner/work/BaoJunKeyless/BaoJunKeyless/build/Build/Intermediates.noindex/BaoJunKeyless.build/Release-iphoneos/BaoJunKeyless.build/Objects-normal/arm64/BaoJunKeylessApp.o -o /Users/runner/work/BaoJunKeyless/BaoJunKeyless/build/Build/Intermediates.noindex/BaoJunKeyless.build/Release-iphoneos/BaoJunKeyless.build/Objects-normal/arm64/ChromeBarMetrics.o -o /Users/runner/work/BaoJunKeyless/BaoJunKeyless/build/Build/Intermediates.noindex/BaoJunKeyless.build/Release-iphoneos/BaoJunKeyless.build/Objects-normal/arm64/Components.o -o /Users/runner/work/BaoJunKeyless/BaoJunKeyless/build/Build/Intermediates.noindex/BaoJunKeyless.build/Release-iphoneos/BaoJunKeyless.build/Objects-normal/arm64/ContentView.o -o /Users/runner/work/BaoJunKeyless/BaoJunKeyless/build/Build/Intermediates.noindex/BaoJunKeyless.build/Release-iphoneos/BaoJunKeyless.build/Objects-normal/arm64/CrashLogger.o -o /Users/runner/work/BaoJunKeyless/BaoJunKeyless/build/Build/Intermediates.noindex/BaoJunKeyless.build/Release-iphoneos/BaoJunKeyless.build/Objects-normal/arm64/CustomAlertView.o -o /Users/runner/work/BaoJunKeyless/BaoJunKeyless/build/Build/Intermediates.noindex/BaoJunKeyless.build/Release-iphoneos/BaoJunKeyless.build/Objects-normal/arm64/CustomVibrationPattern.o -o /Users/runner/work/BaoJunKeyless/BaoJunKeyless/build/Build/Intermediates.noindex/BaoJunKeyless.build/Release-iphoneos/BaoJunKeyless.build/Objects-normal/arm64/KeylessSections.o -o /Users/runner/work/BaoJunKeyless/BaoJunKeyless/build/Build/Intermediates.noindex/BaoJunKeyless.build/Release-iphoneos/BaoJunKeyless.build/Objects-normal/arm64/KeylessSettingsStore.o -o /Users/runner/work/BaoJunKeyless/BaoJunKeyless/build/Build/Intermediates.noindex/BaoJunKeyless.build/Release-iphoneos/BaoJunKeyless.build/Objects-normal/arm64/KeylessView.o -o /Users/runner/work/BaoJunKeyless/BaoJunKeyless/build/Build/Intermediates.noindex/BaoJunKeyless.build/Release-iphoneos/BaoJunKeyless.build/Objects-normal/arm64/LocationManager.o -o /Users/runner/work/BaoJunKeyless/BaoJunKeyless/build/Build/Intermediates.noindex/BaoJunKeyless.build/Release-iphoneos/BaoJunKeyless.build/Objects-normal/arm64/LocationResolver.o -o /Users/runner/work/BaoJunKeyless/BaoJunKeyless/build/Build/Intermediates.noindex/BaoJunKeyless.build/Release-iphoneos/BaoJunKeyless.build/Objects-normal/arm64/LogView.o -o /Users/runner/work/BaoJunKeyless/BaoJunKeyless/build/Build/Intermediates.noindex/BaoJunKeyless.build/Release-iphoneos/BaoJunKeyless.build/Objects-normal/arm64/MenuBarView.o -o /Users/runner/work/BaoJunKeyless/BaoJunKeyless/build/Build/Intermediates.noindex/BaoJunKeyless.build/Release-iphoneos/BaoJunKeyless.build/Objects-normal/arm64/Models.o -o /Users/runner/work/BaoJunKeyless/BaoJunKeyless/build/Build/Intermediates.noindex/BaoJunKeyless.build/Release-iphoneos/BaoJunKeyless.build/Objects-normal/arm64/MotionManager.o -o /Users/runner/work/BaoJunKeyless/BaoJunKeyless/build/Build/Intermediates.noindex/BaoJunKeyless.build/Release-iphoneos/BaoJunKeyless.build/Objects-normal/arm64/PageHeaderView.o -o /Users/runner/work/BaoJunKeyless/BaoJunKeyless/build/Build/Intermediates.noindex/BaoJunKeyless.build/Release-iphoneos/BaoJunKeyless.build/Objects-normal/arm64/PhotoPicker.o -o /Users/runner/work/BaoJunKeyless/BaoJunKeyless/build/Build/Intermediates.noindex/BaoJunKeyless.build/Release-iphoneos/BaoJunKeyless.build/Objects-normal/arm64/RadarView.o -o /Users/runner/work/BaoJunKeyless/BaoJunKeyless/build/Build/Intermediates.noindex/BaoJunKeyless.build/Release-iphoneos/BaoJunKeyless.build/Objects-normal/arm64/RowDividerView.o -o /Users/runner/work/BaoJunKeyless/BaoJunKeyless/build/Build/Intermediates.noindex/BaoJunKeyless.build/Release-iphoneos/BaoJunKeyless.build/Objects-normal/arm64/SectionHeadingView.o -o /Users/runner/work/BaoJunKeyless/BaoJunKeyless/build/Build/Intermediates.noindex/BaoJunKeyless.build/Release-iphoneos/BaoJunKeyless.build/Objects-normal/arm64/SettingsEntryButtonView.o -o /Users/runner/work/BaoJunKeyless/BaoJunKeyless/build/Build/Intermediates.noindex/BaoJunKeyless.build/Release-iphoneos/BaoJunKeyless.build/Objects-normal/arm64/SettingsInlineActionRowView.o -o /Users/runner/work/BaoJunKeyless/BaoJunKeyless/build/Build/Intermediates.noindex/BaoJunKeyless.build/Release-iphoneos/BaoJunKeyless.build/Objects-normal/arm64/SettingsPanelView.o -o /Users/runner/work/BaoJunKeyless/BaoJunKeyless/build/Build/Intermediates.noindex/BaoJunKeyless.build/Release-iphoneos/BaoJunKeyless.build/Objects-normal/arm64/SettingsSections.o -o /Users/runner/work/BaoJunKeyless/BaoJunKeyless/build/Build/Intermediates.noindex/BaoJunKeyless.build/Release-iphoneos/BaoJunKeyless.build/Objects-normal/arm64/SettingsStatusRowView.o -o /Users/runner/work/BaoJunKeyless/BaoJunKeyless/build/Build/Intermediates.noindex/BaoJunKeyless.build/Release-iphoneos/BaoJunKeyless.build/Objects-normal/arm64/SettingsView.o -o /Users/runner/work/BaoJunKeyless/BaoJunKeyless/build/Build/Intermediates.noindex/BaoJunKeyless.build/Release-iphoneos/BaoJunKeyless.build/Objects-normal/arm64/ShareSheet.o -o /Users/runner/work/BaoJunKeyless/BaoJunKeyless/build/Build/Intermediates.noindex/BaoJunKeyless.build/Release-iphoneos/BaoJunKeyless.build/Objects-normal/arm64/StatusCards.o -o /Users/runner/work/BaoJunKeyless/BaoJunKeyless/build/Build/Intermediates.noindex/BaoJunKeyless.build/Release-iphoneos/BaoJunKeyless.build/Objects-normal/arm64/StatusSections.o -o /Users/runner/work/BaoJunKeyless/BaoJunKeyless/build/Build/Intermediates.noindex/BaoJunKeyless.build/Release-iphoneos/BaoJunKeyless.build/Objects-normal/arm64/StatusView.o -o /Users/runner/work/BaoJunKeyless/BaoJunKeyless/build/Build/Intermediates.noindex/BaoJunKeyless.build/Release-iphoneos/BaoJunKeyless.build/Objects-normal/arm64/ThemeImageSupport.o -o /Users/runner/work/BaoJunKeyless/BaoJunKeyless/build/Build/Intermediates.noindex/BaoJunKeyless.build/Release-iphoneos/BaoJunKeyless.build/Objects-normal/arm64/ThemeManager.o -o /Users/runner/work/BaoJunKeyless/BaoJunKeyless/build/Build/Intermediates.noindex/BaoJunKeyless.build/Release-iphoneos/BaoJunKeyless.build/Objects-normal/arm64/ThemeOptionCardView.o -o /Users/runner/work/BaoJunKeyless/BaoJunKeyless/build/Build/Intermediates.noindex/BaoJunKeyless.build/Release-iphoneos/BaoJunKeyless.build/Objects-normal/arm64/VehicleEventLogStore.o -o /Users/runner/work/BaoJunKeyless/BaoJunKeyless/build/Build/Intermediates.noindex/BaoJunKeyless.build/Release-iphoneos/BaoJunKeyless.build/Objects-normal/arm64/VibrationRecorderView.o -index-unit-output-path /BaoJunKeyless.build/Release-iphoneos/BaoJunKeyless.build/Objects-normal/arm64/AddressServiceSettings.o -index-unit-output-path /BaoJunKeyless.build/Release-iphoneos/BaoJunKeyless.build/Objects-normal/arm64/AppBackgroundView.o -index-unit-output-path /BaoJunKeyless.build/Release-iphoneos/BaoJunKeyless.build/Objects-normal/arm64/AppDiagnosticsSettings.o -index-unit-output-path /BaoJunKeyless.build/Release-iphoneos/BaoJunKeyless.build/Objects-normal/arm64/AppInfo.o -index-unit-output-path /BaoJunKeyless.build/Release-iphoneos/BaoJunKeyless.build/Objects-normal/arm64/AppNavigationContainerView.o -index-unit-output-path /BaoJunKeyless.build/Release-iphoneos/BaoJunKeyless.build/Objects-normal/arm64/AppScrollState.o -index-unit-output-path /BaoJunKeyless.build/Release-iphoneos/BaoJunKeyless.build/Objects-normal/arm64/AppTheme.o -index-unit-output-path /BaoJunKeyless.build/Release-iphoneos/BaoJunKeyless.build/Objects-normal/arm64/AppViewCompatibility.o -index-unit-output-path /BaoJunKeyless.build/Release-iphoneos/BaoJunKeyless.build/Objects-normal/arm64/BaoJunKeylessApp.o -index-unit-output-path /BaoJunKeyless.build/Release-iphoneos/BaoJunKeyless.build/Objects-normal/arm64/ChromeBarMetrics.o -index-unit-output-path /BaoJunKeyless.build/Release-iphoneos/BaoJunKeyless.build/Objects-normal/arm64/Components.o -index-unit-output-path /BaoJunKeyless.build/Release-iphoneos/BaoJunKeyless.build/Objects-normal/arm64/ContentView.o -index-unit-output-path /BaoJunKeyless.build/Release-iphoneos/BaoJunKeyless.build/Objects-normal/arm64/CrashLogger.o -index-unit-output-path /BaoJunKeyless.build/Release-iphoneos/BaoJunKeyless.build/Objects-normal/arm64/CustomAlertView.o -index-unit-output-path /BaoJunKeyless.build/Release-iphoneos/BaoJunKeyless.build/Objects-normal/arm64/CustomVibrationPattern.o -index-unit-output-path /BaoJunKeyless.build/Release-iphoneos/BaoJunKeyless.build/Objects-normal/arm64/KeylessSections.o -index-unit-output-path /BaoJunKeyless.build/Release-iphoneos/BaoJunKeyless.build/Objects-normal/arm64/KeylessSettingsStore.o -index-unit-output-path /BaoJunKeyless.build/Release-iphoneos/BaoJunKeyless.build/Objects-normal/arm64/KeylessView.o -index-unit-output-path /BaoJunKeyless.build/Release-iphoneos/BaoJunKeyless.build/Objects-normal/arm64/LocationManager.o -index-unit-output-path /BaoJunKeyless.build/Release-iphoneos/BaoJunKeyless.build/Objects-normal/arm64/LocationResolver.o -index-unit-output-path /BaoJunKeyless.build/Release-iphoneos/BaoJunKeyless.build/Objects-normal/arm64/LogView.o -index-unit-output-path /BaoJunKeyless.build/Release-iphoneos/BaoJunKeyless.build/Objects-normal/arm64/MenuBarView.o -index-unit-output-path /BaoJunKeyless.build/Release-iphoneos/BaoJunKeyless.build/Objects-normal/arm64/Models.o -index-unit-output-path /BaoJunKeyless.build/Release-iphoneos/BaoJunKeyless.build/Objects-normal/arm64/MotionManager.o -index-unit-output-path /BaoJunKeyless.build/Release-iphoneos/BaoJunKeyless.build/Objects-normal/arm64/PageHeaderView.o -index-unit-output-path /BaoJunKeyless.build/Release-iphoneos/BaoJunKeyless.build/Objects-normal/arm64/PhotoPicker.o -index-unit-output-path /BaoJunKeyless.build/Release-iphoneos/BaoJunKeyless.build/Objects-normal/arm64/RadarView.o -index-unit-output-path /BaoJunKeyless.build/Release-iphoneos/BaoJunKeyless.build/Objects-normal/arm64/RowDividerView.o -index-unit-output-path /BaoJunKeyless.build/Release-iphoneos/BaoJunKeyless.build/Objects-normal/arm64/SectionHeadingView.o -index-unit-output-path /BaoJunKeyless.build/Release-iphoneos/BaoJunKeyless.build/Objects-normal/arm64/SettingsEntryButtonView.o -index-unit-output-path /BaoJunKeyless.build/Release-iphoneos/BaoJunKeyless.build/Objects-normal/arm64/SettingsInlineActionRowView.o -index-unit-output-path /BaoJunKeyless.build/Release-iphoneos/BaoJunKeyless.build/Objects-normal/arm64/SettingsPanelView.o -index-unit-output-path /BaoJunKeyless.build/Release-iphoneos/BaoJunKeyless.build/Objects-normal/arm64/SettingsSections.o -index-unit-output-path /BaoJunKeyless.build/Release-iphoneos/BaoJunKeyless.build/Objects-normal/arm64/SettingsStatusRowView.o -index-unit-output-path /BaoJunKeyless.build/Release-iphoneos/BaoJunKeyless.build/Objects-normal/arm64/SettingsView.o -index-unit-output-path /BaoJunKeyless.build/Release-iphoneos/BaoJunKeyless.build/Objects-normal/arm64/ShareSheet.o -index-unit-output-path /BaoJunKeyless.build/Release-iphoneos/BaoJunKeyless.build/Objects-normal/arm64/StatusCards.o -index-unit-output-path /BaoJunKeyless.build/Release-iphoneos/BaoJunKeyless.build/Objects-normal/arm64/StatusSections.o -index-unit-output-path /BaoJunKeyless.build/Release-iphoneos/BaoJunKeyless.build/Objects-normal/arm64/StatusView.o -index-unit-output-path /BaoJunKeyless.build/Release-iphoneos/BaoJunKeyless.build/Objects-normal/arm64/ThemeImageSupport.o -index-unit-output-path /BaoJunKeyless.build/Release-iphoneos/BaoJunKeyless.build/Objects-normal/arm64/ThemeManager.o -index-unit-output-path /BaoJunKeyless.build/Release-iphoneos/BaoJunKeyless.build/Objects-normal/arm64/ThemeOptionCardView.o -index-unit-output-path /BaoJunKeyless.build/Release-iphoneos/BaoJunKeyless.build/Objects-normal/arm64/VehicleEventLogStore.o -index-unit-output-path /BaoJunKeyless.build/Release-iphoneos/BaoJunKeyless.build/Objects-normal/arm64/VibrationRecorderView.o
2026-06-07T12:13:34.6764000Z 
2026-06-07T12:13:34.6764880Z CompileSwift normal arm64 (in target 'BaoJunKeyless' from project 'BaoJunKeyless')
2026-06-07T12:13:34.6766080Z     cd /Users/runner/work/BaoJunKeyless/BaoJunKeyless
2026-06-07T12:13:34.6882270Z     /Applications/Xcode_16.2.app/Contents/Developer/Toolchains/XcodeDefault.xctoolchain/usr/bin/swift-frontend -c /Users/runner/work/BaoJunKeyless/BaoJunKeyless/Sources/Services/AddressServiceSettings.swift /Users/runner/work/BaoJunKeyless/BaoJunKeyless/Sources/Theme/AppBackgroundView.swift /Users/runner/work/BaoJunKeyless/BaoJunKeyless/Sources/Models/AppDiagnosticsSettings.swift /Users/runner/work/BaoJunKeyless/BaoJunKeyless/Sources/Models/AppInfo.swift /Users/runner/work/BaoJunKeyless/BaoJunKeyless/Sources/Theme/AppNavigationContainerView.swift /Users/runner/work/BaoJunKeyless/BaoJunKeyless/Sources/Theme/AppScrollState.swift /Users/runner/work/BaoJunKeyless/BaoJunKeyless/Sources/Theme/AppTheme.swift /Users/runner/work/BaoJunKeyless/BaoJunKeyless/Sources/Theme/AppViewCompatibility.swift /Users/runner/work/BaoJunKeyless/BaoJunKeyless/Sources/App/BaoJunKeylessApp.swift /Users/runner/work/BaoJunKeyless/BaoJunKeyless/Sources/Theme/ChromeBarMetrics.swift /Users/runner/work/BaoJunKeyless/BaoJunKeyless/Sources/Components/Components.swift /Users/runner/work/BaoJunKeyless/BaoJunKeyless/Sources/Views/ContentView.swift /Users/runner/work/BaoJunKeyless/BaoJunKeyless/Sources/Models/CrashLogger.swift /Users/runner/work/BaoJunKeyless/BaoJunKeyless/Sources/Components/CustomAlertView.swift /Users/runner/work/BaoJunKeyless/BaoJunKeyless/Sources/Models/CustomVibrationPattern.swift /Users/runner/work/BaoJunKeyless/BaoJunKeyless/Sources/Views/Keyless/KeylessSections.swift /Users/runner/work/BaoJunKeyless/BaoJunKeyless/Sources/Models/KeylessSettingsStore.swift /Users/runner/work/BaoJunKeyless/BaoJunKeyless/Sources/Views/KeylessView.swift /Users/runner/work/BaoJunKeyless/BaoJunKeyless/Sources/Models/LocationManager.swift /Users/runner/work/BaoJunKeyless/BaoJunKeyless/Sources/Services/LocationResolver.swift /Users/runner/work/BaoJunKeyless/BaoJunKeyless/Sources/Views/LogView.swift /Users/runner/work/BaoJunKeyless/BaoJunKeyless/Sources/Theme/MenuBarView.swift /Users/runner/work/BaoJunKeyless/BaoJunKeyless/Sources/Models/Models.swift /Users/runner/work/BaoJunKeyless/BaoJunKeyless/Sources/Services/MotionManager.swift /Users/runner/work/BaoJunKeyless/BaoJunKeyless/Sources/Theme/PageHeaderView.swift /Users/runner/work/BaoJunKeyless/BaoJunKeyless/Sources/Views/Settings/PhotoPicker.swift /Users/runner/work/BaoJunKeyless/BaoJunKeyless/Sources/Views/RadarView.swift /Users/runner/work/BaoJunKeyless/BaoJunKeyless/Sources/Theme/RowDividerView.swift /Users/runner/work/BaoJunKeyless/BaoJunKeyless/Sources/Theme/SectionHeadingView.swift /Users/runner/work/BaoJunKeyless/BaoJunKeyless/Sources/Theme/SettingsEntryButtonView.swift /Users/runner/work/BaoJunKeyless/BaoJunKeyless/Sources/Theme/SettingsInlineActionRowView.swift /Users/runner/work/BaoJunKeyless/BaoJunKeyless/Sources/Theme/SettingsPanelView.swift /Users/runner/work/BaoJunKeyless/BaoJunKeyless/Sources/Views/Settings/SettingsSections.swift /Users/runner/work/BaoJunKeyless/BaoJunKeyless/Sources/Theme/SettingsStatusRowView.swift /Users/runner/work/BaoJunKeyless/BaoJunKeyless/Sources/Views/SettingsView.swift /Users/runner/work/BaoJunKeyless/BaoJunKeyless/Sources/Components/ShareSheet.swift /Users/runner/work/BaoJunKeyless/BaoJunKeyless/Sources/Views/Status/StatusCards.swift /Users/runner/work/BaoJunKeyless/BaoJunKeyless/Sources/Views/Status/StatusSections.swift /Users/runner/work/BaoJunKeyless/BaoJunKeyless/Sources/Views/StatusView.swift /Users/runner/work/BaoJunKeyless/BaoJunKeyless/Sources/Theme/ThemeImageSupport.swift /Users/runner/work/BaoJunKeyless/BaoJunKeyless/Sources/Theme/ThemeManager.swift /Users/runner/work/BaoJunKeyless/BaoJunKeyless/Sources/Theme/ThemeOptionCardView.swift /Users/runner/work/BaoJunKeyless/BaoJunKeyless/Sources/Models/VehicleEventLogStore.swift /Users/runner/work/BaoJunKeyless/BaoJunKeyless/Sources/Components/VibrationRecorderView.swift -supplementary-output-file-map /Users/runner/work/BaoJunKeyless/BaoJunKeyless/build/Build/Intermediates.noindex/BaoJunKeyless.build/Release-iphoneos/BaoJunKeyless.build/Objects-normal/arm64/supplementaryOutputs-1 -target arm64-apple-ios15.0 -Xllvm -aarch64-use-tbi -enable-objc-interop -stack-check -sdk /Applications/Xcode_16.2.app/Contents/Developer/Platforms/iPhoneOS.platform/Developer/SDKs/iPhoneOS18.2.sdk -I /Users/runner/work/BaoJunKeyless/BaoJunKeyless/build/Build/Products/Release-iphoneos -F /Users/runner/work/BaoJunKeyless/BaoJunKeyless/build/Build/Products/Release-iphoneos -no-color-diagnostics -g -debug-info-format\=dwarf -dwarf-version\=4 -module-cache-path /Users/runner/work/BaoJunKeyless/BaoJunKeyless/build/ModuleCache.noindex -swift-version 5 -enforce-exclusivity\=checked -O -serialize-debugging-options -const-gather-protocols-file /Users/runner/work/BaoJunKeyless/BaoJunKeyless/build/Build/Intermediates.noindex/BaoJunKeyless.build/Release-iphoneos/BaoJunKeyless.build/Objects-normal/arm64/BaoJunKeyless_const_extract_protocols.json -enable-experimental-feature DebugDescriptionMacro -enable-bare-slash-regex -empty-abi-descriptor -validate-clang-modules-once -clang-build-session-file /Users/runner/work/BaoJunKeyless/BaoJunKeyless/build/ModuleCache.noindex/Session.modulevalidation -Xcc -working-directory -Xcc /Users/runner/work/BaoJunKeyless/BaoJunKeyless -resource-dir /Applications/Xcode_16.2.app/Contents/Developer/Toolchains/XcodeDefault.xctoolchain/usr/lib/swift -file-compilation-dir /Users/runner/work/BaoJunKeyless/BaoJunKeyless -Xcc -ivfsstatcache -Xcc /Users/runner/work/BaoJunKeyless/BaoJunKeyless/build/SDKStatCaches.noindex/iphoneos18.2-22C146-6f6929c68f51360d5ca70a73a7e0c2f9.sdkstatcache -Xcc -I/Users/runner/work/BaoJunKeyless/BaoJunKeyless/build/Build/Intermediates.noindex/BaoJunKeyless.build/Release-iphoneos/BaoJunKeyless.build/swift-overrides.hmap -Xcc -iquote -Xcc /Users/runner/work/BaoJunKeyless/BaoJunKeyless/build/Build/Intermediates.noindex/BaoJunKeyless.build/Release-iphoneos/BaoJunKeyless.build/BaoJunKeyless-generated-files.hmap -Xcc -I/Users/runner/work/BaoJunKeyless/BaoJunKeyless/build/Build/Intermediates.noindex/BaoJunKeyless.build/Release-iphoneos/BaoJunKeyless.build/BaoJunKeyless-own-target-headers.hmap -Xcc -I/Users/runner/work/BaoJunKeyless/BaoJunKeyless/build/Build/Intermediates.noindex/BaoJunKeyless.build/Release-iphoneos/BaoJunKeyless.build/BaoJunKeyless-all-target-headers.hmap -Xcc -iquote -Xcc /Users/runner/work/BaoJunKeyless/BaoJunKeyless/build/Build/Intermediates.noindex/BaoJunKeyless.build/Release-iphoneos/BaoJunKeyless.build/BaoJunKeyless-project-headers.hmap -Xcc -I/Users/runner/work/BaoJunKeyless/BaoJunKeyless/build/Build/Products/Release-iphoneos/include -Xcc -I/Users/runner/work/BaoJunKeyless/BaoJunKeyless/build/Build/Intermediates.noindex/BaoJunKeyless.build/Release-iphoneos/BaoJunKeyless.build/DerivedSources-normal/arm64 -Xcc -I/Users/runner/work/BaoJunKeyless/BaoJunKeyless/build/Build/Intermediates.noindex/BaoJunKeyless.build/Release-iphoneos/BaoJunKeyless.build/DerivedSources/arm64 -Xcc -I/Users/runner/work/BaoJunKeyless/BaoJunKeyless/build/Build/Intermediates.noindex/BaoJunKeyless.build/Release-iphoneos/BaoJunKeyless.build/DerivedSources -module-name BaoJunKeyless -frontend-parseable-output -disable-clang-spi -target-sdk-version 18.2 -target-sdk-name iphoneos18.2 -external-plugin-path /Applications/Xcode_16.2.app/Contents/Developer/Platforms/iPhoneOS.platform/Developer/usr/lib/swift/host/plugins\#/Applications/Xcode_16.2.app/Contents/Developer/Platforms/iPhoneOS.platform/Developer/usr/bin/swift-plugin-server -external-plugin-path /Applications/Xcode_16.2.app/Contents/Developer/Platforms/iPhoneOS.platform/Developer/usr/local/lib/swift/host/plugins\#/Applications/Xcode_16.2.app/Contents/Developer/Platforms/iPhoneOS.platform/Developer/usr/bin/swift-plugin-server -plugin-path /Applications/Xcode_16.2.app/Contents/Developer/Toolchains/XcodeDefault.xctoolchain/usr/lib/swift/host/plugins -plugin-path /Applications/Xcode_16.2.app/Contents/Developer/Toolchains/XcodeDefault.xctoolchain/usr/local/lib/swift/host/plugins -enable-default-cmo -num-threads 3 -o /Users/runner/work/BaoJunKeyless/BaoJunKeyless/build/Build/Intermediates.noindex/BaoJunKeyless.build/Release-iphoneos/BaoJunKeyless.build/Objects-normal/arm64/AddressServiceSettings.o -o /Users/runner/work/BaoJunKeyless/BaoJunKeyless/build/Build/Intermediates.noindex/BaoJunKeyless.build/Release-iphoneos/BaoJunKeyless.build/Objects-normal/arm64/AppBackgroundView.o -o /Users/runner/work/BaoJunKeyless/BaoJunKeyless/build/Build/Intermediates.noindex/BaoJunKeyless.build/Release-iphoneos/BaoJunKeyless.build/Objects-normal/arm64/AppDiagnosticsSettings.o -o /Users/runner/work/BaoJunKeyless/BaoJunKeyless/build/Build/Intermediates.noindex/BaoJunKeyless.build/Release-iphoneos/BaoJunKeyless.build/Objects-normal/arm64/AppInfo.o -o /Users/runner/work/BaoJunKeyless/BaoJunKeyless/build/Build/Intermediates.noindex/BaoJunKeyless.build/Release-iphoneos/BaoJunKeyless.build/Objects-normal/arm64/AppNavigationContainerView.o -o /Users/runner/work/BaoJunKeyless/BaoJunKeyless/build/Build/Intermediates.noindex/BaoJunKeyless.build/Release-iphoneos/BaoJunKeyless.build/Objects-normal/arm64/AppScrollState.o -o /Users/runner/work/BaoJunKeyless/BaoJunKeyless/build/Build/Intermediates.noindex/BaoJunKeyless.build/Release-iphoneos/BaoJunKeyless.build/Objects-normal/arm64/AppTheme.o -o /Users/runner/work/BaoJunKeyless/BaoJunKeyless/build/Build/Intermediates.noindex/BaoJunKeyless.build/Release-iphoneos/BaoJunKeyless.build/Objects-normal/arm64/AppViewCompatibility.o -o /Users/runner/work/BaoJunKeyless/BaoJunKeyless/build/Build/Intermediates.noindex/BaoJunKeyless.build/Release-iphoneos/BaoJunKeyless.build/Objects-normal/arm64/BaoJunKeylessApp.o -o /Users/runner/work/BaoJunKeyless/BaoJunKeyless/build/Build/Intermediates.noindex/BaoJunKeyless.build/Release-iphoneos/BaoJunKeyless.build/Objects-normal/arm64/ChromeBarMetrics.o -o /Users/runner/work/BaoJunKeyless/BaoJunKeyless/build/Build/Intermediates.noindex/BaoJunKeyless.build/Release-iphoneos/BaoJunKeyless.build/Objects-normal/arm64/Components.o -o /Users/runner/work/BaoJunKeyless/BaoJunKeyless/build/Build/Intermediates.noindex/BaoJunKeyless.build/Release-iphoneos/BaoJunKeyless.build/Objects-normal/arm64/ContentView.o -o /Users/runner/work/BaoJunKeyless/BaoJunKeyless/build/Build/Intermediates.noindex/BaoJunKeyless.build/Release-iphoneos/BaoJunKeyless.build/Objects-normal/arm64/CrashLogger.o -o /Users/runner/work/BaoJunKeyless/BaoJunKeyless/build/Build/Intermediates.noindex/BaoJunKeyless.build/Release-iphoneos/BaoJunKeyless.build/Objects-normal/arm64/CustomAlertView.o -o /Users/runner/work/BaoJunKeyless/BaoJunKeyless/build/Build/Intermediates.noindex/BaoJunKeyless.build/Release-iphoneos/BaoJunKeyless.build/Objects-normal/arm64/CustomVibrationPattern.o -o /Users/runner/work/BaoJunKeyless/BaoJunKeyless/build/Build/Intermediates.noindex/BaoJunKeyless.build/Release-iphoneos/BaoJunKeyless.build/Objects-normal/arm64/KeylessSections.o -o /Users/runner/work/BaoJunKeyless/BaoJunKeyless/build/Build/Intermediates.noindex/BaoJunKeyless.build/Release-iphoneos/BaoJunKeyless.build/Objects-normal/arm64/KeylessSettingsStore.o -o /Users/runner/work/BaoJunKeyless/BaoJunKeyless/build/Build/Intermediates.noindex/BaoJunKeyless.build/Release-iphoneos/BaoJunKeyless.build/Objects-normal/arm64/KeylessView.o -o /Users/runner/work/BaoJunKeyless/BaoJunKeyless/build/Build/Intermediates.noindex/BaoJunKeyless.build/Release-iphoneos/BaoJunKeyless.build/Objects-normal/arm64/LocationManager.o -o /Users/runner/work/BaoJunKeyless/BaoJunKeyless/build/Build/Intermediates.noindex/BaoJunKeyless.build/Release-iphoneos/BaoJunKeyless.build/Objects-normal/arm64/LocationResolver.o -o /Users/runner/work/BaoJunKeyless/BaoJunKeyless/build/Build/Intermediates.noindex/BaoJunKeyless.build/Release-iphoneos/BaoJunKeyless.build/Objects-normal/arm64/LogView.o -o /Users/runner/work/BaoJunKeyless/BaoJunKeyless/build/Build/Intermediates.noindex/BaoJunKeyless.build/Release-iphoneos/BaoJunKeyless.build/Objects-normal/arm64/MenuBarView.o -o /Users/runner/work/BaoJunKeyless/BaoJunKeyless/build/Build/Intermediates.noindex/BaoJunKeyless.build/Release-iphoneos/BaoJunKeyless.build/Objects-normal/arm64/Models.o -o /Users/runner/work/BaoJunKeyless/BaoJunKeyless/build/Build/Intermediates.noindex/BaoJunKeyless.build/Release-iphoneos/BaoJunKeyless.build/Objects-normal/arm64/MotionManager.o -o /Users/runner/work/BaoJunKeyless/BaoJunKeyless/build/Build/Intermediates.noindex/BaoJunKeyless.build/Release-iphoneos/BaoJunKeyless.build/Objects-normal/arm64/PageHeaderView.o -o /Users/runner/work/BaoJunKeyless/BaoJunKeyless/build/Build/Intermediates.noindex/BaoJunKeyless.build/Release-iphoneos/BaoJunKeyless.build/Objects-normal/arm64/PhotoPicker.o -o /Users/runner/work/BaoJunKeyless/BaoJunKeyless/build/Build/Intermediates.noindex/BaoJunKeyless.build/Release-iphoneos/BaoJunKeyless.build/Objects-normal/arm64/RadarView.o -o /Users/runner/work/BaoJunKeyless/BaoJunKeyless/build/Build/Intermediates.noindex/BaoJunKeyless.build/Release-iphoneos/BaoJunKeyless.build/Objects-normal/arm64/RowDividerView.o -o /Users/runner/work/BaoJunKeyless/BaoJunKeyless/build/Build/Intermediates.noindex/BaoJunKeyless.build/Release-iphoneos/BaoJunKeyless.build/Objects-normal/arm64/SectionHeadingView.o -o /Users/runner/work/BaoJunKeyless/BaoJunKeyless/build/Build/Intermediates.noindex/BaoJunKeyless.build/Release-iphoneos/BaoJunKeyless.build/Objects-normal/arm64/SettingsEntryButtonView.o -o /Users/runner/work/BaoJunKeyless/BaoJunKeyless/build/Build/Intermediates.noindex/BaoJunKeyless.build/Release-iphoneos/BaoJunKeyless.build/Objects-normal/arm64/SettingsInlineActionRowView.o -o /Users/runner/work/BaoJunKeyless/BaoJunKeyless/build/Build/Intermediates.noindex/BaoJunKeyless.build/Release-iphoneos/BaoJunKeyless.build/Objects-normal/arm64/SettingsPanelView.o -o /Users/runner/work/BaoJunKeyless/BaoJunKeyless/build/Build/Intermediates.noindex/BaoJunKeyless.build/Release-iphoneos/BaoJunKeyless.build/Objects-normal/arm64/SettingsSections.o -o /Users/runner/work/BaoJunKeyless/BaoJunKeyless/build/Build/Intermediates.noindex/BaoJunKeyless.build/Release-iphoneos/BaoJunKeyless.build/Objects-normal/arm64/SettingsStatusRowView.o -o /Users/runner/work/BaoJunKeyless/BaoJunKeyless/build/Build/Intermediates.noindex/BaoJunKeyless.build/Release-iphoneos/BaoJunKeyless.build/Objects-normal/arm64/SettingsView.o -o /Users/runner/work/BaoJunKeyless/BaoJunKeyless/build/Build/Intermediates.noindex/BaoJunKeyless.build/Release-iphoneos/BaoJunKeyless.build/Objects-normal/arm64/ShareSheet.o -o /Users/runner/work/BaoJunKeyless/BaoJunKeyless/build/Build/Intermediates.noindex/BaoJunKeyless.build/Release-iphoneos/BaoJunKeyless.build/Objects-normal/arm64/StatusCards.o -o /Users/runner/work/BaoJunKeyless/BaoJunKeyless/build/Build/Intermediates.noindex/BaoJunKeyless.build/Release-iphoneos/BaoJunKeyless.build/Objects-normal/arm64/StatusSections.o -o /Users/runner/work/BaoJunKeyless/BaoJunKeyless/build/Build/Intermediates.noindex/BaoJunKeyless.build/Release-iphoneos/BaoJunKeyless.build/Objects-normal/arm64/StatusView.o -o /Users/runner/work/BaoJunKeyless/BaoJunKeyless/build/Build/Intermediates.noindex/BaoJunKeyless.build/Release-iphoneos/BaoJunKeyless.build/Objects-normal/arm64/ThemeImageSupport.o -o /Users/runner/work/BaoJunKeyless/BaoJunKeyless/build/Build/Intermediates.noindex/BaoJunKeyless.build/Release-iphoneos/BaoJunKeyless.build/Objects-normal/arm64/ThemeManager.o -o /Users/runner/work/BaoJunKeyless/BaoJunKeyless/build/Build/Intermediates.noindex/BaoJunKeyless.build/Release-iphoneos/BaoJunKeyless.build/Objects-normal/arm64/ThemeOptionCardView.o -o /Users/runner/work/BaoJunKeyless/BaoJunKeyless/build/Build/Intermediates.noindex/BaoJunKeyless.build/Release-iphoneos/BaoJunKeyless.build/Objects-normal/arm64/VehicleEventLogStore.o -o /Users/runner/work/BaoJunKeyless/BaoJunKeyless/build/Build/Intermediates.noindex/BaoJunKeyless.build/Release-iphoneos/BaoJunKeyless.build/Objects-normal/arm64/VibrationRecorderView.o -index-unit-output-path /BaoJunKeyless.build/Release-iphoneos/BaoJunKeyless.build/Objects-normal/arm64/AddressServiceSettings.o -index-unit-output-path /BaoJunKeyless.build/Release-iphoneos/BaoJunKeyless.build/Objects-normal/arm64/AppBackgroundView.o -index-unit-output-path /BaoJunKeyless.build/Release-iphoneos/BaoJunKeyless.build/Objects-normal/arm64/AppDiagnosticsSettings.o -index-unit-output-path /BaoJunKeyless.build/Release-iphoneos/BaoJunKeyless.build/Objects-normal/arm64/AppInfo.o -index-unit-output-path /BaoJunKeyless.build/Release-iphoneos/BaoJunKeyless.build/Objects-normal/arm64/AppNavigationContainerView.o -index-unit-output-path /BaoJunKeyless.build/Release-iphoneos/BaoJunKeyless.build/Objects-normal/arm64/AppScrollState.o -index-unit-output-path /BaoJunKeyless.build/Release-iphoneos/BaoJunKeyless.build/Objects-normal/arm64/AppTheme.o -index-unit-output-path /BaoJunKeyless.build/Release-iphoneos/BaoJunKeyless.build/Objects-normal/arm64/AppViewCompatibility.o -index-unit-output-path /BaoJunKeyless.build/Release-iphoneos/BaoJunKeyless.build/Objects-normal/arm64/BaoJunKeylessApp.o -index-unit-output-path /BaoJunKeyless.build/Release-iphoneos/BaoJunKeyless.build/Objects-normal/arm64/ChromeBarMetrics.o -index-unit-output-path /BaoJunKeyless.build/Release-iphoneos/BaoJunKeyless.build/Objects-normal/arm64/Components.o -index-unit-output-path /BaoJunKeyless.build/Release-iphoneos/BaoJunKeyless.build/Objects-normal/arm64/ContentView.o -index-unit-output-path /BaoJunKeyless.build/Release-iphoneos/BaoJunKeyless.build/Objects-normal/arm64/CrashLogger.o -index-unit-output-path /BaoJunKeyless.build/Release-iphoneos/BaoJunKeyless.build/Objects-normal/arm64/CustomAlertView.o -index-unit-output-path /BaoJunKeyless.build/Release-iphoneos/BaoJunKeyless.build/Objects-normal/arm64/CustomVibrationPattern.o -index-unit-output-path /BaoJunKeyless.build/Release-iphoneos/BaoJunKeyless.build/Objects-normal/arm64/KeylessSections.o -index-unit-output-path /BaoJunKeyless.build/Release-iphoneos/BaoJunKeyless.build/Objects-normal/arm64/KeylessSettingsStore.o -index-unit-output-path /BaoJunKeyless.build/Release-iphoneos/BaoJunKeyless.build/Objects-normal/arm64/KeylessView.o -index-unit-output-path /BaoJunKeyless.build/Release-iphoneos/BaoJunKeyless.build/Objects-normal/arm64/LocationManager.o -index-unit-output-path /BaoJunKeyless.build/Release-iphoneos/BaoJunKeyless.build/Objects-normal/arm64/LocationResolver.o -index-unit-output-path /BaoJunKeyless.build/Release-iphoneos/BaoJunKeyless.build/Objects-normal/arm64/LogView.o -index-unit-output-path /BaoJunKeyless.build/Release-iphoneos/BaoJunKeyless.build/Objects-normal/arm64/MenuBarView.o -index-unit-output-path /BaoJunKeyless.build/Release-iphoneos/BaoJunKeyless.build/Objects-normal/arm64/Models.o -index-unit-output-path /BaoJunKeyless.build/Release-iphoneos/BaoJunKeyless.build/Objects-normal/arm64/MotionManager.o -index-unit-output-path /BaoJunKeyless.build/Release-iphoneos/BaoJunKeyless.build/Objects-normal/arm64/PageHeaderView.o -index-unit-output-path /BaoJunKeyless.build/Release-iphoneos/BaoJunKeyless.build/Objects-normal/arm64/PhotoPicker.o -index-unit-output-path /BaoJunKeyless.build/Release-iphoneos/BaoJunKeyless.build/Objects-normal/arm64/RadarView.o -index-unit-output-path /BaoJunKeyless.build/Release-iphoneos/BaoJunKeyless.build/Objects-normal/arm64/RowDividerView.o -index-unit-output-path /BaoJunKeyless.build/Release-iphoneos/BaoJunKeyless.build/Objects-normal/arm64/SectionHeadingView.o -index-unit-output-path /BaoJunKeyless.build/Release-iphoneos/BaoJunKeyless.build/Objects-normal/arm64/SettingsEntryButtonView.o -index-unit-output-path /BaoJunKeyless.build/Release-iphoneos/BaoJunKeyless.build/Objects-normal/arm64/SettingsInlineActionRowView.o -index-unit-output-path /BaoJunKeyless.build/Release-iphoneos/BaoJunKeyless.build/Objects-normal/arm64/SettingsPanelView.o -index-unit-output-path /BaoJunKeyless.build/Release-iphoneos/BaoJunKeyless.build/Objects-normal/arm64/SettingsSections.o -index-unit-output-path /BaoJunKeyless.build/Release-iphoneos/BaoJunKeyless.build/Objects-normal/arm64/SettingsStatusRowView.o -index-unit-output-path /BaoJunKeyless.build/Release-iphoneos/BaoJunKeyless.build/Objects-normal/arm64/SettingsView.o -index-unit-output-path /BaoJunKeyless.build/Release-iphoneos/BaoJunKeyless.build/Objects-normal/arm64/ShareSheet.o -index-unit-output-path /BaoJunKeyless.build/Release-iphoneos/BaoJunKeyless.build/Objects-normal/arm64/StatusCards.o -index-unit-output-path /BaoJunKeyless.build/Release-iphoneos/BaoJunKeyless.build/Objects-normal/arm64/StatusSections.o -index-unit-output-path /BaoJunKeyless.build/Release-iphoneos/BaoJunKeyless.build/Objects-normal/arm64/StatusView.o -index-unit-output-path /BaoJunKeyless.build/Release-iphoneos/BaoJunKeyless.build/Objects-normal/arm64/ThemeImageSupport.o -index-unit-output-path /BaoJunKeyless.build/Release-iphoneos/BaoJunKeyless.build/Objects-normal/arm64/ThemeManager.o -index-unit-output-path /BaoJunKeyless.build/Release-iphoneos/BaoJunKeyless.build/Objects-normal/arm64/ThemeOptionCardView.o -index-unit-output-path /BaoJunKeyless.build/Release-iphoneos/BaoJunKeyless.build/Objects-normal/arm64/VehicleEventLogStore.o -index-unit-output-path /BaoJunKeyless.build/Release-iphoneos/BaoJunKeyless.build/Objects-normal/arm64/VibrationRecorderView.o
2026-06-07T12:13:34.7002310Z /Users/runner/work/BaoJunKeyless/BaoJunKeyless/Sources/Views/RadarView.swift:612:54: error: 'nil' is not compatible with expected argument type 'Binding<String?>'
2026-06-07T12:13:34.7002980Z             SettingsAddressServiceSection(toastText: nil)
2026-06-07T12:13:34.7003270Z                                                      ^
2026-06-07T12:13:34.7003440Z 
2026-06-07T12:13:34.7003860Z note: Disabling previews because SWIFT_VERSION is set and SWIFT_OPTIMIZATION_LEVEL=-O, expected -Onone (in target 'BaoJunKeyless' from project 'BaoJunKeyless')
2026-06-07T12:13:34.7004430Z ** BUILD FAILED **
2026-06-07T12:13:34.7004530Z 
2026-06-07T12:13:34.7004540Z 
2026-06-07T12:13:34.7004660Z The following build commands failed:
2026-06-07T12:13:34.7005080Z 	CompileSwift normal arm64 (in target 'BaoJunKeyless' from project 'BaoJunKeyless')
2026-06-07T12:13:34.7054880Z 	SwiftCompile normal arm64 Compiling\ AddressServiceSettings.swift,\ AppBackgroundView.swift,\ AppDiagnosticsSettings.swift,\ AppInfo.swift,\ AppNavigationContainerView.swift,\ AppScrollState.swift,\ AppTheme.swift,\ AppViewCompatibility.swift,\ BaoJunKeylessApp.swift,\ ChromeBarMetrics.swift,\ Components.swift,\ ContentView.swift,\ CrashLogger.swift,\ CustomAlertView.swift,\ CustomVibrationPattern.swift,\ KeylessSections.swift,\ KeylessSettingsStore.swift,\ KeylessView.swift,\ LocationManager.swift,\ LocationResolver.swift,\ LogView.swift,\ MenuBarView.swift,\ Models.swift,\ MotionManager.swift,\ PageHeaderView.swift,\ PhotoPicker.swift,\ RadarView.swift,\ RowDividerView.swift,\ SectionHeadingView.swift,\ SettingsEntryButtonView.swift,\ SettingsInlineActionRowView.swift,\ SettingsPanelView.swift,\ SettingsSections.swift,\ SettingsStatusRowView.swift,\ SettingsView.swift,\ ShareSheet.swift,\ StatusCards.swift,\ StatusSections.swift,\ StatusView.swift,\ ThemeImageSupport.swift,\ ThemeManager.swift,\ ThemeOptionCardView.swift,\ VehicleEventLogStore.swift,\ VibrationRecorderView.swift /Users/runner/work/BaoJunKeyless/BaoJunKeyless/Sources/Services/AddressServiceSettings.swift /Users/runner/work/BaoJunKeyless/BaoJunKeyless/Sources/Theme/AppBackgroundView.swift /Users/runner/work/BaoJunKeyless/BaoJunKeyless/Sources/Models/AppDiagnosticsSettings.swift /Users/runner/work/BaoJunKeyless/BaoJunKeyless/Sources/Models/AppInfo.swift /Users/runner/work/BaoJunKeyless/BaoJunKeyless/Sources/Theme/AppNavigationContainerView.swift /Users/runner/work/BaoJunKeyless/BaoJunKeyless/Sources/Theme/AppScrollState.swift /Users/runner/work/BaoJunKeyless/BaoJunKeyless/Sources/Theme/AppTheme.swift /Users/runner/work/BaoJunKeyless/BaoJunKeyless/Sources/Theme/AppViewCompatibility.swift /Users/runner/work/BaoJunKeyless/BaoJunKeyless/Sources/App/BaoJunKeylessApp.swift /Users/runner/work/BaoJunKeyless/BaoJunKeyless/Sources/Theme/ChromeBarMetrics.swift /Users/runner/work/BaoJunKeyless/BaoJunKeyless/Sources/Components/Components.swift /Users/runner/work/BaoJunKeyless/BaoJunKeyless/Sources/Views/ContentView.swift /Users/runner/work/BaoJunKeyless/BaoJunKeyless/Sources/Models/CrashLogger.swift /Users/runner/work/BaoJunKeyless/BaoJunKeyless/Sources/Components/CustomAlertView.swift /Users/runner/work/BaoJunKeyless/BaoJunKeyless/Sources/Models/CustomVibrationPattern.swift /Users/runner/work/BaoJunKeyless/BaoJunKeyless/Sources/Views/Keyless/KeylessSections.swift /Users/runner/work/BaoJunKeyless/BaoJunKeyless/Sources/Models/KeylessSettingsStore.swift /Users/runner/work/BaoJunKeyless/BaoJunKeyless/Sources/Views/KeylessView.swift /Users/runner/work/BaoJunKeyless/BaoJunKeyless/Sources/Models/LocationManager.swift /Users/runner/work/BaoJunKeyless/BaoJunKeyless/Sources/Services/LocationResolver.swift /Users/runner/work/BaoJunKeyless/BaoJunKeyless/Sources/Views/LogView.swift /Users/runner/work/BaoJunKeyless/BaoJunKeyless/Sources/Theme/MenuBarView.swift /Users/runner/work/BaoJunKeyless/BaoJunKeyless/Sources/Models/Models.swift /Users/runner/work/BaoJunKeyless/BaoJunKeyless/Sources/Services/MotionManager.swift /Users/runner/work/BaoJunKeyless/BaoJunKeyless/Sources/Theme/PageHeaderView.swift /Users/runner/work/BaoJunKeyless/BaoJunKeyless/Sources/Views/Settings/PhotoPicker.swift /Users/runner/work/BaoJunKeyless/BaoJunKeyless/Sources/Views/RadarView.swift /Users/runner/work/BaoJunKeyless/BaoJunKeyless/Sources/Theme/RowDividerView.swift /Users/runner/work/BaoJunKeyless/BaoJunKeyless/Sources/Theme/SectionHeadingView.swift /Users/runner/work/BaoJunKeyless/BaoJunKeyless/Sources/Theme/SettingsEntryButtonView.swift /Users/runner/work/BaoJunKeyless/BaoJunKeyless/Sources/Theme/SettingsInlineActionRowView.swift /Users/runner/work/BaoJunKeyless/BaoJunKeyless/Sources/Theme/SettingsPanelView.swift /Users/runner/work/BaoJunKeyless/BaoJunKeyless/Sources/Views/Settings/SettingsSections.swift /Users/runner/work/BaoJunKeyless/BaoJunKeyless/Sources/Theme/SettingsStatusRowView.swift /Users/runner/work/BaoJunKeyless/BaoJunKeyless/Sources/Views/SettingsView.swift /Users/runner/work/BaoJunKeyless/BaoJunKeyless/Sources/Components/ShareSheet.swift /Users/runner/work/BaoJunKeyless/BaoJunKeyless/Sources/Views/Status/StatusCards.swift /Users/runner/work/BaoJunKeyless/BaoJunKeyless/Sources/Views/Status/StatusSections.swift /Users/runner/work/BaoJunKeyless/BaoJunKeyless/Sources/Views/StatusView.swift /Users/runner/work/BaoJunKeyless/BaoJunKeyless/Sources/Theme/ThemeImageSupport.swift /Users/runner/work/BaoJunKeyless/BaoJunKeyless/Sources/Theme/ThemeManager.swift /Users/runner/work/BaoJunKeyless/BaoJunKeyless/Sources/Theme/ThemeOptionCardView.swift /Users/runner/work/BaoJunKeyless/BaoJunKeyless/Sources/Models/VehicleEventLogStore.swift /Users/runner/work/BaoJunKeyless/BaoJunKeyless/Sources/Components/VibrationRecorderView.swift (in target 'BaoJunKeyless' from project 'BaoJunKeyless')
2026-06-07T12:13:34.7092800Z 	Building project BaoJunKeyless with scheme BaoJunKeyless and configuration Release
2026-06-07T12:13:34.7099520Z (3 failures)
2026-06-07T12:13:34.7597110Z ##[group]Run APP=build/Build/Products/Release-iphoneos/BaoJunKeyless.app
2026-06-07T12:13:34.7597710Z [36;1mAPP=build/Build/Products/Release-iphoneos/BaoJunKeyless.app[0m
2026-06-07T12:13:34.7598050Z [36;1mfind "$APP" -maxdepth 1 -ls[0m
2026-06-07T12:13:34.7598360Z [36;1mfile "$APP/BaoJunKeyless" || echo "NO BINARY"[0m
2026-06-07T12:13:35.1765400Z shell: /bin/bash -e {0}
2026-06-07T12:13:35.1766100Z env:
2026-06-07T12:13:35.1766500Z   BUILD_DATE: 20260607.2013
2026-06-07T12:13:35.1767150Z ##[endgroup]
2026-06-07T12:13:35.2556820Z 3478635        0 drwxr-xr-x    5 runner           staff                 160 Jun  7 12:13 build/Build/Products/Release-iphoneos/BaoJunKeyless.app
2026-06-07T12:13:35.2593210Z 3478636        0 drwxr-xr-x    5 runner           staff                 160 Jun  7 12:13 build/Build/Products/Release-iphoneos/BaoJunKeyless.app/Assets.xcassets
2026-06-07T12:13:35.2672870Z 3478642        8 -rw-r--r--    1 runner           staff                1307 Jun  7 12:13 build/Build/Products/Release-iphoneos/BaoJunKeyless.app/Info.plist
2026-06-07T12:13:35.2715170Z 3478643        8 -rw-r--r--    1 runner           staff                   8 Jun  7 12:13 build/Build/Products/Release-iphoneos/BaoJunKeyless.app/PkgInfo
2026-06-07T12:13:35.2934490Z build/Build/Products/Release-iphoneos/BaoJunKeyless.app/BaoJunKeyless: cannot open `build/Build/Products/Release-iphoneos/BaoJunKeyless.app/BaoJunKeyless' (No such file or directory)
2026-06-07T12:13:35.3269650Z ##[group]Run APP=build/Build/Products/Release-iphoneos/BaoJunKeyless.app
2026-06-07T12:13:35.3270120Z [36;1mAPP=build/Build/Products/Release-iphoneos/BaoJunKeyless.app[0m
2026-06-07T12:13:35.3270470Z [36;1mcodesign --force --deep --sign - "$APP" || true[0m
2026-06-07T12:13:35.3270780Z [36;1mmkdir -p Payload && cp -R "$APP" Payload/[0m
2026-06-07T12:13:35.3271050Z [36;1mzip -r -y BaoJunKeyless.ipa Payload[0m
2026-06-07T12:13:35.3271360Z [36;1mls -lh BaoJunKeyless.ipa[0m
2026-06-07T12:13:35.3271700Z [36;1munzip -l BaoJunKeyless.ipa | grep "BaoJunKeyless.app/BaoJunKeyless"[0m
2026-06-07T12:13:35.3309920Z shell: /bin/bash -e {0}
2026-06-07T12:13:35.3310210Z env:
2026-06-07T12:13:35.3310400Z   BUILD_DATE: 20260607.2013
2026-06-07T12:13:35.3310590Z ##[endgroup]
2026-06-07T12:13:35.4949240Z   adding: Payload/ (stored 0%)
2026-06-07T12:13:35.5094720Z   adding: Payload/BaoJunKeyless.app/ (stored 0%)
2026-06-07T12:13:35.5203420Z   adding: Payload/BaoJunKeyless.app/_CodeSignature/ (stored 0%)
2026-06-07T12:13:35.5310550Z   adding: Payload/BaoJunKeyless.app/_CodeSignature/CodeResources (deflated 75%)
2026-06-07T12:13:35.5367320Z   adding: Payload/BaoJunKeyless.app/_CodeSignature/CodeDirectory (deflated 20%)
2026-06-07T12:13:35.5379430Z   adding: Payload/BaoJunKeyless.app/_CodeSignature/CodeRequirements-1 (deflated 21%)
2026-06-07T12:13:35.5380680Z   adding: Payload/BaoJunKeyless.app/_CodeSignature/CodeSignature (stored 0%)
2026-06-07T12:13:35.5382400Z   adding: Payload/BaoJunKeyless.app/_CodeSignature/CodeRequirements (stored 0%)
2026-06-07T12:13:35.5383410Z   adding: Payload/BaoJunKeyless.app/Assets.xcassets/ (stored 0%)
2026-06-07T12:13:35.5405160Z   adding: Payload/BaoJunKeyless.app/Assets.xcassets/AppIcon.appiconset/ (stored 0%)
2026-06-07T12:13:35.5417050Z   adding: Payload/BaoJunKeyless.app/Assets.xcassets/AppIcon.appiconset/Contents.json (deflated 34%)
2026-06-07T12:13:35.5418080Z   adding: Payload/BaoJunKeyless.app/Assets.xcassets/AccentColor.colorset/ (stored 0%)
2026-06-07T12:13:35.5419640Z   adding: Payload/BaoJunKeyless.app/Assets.xcassets/AccentColor.colorset/Contents.json (deflated 27%)
2026-06-07T12:13:35.5422460Z   adding: Payload/BaoJunKeyless.app/Assets.xcassets/Contents.json (deflated 16%)
2026-06-07T12:13:35.5423430Z   adding: Payload/BaoJunKeyless.app/Info.plist (deflated 31%)
2026-06-07T12:13:35.5424570Z   adding: Payload/BaoJunKeyless.app/PkgInfo (deflated 38%)
2026-06-07T12:13:35.5425880Z -rw-r--r--  1 runner  staff   5.7K Jun  7 12:13 BaoJunKeyless.ipa
2026-06-07T12:13:35.5469060Z ##[error]Process completed with exit code 1.
2026-06-07T12:13:35.5692960Z Post job cleanup.
2026-06-07T12:13:36.1963910Z [command]/opt/homebrew/bin/git version
2026-06-07T12:13:36.2595020Z git version 2.54.0
2026-06-07T12:13:36.2722950Z Copying '/Users/runner/.gitconfig' to '/Users/runner/work/_temp/e38857f1-a199-485d-8b4c-d2422c4c5694/.gitconfig'
2026-06-07T12:13:36.2725530Z Temporarily overriding HOME='/Users/runner/work/_temp/e38857f1-a199-485d-8b4c-d2422c4c5694' before making global git config changes
2026-06-07T12:13:36.2729020Z Adding repository directory to the temporary git global config as a safe directory
2026-06-07T12:13:36.2730100Z [command]/opt/homebrew/bin/git config --global --add safe.directory /Users/runner/work/BaoJunKeyless/BaoJunKeyless
2026-06-07T12:13:36.3202720Z [command]/opt/homebrew/bin/git config --local --name-only --get-regexp core\.sshCommand
2026-06-07T12:13:36.3280970Z [command]/opt/homebrew/bin/git submodule foreach --recursive sh -c "git config --local --name-only --get-regexp 'core\.sshCommand' && git config --local --unset-all 'core.sshCommand' || :"
2026-06-07T12:13:36.4975180Z [command]/opt/homebrew/bin/git config --local --name-only --get-regexp http\.https\:\/\/github\.com\/\.extraheader
2026-06-07T12:13:36.4983520Z http.https://github.com/.extraheader
2026-06-07T12:13:36.5133660Z [command]/opt/homebrew/bin/git config --local --unset-all http.https://github.com/.extraheader
2026-06-07T12:13:36.5186660Z [command]/opt/homebrew/bin/git submodule foreach --recursive sh -c "git config --local --name-only --get-regexp 'http\.https\:\/\/github\.com\/\.extraheader' && git config --local --unset-all 'http.https://github.com/.extraheader' || :"
2026-06-07T12:13:36.7217840Z [command]/opt/homebrew/bin/git config --local --name-only --get-regexp ^includeIf\.gitdir:
2026-06-07T12:13:36.7535660Z [command]/opt/homebrew/bin/git submodule foreach --recursive git config --local --show-origin --name-only --get-regexp remote.origin.url
2026-06-07T12:13:36.8837340Z Cleaning up orphan processes
2026-06-07T12:13:37.9050530Z ##[warning]Node.js 20 actions are deprecated. The following actions are running on Node.js 20 and may not work as expected: actions/checkout@v4. Actions will be forced to run with Node.js 24 by default starting June 16th, 2026. Node.js 20 will be removed from the runner on September 16th, 2026. Please check if updated versions of these actions are available that support Node.js 24. To opt into Node.js 24 now, set the FORCE_JAVASCRIPT_ACTIONS_TO_NODE24=true environment variable on the runner or in your workflow file. Once Node.js 24 becomes the default, you can temporarily opt out by setting ACTIONS_ALLOW_USE_UNSECURE_NODE_VERSION=true. For more information see: https://github.blog/changelog/2025-09-19-deprecation-of-node-20-on-github-actions-runners/
