2026-06-07T10:08:30.1513520Z Current runner version: '2.334.0'
2026-06-07T10:08:30.1528440Z ##[group]Runner Image Provisioner
2026-06-07T10:08:30.1528960Z Hosted Compute Agent
2026-06-07T10:08:30.1529320Z Version: 20260520.533
2026-06-07T10:08:30.1529830Z Commit: 189110e25284a9812c124fd27b339e2fb4f2f9db
2026-06-07T10:08:30.1530310Z Build Date: 2026-05-20T17:44:04Z
2026-06-07T10:08:30.1530750Z Worker ID: {3db20ec5-875c-4cf6-98d9-f4bf89fca56c}
2026-06-07T10:08:30.1531200Z Azure Region: westus
2026-06-07T10:08:30.1531560Z ##[endgroup]
2026-06-07T10:08:30.1532440Z ##[group]Operating System
2026-06-07T10:08:30.1532810Z macOS
2026-06-07T10:08:30.1533140Z 15.7.7
2026-06-07T10:08:30.1533440Z 24G720
2026-06-07T10:08:30.1533770Z ##[endgroup]
2026-06-07T10:08:30.1534100Z ##[group]Runner Image
2026-06-07T10:08:30.1534460Z Image: macos-15-arm64
2026-06-07T10:08:30.1534810Z Version: 20260527.0100.1
2026-06-07T10:08:30.1535630Z Included Software: https://github.com/actions/runner-images/blob/macos-15-arm64/20260527.0100/images/macos/macos-15-arm64-Readme.md
2026-06-07T10:08:30.1536630Z Image Release: https://github.com/actions/runner-images/releases/tag/macos-15-arm64%2F20260527.0100
2026-06-07T10:08:30.1537260Z ##[endgroup]
2026-06-07T10:08:30.1538010Z ##[group]GITHUB_TOKEN Permissions
2026-06-07T10:08:30.1540520Z Contents: read
2026-06-07T10:08:30.1540880Z Metadata: read
2026-06-07T10:08:30.1541220Z Packages: read
2026-06-07T10:08:30.1541570Z ##[endgroup]
2026-06-07T10:08:30.1543040Z Secret source: Actions
2026-06-07T10:08:30.1543480Z Prepare workflow directory
2026-06-07T10:08:30.1796300Z Prepare all required actions
2026-06-07T10:08:30.1823760Z Getting action download info
2026-06-07T10:08:30.4352080Z Download action repository 'actions/checkout@v4' (SHA:34e114876b0b11c390a56381ad16ebd13914f8d5)
2026-06-07T10:08:30.7907950Z Download action repository 'actions/upload-artifact@v4' (SHA:ea165f8d65b6e75b540449e92b4886f43607fa02)
2026-06-07T10:08:31.0270950Z Complete job name: build
2026-06-07T10:08:31.0778170Z ##[group]Run actions/checkout@v4
2026-06-07T10:08:31.0778840Z with:
2026-06-07T10:08:31.0779200Z   repository: JK-GL/BaoJunKeyless
2026-06-07T10:08:31.0782440Z   token: ***
2026-06-07T10:08:31.0782780Z   ssh-strict: true
2026-06-07T10:08:31.0783120Z   ssh-user: git
2026-06-07T10:08:31.0783480Z   persist-credentials: true
2026-06-07T10:08:31.0783870Z   clean: true
2026-06-07T10:08:31.0784220Z   sparse-checkout-cone-mode: true
2026-06-07T10:08:31.0784630Z   fetch-depth: 1
2026-06-07T10:08:31.0784980Z   fetch-tags: false
2026-06-07T10:08:31.0785340Z   show-progress: true
2026-06-07T10:08:31.0785700Z   lfs: false
2026-06-07T10:08:31.0786030Z   submodules: false
2026-06-07T10:08:31.0786400Z   set-safe-directory: true
2026-06-07T10:08:31.0786890Z ##[endgroup]
2026-06-07T10:08:31.5513190Z Syncing repository: JK-GL/BaoJunKeyless
2026-06-07T10:08:31.5515040Z ##[group]Getting Git version info
2026-06-07T10:08:31.5516790Z Working directory is '/Users/runner/work/BaoJunKeyless/BaoJunKeyless'
2026-06-07T10:08:31.5539400Z [command]/opt/homebrew/bin/git version
2026-06-07T10:08:31.5862820Z git version 2.54.0
2026-06-07T10:08:31.5981020Z ##[endgroup]
2026-06-07T10:08:31.5986240Z Copying '/Users/runner/.gitconfig' to '/Users/runner/work/_temp/32db44db-ea43-4e5a-af38-852267f61901/.gitconfig'
2026-06-07T10:08:31.5987630Z Temporarily overriding HOME='/Users/runner/work/_temp/32db44db-ea43-4e5a-af38-852267f61901' before making global git config changes
2026-06-07T10:08:31.5988910Z Adding repository directory to the temporary git global config as a safe directory
2026-06-07T10:08:31.5992070Z [command]/opt/homebrew/bin/git config --global --add safe.directory /Users/runner/work/BaoJunKeyless/BaoJunKeyless
2026-06-07T10:08:31.6068330Z Deleting the contents of '/Users/runner/work/BaoJunKeyless/BaoJunKeyless'
2026-06-07T10:08:31.6071330Z ##[group]Initializing the repository
2026-06-07T10:08:31.6075740Z [command]/opt/homebrew/bin/git init /Users/runner/work/BaoJunKeyless/BaoJunKeyless
2026-06-07T10:08:31.6556880Z hint: Using 'master' as the name for the initial branch. This default branch name
2026-06-07T10:08:31.6565570Z hint: will change to "main" in Git 3.0. To configure the initial branch name
2026-06-07T10:08:31.6567790Z hint: to use in all of your new repositories, which will suppress this warning,
2026-06-07T10:08:31.6569620Z hint: call:
2026-06-07T10:08:31.6570650Z hint:
2026-06-07T10:08:31.6572100Z hint: 	git config --global init.defaultBranch <name>
2026-06-07T10:08:31.6573750Z hint:
2026-06-07T10:08:31.6575080Z hint: Names commonly chosen instead of 'master' are 'main', 'trunk' and
2026-06-07T10:08:31.6577610Z hint: 'development'. The just-created branch can be renamed via this command:
2026-06-07T10:08:31.6581090Z hint:
2026-06-07T10:08:31.6581840Z hint: 	git branch -m <name>
2026-06-07T10:08:31.6582250Z hint:
2026-06-07T10:08:31.6582820Z hint: Disable this message with "git config set advice.defaultBranchName false"
2026-06-07T10:08:31.6584510Z Initialized empty Git repository in /Users/runner/work/BaoJunKeyless/BaoJunKeyless/.git/
2026-06-07T10:08:31.6587130Z [command]/opt/homebrew/bin/git remote add origin https://github.com/JK-GL/BaoJunKeyless
2026-06-07T10:08:31.6704080Z ##[endgroup]
2026-06-07T10:08:31.6704900Z ##[group]Disabling automatic garbage collection
2026-06-07T10:08:31.6705580Z [command]/opt/homebrew/bin/git config --local gc.auto 0
2026-06-07T10:08:31.6836690Z ##[endgroup]
2026-06-07T10:08:31.6837610Z ##[group]Setting up auth
2026-06-07T10:08:31.6838730Z [command]/opt/homebrew/bin/git config --local --name-only --get-regexp core\.sshCommand
2026-06-07T10:08:31.6949490Z [command]/opt/homebrew/bin/git submodule foreach --recursive sh -c "git config --local --name-only --get-regexp 'core\.sshCommand' && git config --local --unset-all 'core.sshCommand' || :"
2026-06-07T10:08:31.7943010Z [command]/opt/homebrew/bin/git config --local --name-only --get-regexp http\.https\:\/\/github\.com\/\.extraheader
2026-06-07T10:08:31.8000070Z [command]/opt/homebrew/bin/git submodule foreach --recursive sh -c "git config --local --name-only --get-regexp 'http\.https\:\/\/github\.com\/\.extraheader' && git config --local --unset-all 'http.https://github.com/.extraheader' || :"
2026-06-07T10:08:31.8716390Z [command]/opt/homebrew/bin/git config --local --name-only --get-regexp ^includeIf\.gitdir:
2026-06-07T10:08:31.8795290Z [command]/opt/homebrew/bin/git submodule foreach --recursive git config --local --show-origin --name-only --get-regexp remote.origin.url
2026-06-07T10:08:31.9787820Z [command]/opt/homebrew/bin/git config --local http.https://github.com/.extraheader AUTHORIZATION: basic ***
2026-06-07T10:08:31.9827910Z ##[endgroup]
2026-06-07T10:08:31.9828840Z ##[group]Fetching the repository
2026-06-07T10:08:31.9833320Z [command]/opt/homebrew/bin/git -c protocol.version=2 fetch --no-tags --prune --no-recurse-submodules --depth=1 origin +fb6cea4e6f49ec7788939b7f86af18b5d5a71bc1:refs/remotes/origin/main
2026-06-07T10:08:32.7505460Z From https://github.com/JK-GL/BaoJunKeyless
2026-06-07T10:08:32.7507440Z  * [new ref]         fb6cea4e6f49ec7788939b7f86af18b5d5a71bc1 -> origin/main
2026-06-07T10:08:32.7609850Z ##[endgroup]
2026-06-07T10:08:32.7612530Z ##[group]Determining the checkout info
2026-06-07T10:08:32.7615040Z ##[endgroup]
2026-06-07T10:08:32.7616590Z [command]/opt/homebrew/bin/git sparse-checkout disable
2026-06-07T10:08:32.7684440Z [command]/opt/homebrew/bin/git config --local --unset-all extensions.worktreeConfig
2026-06-07T10:08:32.7746590Z ##[group]Checking out the ref
2026-06-07T10:08:32.7748470Z [command]/opt/homebrew/bin/git checkout --progress --force -B main refs/remotes/origin/main
2026-06-07T10:08:32.7986150Z Switched to a new branch 'main'
2026-06-07T10:08:32.8007830Z branch 'main' set up to track 'origin/main'.
2026-06-07T10:08:32.8021440Z ##[endgroup]
2026-06-07T10:08:32.8100750Z [command]/opt/homebrew/bin/git log -1 --format=%H
2026-06-07T10:08:32.8176900Z fb6cea4e6f49ec7788939b7f86af18b5d5a71bc1
2026-06-07T10:08:32.8475180Z ##[group]Run sudo xcode-select -s /Applications/Xcode_16.2.app/Contents/Developer
2026-06-07T10:08:32.8478040Z [36;1msudo xcode-select -s /Applications/Xcode_16.2.app/Contents/Developer[0m
2026-06-07T10:08:32.8587980Z shell: /bin/bash -e {0}
2026-06-07T10:08:32.8589890Z ##[endgroup]
2026-06-07T10:08:32.9639880Z ##[group]Run brew install xcodegen
2026-06-07T10:08:32.9640800Z [36;1mbrew install xcodegen[0m
2026-06-07T10:08:32.9677240Z shell: /bin/bash -e {0}
2026-06-07T10:08:32.9678000Z ##[endgroup]
2026-06-07T10:08:37.9714280Z ✔︎ JSON API formula_tap_migrations.jws.json
2026-06-07T10:08:37.9714930Z ✔︎ JSON API cask_tap_migrations.jws.json
2026-06-07T10:08:39.7687540Z Inspect the formula dependency plan before installing with `brew install --ask`.
2026-06-07T10:08:39.7688240Z Enable ask mode by setting `HOMEBREW_ASK=1`.
2026-06-07T10:08:39.7688730Z Hide these hints with `HOMEBREW_NO_ENV_HINTS=1` (see `man brew`).
2026-06-07T10:08:39.7689790Z [32m==>[0m [1mFetching downloads for: [32mxcodegen[39m[0m
2026-06-07T10:08:40.3237170Z ✔︎ Bottle Manifest xcodegen (2.45.4)
2026-06-07T10:08:41.1941560Z ✔︎ Bottle xcodegen (2.45.4)
2026-06-07T10:08:41.3390570Z [34m==>[0m [1mPouring xcodegen--2.45.4.arm64_sequoia.bottle.tar.gz[0m
2026-06-07T10:08:41.4780110Z 🍺  /opt/homebrew/Cellar/xcodegen/2.45.4: 38 files, 7.4MB
2026-06-07T10:08:41.5084880Z ##[group]Run echo "BUILD_DATE=$(TZ=Asia/Shanghai date +'%Y%m%d.%H%M')" >> "$GITHUB_ENV"
2026-06-07T10:08:41.5085490Z [36;1mecho "BUILD_DATE=$(TZ=Asia/Shanghai date +'%Y%m%d.%H%M')" >> "$GITHUB_ENV"[0m
2026-06-07T10:08:41.5116450Z shell: /bin/bash -e {0}
2026-06-07T10:08:41.5116640Z ##[endgroup]
2026-06-07T10:08:41.5581190Z ##[group]Run xcodegen generate
2026-06-07T10:08:41.5581480Z [36;1mxcodegen generate[0m
2026-06-07T10:08:41.5613060Z shell: /bin/bash -e {0}
2026-06-07T10:08:41.5613330Z env:
2026-06-07T10:08:41.5613580Z   BUILD_DATE: 20260607.1808
2026-06-07T10:08:41.5613770Z ##[endgroup]
2026-06-07T10:08:41.6091750Z ⚙️  Generating plists...
2026-06-07T10:08:41.6092250Z ⚙️  Generating project...
2026-06-07T10:08:41.6191890Z ⚙️  Writing project...
2026-06-07T10:08:41.6250270Z Created project at /Users/runner/work/BaoJunKeyless/BaoJunKeyless/BaoJunKeyless.xcodeproj
2026-06-07T10:08:41.6279820Z ##[group]Run xcodebuild \
2026-06-07T10:08:41.6280210Z [36;1mxcodebuild \[0m
2026-06-07T10:08:41.6280460Z [36;1m  -project BaoJunKeyless.xcodeproj \[0m
2026-06-07T10:08:41.6280750Z [36;1m  -scheme BaoJunKeyless \[0m
2026-06-07T10:08:41.6281040Z [36;1m  -sdk iphoneos \[0m
2026-06-07T10:08:41.6281290Z [36;1m  -configuration Release \[0m
2026-06-07T10:08:41.6281540Z [36;1m  -derivedDataPath build \[0m
2026-06-07T10:08:41.6281770Z [36;1m  CODE_SIGNING_ALLOWED=NO \[0m
2026-06-07T10:08:41.6282060Z [36;1m  CODE_SIGNING_REQUIRED=NO \[0m
2026-06-07T10:08:41.6282450Z [36;1m  COPY_PHASE_STRIP=NO \[0m
2026-06-07T10:08:41.6282780Z [36;1m  CURRENT_PROJECT_VERSION="$BUILD_DATE" 2>&1 | tail -30[0m
2026-06-07T10:08:41.6320800Z shell: /bin/bash -e {0}
2026-06-07T10:08:41.6321060Z env:
2026-06-07T10:08:41.6321230Z   BUILD_DATE: 20260607.1808
2026-06-07T10:08:41.6321630Z ##[endgroup]
2026-06-07T10:09:03.3940880Z     cd /Users/runner/work/BaoJunKeyless/BaoJunKeyless
2026-06-07T10:09:03.3960360Z     builtin-SwiftDriver -- /Applications/Xcode_16.2.app/Contents/Developer/Toolchains/XcodeDefault.xctoolchain/usr/bin/swiftc -module-name BaoJunKeyless -O -whole-module-optimization -enforce-exclusivity\=checked @/Users/runner/work/BaoJunKeyless/BaoJunKeyless/build/Build/Intermediates.noindex/BaoJunKeyless.build/Release-iphoneos/BaoJunKeyless.build/Objects-normal/arm64/BaoJunKeyless.SwiftFileList -enable-bare-slash-regex -enable-experimental-feature DebugDescriptionMacro -sdk /Applications/Xcode_16.2.app/Contents/Developer/Platforms/iPhoneOS.platform/Developer/SDKs/iPhoneOS18.2.sdk -target arm64-apple-ios15.0 -g -module-cache-path /Users/runner/work/BaoJunKeyless/BaoJunKeyless/build/ModuleCache.noindex -Xfrontend -serialize-debugging-options -swift-version 5 -I /Users/runner/work/BaoJunKeyless/BaoJunKeyless/build/Build/Products/Release-iphoneos -F /Users/runner/work/BaoJunKeyless/BaoJunKeyless/build/Build/Products/Release-iphoneos -c -num-threads 3 -Xcc -ivfsstatcache -Xcc /Users/runner/work/BaoJunKeyless/BaoJunKeyless/build/SDKStatCaches.noindex/iphoneos18.2-22C146-6f6929c68f51360d5ca70a73a7e0c2f9.sdkstatcache -output-file-map /Users/runner/work/BaoJunKeyless/BaoJunKeyless/build/Build/Intermediates.noindex/BaoJunKeyless.build/Release-iphoneos/BaoJunKeyless.build/Objects-normal/arm64/BaoJunKeyless-OutputFileMap.json -use-frontend-parseable-output -save-temps -no-color-diagnostics -serialize-diagnostics -emit-dependencies -emit-module -emit-module-path /Users/runner/work/BaoJunKeyless/BaoJunKeyless/build/Build/Intermediates.noindex/BaoJunKeyless.build/Release-iphoneos/BaoJunKeyless.build/Objects-normal/arm64/BaoJunKeyless.swiftmodule -validate-clang-modules-once -clang-build-session-file /Users/runner/work/BaoJunKeyless/BaoJunKeyless/build/ModuleCache.noindex/Session.modulevalidation -Xcc -I/Users/runner/work/BaoJunKeyless/BaoJunKeyless/build/Build/Intermediates.noindex/BaoJunKeyless.build/Release-iphoneos/BaoJunKeyless.build/swift-overrides.hmap -emit-const-values -Xfrontend -const-gather-protocols-file -Xfrontend /Users/runner/work/BaoJunKeyless/BaoJunKeyless/build/Build/Intermediates.noindex/BaoJunKeyless.build/Release-iphoneos/BaoJunKeyless.build/Objects-normal/arm64/BaoJunKeyless_const_extract_protocols.json -Xcc -iquote -Xcc /Users/runner/work/BaoJunKeyless/BaoJunKeyless/build/Build/Intermediates.noindex/BaoJunKeyless.build/Release-iphoneos/BaoJunKeyless.build/BaoJunKeyless-generated-files.hmap -Xcc -I/Users/runner/work/BaoJunKeyless/BaoJunKeyless/build/Build/Intermediates.noindex/BaoJunKeyless.build/Release-iphoneos/BaoJunKeyless.build/BaoJunKeyless-own-target-headers.hmap -Xcc -I/Users/runner/work/BaoJunKeyless/BaoJunKeyless/build/Build/Intermediates.noindex/BaoJunKeyless.build/Release-iphoneos/BaoJunKeyless.build/BaoJunKeyless-all-target-headers.hmap -Xcc -iquote -Xcc /Users/runner/work/BaoJunKeyless/BaoJunKeyless/build/Build/Intermediates.noindex/BaoJunKeyless.build/Release-iphoneos/BaoJunKeyless.build/BaoJunKeyless-project-headers.hmap -Xcc -I/Users/runner/work/BaoJunKeyless/BaoJunKeyless/build/Build/Products/Release-iphoneos/include -Xcc -I/Users/runner/work/BaoJunKeyless/BaoJunKeyless/build/Build/Intermediates.noindex/BaoJunKeyless.build/Release-iphoneos/BaoJunKeyless.build/DerivedSources-normal/arm64 -Xcc -I/Users/runner/work/BaoJunKeyless/BaoJunKeyless/build/Build/Intermediates.noindex/BaoJunKeyless.build/Release-iphoneos/BaoJunKeyless.build/DerivedSources/arm64 -Xcc -I/Users/runner/work/BaoJunKeyless/BaoJunKeyless/build/Build/Intermediates.noindex/BaoJunKeyless.build/Release-iphoneos/BaoJunKeyless.build/DerivedSources -emit-objc-header -emit-objc-header-path /Users/runner/work/BaoJunKeyless/BaoJunKeyless/build/Build/Intermediates.noindex/BaoJunKeyless.build/Release-iphoneos/BaoJunKeyless.build/Objects-normal/arm64/BaoJunKeyless-Swift.h -working-directory /Users/runner/work/BaoJunKeyless/BaoJunKeyless -no-emit-module-separately-wmo
2026-06-07T10:09:03.3986900Z 
2026-06-07T10:09:03.3987340Z SwiftDriver\ Compilation BaoJunKeyless normal arm64 com.apple.xcode.tools.swift.compiler (in target 'BaoJunKeyless' from project 'BaoJunKeyless')
2026-06-07T10:09:03.3988090Z     cd /Users/runner/work/BaoJunKeyless/BaoJunKeyless
2026-06-07T10:09:03.4000830Z     builtin-Swift-Compilation -- /Applications/Xcode_16.2.app/Contents/Developer/Toolchains/XcodeDefault.xctoolchain/usr/bin/swiftc -module-name BaoJunKeyless -O -whole-module-optimization -enforce-exclusivity\=checked @/Users/runner/work/BaoJunKeyless/BaoJunKeyless/build/Build/Intermediates.noindex/BaoJunKeyless.build/Release-iphoneos/BaoJunKeyless.build/Objects-normal/arm64/BaoJunKeyless.SwiftFileList -enable-bare-slash-regex -enable-experimental-feature DebugDescriptionMacro -sdk /Applications/Xcode_16.2.app/Contents/Developer/Platforms/iPhoneOS.platform/Developer/SDKs/iPhoneOS18.2.sdk -target arm64-apple-ios15.0 -g -module-cache-path /Users/runner/work/BaoJunKeyless/BaoJunKeyless/build/ModuleCache.noindex -Xfrontend -serialize-debugging-options -swift-version 5 -I /Users/runner/work/BaoJunKeyless/BaoJunKeyless/build/Build/Products/Release-iphoneos -F /Users/runner/work/BaoJunKeyless/BaoJunKeyless/build/Build/Products/Release-iphoneos -c -num-threads 3 -Xcc -ivfsstatcache -Xcc /Users/runner/work/BaoJunKeyless/BaoJunKeyless/build/SDKStatCaches.noindex/iphoneos18.2-22C146-6f6929c68f51360d5ca70a73a7e0c2f9.sdkstatcache -output-file-map /Users/runner/work/BaoJunKeyless/BaoJunKeyless/build/Build/Intermediates.noindex/BaoJunKeyless.build/Release-iphoneos/BaoJunKeyless.build/Objects-normal/arm64/BaoJunKeyless-OutputFileMap.json -use-frontend-parseable-output -save-temps -no-color-diagnostics -serialize-diagnostics -emit-dependencies -emit-module -emit-module-path /Users/runner/work/BaoJunKeyless/BaoJunKeyless/build/Build/Intermediates.noindex/BaoJunKeyless.build/Release-iphoneos/BaoJunKeyless.build/Objects-normal/arm64/BaoJunKeyless.swiftmodule -validate-clang-modules-once -clang-build-session-file /Users/runner/work/BaoJunKeyless/BaoJunKeyless/build/ModuleCache.noindex/Session.modulevalidation -Xcc -I/Users/runner/work/BaoJunKeyless/BaoJunKeyless/build/Build/Intermediates.noindex/BaoJunKeyless.build/Release-iphoneos/BaoJunKeyless.build/swift-overrides.hmap -emit-const-values -Xfrontend -const-gather-protocols-file -Xfrontend /Users/runner/work/BaoJunKeyless/BaoJunKeyless/build/Build/Intermediates.noindex/BaoJunKeyless.build/Release-iphoneos/BaoJunKeyless.build/Objects-normal/arm64/BaoJunKeyless_const_extract_protocols.json -Xcc -iquote -Xcc /Users/runner/work/BaoJunKeyless/BaoJunKeyless/build/Build/Intermediates.noindex/BaoJunKeyless.build/Release-iphoneos/BaoJunKeyless.build/BaoJunKeyless-generated-files.hmap -Xcc -I/Users/runner/work/BaoJunKeyless/BaoJunKeyless/build/Build/Intermediates.noindex/BaoJunKeyless.build/Release-iphoneos/BaoJunKeyless.build/BaoJunKeyless-own-target-headers.hmap -Xcc -I/Users/runner/work/BaoJunKeyless/BaoJunKeyless/build/Build/Intermediates.noindex/BaoJunKeyless.build/Release-iphoneos/BaoJunKeyless.build/BaoJunKeyless-all-target-headers.hmap -Xcc -iquote -Xcc /Users/runner/work/BaoJunKeyless/BaoJunKeyless/build/Build/Intermediates.noindex/BaoJunKeyless.build/Release-iphoneos/BaoJunKeyless.build/BaoJunKeyless-project-headers.hmap -Xcc -I/Users/runner/work/BaoJunKeyless/BaoJunKeyless/build/Build/Products/Release-iphoneos/include -Xcc -I/Users/runner/work/BaoJunKeyless/BaoJunKeyless/build/Build/Intermediates.noindex/BaoJunKeyless.build/Release-iphoneos/BaoJunKeyless.build/DerivedSources-normal/arm64 -Xcc -I/Users/runner/work/BaoJunKeyless/BaoJunKeyless/build/Build/Intermediates.noindex/BaoJunKeyless.build/Release-iphoneos/BaoJunKeyless.build/DerivedSources/arm64 -Xcc -I/Users/runner/work/BaoJunKeyless/BaoJunKeyless/build/Build/Intermediates.noindex/BaoJunKeyless.build/Release-iphoneos/BaoJunKeyless.build/DerivedSources -emit-objc-header -emit-objc-header-path /Users/runner/work/BaoJunKeyless/BaoJunKeyless/build/Build/Intermediates.noindex/BaoJunKeyless.build/Release-iphoneos/BaoJunKeyless.build/Objects-normal/arm64/BaoJunKeyless-Swift.h -working-directory /Users/runner/work/BaoJunKeyless/BaoJunKeyless -no-emit-module-separately-wmo
2026-06-07T10:09:03.4013350Z 
2026-06-07T10:09:03.4028460Z SwiftCompile normal arm64 Compiling\ AddressServiceSettings.swift,\ AppBackgroundView.swift,\ AppDiagnosticsSettings.swift,\ AppInfo.swift,\ AppNavigationContainerView.swift,\ AppScrollState.swift,\ AppTheme.swift,\ AppViewCompatibility.swift,\ BaoJunKeylessApp.swift,\ ChromeBarMetrics.swift,\ Components.swift,\ ContentView.swift,\ CrashLogger.swift,\ CustomAlertView.swift,\ CustomVibrationPattern.swift,\ KeylessSections.swift,\ KeylessSettingsStore.swift,\ KeylessView.swift,\ LocationManager.swift,\ LocationResolver.swift,\ LogView.swift,\ MenuBarView.swift,\ Models.swift,\ MotionManager.swift,\ PageHeaderView.swift,\ PhotoPicker.swift,\ RadarView.swift,\ RowDividerView.swift,\ SectionHeadingView.swift,\ SettingsEntryButtonView.swift,\ SettingsInlineActionRowView.swift,\ SettingsPanelView.swift,\ SettingsSections.swift,\ SettingsStatusRowView.swift,\ SettingsView.swift,\ ShareSheet.swift,\ StatusCards.swift,\ StatusSections.swift,\ StatusView.swift,\ ThemeImageSupport.swift,\ ThemeManager.swift,\ ThemeOptionCardView.swift,\ VehicleEventLogStore.swift,\ VibrationRecorderView.swift /Users/runner/work/BaoJunKeyless/BaoJunKeyless/Sources/Services/AddressServiceSettings.swift /Users/runner/work/BaoJunKeyless/BaoJunKeyless/Sources/Theme/AppBackgroundView.swift /Users/runner/work/BaoJunKeyless/BaoJunKeyless/Sources/Models/AppDiagnosticsSettings.swift /Users/runner/work/BaoJunKeyless/BaoJunKeyless/Sources/Models/AppInfo.swift /Users/runner/work/BaoJunKeyless/BaoJunKeyless/Sources/Theme/AppNavigationContainerView.swift /Users/runner/work/BaoJunKeyless/BaoJunKeyless/Sources/Theme/AppScrollState.swift /Users/runner/work/BaoJunKeyless/BaoJunKeyless/Sources/Theme/AppTheme.swift /Users/runner/work/BaoJunKeyless/BaoJunKeyless/Sources/Theme/AppViewCompatibility.swift /Users/runner/work/BaoJunKeyless/BaoJunKeyless/Sources/App/BaoJunKeylessApp.swift /Users/runner/work/BaoJunKeyless/BaoJunKeyless/Sources/Theme/ChromeBarMetrics.swift /Users/runner/work/BaoJunKeyless/BaoJunKeyless/Sources/Components/Components.swift /Users/runner/work/BaoJunKeyless/BaoJunKeyless/Sources/Views/ContentView.swift /Users/runner/work/BaoJunKeyless/BaoJunKeyless/Sources/Models/CrashLogger.swift /Users/runner/work/BaoJunKeyless/BaoJunKeyless/Sources/Components/CustomAlertView.swift /Users/runner/work/BaoJunKeyless/BaoJunKeyless/Sources/Models/CustomVibrationPattern.swift /Users/runner/work/BaoJunKeyless/BaoJunKeyless/Sources/Views/Keyless/KeylessSections.swift /Users/runner/work/BaoJunKeyless/BaoJunKeyless/Sources/Models/KeylessSettingsStore.swift /Users/runner/work/BaoJunKeyless/BaoJunKeyless/Sources/Views/KeylessView.swift /Users/runner/work/BaoJunKeyless/BaoJunKeyless/Sources/Models/LocationManager.swift /Users/runner/work/BaoJunKeyless/BaoJunKeyless/Sources/Services/LocationResolver.swift /Users/runner/work/BaoJunKeyless/BaoJunKeyless/Sources/Views/LogView.swift /Users/runner/work/BaoJunKeyless/BaoJunKeyless/Sources/Theme/MenuBarView.swift /Users/runner/work/BaoJunKeyless/BaoJunKeyless/Sources/Models/Models.swift /Users/runner/work/BaoJunKeyless/BaoJunKeyless/Sources/Services/MotionManager.swift /Users/runner/work/BaoJunKeyless/BaoJunKeyless/Sources/Theme/PageHeaderView.swift /Users/runner/work/BaoJunKeyless/BaoJunKeyless/Sources/Views/Settings/PhotoPicker.swift /Users/runner/work/BaoJunKeyless/BaoJunKeyless/Sources/Views/RadarView.swift /Users/runner/work/BaoJunKeyless/BaoJunKeyless/Sources/Theme/RowDividerView.swift /Users/runner/work/BaoJunKeyless/BaoJunKeyless/Sources/Theme/SectionHeadingView.swift /Users/runner/work/BaoJunKeyless/BaoJunKeyless/Sources/Theme/SettingsEntryButtonView.swift /Users/runner/work/BaoJunKeyless/BaoJunKeyless/Sources/Theme/SettingsInlineActionRowView.swift /Users/runner/work/BaoJunKeyless/BaoJunKeyless/Sources/Theme/SettingsPanelView.swift /Users/runner/work/BaoJunKeyless/BaoJunKeyless/Sources/Views/Settings/SettingsSections.swift /Users/runner/work/BaoJunKeyless/BaoJunKeyless/Sources/Theme/SettingsStatusRowView.swift /Users/runner/work/BaoJunKeyless/BaoJunKeyless/Sources/Views/SettingsView.swift /Users/runner/work/BaoJunKeyless/BaoJunKeyless/Sources/Components/ShareSheet.swift /Users/runner/work/BaoJunKeyless/BaoJunKeyless/Sources/Views/Status/StatusCards.swift /Users/runner/work/BaoJunKeyless/BaoJunKeyless/Sources/Views/Status/StatusSections.swift /Users/runner/work/BaoJunKeyless/BaoJunKeyless/Sources/Views/StatusView.swift /Users/runner/work/BaoJunKeyless/BaoJunKeyless/Sources/Theme/ThemeImageSupport.swift /Users/runner/work/BaoJunKeyless/BaoJunKeyless/Sources/Theme/ThemeManager.swift /Users/runner/work/BaoJunKeyless/BaoJunKeyless/Sources/Theme/ThemeOptionCardView.swift /Users/runner/work/BaoJunKeyless/BaoJunKeyless/Sources/Models/VehicleEventLogStore.swift /Users/runner/work/BaoJunKeyless/BaoJunKeyless/Sources/Components/VibrationRecorderView.swift (in target 'BaoJunKeyless' from project 'BaoJunKeyless')
2026-06-07T10:09:03.4043980Z     cd /Users/runner/work/BaoJunKeyless/BaoJunKeyless
2026-06-07T10:09:03.4119470Z     builtin-swiftTaskExecution -- /Applications/Xcode_16.2.app/Contents/Developer/Toolchains/XcodeDefault.xctoolchain/usr/bin/swift-frontend -frontend -c /Users/runner/work/BaoJunKeyless/BaoJunKeyless/Sources/Services/AddressServiceSettings.swift /Users/runner/work/BaoJunKeyless/BaoJunKeyless/Sources/Theme/AppBackgroundView.swift /Users/runner/work/BaoJunKeyless/BaoJunKeyless/Sources/Models/AppDiagnosticsSettings.swift /Users/runner/work/BaoJunKeyless/BaoJunKeyless/Sources/Models/AppInfo.swift /Users/runner/work/BaoJunKeyless/BaoJunKeyless/Sources/Theme/AppNavigationContainerView.swift /Users/runner/work/BaoJunKeyless/BaoJunKeyless/Sources/Theme/AppScrollState.swift /Users/runner/work/BaoJunKeyless/BaoJunKeyless/Sources/Theme/AppTheme.swift /Users/runner/work/BaoJunKeyless/BaoJunKeyless/Sources/Theme/AppViewCompatibility.swift /Users/runner/work/BaoJunKeyless/BaoJunKeyless/Sources/App/BaoJunKeylessApp.swift /Users/runner/work/BaoJunKeyless/BaoJunKeyless/Sources/Theme/ChromeBarMetrics.swift /Users/runner/work/BaoJunKeyless/BaoJunKeyless/Sources/Components/Components.swift /Users/runner/work/BaoJunKeyless/BaoJunKeyless/Sources/Views/ContentView.swift /Users/runner/work/BaoJunKeyless/BaoJunKeyless/Sources/Models/CrashLogger.swift /Users/runner/work/BaoJunKeyless/BaoJunKeyless/Sources/Components/CustomAlertView.swift /Users/runner/work/BaoJunKeyless/BaoJunKeyless/Sources/Models/CustomVibrationPattern.swift /Users/runner/work/BaoJunKeyless/BaoJunKeyless/Sources/Views/Keyless/KeylessSections.swift /Users/runner/work/BaoJunKeyless/BaoJunKeyless/Sources/Models/KeylessSettingsStore.swift /Users/runner/work/BaoJunKeyless/BaoJunKeyless/Sources/Views/KeylessView.swift /Users/runner/work/BaoJunKeyless/BaoJunKeyless/Sources/Models/LocationManager.swift /Users/runner/work/BaoJunKeyless/BaoJunKeyless/Sources/Services/LocationResolver.swift /Users/runner/work/BaoJunKeyless/BaoJunKeyless/Sources/Views/LogView.swift /Users/runner/work/BaoJunKeyless/BaoJunKeyless/Sources/Theme/MenuBarView.swift /Users/runner/work/BaoJunKeyless/BaoJunKeyless/Sources/Models/Models.swift /Users/runner/work/BaoJunKeyless/BaoJunKeyless/Sources/Services/MotionManager.swift /Users/runner/work/BaoJunKeyless/BaoJunKeyless/Sources/Theme/PageHeaderView.swift /Users/runner/work/BaoJunKeyless/BaoJunKeyless/Sources/Views/Settings/PhotoPicker.swift /Users/runner/work/BaoJunKeyless/BaoJunKeyless/Sources/Views/RadarView.swift /Users/runner/work/BaoJunKeyless/BaoJunKeyless/Sources/Theme/RowDividerView.swift /Users/runner/work/BaoJunKeyless/BaoJunKeyless/Sources/Theme/SectionHeadingView.swift /Users/runner/work/BaoJunKeyless/BaoJunKeyless/Sources/Theme/SettingsEntryButtonView.swift /Users/runner/work/BaoJunKeyless/BaoJunKeyless/Sources/Theme/SettingsInlineActionRowView.swift /Users/runner/work/BaoJunKeyless/BaoJunKeyless/Sources/Theme/SettingsPanelView.swift /Users/runner/work/BaoJunKeyless/BaoJunKeyless/Sources/Views/Settings/SettingsSections.swift /Users/runner/work/BaoJunKeyless/BaoJunKeyless/Sources/Theme/SettingsStatusRowView.swift /Users/runner/work/BaoJunKeyless/BaoJunKeyless/Sources/Views/SettingsView.swift /Users/runner/work/BaoJunKeyless/BaoJunKeyless/Sources/Components/ShareSheet.swift /Users/runner/work/BaoJunKeyless/BaoJunKeyless/Sources/Views/Status/StatusCards.swift /Users/runner/work/BaoJunKeyless/BaoJunKeyless/Sources/Views/Status/StatusSections.swift /Users/runner/work/BaoJunKeyless/BaoJunKeyless/Sources/Views/StatusView.swift /Users/runner/work/BaoJunKeyless/BaoJunKeyless/Sources/Theme/ThemeImageSupport.swift /Users/runner/work/BaoJunKeyless/BaoJunKeyless/Sources/Theme/ThemeManager.swift /Users/runner/work/BaoJunKeyless/BaoJunKeyless/Sources/Theme/ThemeOptionCardView.swift /Users/runner/work/BaoJunKeyless/BaoJunKeyless/Sources/Models/VehicleEventLogStore.swift /Users/runner/work/BaoJunKeyless/BaoJunKeyless/Sources/Components/VibrationRecorderView.swift -supplementary-output-file-map /Users/runner/work/BaoJunKeyless/BaoJunKeyless/build/Build/Intermediates.noindex/BaoJunKeyless.build/Release-iphoneos/BaoJunKeyless.build/Objects-normal/arm64/supplementaryOutputs-1 -target arm64-apple-ios15.0 -Xllvm -aarch64-use-tbi -enable-objc-interop -stack-check -sdk /Applications/Xcode_16.2.app/Contents/Developer/Platforms/iPhoneOS.platform/Developer/SDKs/iPhoneOS18.2.sdk -I /Users/runner/work/BaoJunKeyless/BaoJunKeyless/build/Build/Products/Release-iphoneos -F /Users/runner/work/BaoJunKeyless/BaoJunKeyless/build/Build/Products/Release-iphoneos -no-color-diagnostics -g -debug-info-format\=dwarf -dwarf-version\=4 -module-cache-path /Users/runner/work/BaoJunKeyless/BaoJunKeyless/build/ModuleCache.noindex -swift-version 5 -enforce-exclusivity\=checked -O -serialize-debugging-options -const-gather-protocols-file /Users/runner/work/BaoJunKeyless/BaoJunKeyless/build/Build/Intermediates.noindex/BaoJunKeyless.build/Release-iphoneos/BaoJunKeyless.build/Objects-normal/arm64/BaoJunKeyless_const_extract_protocols.json -enable-experimental-feature DebugDescriptionMacro -enable-bare-slash-regex -empty-abi-descriptor -validate-clang-modules-once -clang-build-session-file /Users/runner/work/BaoJunKeyless/BaoJunKeyless/build/ModuleCache.noindex/Session.modulevalidation -Xcc -working-directory -Xcc /Users/runner/work/BaoJunKeyless/BaoJunKeyless -resource-dir /Applications/Xcode_16.2.app/Contents/Developer/Toolchains/XcodeDefault.xctoolchain/usr/lib/swift -file-compilation-dir /Users/runner/work/BaoJunKeyless/BaoJunKeyless -Xcc -ivfsstatcache -Xcc /Users/runner/work/BaoJunKeyless/BaoJunKeyless/build/SDKStatCaches.noindex/iphoneos18.2-22C146-6f6929c68f51360d5ca70a73a7e0c2f9.sdkstatcache -Xcc -I/Users/runner/work/BaoJunKeyless/BaoJunKeyless/build/Build/Intermediates.noindex/BaoJunKeyless.build/Release-iphoneos/BaoJunKeyless.build/swift-overrides.hmap -Xcc -iquote -Xcc /Users/runner/work/BaoJunKeyless/BaoJunKeyless/build/Build/Intermediates.noindex/BaoJunKeyless.build/Release-iphoneos/BaoJunKeyless.build/BaoJunKeyless-generated-files.hmap -Xcc -I/Users/runner/work/BaoJunKeyless/BaoJunKeyless/build/Build/Intermediates.noindex/BaoJunKeyless.build/Release-iphoneos/BaoJunKeyless.build/BaoJunKeyless-own-target-headers.hmap -Xcc -I/Users/runner/work/BaoJunKeyless/BaoJunKeyless/build/Build/Intermediates.noindex/BaoJunKeyless.build/Release-iphoneos/BaoJunKeyless.build/BaoJunKeyless-all-target-headers.hmap -Xcc -iquote -Xcc /Users/runner/work/BaoJunKeyless/BaoJunKeyless/build/Build/Intermediates.noindex/BaoJunKeyless.build/Release-iphoneos/BaoJunKeyless.build/BaoJunKeyless-project-headers.hmap -Xcc -I/Users/runner/work/BaoJunKeyless/BaoJunKeyless/build/Build/Products/Release-iphoneos/include -Xcc -I/Users/runner/work/BaoJunKeyless/BaoJunKeyless/build/Build/Intermediates.noindex/BaoJunKeyless.build/Release-iphoneos/BaoJunKeyless.build/DerivedSources-normal/arm64 -Xcc -I/Users/runner/work/BaoJunKeyless/BaoJunKeyless/build/Build/Intermediates.noindex/BaoJunKeyless.build/Release-iphoneos/BaoJunKeyless.build/DerivedSources/arm64 -Xcc -I/Users/runner/work/BaoJunKeyless/BaoJunKeyless/build/Build/Intermediates.noindex/BaoJunKeyless.build/Release-iphoneos/BaoJunKeyless.build/DerivedSources -module-name BaoJunKeyless -frontend-parseable-output -disable-clang-spi -target-sdk-version 18.2 -target-sdk-name iphoneos18.2 -external-plugin-path /Applications/Xcode_16.2.app/Contents/Developer/Platforms/iPhoneOS.platform/Developer/usr/lib/swift/host/plugins\#/Applications/Xcode_16.2.app/Contents/Developer/Platforms/iPhoneOS.platform/Developer/usr/bin/swift-plugin-server -external-plugin-path /Applications/Xcode_16.2.app/Contents/Developer/Platforms/iPhoneOS.platform/Developer/usr/local/lib/swift/host/plugins\#/Applications/Xcode_16.2.app/Contents/Developer/Platforms/iPhoneOS.platform/Developer/usr/bin/swift-plugin-server -plugin-path /Applications/Xcode_16.2.app/Contents/Developer/Toolchains/XcodeDefault.xctoolchain/usr/lib/swift/host/plugins -plugin-path /Applications/Xcode_16.2.app/Contents/Developer/Toolchains/XcodeDefault.xctoolchain/usr/local/lib/swift/host/plugins -enable-default-cmo -num-threads 3 -o /Users/runner/work/BaoJunKeyless/BaoJunKeyless/build/Build/Intermediates.noindex/BaoJunKeyless.build/Release-iphoneos/BaoJunKeyless.build/Objects-normal/arm64/AddressServiceSettings.o -o /Users/runner/work/BaoJunKeyless/BaoJunKeyless/build/Build/Intermediates.noindex/BaoJunKeyless.build/Release-iphoneos/BaoJunKeyless.build/Objects-normal/arm64/AppBackgroundView.o -o /Users/runner/work/BaoJunKeyless/BaoJunKeyless/build/Build/Intermediates.noindex/BaoJunKeyless.build/Release-iphoneos/BaoJunKeyless.build/Objects-normal/arm64/AppDiagnosticsSettings.o -o /Users/runner/work/BaoJunKeyless/BaoJunKeyless/build/Build/Intermediates.noindex/BaoJunKeyless.build/Release-iphoneos/BaoJunKeyless.build/Objects-normal/arm64/AppInfo.o -o /Users/runner/work/BaoJunKeyless/BaoJunKeyless/build/Build/Intermediates.noindex/BaoJunKeyless.build/Release-iphoneos/BaoJunKeyless.build/Objects-normal/arm64/AppNavigationContainerView.o -o /Users/runner/work/BaoJunKeyless/BaoJunKeyless/build/Build/Intermediates.noindex/BaoJunKeyless.build/Release-iphoneos/BaoJunKeyless.build/Objects-normal/arm64/AppScrollState.o -o /Users/runner/work/BaoJunKeyless/BaoJunKeyless/build/Build/Intermediates.noindex/BaoJunKeyless.build/Release-iphoneos/BaoJunKeyless.build/Objects-normal/arm64/AppTheme.o -o /Users/runner/work/BaoJunKeyless/BaoJunKeyless/build/Build/Intermediates.noindex/BaoJunKeyless.build/Release-iphoneos/BaoJunKeyless.build/Objects-normal/arm64/AppViewCompatibility.o -o /Users/runner/work/BaoJunKeyless/BaoJunKeyless/build/Build/Intermediates.noindex/BaoJunKeyless.build/Release-iphoneos/BaoJunKeyless.build/Objects-normal/arm64/BaoJunKeylessApp.o -o /Users/runner/work/BaoJunKeyless/BaoJunKeyless/build/Build/Intermediates.noindex/BaoJunKeyless.build/Release-iphoneos/BaoJunKeyless.build/Objects-normal/arm64/ChromeBarMetrics.o -o /Users/runner/work/BaoJunKeyless/BaoJunKeyless/build/Build/Intermediates.noindex/BaoJunKeyless.build/Release-iphoneos/BaoJunKeyless.build/Objects-normal/arm64/Components.o -o /Users/runner/work/BaoJunKeyless/BaoJunKeyless/build/Build/Intermediates.noindex/BaoJunKeyless.build/Release-iphoneos/BaoJunKeyless.build/Objects-normal/arm64/ContentView.o -o /Users/runner/work/BaoJunKeyless/BaoJunKeyless/build/Build/Intermediates.noindex/BaoJunKeyless.build/Release-iphoneos/BaoJunKeyless.build/Objects-normal/arm64/CrashLogger.o -o /Users/runner/work/BaoJunKeyless/BaoJunKeyless/build/Build/Intermediates.noindex/BaoJunKeyless.build/Release-iphoneos/BaoJunKeyless.build/Objects-normal/arm64/CustomAlertView.o -o /Users/runner/work/BaoJunKeyless/BaoJunKeyless/build/Build/Intermediates.noindex/BaoJunKeyless.build/Release-iphoneos/BaoJunKeyless.build/Objects-normal/arm64/CustomVibrationPattern.o -o /Users/runner/work/BaoJunKeyless/BaoJunKeyless/build/Build/Intermediates.noindex/BaoJunKeyless.build/Release-iphoneos/BaoJunKeyless.build/Objects-normal/arm64/KeylessSections.o -o /Users/runner/work/BaoJunKeyless/BaoJunKeyless/build/Build/Intermediates.noindex/BaoJunKeyless.build/Release-iphoneos/BaoJunKeyless.build/Objects-normal/arm64/KeylessSettingsStore.o -o /Users/runner/work/BaoJunKeyless/BaoJunKeyless/build/Build/Intermediates.noindex/BaoJunKeyless.build/Release-iphoneos/BaoJunKeyless.build/Objects-normal/arm64/KeylessView.o -o /Users/runner/work/BaoJunKeyless/BaoJunKeyless/build/Build/Intermediates.noindex/BaoJunKeyless.build/Release-iphoneos/BaoJunKeyless.build/Objects-normal/arm64/LocationManager.o -o /Users/runner/work/BaoJunKeyless/BaoJunKeyless/build/Build/Intermediates.noindex/BaoJunKeyless.build/Release-iphoneos/BaoJunKeyless.build/Objects-normal/arm64/LocationResolver.o -o /Users/runner/work/BaoJunKeyless/BaoJunKeyless/build/Build/Intermediates.noindex/BaoJunKeyless.build/Release-iphoneos/BaoJunKeyless.build/Objects-normal/arm64/LogView.o -o /Users/runner/work/BaoJunKeyless/BaoJunKeyless/build/Build/Intermediates.noindex/BaoJunKeyless.build/Release-iphoneos/BaoJunKeyless.build/Objects-normal/arm64/MenuBarView.o -o /Users/runner/work/BaoJunKeyless/BaoJunKeyless/build/Build/Intermediates.noindex/BaoJunKeyless.build/Release-iphoneos/BaoJunKeyless.build/Objects-normal/arm64/Models.o -o /Users/runner/work/BaoJunKeyless/BaoJunKeyless/build/Build/Intermediates.noindex/BaoJunKeyless.build/Release-iphoneos/BaoJunKeyless.build/Objects-normal/arm64/MotionManager.o -o /Users/runner/work/BaoJunKeyless/BaoJunKeyless/build/Build/Intermediates.noindex/BaoJunKeyless.build/Release-iphoneos/BaoJunKeyless.build/Objects-normal/arm64/PageHeaderView.o -o /Users/runner/work/BaoJunKeyless/BaoJunKeyless/build/Build/Intermediates.noindex/BaoJunKeyless.build/Release-iphoneos/BaoJunKeyless.build/Objects-normal/arm64/PhotoPicker.o -o /Users/runner/work/BaoJunKeyless/BaoJunKeyless/build/Build/Intermediates.noindex/BaoJunKeyless.build/Release-iphoneos/BaoJunKeyless.build/Objects-normal/arm64/RadarView.o -o /Users/runner/work/BaoJunKeyless/BaoJunKeyless/build/Build/Intermediates.noindex/BaoJunKeyless.build/Release-iphoneos/BaoJunKeyless.build/Objects-normal/arm64/RowDividerView.o -o /Users/runner/work/BaoJunKeyless/BaoJunKeyless/build/Build/Intermediates.noindex/BaoJunKeyless.build/Release-iphoneos/BaoJunKeyless.build/Objects-normal/arm64/SectionHeadingView.o -o /Users/runner/work/BaoJunKeyless/BaoJunKeyless/build/Build/Intermediates.noindex/BaoJunKeyless.build/Release-iphoneos/BaoJunKeyless.build/Objects-normal/arm64/SettingsEntryButtonView.o -o /Users/runner/work/BaoJunKeyless/BaoJunKeyless/build/Build/Intermediates.noindex/BaoJunKeyless.build/Release-iphoneos/BaoJunKeyless.build/Objects-normal/arm64/SettingsInlineActionRowView.o -o /Users/runner/work/BaoJunKeyless/BaoJunKeyless/build/Build/Intermediates.noindex/BaoJunKeyless.build/Release-iphoneos/BaoJunKeyless.build/Objects-normal/arm64/SettingsPanelView.o -o /Users/runner/work/BaoJunKeyless/BaoJunKeyless/build/Build/Intermediates.noindex/BaoJunKeyless.build/Release-iphoneos/BaoJunKeyless.build/Objects-normal/arm64/SettingsSections.o -o /Users/runner/work/BaoJunKeyless/BaoJunKeyless/build/Build/Intermediates.noindex/BaoJunKeyless.build/Release-iphoneos/BaoJunKeyless.build/Objects-normal/arm64/SettingsStatusRowView.o -o /Users/runner/work/BaoJunKeyless/BaoJunKeyless/build/Build/Intermediates.noindex/BaoJunKeyless.build/Release-iphoneos/BaoJunKeyless.build/Objects-normal/arm64/SettingsView.o -o /Users/runner/work/BaoJunKeyless/BaoJunKeyless/build/Build/Intermediates.noindex/BaoJunKeyless.build/Release-iphoneos/BaoJunKeyless.build/Objects-normal/arm64/ShareSheet.o -o /Users/runner/work/BaoJunKeyless/BaoJunKeyless/build/Build/Intermediates.noindex/BaoJunKeyless.build/Release-iphoneos/BaoJunKeyless.build/Objects-normal/arm64/StatusCards.o -o /Users/runner/work/BaoJunKeyless/BaoJunKeyless/build/Build/Intermediates.noindex/BaoJunKeyless.build/Release-iphoneos/BaoJunKeyless.build/Objects-normal/arm64/StatusSections.o -o /Users/runner/work/BaoJunKeyless/BaoJunKeyless/build/Build/Intermediates.noindex/BaoJunKeyless.build/Release-iphoneos/BaoJunKeyless.build/Objects-normal/arm64/StatusView.o -o /Users/runner/work/BaoJunKeyless/BaoJunKeyless/build/Build/Intermediates.noindex/BaoJunKeyless.build/Release-iphoneos/BaoJunKeyless.build/Objects-normal/arm64/ThemeImageSupport.o -o /Users/runner/work/BaoJunKeyless/BaoJunKeyless/build/Build/Intermediates.noindex/BaoJunKeyless.build/Release-iphoneos/BaoJunKeyless.build/Objects-normal/arm64/ThemeManager.o -o /Users/runner/work/BaoJunKeyless/BaoJunKeyless/build/Build/Intermediates.noindex/BaoJunKeyless.build/Release-iphoneos/BaoJunKeyless.build/Objects-normal/arm64/ThemeOptionCardView.o -o /Users/runner/work/BaoJunKeyless/BaoJunKeyless/build/Build/Intermediates.noindex/BaoJunKeyless.build/Release-iphoneos/BaoJunKeyless.build/Objects-normal/arm64/VehicleEventLogStore.o -o /Users/runner/work/BaoJunKeyless/BaoJunKeyless/build/Build/Intermediates.noindex/BaoJunKeyless.build/Release-iphoneos/BaoJunKeyless.build/Objects-normal/arm64/VibrationRecorderView.o -index-unit-output-path /BaoJunKeyless.build/Release-iphoneos/BaoJunKeyless.build/Objects-normal/arm64/AddressServiceSettings.o -index-unit-output-path /BaoJunKeyless.build/Release-iphoneos/BaoJunKeyless.build/Objects-normal/arm64/AppBackgroundView.o -index-unit-output-path /BaoJunKeyless.build/Release-iphoneos/BaoJunKeyless.build/Objects-normal/arm64/AppDiagnosticsSettings.o -index-unit-output-path /BaoJunKeyless.build/Release-iphoneos/BaoJunKeyless.build/Objects-normal/arm64/AppInfo.o -index-unit-output-path /BaoJunKeyless.build/Release-iphoneos/BaoJunKeyless.build/Objects-normal/arm64/AppNavigationContainerView.o -index-unit-output-path /BaoJunKeyless.build/Release-iphoneos/BaoJunKeyless.build/Objects-normal/arm64/AppScrollState.o -index-unit-output-path /BaoJunKeyless.build/Release-iphoneos/BaoJunKeyless.build/Objects-normal/arm64/AppTheme.o -index-unit-output-path /BaoJunKeyless.build/Release-iphoneos/BaoJunKeyless.build/Objects-normal/arm64/AppViewCompatibility.o -index-unit-output-path /BaoJunKeyless.build/Release-iphoneos/BaoJunKeyless.build/Objects-normal/arm64/BaoJunKeylessApp.o -index-unit-output-path /BaoJunKeyless.build/Release-iphoneos/BaoJunKeyless.build/Objects-normal/arm64/ChromeBarMetrics.o -index-unit-output-path /BaoJunKeyless.build/Release-iphoneos/BaoJunKeyless.build/Objects-normal/arm64/Components.o -index-unit-output-path /BaoJunKeyless.build/Release-iphoneos/BaoJunKeyless.build/Objects-normal/arm64/ContentView.o -index-unit-output-path /BaoJunKeyless.build/Release-iphoneos/BaoJunKeyless.build/Objects-normal/arm64/CrashLogger.o -index-unit-output-path /BaoJunKeyless.build/Release-iphoneos/BaoJunKeyless.build/Objects-normal/arm64/CustomAlertView.o -index-unit-output-path /BaoJunKeyless.build/Release-iphoneos/BaoJunKeyless.build/Objects-normal/arm64/CustomVibrationPattern.o -index-unit-output-path /BaoJunKeyless.build/Release-iphoneos/BaoJunKeyless.build/Objects-normal/arm64/KeylessSections.o -index-unit-output-path /BaoJunKeyless.build/Release-iphoneos/BaoJunKeyless.build/Objects-normal/arm64/KeylessSettingsStore.o -index-unit-output-path /BaoJunKeyless.build/Release-iphoneos/BaoJunKeyless.build/Objects-normal/arm64/KeylessView.o -index-unit-output-path /BaoJunKeyless.build/Release-iphoneos/BaoJunKeyless.build/Objects-normal/arm64/LocationManager.o -index-unit-output-path /BaoJunKeyless.build/Release-iphoneos/BaoJunKeyless.build/Objects-normal/arm64/LocationResolver.o -index-unit-output-path /BaoJunKeyless.build/Release-iphoneos/BaoJunKeyless.build/Objects-normal/arm64/LogView.o -index-unit-output-path /BaoJunKeyless.build/Release-iphoneos/BaoJunKeyless.build/Objects-normal/arm64/MenuBarView.o -index-unit-output-path /BaoJunKeyless.build/Release-iphoneos/BaoJunKeyless.build/Objects-normal/arm64/Models.o -index-unit-output-path /BaoJunKeyless.build/Release-iphoneos/BaoJunKeyless.build/Objects-normal/arm64/MotionManager.o -index-unit-output-path /BaoJunKeyless.build/Release-iphoneos/BaoJunKeyless.build/Objects-normal/arm64/PageHeaderView.o -index-unit-output-path /BaoJunKeyless.build/Release-iphoneos/BaoJunKeyless.build/Objects-normal/arm64/PhotoPicker.o -index-unit-output-path /BaoJunKeyless.build/Release-iphoneos/BaoJunKeyless.build/Objects-normal/arm64/RadarView.o -index-unit-output-path /BaoJunKeyless.build/Release-iphoneos/BaoJunKeyless.build/Objects-normal/arm64/RowDividerView.o -index-unit-output-path /BaoJunKeyless.build/Release-iphoneos/BaoJunKeyless.build/Objects-normal/arm64/SectionHeadingView.o -index-unit-output-path /BaoJunKeyless.build/Release-iphoneos/BaoJunKeyless.build/Objects-normal/arm64/SettingsEntryButtonView.o -index-unit-output-path /BaoJunKeyless.build/Release-iphoneos/BaoJunKeyless.build/Objects-normal/arm64/SettingsInlineActionRowView.o -index-unit-output-path /BaoJunKeyless.build/Release-iphoneos/BaoJunKeyless.build/Objects-normal/arm64/SettingsPanelView.o -index-unit-output-path /BaoJunKeyless.build/Release-iphoneos/BaoJunKeyless.build/Objects-normal/arm64/SettingsSections.o -index-unit-output-path /BaoJunKeyless.build/Release-iphoneos/BaoJunKeyless.build/Objects-normal/arm64/SettingsStatusRowView.o -index-unit-output-path /BaoJunKeyless.build/Release-iphoneos/BaoJunKeyless.build/Objects-normal/arm64/SettingsView.o -index-unit-output-path /BaoJunKeyless.build/Release-iphoneos/BaoJunKeyless.build/Objects-normal/arm64/ShareSheet.o -index-unit-output-path /BaoJunKeyless.build/Release-iphoneos/BaoJunKeyless.build/Objects-normal/arm64/StatusCards.o -index-unit-output-path /BaoJunKeyless.build/Release-iphoneos/BaoJunKeyless.build/Objects-normal/arm64/StatusSections.o -index-unit-output-path /BaoJunKeyless.build/Release-iphoneos/BaoJunKeyless.build/Objects-normal/arm64/StatusView.o -index-unit-output-path /BaoJunKeyless.build/Release-iphoneos/BaoJunKeyless.build/Objects-normal/arm64/ThemeImageSupport.o -index-unit-output-path /BaoJunKeyless.build/Release-iphoneos/BaoJunKeyless.build/Objects-normal/arm64/ThemeManager.o -index-unit-output-path /BaoJunKeyless.build/Release-iphoneos/BaoJunKeyless.build/Objects-normal/arm64/ThemeOptionCardView.o -index-unit-output-path /BaoJunKeyless.build/Release-iphoneos/BaoJunKeyless.build/Objects-normal/arm64/VehicleEventLogStore.o -index-unit-output-path /BaoJunKeyless.build/Release-iphoneos/BaoJunKeyless.build/Objects-normal/arm64/VibrationRecorderView.o
2026-06-07T10:09:03.4232440Z 
2026-06-07T10:09:03.4233150Z CompileSwift normal arm64 (in target 'BaoJunKeyless' from project 'BaoJunKeyless')
2026-06-07T10:09:03.4234310Z     cd /Users/runner/work/BaoJunKeyless/BaoJunKeyless
2026-06-07T10:09:03.4335390Z     /Applications/Xcode_16.2.app/Contents/Developer/Toolchains/XcodeDefault.xctoolchain/usr/bin/swift-frontend -c /Users/runner/work/BaoJunKeyless/BaoJunKeyless/Sources/Services/AddressServiceSettings.swift /Users/runner/work/BaoJunKeyless/BaoJunKeyless/Sources/Theme/AppBackgroundView.swift /Users/runner/work/BaoJunKeyless/BaoJunKeyless/Sources/Models/AppDiagnosticsSettings.swift /Users/runner/work/BaoJunKeyless/BaoJunKeyless/Sources/Models/AppInfo.swift /Users/runner/work/BaoJunKeyless/BaoJunKeyless/Sources/Theme/AppNavigationContainerView.swift /Users/runner/work/BaoJunKeyless/BaoJunKeyless/Sources/Theme/AppScrollState.swift /Users/runner/work/BaoJunKeyless/BaoJunKeyless/Sources/Theme/AppTheme.swift /Users/runner/work/BaoJunKeyless/BaoJunKeyless/Sources/Theme/AppViewCompatibility.swift /Users/runner/work/BaoJunKeyless/BaoJunKeyless/Sources/App/BaoJunKeylessApp.swift /Users/runner/work/BaoJunKeyless/BaoJunKeyless/Sources/Theme/ChromeBarMetrics.swift /Users/runner/work/BaoJunKeyless/BaoJunKeyless/Sources/Components/Components.swift /Users/runner/work/BaoJunKeyless/BaoJunKeyless/Sources/Views/ContentView.swift /Users/runner/work/BaoJunKeyless/BaoJunKeyless/Sources/Models/CrashLogger.swift /Users/runner/work/BaoJunKeyless/BaoJunKeyless/Sources/Components/CustomAlertView.swift /Users/runner/work/BaoJunKeyless/BaoJunKeyless/Sources/Models/CustomVibrationPattern.swift /Users/runner/work/BaoJunKeyless/BaoJunKeyless/Sources/Views/Keyless/KeylessSections.swift /Users/runner/work/BaoJunKeyless/BaoJunKeyless/Sources/Models/KeylessSettingsStore.swift /Users/runner/work/BaoJunKeyless/BaoJunKeyless/Sources/Views/KeylessView.swift /Users/runner/work/BaoJunKeyless/BaoJunKeyless/Sources/Models/LocationManager.swift /Users/runner/work/BaoJunKeyless/BaoJunKeyless/Sources/Services/LocationResolver.swift /Users/runner/work/BaoJunKeyless/BaoJunKeyless/Sources/Views/LogView.swift /Users/runner/work/BaoJunKeyless/BaoJunKeyless/Sources/Theme/MenuBarView.swift /Users/runner/work/BaoJunKeyless/BaoJunKeyless/Sources/Models/Models.swift /Users/runner/work/BaoJunKeyless/BaoJunKeyless/Sources/Services/MotionManager.swift /Users/runner/work/BaoJunKeyless/BaoJunKeyless/Sources/Theme/PageHeaderView.swift /Users/runner/work/BaoJunKeyless/BaoJunKeyless/Sources/Views/Settings/PhotoPicker.swift /Users/runner/work/BaoJunKeyless/BaoJunKeyless/Sources/Views/RadarView.swift /Users/runner/work/BaoJunKeyless/BaoJunKeyless/Sources/Theme/RowDividerView.swift /Users/runner/work/BaoJunKeyless/BaoJunKeyless/Sources/Theme/SectionHeadingView.swift /Users/runner/work/BaoJunKeyless/BaoJunKeyless/Sources/Theme/SettingsEntryButtonView.swift /Users/runner/work/BaoJunKeyless/BaoJunKeyless/Sources/Theme/SettingsInlineActionRowView.swift /Users/runner/work/BaoJunKeyless/BaoJunKeyless/Sources/Theme/SettingsPanelView.swift /Users/runner/work/BaoJunKeyless/BaoJunKeyless/Sources/Views/Settings/SettingsSections.swift /Users/runner/work/BaoJunKeyless/BaoJunKeyless/Sources/Theme/SettingsStatusRowView.swift /Users/runner/work/BaoJunKeyless/BaoJunKeyless/Sources/Views/SettingsView.swift /Users/runner/work/BaoJunKeyless/BaoJunKeyless/Sources/Components/ShareSheet.swift /Users/runner/work/BaoJunKeyless/BaoJunKeyless/Sources/Views/Status/StatusCards.swift /Users/runner/work/BaoJunKeyless/BaoJunKeyless/Sources/Views/Status/StatusSections.swift /Users/runner/work/BaoJunKeyless/BaoJunKeyless/Sources/Views/StatusView.swift /Users/runner/work/BaoJunKeyless/BaoJunKeyless/Sources/Theme/ThemeImageSupport.swift /Users/runner/work/BaoJunKeyless/BaoJunKeyless/Sources/Theme/ThemeManager.swift /Users/runner/work/BaoJunKeyless/BaoJunKeyless/Sources/Theme/ThemeOptionCardView.swift /Users/runner/work/BaoJunKeyless/BaoJunKeyless/Sources/Models/VehicleEventLogStore.swift /Users/runner/work/BaoJunKeyless/BaoJunKeyless/Sources/Components/VibrationRecorderView.swift -supplementary-output-file-map /Users/runner/work/BaoJunKeyless/BaoJunKeyless/build/Build/Intermediates.noindex/BaoJunKeyless.build/Release-iphoneos/BaoJunKeyless.build/Objects-normal/arm64/supplementaryOutputs-1 -target arm64-apple-ios15.0 -Xllvm -aarch64-use-tbi -enable-objc-interop -stack-check -sdk /Applications/Xcode_16.2.app/Contents/Developer/Platforms/iPhoneOS.platform/Developer/SDKs/iPhoneOS18.2.sdk -I /Users/runner/work/BaoJunKeyless/BaoJunKeyless/build/Build/Products/Release-iphoneos -F /Users/runner/work/BaoJunKeyless/BaoJunKeyless/build/Build/Products/Release-iphoneos -no-color-diagnostics -g -debug-info-format\=dwarf -dwarf-version\=4 -module-cache-path /Users/runner/work/BaoJunKeyless/BaoJunKeyless/build/ModuleCache.noindex -swift-version 5 -enforce-exclusivity\=checked -O -serialize-debugging-options -const-gather-protocols-file /Users/runner/work/BaoJunKeyless/BaoJunKeyless/build/Build/Intermediates.noindex/BaoJunKeyless.build/Release-iphoneos/BaoJunKeyless.build/Objects-normal/arm64/BaoJunKeyless_const_extract_protocols.json -enable-experimental-feature DebugDescriptionMacro -enable-bare-slash-regex -empty-abi-descriptor -validate-clang-modules-once -clang-build-session-file /Users/runner/work/BaoJunKeyless/BaoJunKeyless/build/ModuleCache.noindex/Session.modulevalidation -Xcc -working-directory -Xcc /Users/runner/work/BaoJunKeyless/BaoJunKeyless -resource-dir /Applications/Xcode_16.2.app/Contents/Developer/Toolchains/XcodeDefault.xctoolchain/usr/lib/swift -file-compilation-dir /Users/runner/work/BaoJunKeyless/BaoJunKeyless -Xcc -ivfsstatcache -Xcc /Users/runner/work/BaoJunKeyless/BaoJunKeyless/build/SDKStatCaches.noindex/iphoneos18.2-22C146-6f6929c68f51360d5ca70a73a7e0c2f9.sdkstatcache -Xcc -I/Users/runner/work/BaoJunKeyless/BaoJunKeyless/build/Build/Intermediates.noindex/BaoJunKeyless.build/Release-iphoneos/BaoJunKeyless.build/swift-overrides.hmap -Xcc -iquote -Xcc /Users/runner/work/BaoJunKeyless/BaoJunKeyless/build/Build/Intermediates.noindex/BaoJunKeyless.build/Release-iphoneos/BaoJunKeyless.build/BaoJunKeyless-generated-files.hmap -Xcc -I/Users/runner/work/BaoJunKeyless/BaoJunKeyless/build/Build/Intermediates.noindex/BaoJunKeyless.build/Release-iphoneos/BaoJunKeyless.build/BaoJunKeyless-own-target-headers.hmap -Xcc -I/Users/runner/work/BaoJunKeyless/BaoJunKeyless/build/Build/Intermediates.noindex/BaoJunKeyless.build/Release-iphoneos/BaoJunKeyless.build/BaoJunKeyless-all-target-headers.hmap -Xcc -iquote -Xcc /Users/runner/work/BaoJunKeyless/BaoJunKeyless/build/Build/Intermediates.noindex/BaoJunKeyless.build/Release-iphoneos/BaoJunKeyless.build/BaoJunKeyless-project-headers.hmap -Xcc -I/Users/runner/work/BaoJunKeyless/BaoJunKeyless/build/Build/Products/Release-iphoneos/include -Xcc -I/Users/runner/work/BaoJunKeyless/BaoJunKeyless/build/Build/Intermediates.noindex/BaoJunKeyless.build/Release-iphoneos/BaoJunKeyless.build/DerivedSources-normal/arm64 -Xcc -I/Users/runner/work/BaoJunKeyless/BaoJunKeyless/build/Build/Intermediates.noindex/BaoJunKeyless.build/Release-iphoneos/BaoJunKeyless.build/DerivedSources/arm64 -Xcc -I/Users/runner/work/BaoJunKeyless/BaoJunKeyless/build/Build/Intermediates.noindex/BaoJunKeyless.build/Release-iphoneos/BaoJunKeyless.build/DerivedSources -module-name BaoJunKeyless -frontend-parseable-output -disable-clang-spi -target-sdk-version 18.2 -target-sdk-name iphoneos18.2 -external-plugin-path /Applications/Xcode_16.2.app/Contents/Developer/Platforms/iPhoneOS.platform/Developer/usr/lib/swift/host/plugins\#/Applications/Xcode_16.2.app/Contents/Developer/Platforms/iPhoneOS.platform/Developer/usr/bin/swift-plugin-server -external-plugin-path /Applications/Xcode_16.2.app/Contents/Developer/Platforms/iPhoneOS.platform/Developer/usr/local/lib/swift/host/plugins\#/Applications/Xcode_16.2.app/Contents/Developer/Platforms/iPhoneOS.platform/Developer/usr/bin/swift-plugin-server -plugin-path /Applications/Xcode_16.2.app/Contents/Developer/Toolchains/XcodeDefault.xctoolchain/usr/lib/swift/host/plugins -plugin-path /Applications/Xcode_16.2.app/Contents/Developer/Toolchains/XcodeDefault.xctoolchain/usr/local/lib/swift/host/plugins -enable-default-cmo -num-threads 3 -o /Users/runner/work/BaoJunKeyless/BaoJunKeyless/build/Build/Intermediates.noindex/BaoJunKeyless.build/Release-iphoneos/BaoJunKeyless.build/Objects-normal/arm64/AddressServiceSettings.o -o /Users/runner/work/BaoJunKeyless/BaoJunKeyless/build/Build/Intermediates.noindex/BaoJunKeyless.build/Release-iphoneos/BaoJunKeyless.build/Objects-normal/arm64/AppBackgroundView.o -o /Users/runner/work/BaoJunKeyless/BaoJunKeyless/build/Build/Intermediates.noindex/BaoJunKeyless.build/Release-iphoneos/BaoJunKeyless.build/Objects-normal/arm64/AppDiagnosticsSettings.o -o /Users/runner/work/BaoJunKeyless/BaoJunKeyless/build/Build/Intermediates.noindex/BaoJunKeyless.build/Release-iphoneos/BaoJunKeyless.build/Objects-normal/arm64/AppInfo.o -o /Users/runner/work/BaoJunKeyless/BaoJunKeyless/build/Build/Intermediates.noindex/BaoJunKeyless.build/Release-iphoneos/BaoJunKeyless.build/Objects-normal/arm64/AppNavigationContainerView.o -o /Users/runner/work/BaoJunKeyless/BaoJunKeyless/build/Build/Intermediates.noindex/BaoJunKeyless.build/Release-iphoneos/BaoJunKeyless.build/Objects-normal/arm64/AppScrollState.o -o /Users/runner/work/BaoJunKeyless/BaoJunKeyless/build/Build/Intermediates.noindex/BaoJunKeyless.build/Release-iphoneos/BaoJunKeyless.build/Objects-normal/arm64/AppTheme.o -o /Users/runner/work/BaoJunKeyless/BaoJunKeyless/build/Build/Intermediates.noindex/BaoJunKeyless.build/Release-iphoneos/BaoJunKeyless.build/Objects-normal/arm64/AppViewCompatibility.o -o /Users/runner/work/BaoJunKeyless/BaoJunKeyless/build/Build/Intermediates.noindex/BaoJunKeyless.build/Release-iphoneos/BaoJunKeyless.build/Objects-normal/arm64/BaoJunKeylessApp.o -o /Users/runner/work/BaoJunKeyless/BaoJunKeyless/build/Build/Intermediates.noindex/BaoJunKeyless.build/Release-iphoneos/BaoJunKeyless.build/Objects-normal/arm64/ChromeBarMetrics.o -o /Users/runner/work/BaoJunKeyless/BaoJunKeyless/build/Build/Intermediates.noindex/BaoJunKeyless.build/Release-iphoneos/BaoJunKeyless.build/Objects-normal/arm64/Components.o -o /Users/runner/work/BaoJunKeyless/BaoJunKeyless/build/Build/Intermediates.noindex/BaoJunKeyless.build/Release-iphoneos/BaoJunKeyless.build/Objects-normal/arm64/ContentView.o -o /Users/runner/work/BaoJunKeyless/BaoJunKeyless/build/Build/Intermediates.noindex/BaoJunKeyless.build/Release-iphoneos/BaoJunKeyless.build/Objects-normal/arm64/CrashLogger.o -o /Users/runner/work/BaoJunKeyless/BaoJunKeyless/build/Build/Intermediates.noindex/BaoJunKeyless.build/Release-iphoneos/BaoJunKeyless.build/Objects-normal/arm64/CustomAlertView.o -o /Users/runner/work/BaoJunKeyless/BaoJunKeyless/build/Build/Intermediates.noindex/BaoJunKeyless.build/Release-iphoneos/BaoJunKeyless.build/Objects-normal/arm64/CustomVibrationPattern.o -o /Users/runner/work/BaoJunKeyless/BaoJunKeyless/build/Build/Intermediates.noindex/BaoJunKeyless.build/Release-iphoneos/BaoJunKeyless.build/Objects-normal/arm64/KeylessSections.o -o /Users/runner/work/BaoJunKeyless/BaoJunKeyless/build/Build/Intermediates.noindex/BaoJunKeyless.build/Release-iphoneos/BaoJunKeyless.build/Objects-normal/arm64/KeylessSettingsStore.o -o /Users/runner/work/BaoJunKeyless/BaoJunKeyless/build/Build/Intermediates.noindex/BaoJunKeyless.build/Release-iphoneos/BaoJunKeyless.build/Objects-normal/arm64/KeylessView.o -o /Users/runner/work/BaoJunKeyless/BaoJunKeyless/build/Build/Intermediates.noindex/BaoJunKeyless.build/Release-iphoneos/BaoJunKeyless.build/Objects-normal/arm64/LocationManager.o -o /Users/runner/work/BaoJunKeyless/BaoJunKeyless/build/Build/Intermediates.noindex/BaoJunKeyless.build/Release-iphoneos/BaoJunKeyless.build/Objects-normal/arm64/LocationResolver.o -o /Users/runner/work/BaoJunKeyless/BaoJunKeyless/build/Build/Intermediates.noindex/BaoJunKeyless.build/Release-iphoneos/BaoJunKeyless.build/Objects-normal/arm64/LogView.o -o /Users/runner/work/BaoJunKeyless/BaoJunKeyless/build/Build/Intermediates.noindex/BaoJunKeyless.build/Release-iphoneos/BaoJunKeyless.build/Objects-normal/arm64/MenuBarView.o -o /Users/runner/work/BaoJunKeyless/BaoJunKeyless/build/Build/Intermediates.noindex/BaoJunKeyless.build/Release-iphoneos/BaoJunKeyless.build/Objects-normal/arm64/Models.o -o /Users/runner/work/BaoJunKeyless/BaoJunKeyless/build/Build/Intermediates.noindex/BaoJunKeyless.build/Release-iphoneos/BaoJunKeyless.build/Objects-normal/arm64/MotionManager.o -o /Users/runner/work/BaoJunKeyless/BaoJunKeyless/build/Build/Intermediates.noindex/BaoJunKeyless.build/Release-iphoneos/BaoJunKeyless.build/Objects-normal/arm64/PageHeaderView.o -o /Users/runner/work/BaoJunKeyless/BaoJunKeyless/build/Build/Intermediates.noindex/BaoJunKeyless.build/Release-iphoneos/BaoJunKeyless.build/Objects-normal/arm64/PhotoPicker.o -o /Users/runner/work/BaoJunKeyless/BaoJunKeyless/build/Build/Intermediates.noindex/BaoJunKeyless.build/Release-iphoneos/BaoJunKeyless.build/Objects-normal/arm64/RadarView.o -o /Users/runner/work/BaoJunKeyless/BaoJunKeyless/build/Build/Intermediates.noindex/BaoJunKeyless.build/Release-iphoneos/BaoJunKeyless.build/Objects-normal/arm64/RowDividerView.o -o /Users/runner/work/BaoJunKeyless/BaoJunKeyless/build/Build/Intermediates.noindex/BaoJunKeyless.build/Release-iphoneos/BaoJunKeyless.build/Objects-normal/arm64/SectionHeadingView.o -o /Users/runner/work/BaoJunKeyless/BaoJunKeyless/build/Build/Intermediates.noindex/BaoJunKeyless.build/Release-iphoneos/BaoJunKeyless.build/Objects-normal/arm64/SettingsEntryButtonView.o -o /Users/runner/work/BaoJunKeyless/BaoJunKeyless/build/Build/Intermediates.noindex/BaoJunKeyless.build/Release-iphoneos/BaoJunKeyless.build/Objects-normal/arm64/SettingsInlineActionRowView.o -o /Users/runner/work/BaoJunKeyless/BaoJunKeyless/build/Build/Intermediates.noindex/BaoJunKeyless.build/Release-iphoneos/BaoJunKeyless.build/Objects-normal/arm64/SettingsPanelView.o -o /Users/runner/work/BaoJunKeyless/BaoJunKeyless/build/Build/Intermediates.noindex/BaoJunKeyless.build/Release-iphoneos/BaoJunKeyless.build/Objects-normal/arm64/SettingsSections.o -o /Users/runner/work/BaoJunKeyless/BaoJunKeyless/build/Build/Intermediates.noindex/BaoJunKeyless.build/Release-iphoneos/BaoJunKeyless.build/Objects-normal/arm64/SettingsStatusRowView.o -o /Users/runner/work/BaoJunKeyless/BaoJunKeyless/build/Build/Intermediates.noindex/BaoJunKeyless.build/Release-iphoneos/BaoJunKeyless.build/Objects-normal/arm64/SettingsView.o -o /Users/runner/work/BaoJunKeyless/BaoJunKeyless/build/Build/Intermediates.noindex/BaoJunKeyless.build/Release-iphoneos/BaoJunKeyless.build/Objects-normal/arm64/ShareSheet.o -o /Users/runner/work/BaoJunKeyless/BaoJunKeyless/build/Build/Intermediates.noindex/BaoJunKeyless.build/Release-iphoneos/BaoJunKeyless.build/Objects-normal/arm64/StatusCards.o -o /Users/runner/work/BaoJunKeyless/BaoJunKeyless/build/Build/Intermediates.noindex/BaoJunKeyless.build/Release-iphoneos/BaoJunKeyless.build/Objects-normal/arm64/StatusSections.o -o /Users/runner/work/BaoJunKeyless/BaoJunKeyless/build/Build/Intermediates.noindex/BaoJunKeyless.build/Release-iphoneos/BaoJunKeyless.build/Objects-normal/arm64/StatusView.o -o /Users/runner/work/BaoJunKeyless/BaoJunKeyless/build/Build/Intermediates.noindex/BaoJunKeyless.build/Release-iphoneos/BaoJunKeyless.build/Objects-normal/arm64/ThemeImageSupport.o -o /Users/runner/work/BaoJunKeyless/BaoJunKeyless/build/Build/Intermediates.noindex/BaoJunKeyless.build/Release-iphoneos/BaoJunKeyless.build/Objects-normal/arm64/ThemeManager.o -o /Users/runner/work/BaoJunKeyless/BaoJunKeyless/build/Build/Intermediates.noindex/BaoJunKeyless.build/Release-iphoneos/BaoJunKeyless.build/Objects-normal/arm64/ThemeOptionCardView.o -o /Users/runner/work/BaoJunKeyless/BaoJunKeyless/build/Build/Intermediates.noindex/BaoJunKeyless.build/Release-iphoneos/BaoJunKeyless.build/Objects-normal/arm64/VehicleEventLogStore.o -o /Users/runner/work/BaoJunKeyless/BaoJunKeyless/build/Build/Intermediates.noindex/BaoJunKeyless.build/Release-iphoneos/BaoJunKeyless.build/Objects-normal/arm64/VibrationRecorderView.o -index-unit-output-path /BaoJunKeyless.build/Release-iphoneos/BaoJunKeyless.build/Objects-normal/arm64/AddressServiceSettings.o -index-unit-output-path /BaoJunKeyless.build/Release-iphoneos/BaoJunKeyless.build/Objects-normal/arm64/AppBackgroundView.o -index-unit-output-path /BaoJunKeyless.build/Release-iphoneos/BaoJunKeyless.build/Objects-normal/arm64/AppDiagnosticsSettings.o -index-unit-output-path /BaoJunKeyless.build/Release-iphoneos/BaoJunKeyless.build/Objects-normal/arm64/AppInfo.o -index-unit-output-path /BaoJunKeyless.build/Release-iphoneos/BaoJunKeyless.build/Objects-normal/arm64/AppNavigationContainerView.o -index-unit-output-path /BaoJunKeyless.build/Release-iphoneos/BaoJunKeyless.build/Objects-normal/arm64/AppScrollState.o -index-unit-output-path /BaoJunKeyless.build/Release-iphoneos/BaoJunKeyless.build/Objects-normal/arm64/AppTheme.o -index-unit-output-path /BaoJunKeyless.build/Release-iphoneos/BaoJunKeyless.build/Objects-normal/arm64/AppViewCompatibility.o -index-unit-output-path /BaoJunKeyless.build/Release-iphoneos/BaoJunKeyless.build/Objects-normal/arm64/BaoJunKeylessApp.o -index-unit-output-path /BaoJunKeyless.build/Release-iphoneos/BaoJunKeyless.build/Objects-normal/arm64/ChromeBarMetrics.o -index-unit-output-path /BaoJunKeyless.build/Release-iphoneos/BaoJunKeyless.build/Objects-normal/arm64/Components.o -index-unit-output-path /BaoJunKeyless.build/Release-iphoneos/BaoJunKeyless.build/Objects-normal/arm64/ContentView.o -index-unit-output-path /BaoJunKeyless.build/Release-iphoneos/BaoJunKeyless.build/Objects-normal/arm64/CrashLogger.o -index-unit-output-path /BaoJunKeyless.build/Release-iphoneos/BaoJunKeyless.build/Objects-normal/arm64/CustomAlertView.o -index-unit-output-path /BaoJunKeyless.build/Release-iphoneos/BaoJunKeyless.build/Objects-normal/arm64/CustomVibrationPattern.o -index-unit-output-path /BaoJunKeyless.build/Release-iphoneos/BaoJunKeyless.build/Objects-normal/arm64/KeylessSections.o -index-unit-output-path /BaoJunKeyless.build/Release-iphoneos/BaoJunKeyless.build/Objects-normal/arm64/KeylessSettingsStore.o -index-unit-output-path /BaoJunKeyless.build/Release-iphoneos/BaoJunKeyless.build/Objects-normal/arm64/KeylessView.o -index-unit-output-path /BaoJunKeyless.build/Release-iphoneos/BaoJunKeyless.build/Objects-normal/arm64/LocationManager.o -index-unit-output-path /BaoJunKeyless.build/Release-iphoneos/BaoJunKeyless.build/Objects-normal/arm64/LocationResolver.o -index-unit-output-path /BaoJunKeyless.build/Release-iphoneos/BaoJunKeyless.build/Objects-normal/arm64/LogView.o -index-unit-output-path /BaoJunKeyless.build/Release-iphoneos/BaoJunKeyless.build/Objects-normal/arm64/MenuBarView.o -index-unit-output-path /BaoJunKeyless.build/Release-iphoneos/BaoJunKeyless.build/Objects-normal/arm64/Models.o -index-unit-output-path /BaoJunKeyless.build/Release-iphoneos/BaoJunKeyless.build/Objects-normal/arm64/MotionManager.o -index-unit-output-path /BaoJunKeyless.build/Release-iphoneos/BaoJunKeyless.build/Objects-normal/arm64/PageHeaderView.o -index-unit-output-path /BaoJunKeyless.build/Release-iphoneos/BaoJunKeyless.build/Objects-normal/arm64/PhotoPicker.o -index-unit-output-path /BaoJunKeyless.build/Release-iphoneos/BaoJunKeyless.build/Objects-normal/arm64/RadarView.o -index-unit-output-path /BaoJunKeyless.build/Release-iphoneos/BaoJunKeyless.build/Objects-normal/arm64/RowDividerView.o -index-unit-output-path /BaoJunKeyless.build/Release-iphoneos/BaoJunKeyless.build/Objects-normal/arm64/SectionHeadingView.o -index-unit-output-path /BaoJunKeyless.build/Release-iphoneos/BaoJunKeyless.build/Objects-normal/arm64/SettingsEntryButtonView.o -index-unit-output-path /BaoJunKeyless.build/Release-iphoneos/BaoJunKeyless.build/Objects-normal/arm64/SettingsInlineActionRowView.o -index-unit-output-path /BaoJunKeyless.build/Release-iphoneos/BaoJunKeyless.build/Objects-normal/arm64/SettingsPanelView.o -index-unit-output-path /BaoJunKeyless.build/Release-iphoneos/BaoJunKeyless.build/Objects-normal/arm64/SettingsSections.o -index-unit-output-path /BaoJunKeyless.build/Release-iphoneos/BaoJunKeyless.build/Objects-normal/arm64/SettingsStatusRowView.o -index-unit-output-path /BaoJunKeyless.build/Release-iphoneos/BaoJunKeyless.build/Objects-normal/arm64/SettingsView.o -index-unit-output-path /BaoJunKeyless.build/Release-iphoneos/BaoJunKeyless.build/Objects-normal/arm64/ShareSheet.o -index-unit-output-path /BaoJunKeyless.build/Release-iphoneos/BaoJunKeyless.build/Objects-normal/arm64/StatusCards.o -index-unit-output-path /BaoJunKeyless.build/Release-iphoneos/BaoJunKeyless.build/Objects-normal/arm64/StatusSections.o -index-unit-output-path /BaoJunKeyless.build/Release-iphoneos/BaoJunKeyless.build/Objects-normal/arm64/StatusView.o -index-unit-output-path /BaoJunKeyless.build/Release-iphoneos/BaoJunKeyless.build/Objects-normal/arm64/ThemeImageSupport.o -index-unit-output-path /BaoJunKeyless.build/Release-iphoneos/BaoJunKeyless.build/Objects-normal/arm64/ThemeManager.o -index-unit-output-path /BaoJunKeyless.build/Release-iphoneos/BaoJunKeyless.build/Objects-normal/arm64/ThemeOptionCardView.o -index-unit-output-path /BaoJunKeyless.build/Release-iphoneos/BaoJunKeyless.build/Objects-normal/arm64/VehicleEventLogStore.o -index-unit-output-path /BaoJunKeyless.build/Release-iphoneos/BaoJunKeyless.build/Objects-normal/arm64/VibrationRecorderView.o
2026-06-07T10:09:03.4402620Z /Users/runner/work/BaoJunKeyless/BaoJunKeyless/Sources/Services/LocationResolver.swift:82:71: error: cannot find 'address' in scope
2026-06-07T10:09:03.4404040Z         let needsUpdate = distanceFromLast >= 50 || elapsed >= 60 || (address ?? "").isEmpty
2026-06-07T10:09:03.4404620Z                                                                       ^~~~~~~
2026-06-07T10:09:03.4405420Z /Users/runner/work/BaoJunKeyless/BaoJunKeyless/Sources/Views/RadarView.swift:556:58: error: 'nil' is not compatible with expected argument type 'Binding<String?>'
2026-06-07T10:09:03.4406040Z                 SettingsAddressServiceSection(toastText: nil)
2026-06-07T10:09:03.4406390Z                                                          ^
2026-06-07T10:09:03.4406630Z 
2026-06-07T10:09:03.4407110Z note: Disabling previews because SWIFT_VERSION is set and SWIFT_OPTIMIZATION_LEVEL=-O, expected -Onone (in target 'BaoJunKeyless' from project 'BaoJunKeyless')
2026-06-07T10:09:03.4407720Z ** BUILD FAILED **
2026-06-07T10:09:03.4407900Z 
2026-06-07T10:09:03.4407900Z 
2026-06-07T10:09:03.4408050Z The following build commands failed:
2026-06-07T10:09:03.4408480Z 	CompileSwift normal arm64 (in target 'BaoJunKeyless' from project 'BaoJunKeyless')
2026-06-07T10:09:03.4424000Z 	SwiftCompile normal arm64 Compiling\ AddressServiceSettings.swift,\ AppBackgroundView.swift,\ AppDiagnosticsSettings.swift,\ AppInfo.swift,\ AppNavigationContainerView.swift,\ AppScrollState.swift,\ AppTheme.swift,\ AppViewCompatibility.swift,\ BaoJunKeylessApp.swift,\ ChromeBarMetrics.swift,\ Components.swift,\ ContentView.swift,\ CrashLogger.swift,\ CustomAlertView.swift,\ CustomVibrationPattern.swift,\ KeylessSections.swift,\ KeylessSettingsStore.swift,\ KeylessView.swift,\ LocationManager.swift,\ LocationResolver.swift,\ LogView.swift,\ MenuBarView.swift,\ Models.swift,\ MotionManager.swift,\ PageHeaderView.swift,\ PhotoPicker.swift,\ RadarView.swift,\ RowDividerView.swift,\ SectionHeadingView.swift,\ SettingsEntryButtonView.swift,\ SettingsInlineActionRowView.swift,\ SettingsPanelView.swift,\ SettingsSections.swift,\ SettingsStatusRowView.swift,\ SettingsView.swift,\ ShareSheet.swift,\ StatusCards.swift,\ StatusSections.swift,\ StatusView.swift,\ ThemeImageSupport.swift,\ ThemeManager.swift,\ ThemeOptionCardView.swift,\ VehicleEventLogStore.swift,\ VibrationRecorderView.swift /Users/runner/work/BaoJunKeyless/BaoJunKeyless/Sources/Services/AddressServiceSettings.swift /Users/runner/work/BaoJunKeyless/BaoJunKeyless/Sources/Theme/AppBackgroundView.swift /Users/runner/work/BaoJunKeyless/BaoJunKeyless/Sources/Models/AppDiagnosticsSettings.swift /Users/runner/work/BaoJunKeyless/BaoJunKeyless/Sources/Models/AppInfo.swift /Users/runner/work/BaoJunKeyless/BaoJunKeyless/Sources/Theme/AppNavigationContainerView.swift /Users/runner/work/BaoJunKeyless/BaoJunKeyless/Sources/Theme/AppScrollState.swift /Users/runner/work/BaoJunKeyless/BaoJunKeyless/Sources/Theme/AppTheme.swift /Users/runner/work/BaoJunKeyless/BaoJunKeyless/Sources/Theme/AppViewCompatibility.swift /Users/runner/work/BaoJunKeyless/BaoJunKeyless/Sources/App/BaoJunKeylessApp.swift /Users/runner/work/BaoJunKeyless/BaoJunKeyless/Sources/Theme/ChromeBarMetrics.swift /Users/runner/work/BaoJunKeyless/BaoJunKeyless/Sources/Components/Components.swift /Users/runner/work/BaoJunKeyless/BaoJunKeyless/Sources/Views/ContentView.swift /Users/runner/work/BaoJunKeyless/BaoJunKeyless/Sources/Models/CrashLogger.swift /Users/runner/work/BaoJunKeyless/BaoJunKeyless/Sources/Components/CustomAlertView.swift /Users/runner/work/BaoJunKeyless/BaoJunKeyless/Sources/Models/CustomVibrationPattern.swift /Users/runner/work/BaoJunKeyless/BaoJunKeyless/Sources/Views/Keyless/KeylessSections.swift /Users/runner/work/BaoJunKeyless/BaoJunKeyless/Sources/Models/KeylessSettingsStore.swift /Users/runner/work/BaoJunKeyless/BaoJunKeyless/Sources/Views/KeylessView.swift /Users/runner/work/BaoJunKeyless/BaoJunKeyless/Sources/Models/LocationManager.swift /Users/runner/work/BaoJunKeyless/BaoJunKeyless/Sources/Services/LocationResolver.swift /Users/runner/work/BaoJunKeyless/BaoJunKeyless/Sources/Views/LogView.swift /Users/runner/work/BaoJunKeyless/BaoJunKeyless/Sources/Theme/MenuBarView.swift /Users/runner/work/BaoJunKeyless/BaoJunKeyless/Sources/Models/Models.swift /Users/runner/work/BaoJunKeyless/BaoJunKeyless/Sources/Services/MotionManager.swift /Users/runner/work/BaoJunKeyless/BaoJunKeyless/Sources/Theme/PageHeaderView.swift /Users/runner/work/BaoJunKeyless/BaoJunKeyless/Sources/Views/Settings/PhotoPicker.swift /Users/runner/work/BaoJunKeyless/BaoJunKeyless/Sources/Views/RadarView.swift /Users/runner/work/BaoJunKeyless/BaoJunKeyless/Sources/Theme/RowDividerView.swift /Users/runner/work/BaoJunKeyless/BaoJunKeyless/Sources/Theme/SectionHeadingView.swift /Users/runner/work/BaoJunKeyless/BaoJunKeyless/Sources/Theme/SettingsEntryButtonView.swift /Users/runner/work/BaoJunKeyless/BaoJunKeyless/Sources/Theme/SettingsInlineActionRowView.swift /Users/runner/work/BaoJunKeyless/BaoJunKeyless/Sources/Theme/SettingsPanelView.swift /Users/runner/work/BaoJunKeyless/BaoJunKeyless/Sources/Views/Settings/SettingsSections.swift /Users/runner/work/BaoJunKeyless/BaoJunKeyless/Sources/Theme/SettingsStatusRowView.swift /Users/runner/work/BaoJunKeyless/BaoJunKeyless/Sources/Views/SettingsView.swift /Users/runner/work/BaoJunKeyless/BaoJunKeyless/Sources/Components/ShareSheet.swift /Users/runner/work/BaoJunKeyless/BaoJunKeyless/Sources/Views/Status/StatusCards.swift /Users/runner/work/BaoJunKeyless/BaoJunKeyless/Sources/Views/Status/StatusSections.swift /Users/runner/work/BaoJunKeyless/BaoJunKeyless/Sources/Views/StatusView.swift /Users/runner/work/BaoJunKeyless/BaoJunKeyless/Sources/Theme/ThemeImageSupport.swift /Users/runner/work/BaoJunKeyless/BaoJunKeyless/Sources/Theme/ThemeManager.swift /Users/runner/work/BaoJunKeyless/BaoJunKeyless/Sources/Theme/ThemeOptionCardView.swift /Users/runner/work/BaoJunKeyless/BaoJunKeyless/Sources/Models/VehicleEventLogStore.swift /Users/runner/work/BaoJunKeyless/BaoJunKeyless/Sources/Components/VibrationRecorderView.swift (in target 'BaoJunKeyless' from project 'BaoJunKeyless')
2026-06-07T10:09:03.4439680Z 	Building project BaoJunKeyless with scheme BaoJunKeyless and configuration Release
2026-06-07T10:09:03.4440150Z (3 failures)
2026-06-07T10:09:03.4483870Z ##[group]Run APP=build/Build/Products/Release-iphoneos/BaoJunKeyless.app
2026-06-07T10:09:03.4484600Z [36;1mAPP=build/Build/Products/Release-iphoneos/BaoJunKeyless.app[0m
2026-06-07T10:09:03.4484980Z [36;1mfind "$APP" -maxdepth 1 -ls[0m
2026-06-07T10:09:03.4485350Z [36;1mfile "$APP/BaoJunKeyless" || echo "NO BINARY"[0m
2026-06-07T10:09:03.4742140Z shell: /bin/bash -e {0}
2026-06-07T10:09:03.4742410Z env:
2026-06-07T10:09:03.4742640Z   BUILD_DATE: 20260607.1808
2026-06-07T10:09:03.4742890Z ##[endgroup]
2026-06-07T10:09:03.5467580Z 3477385        0 drwxr-xr-x    5 runner           staff                 160 Jun  7 10:08 build/Build/Products/Release-iphoneos/BaoJunKeyless.app
2026-06-07T10:09:03.5468580Z 3477387        0 drwxr-xr-x    5 runner           staff                 160 Jun  7 10:08 build/Build/Products/Release-iphoneos/BaoJunKeyless.app/Assets.xcassets
2026-06-07T10:09:03.5469630Z 3477393        8 -rw-r--r--    1 runner           staff                1307 Jun  7 10:08 build/Build/Products/Release-iphoneos/BaoJunKeyless.app/Info.plist
2026-06-07T10:09:03.5470510Z 3477394        8 -rw-r--r--    1 runner           staff                   8 Jun  7 10:08 build/Build/Products/Release-iphoneos/BaoJunKeyless.app/PkgInfo
2026-06-07T10:09:03.5526190Z build/Build/Products/Release-iphoneos/BaoJunKeyless.app/BaoJunKeyless: cannot open `build/Build/Products/Release-iphoneos/BaoJunKeyless.app/BaoJunKeyless' (No such file or directory)
2026-06-07T10:09:03.5558530Z ##[group]Run APP=build/Build/Products/Release-iphoneos/BaoJunKeyless.app
2026-06-07T10:09:03.5559040Z [36;1mAPP=build/Build/Products/Release-iphoneos/BaoJunKeyless.app[0m
2026-06-07T10:09:03.5559480Z [36;1mcodesign --force --deep --sign - "$APP" || true[0m
2026-06-07T10:09:03.5559840Z [36;1mmkdir -p Payload && cp -R "$APP" Payload/[0m
2026-06-07T10:09:03.5560250Z [36;1mzip -r -y BaoJunKeyless.ipa Payload[0m
2026-06-07T10:09:03.5560560Z [36;1mls -lh BaoJunKeyless.ipa[0m
2026-06-07T10:09:03.5561030Z [36;1munzip -l BaoJunKeyless.ipa | grep "BaoJunKeyless.app/BaoJunKeyless"[0m
2026-06-07T10:09:03.5593690Z shell: /bin/bash -e {0}
2026-06-07T10:09:03.5593980Z env:
2026-06-07T10:09:03.5594200Z   BUILD_DATE: 20260607.1808
2026-06-07T10:09:03.5594400Z ##[endgroup]
2026-06-07T10:09:03.6313990Z   adding: Payload/ (stored 0%)
2026-06-07T10:09:03.6314510Z   adding: Payload/BaoJunKeyless.app/ (stored 0%)
2026-06-07T10:09:03.6315010Z   adding: Payload/BaoJunKeyless.app/_CodeSignature/ (stored 0%)
2026-06-07T10:09:03.6315570Z   adding: Payload/BaoJunKeyless.app/_CodeSignature/CodeResources (deflated 75%)
2026-06-07T10:09:03.6316090Z   adding: Payload/BaoJunKeyless.app/_CodeSignature/CodeDirectory (deflated 20%)
2026-06-07T10:09:03.6316690Z   adding: Payload/BaoJunKeyless.app/_CodeSignature/CodeRequirements-1 (deflated 20%)
2026-06-07T10:09:03.6317220Z   adding: Payload/BaoJunKeyless.app/_CodeSignature/CodeSignature (stored 0%)
2026-06-07T10:09:03.6317800Z   adding: Payload/BaoJunKeyless.app/_CodeSignature/CodeRequirements (stored 0%)
2026-06-07T10:09:03.6319390Z   adding: Payload/BaoJunKeyless.app/Assets.xcassets/ (stored 0%)
2026-06-07T10:09:03.6319890Z   adding: Payload/BaoJunKeyless.app/Assets.xcassets/AppIcon.appiconset/ (stored 0%)
2026-06-07T10:09:03.6320570Z   adding: Payload/BaoJunKeyless.app/Assets.xcassets/AppIcon.appiconset/Contents.json (deflated 34%)
2026-06-07T10:09:03.6321150Z   adding: Payload/BaoJunKeyless.app/Assets.xcassets/AccentColor.colorset/ (stored 0%)
2026-06-07T10:09:03.6322630Z   adding: Payload/BaoJunKeyless.app/Assets.xcassets/AccentColor.colorset/Contents.json (deflated 27%)
2026-06-07T10:09:03.6324100Z   adding: Payload/BaoJunKeyless.app/Assets.xcassets/Contents.json (deflated 16%)
2026-06-07T10:09:03.6324720Z   adding: Payload/BaoJunKeyless.app/Info.plist (deflated 31%)
2026-06-07T10:09:03.6325210Z   adding: Payload/BaoJunKeyless.app/PkgInfo (deflated 38%)
2026-06-07T10:09:03.6385210Z -rw-r--r--  1 runner  staff   5.7K Jun  7 10:09 BaoJunKeyless.ipa
2026-06-07T10:09:03.6470800Z ##[error]Process completed with exit code 1.
2026-06-07T10:09:03.6595720Z Post job cleanup.
2026-06-07T10:09:04.0019230Z [command]/opt/homebrew/bin/git version
2026-06-07T10:09:04.0279740Z git version 2.54.0
2026-06-07T10:09:04.0327280Z Copying '/Users/runner/.gitconfig' to '/Users/runner/work/_temp/2ead06b9-d55a-4262-8bf4-cf41a576c4d0/.gitconfig'
2026-06-07T10:09:04.0334990Z Temporarily overriding HOME='/Users/runner/work/_temp/2ead06b9-d55a-4262-8bf4-cf41a576c4d0' before making global git config changes
2026-06-07T10:09:04.0335780Z Adding repository directory to the temporary git global config as a safe directory
2026-06-07T10:09:04.0338750Z [command]/opt/homebrew/bin/git config --global --add safe.directory /Users/runner/work/BaoJunKeyless/BaoJunKeyless
2026-06-07T10:09:04.0464300Z [command]/opt/homebrew/bin/git config --local --name-only --get-regexp core\.sshCommand
2026-06-07T10:09:04.0559680Z [command]/opt/homebrew/bin/git submodule foreach --recursive sh -c "git config --local --name-only --get-regexp 'core\.sshCommand' && git config --local --unset-all 'core.sshCommand' || :"
2026-06-07T10:09:04.1479860Z [command]/opt/homebrew/bin/git config --local --name-only --get-regexp http\.https\:\/\/github\.com\/\.extraheader
2026-06-07T10:09:04.1539500Z http.https://github.com/.extraheader
2026-06-07T10:09:04.1548430Z [command]/opt/homebrew/bin/git config --local --unset-all http.https://github.com/.extraheader
2026-06-07T10:09:04.1609680Z [command]/opt/homebrew/bin/git submodule foreach --recursive sh -c "git config --local --name-only --get-regexp 'http\.https\:\/\/github\.com\/\.extraheader' && git config --local --unset-all 'http.https://github.com/.extraheader' || :"
2026-06-07T10:09:04.3135840Z [command]/opt/homebrew/bin/git config --local --name-only --get-regexp ^includeIf\.gitdir:
2026-06-07T10:09:04.3558190Z [command]/opt/homebrew/bin/git submodule foreach --recursive git config --local --show-origin --name-only --get-regexp remote.origin.url
2026-06-07T10:09:04.4385700Z Cleaning up orphan processes
2026-06-07T10:09:05.2461710Z ##[warning]Node.js 20 actions are deprecated. The following actions are running on Node.js 20 and may not work as expected: actions/checkout@v4. Actions will be forced to run with Node.js 24 by default starting June 16th, 2026. Node.js 20 will be removed from the runner on September 16th, 2026. Please check if updated versions of these actions are available that support Node.js 24. To opt into Node.js 24 now, set the FORCE_JAVASCRIPT_ACTIONS_TO_NODE24=true environment variable on the runner or in your workflow file. Once Node.js 24 becomes the default, you can temporarily opt out by setting ACTIONS_ALLOW_USE_UNSECURE_NODE_VERSION=true. For more information see: https://github.blog/changelog/2025-09-19-deprecation-of-node-20-on-github-actions-runners/
