2026-06-07T13:08:01.0512140Z Current runner version: '2.334.0'
2026-06-07T13:08:01.0526210Z ##[group]Runner Image Provisioner
2026-06-07T13:08:01.0526750Z Hosted Compute Agent
2026-06-07T13:08:01.0527110Z Version: 20260520.533
2026-06-07T13:08:01.0527520Z Commit: 189110e25284a9812c124fd27b339e2fb4f2f9db
2026-06-07T13:08:01.0527980Z Build Date: 2026-05-20T17:44:04Z
2026-06-07T13:08:01.0528420Z Worker ID: {073bc01f-cbc2-4365-8820-46f8ffe95c1f}
2026-06-07T13:08:01.0528960Z Azure Region: westus
2026-06-07T13:08:01.0529320Z ##[endgroup]
2026-06-07T13:08:01.0530200Z ##[group]Operating System
2026-06-07T13:08:01.0530570Z macOS
2026-06-07T13:08:01.0530890Z 15.7.7
2026-06-07T13:08:01.0531200Z 24G720
2026-06-07T13:08:01.0531520Z ##[endgroup]
2026-06-07T13:08:01.0531860Z ##[group]Runner Image
2026-06-07T13:08:01.0532220Z Image: macos-15-arm64
2026-06-07T13:08:01.0532580Z Version: 20260527.0100.1
2026-06-07T13:08:01.0533430Z Included Software: https://github.com/actions/runner-images/blob/macos-15-arm64/20260527.0100/images/macos/macos-15-arm64-Readme.md
2026-06-07T13:08:01.0534470Z Image Release: https://github.com/actions/runner-images/releases/tag/macos-15-arm64%2F20260527.0100
2026-06-07T13:08:01.0535140Z ##[endgroup]
2026-06-07T13:08:01.0535900Z ##[group]GITHUB_TOKEN Permissions
2026-06-07T13:08:01.0536960Z Contents: read
2026-06-07T13:08:01.0537310Z Metadata: read
2026-06-07T13:08:01.0537660Z Packages: read
2026-06-07T13:08:01.0538010Z ##[endgroup]
2026-06-07T13:08:01.0539310Z Secret source: Actions
2026-06-07T13:08:01.0539730Z Prepare workflow directory
2026-06-07T13:08:01.0766720Z Prepare all required actions
2026-06-07T13:08:01.0793120Z Getting action download info
2026-06-07T13:08:01.3242610Z Download action repository 'actions/checkout@v4' (SHA:34e114876b0b11c390a56381ad16ebd13914f8d5)
2026-06-07T13:08:01.6034930Z Download action repository 'actions/upload-artifact@v4' (SHA:ea165f8d65b6e75b540449e92b4886f43607fa02)
2026-06-07T13:08:01.9657950Z Complete job name: build
2026-06-07T13:08:02.0357920Z ##[group]Run actions/checkout@v4
2026-06-07T13:08:02.0358650Z with:
2026-06-07T13:08:02.0359020Z   repository: JK-GL/BaoJunKeyless
2026-06-07T13:08:02.0362410Z   token: ***
2026-06-07T13:08:02.0362780Z   ssh-strict: true
2026-06-07T13:08:02.0363120Z   ssh-user: git
2026-06-07T13:08:02.0363460Z   persist-credentials: true
2026-06-07T13:08:02.0363850Z   clean: true
2026-06-07T13:08:02.0364210Z   sparse-checkout-cone-mode: true
2026-06-07T13:08:02.0364610Z   fetch-depth: 1
2026-06-07T13:08:02.0364950Z   fetch-tags: false
2026-06-07T13:08:02.0365280Z   show-progress: true
2026-06-07T13:08:02.0365620Z   lfs: false
2026-06-07T13:08:02.0365950Z   submodules: false
2026-06-07T13:08:02.0366310Z   set-safe-directory: true
2026-06-07T13:08:02.0366940Z ##[endgroup]
2026-06-07T13:08:02.5969710Z Syncing repository: JK-GL/BaoJunKeyless
2026-06-07T13:08:02.5972150Z ##[group]Getting Git version info
2026-06-07T13:08:02.5972890Z Working directory is '/Users/runner/work/BaoJunKeyless/BaoJunKeyless'
2026-06-07T13:08:02.6023140Z [command]/opt/homebrew/bin/git version
2026-06-07T13:08:02.6434630Z git version 2.54.0
2026-06-07T13:08:02.6642760Z ##[endgroup]
2026-06-07T13:08:02.6733510Z Copying '/Users/runner/.gitconfig' to '/Users/runner/work/_temp/9c106e34-8a0a-4bca-8dbd-6602fdfba903/.gitconfig'
2026-06-07T13:08:02.6735060Z Temporarily overriding HOME='/Users/runner/work/_temp/9c106e34-8a0a-4bca-8dbd-6602fdfba903' before making global git config changes
2026-06-07T13:08:02.6736300Z Adding repository directory to the temporary git global config as a safe directory
2026-06-07T13:08:02.6737420Z [command]/opt/homebrew/bin/git config --global --add safe.directory /Users/runner/work/BaoJunKeyless/BaoJunKeyless
2026-06-07T13:08:02.6841250Z Deleting the contents of '/Users/runner/work/BaoJunKeyless/BaoJunKeyless'
2026-06-07T13:08:02.6849250Z ##[group]Initializing the repository
2026-06-07T13:08:02.6859560Z [command]/opt/homebrew/bin/git init /Users/runner/work/BaoJunKeyless/BaoJunKeyless
2026-06-07T13:08:02.7280110Z hint: Using 'master' as the name for the initial branch. This default branch name
2026-06-07T13:08:02.7289180Z hint: will change to "main" in Git 3.0. To configure the initial branch name
2026-06-07T13:08:02.7291550Z hint: to use in all of your new repositories, which will suppress this warning,
2026-06-07T13:08:02.7293630Z hint: call:
2026-06-07T13:08:02.7294640Z hint:
2026-06-07T13:08:02.7300250Z hint: 	git config --global init.defaultBranch <name>
2026-06-07T13:08:02.7300960Z hint:
2026-06-07T13:08:02.7301580Z hint: Names commonly chosen instead of 'master' are 'main', 'trunk' and
2026-06-07T13:08:02.7302450Z hint: 'development'. The just-created branch can be renamed via this command:
2026-06-07T13:08:02.7303220Z hint:
2026-06-07T13:08:02.7303780Z hint: 	git branch -m <name>
2026-06-07T13:08:02.7304310Z hint:
2026-06-07T13:08:02.7304930Z hint: Disable this message with "git config set advice.defaultBranchName false"
2026-06-07T13:08:02.7306190Z Initialized empty Git repository in /Users/runner/work/BaoJunKeyless/BaoJunKeyless/.git/
2026-06-07T13:08:02.7308160Z [command]/opt/homebrew/bin/git remote add origin https://github.com/JK-GL/BaoJunKeyless
2026-06-07T13:08:02.7403200Z ##[endgroup]
2026-06-07T13:08:02.7404260Z ##[group]Disabling automatic garbage collection
2026-06-07T13:08:02.7411250Z [command]/opt/homebrew/bin/git config --local gc.auto 0
2026-06-07T13:08:02.7495870Z ##[endgroup]
2026-06-07T13:08:02.7497490Z ##[group]Setting up auth
2026-06-07T13:08:02.7499700Z [command]/opt/homebrew/bin/git config --local --name-only --get-regexp core\.sshCommand
2026-06-07T13:08:02.7582080Z [command]/opt/homebrew/bin/git submodule foreach --recursive sh -c "git config --local --name-only --get-regexp 'core\.sshCommand' && git config --local --unset-all 'core.sshCommand' || :"
2026-06-07T13:08:02.8924830Z [command]/opt/homebrew/bin/git config --local --name-only --get-regexp http\.https\:\/\/github\.com\/\.extraheader
2026-06-07T13:08:02.8998610Z [command]/opt/homebrew/bin/git submodule foreach --recursive sh -c "git config --local --name-only --get-regexp 'http\.https\:\/\/github\.com\/\.extraheader' && git config --local --unset-all 'http.https://github.com/.extraheader' || :"
2026-06-07T13:08:03.0530410Z [command]/opt/homebrew/bin/git config --local --name-only --get-regexp ^includeIf\.gitdir:
2026-06-07T13:08:03.0570550Z [command]/opt/homebrew/bin/git submodule foreach --recursive git config --local --show-origin --name-only --get-regexp remote.origin.url
2026-06-07T13:08:03.1294420Z [command]/opt/homebrew/bin/git config --local http.https://github.com/.extraheader AUTHORIZATION: basic ***
2026-06-07T13:08:03.1371090Z ##[endgroup]
2026-06-07T13:08:03.1372030Z ##[group]Fetching the repository
2026-06-07T13:08:03.1378660Z [command]/opt/homebrew/bin/git -c protocol.version=2 fetch --no-tags --prune --no-recurse-submodules --depth=1 origin +d07efdfba34ee26f441ba8434429401eebd21aa3:refs/remotes/origin/main
2026-06-07T13:08:03.9476950Z From https://github.com/JK-GL/BaoJunKeyless
2026-06-07T13:08:03.9477770Z  * [new ref]         d07efdfba34ee26f441ba8434429401eebd21aa3 -> origin/main
2026-06-07T13:08:03.9548780Z ##[endgroup]
2026-06-07T13:08:03.9549370Z ##[group]Determining the checkout info
2026-06-07T13:08:03.9549770Z ##[endgroup]
2026-06-07T13:08:03.9551740Z [command]/opt/homebrew/bin/git sparse-checkout disable
2026-06-07T13:08:03.9614710Z [command]/opt/homebrew/bin/git config --local --unset-all extensions.worktreeConfig
2026-06-07T13:08:03.9662510Z ##[group]Checking out the ref
2026-06-07T13:08:03.9664840Z [command]/opt/homebrew/bin/git checkout --progress --force -B main refs/remotes/origin/main
2026-06-07T13:08:03.9869500Z Switched to a new branch 'main'
2026-06-07T13:08:03.9971180Z branch 'main' set up to track 'origin/main'.
2026-06-07T13:08:04.0273440Z ##[endgroup]
2026-06-07T13:08:04.0434580Z [command]/opt/homebrew/bin/git log -1 --format=%H
2026-06-07T13:08:04.0455440Z d07efdfba34ee26f441ba8434429401eebd21aa3
2026-06-07T13:08:04.0627770Z ##[group]Run sudo xcode-select -s /Applications/Xcode_16.2.app/Contents/Developer
2026-06-07T13:08:04.0628490Z [36;1msudo xcode-select -s /Applications/Xcode_16.2.app/Contents/Developer[0m
2026-06-07T13:08:04.0687770Z shell: /bin/bash -e {0}
2026-06-07T13:08:04.0688060Z ##[endgroup]
2026-06-07T13:08:04.1337430Z ##[group]Run brew install xcodegen
2026-06-07T13:08:04.1337760Z [36;1mbrew install xcodegen[0m
2026-06-07T13:08:04.1374770Z shell: /bin/bash -e {0}
2026-06-07T13:08:04.1375050Z ##[endgroup]
2026-06-07T13:08:08.0088340Z ✔︎ JSON API formula_tap_migrations.jws.json
2026-06-07T13:08:08.0089700Z ✔︎ JSON API cask_tap_migrations.jws.json
2026-06-07T13:08:09.8906480Z Inspect the formula dependency plan before installing with `brew install --ask`.
2026-06-07T13:08:09.8907090Z Enable ask mode by setting `HOMEBREW_ASK=1`.
2026-06-07T13:08:09.8915780Z Hide these hints with `HOMEBREW_NO_ENV_HINTS=1` (see `man brew`).
2026-06-07T13:08:09.8916530Z [32m==>[0m [1mFetching downloads for: [32mxcodegen[39m[0m
2026-06-07T13:08:10.5293260Z ✔︎ Bottle Manifest xcodegen (2.45.4)
2026-06-07T13:08:11.3994720Z ✔︎ Bottle xcodegen (2.45.4)
2026-06-07T13:08:11.5203330Z [34m==>[0m [1mPouring xcodegen--2.45.4.arm64_sequoia.bottle.tar.gz[0m
2026-06-07T13:08:11.7483950Z 🍺  /opt/homebrew/Cellar/xcodegen/2.45.4: 38 files, 7.4MB
2026-06-07T13:08:11.7790700Z ##[group]Run echo "BUILD_DATE=$(TZ=Asia/Shanghai date +'%Y%m%d.%H%M')" >> "$GITHUB_ENV"
2026-06-07T13:08:11.7791180Z [36;1mecho "BUILD_DATE=$(TZ=Asia/Shanghai date +'%Y%m%d.%H%M')" >> "$GITHUB_ENV"[0m
2026-06-07T13:08:11.7824660Z shell: /bin/bash -e {0}
2026-06-07T13:08:11.7824840Z ##[endgroup]
2026-06-07T13:08:11.8276300Z ##[group]Run xcodegen generate
2026-06-07T13:08:11.8276550Z [36;1mxcodegen generate[0m
2026-06-07T13:08:11.8307270Z shell: /bin/bash -e {0}
2026-06-07T13:08:11.8307450Z env:
2026-06-07T13:08:11.8307600Z   BUILD_DATE: 20260607.2108
2026-06-07T13:08:11.8307780Z ##[endgroup]
2026-06-07T13:08:11.8666890Z ⚙️  Generating plists...
2026-06-07T13:08:11.8667250Z ⚙️  Generating project...
2026-06-07T13:08:11.8792680Z ⚙️  Writing project...
2026-06-07T13:08:11.8851850Z Created project at /Users/runner/work/BaoJunKeyless/BaoJunKeyless/BaoJunKeyless.xcodeproj
2026-06-07T13:08:11.8884500Z ##[group]Run xcodebuild \
2026-06-07T13:08:11.8884770Z [36;1mxcodebuild \[0m
2026-06-07T13:08:11.8885040Z [36;1m  -project BaoJunKeyless.xcodeproj \[0m
2026-06-07T13:08:11.8885320Z [36;1m  -scheme BaoJunKeyless \[0m
2026-06-07T13:08:11.8885530Z [36;1m  -sdk iphoneos \[0m
2026-06-07T13:08:11.8885740Z [36;1m  -configuration Release \[0m
2026-06-07T13:08:11.8885970Z [36;1m  -derivedDataPath build \[0m
2026-06-07T13:08:11.8886340Z [36;1m  CODE_SIGNING_ALLOWED=NO \[0m
2026-06-07T13:08:11.8886550Z [36;1m  CODE_SIGNING_REQUIRED=NO \[0m
2026-06-07T13:08:11.8886800Z [36;1m  COPY_PHASE_STRIP=NO \[0m
2026-06-07T13:08:11.8887140Z [36;1m  CURRENT_PROJECT_VERSION="$BUILD_DATE" 2>&1 | tail -30[0m
2026-06-07T13:08:11.8930010Z shell: /bin/bash -e {0}
2026-06-07T13:08:11.8930240Z env:
2026-06-07T13:08:11.8930470Z   BUILD_DATE: 20260607.2108
2026-06-07T13:08:11.8930700Z ##[endgroup]
2026-06-07T13:08:32.2992960Z     builtin-copy -exclude .DS_Store -exclude CVS -exclude .svn -exclude .git -exclude .hg -resolve-src-symlinks /Users/runner/work/BaoJunKeyless/BaoJunKeyless/Assets.xcassets /Users/runner/work/BaoJunKeyless/BaoJunKeyless/build/Build/Products/Release-iphoneos/BaoJunKeyless.app
2026-06-07T13:08:32.3098690Z 
2026-06-07T13:08:32.3200550Z SwiftDriver BaoJunKeyless normal arm64 com.apple.xcode.tools.swift.compiler (in target 'BaoJunKeyless' from project 'BaoJunKeyless')
2026-06-07T13:08:32.3314340Z     cd /Users/runner/work/BaoJunKeyless/BaoJunKeyless
2026-06-07T13:08:32.3430430Z     builtin-SwiftDriver -- /Applications/Xcode_16.2.app/Contents/Developer/Toolchains/XcodeDefault.xctoolchain/usr/bin/swiftc -module-name BaoJunKeyless -O -whole-module-optimization -enforce-exclusivity\=checked @/Users/runner/work/BaoJunKeyless/BaoJunKeyless/build/Build/Intermediates.noindex/BaoJunKeyless.build/Release-iphoneos/BaoJunKeyless.build/Objects-normal/arm64/BaoJunKeyless.SwiftFileList -enable-bare-slash-regex -enable-experimental-feature DebugDescriptionMacro -sdk /Applications/Xcode_16.2.app/Contents/Developer/Platforms/iPhoneOS.platform/Developer/SDKs/iPhoneOS18.2.sdk -target arm64-apple-ios15.0 -g -module-cache-path /Users/runner/work/BaoJunKeyless/BaoJunKeyless/build/ModuleCache.noindex -Xfrontend -serialize-debugging-options -swift-version 5 -I /Users/runner/work/BaoJunKeyless/BaoJunKeyless/build/Build/Products/Release-iphoneos -F /Users/runner/work/BaoJunKeyless/BaoJunKeyless/build/Build/Products/Release-iphoneos -c -num-threads 3 -Xcc -ivfsstatcache -Xcc /Users/runner/work/BaoJunKeyless/BaoJunKeyless/build/SDKStatCaches.noindex/iphoneos18.2-22C146-6f6929c68f51360d5ca70a73a7e0c2f9.sdkstatcache -output-file-map /Users/runner/work/BaoJunKeyless/BaoJunKeyless/build/Build/Intermediates.noindex/BaoJunKeyless.build/Release-iphoneos/BaoJunKeyless.build/Objects-normal/arm64/BaoJunKeyless-OutputFileMap.json -use-frontend-parseable-output -save-temps -no-color-diagnostics -serialize-diagnostics -emit-dependencies -emit-module -emit-module-path /Users/runner/work/BaoJunKeyless/BaoJunKeyless/build/Build/Intermediates.noindex/BaoJunKeyless.build/Release-iphoneos/BaoJunKeyless.build/Objects-normal/arm64/BaoJunKeyless.swiftmodule -validate-clang-modules-once -clang-build-session-file /Users/runner/work/BaoJunKeyless/BaoJunKeyless/build/ModuleCache.noindex/Session.modulevalidation -Xcc -I/Users/runner/work/BaoJunKeyless/BaoJunKeyless/build/Build/Intermediates.noindex/BaoJunKeyless.build/Release-iphoneos/BaoJunKeyless.build/swift-overrides.hmap -emit-const-values -Xfrontend -const-gather-protocols-file -Xfrontend /Users/runner/work/BaoJunKeyless/BaoJunKeyless/build/Build/Intermediates.noindex/BaoJunKeyless.build/Release-iphoneos/BaoJunKeyless.build/Objects-normal/arm64/BaoJunKeyless_const_extract_protocols.json -Xcc -iquote -Xcc /Users/runner/work/BaoJunKeyless/BaoJunKeyless/build/Build/Intermediates.noindex/BaoJunKeyless.build/Release-iphoneos/BaoJunKeyless.build/BaoJunKeyless-generated-files.hmap -Xcc -I/Users/runner/work/BaoJunKeyless/BaoJunKeyless/build/Build/Intermediates.noindex/BaoJunKeyless.build/Release-iphoneos/BaoJunKeyless.build/BaoJunKeyless-own-target-headers.hmap -Xcc -I/Users/runner/work/BaoJunKeyless/BaoJunKeyless/build/Build/Intermediates.noindex/BaoJunKeyless.build/Release-iphoneos/BaoJunKeyless.build/BaoJunKeyless-all-target-headers.hmap -Xcc -iquote -Xcc /Users/runner/work/BaoJunKeyless/BaoJunKeyless/build/Build/Intermediates.noindex/BaoJunKeyless.build/Release-iphoneos/BaoJunKeyless.build/BaoJunKeyless-project-headers.hmap -Xcc -I/Users/runner/work/BaoJunKeyless/BaoJunKeyless/build/Build/Products/Release-iphoneos/include -Xcc -I/Users/runner/work/BaoJunKeyless/BaoJunKeyless/build/Build/Intermediates.noindex/BaoJunKeyless.build/Release-iphoneos/BaoJunKeyless.build/DerivedSources-normal/arm64 -Xcc -I/Users/runner/work/BaoJunKeyless/BaoJunKeyless/build/Build/Intermediates.noindex/BaoJunKeyless.build/Release-iphoneos/BaoJunKeyless.build/DerivedSources/arm64 -Xcc -I/Users/runner/work/BaoJunKeyless/BaoJunKeyless/build/Build/Intermediates.noindex/BaoJunKeyless.build/Release-iphoneos/BaoJunKeyless.build/DerivedSources -emit-objc-header -emit-objc-header-path /Users/runner/work/BaoJunKeyless/BaoJunKeyless/build/Build/Intermediates.noindex/BaoJunKeyless.build/Release-iphoneos/BaoJunKeyless.build/Objects-normal/arm64/BaoJunKeyless-Swift.h -working-directory /Users/runner/work/BaoJunKeyless/BaoJunKeyless -no-emit-module-separately-wmo
2026-06-07T13:08:32.3454660Z 
2026-06-07T13:08:32.3721950Z SwiftDriver\ Compilation BaoJunKeyless normal arm64 com.apple.xcode.tools.swift.compiler (in target 'BaoJunKeyless' from project 'BaoJunKeyless')
2026-06-07T13:08:32.3828210Z     cd /Users/runner/work/BaoJunKeyless/BaoJunKeyless
2026-06-07T13:08:32.4041300Z     builtin-Swift-Compilation -- /Applications/Xcode_16.2.app/Contents/Developer/Toolchains/XcodeDefault.xctoolchain/usr/bin/swiftc -module-name BaoJunKeyless -O -whole-module-optimization -enforce-exclusivity\=checked @/Users/runner/work/BaoJunKeyless/BaoJunKeyless/build/Build/Intermediates.noindex/BaoJunKeyless.build/Release-iphoneos/BaoJunKeyless.build/Objects-normal/arm64/BaoJunKeyless.SwiftFileList -enable-bare-slash-regex -enable-experimental-feature DebugDescriptionMacro -sdk /Applications/Xcode_16.2.app/Contents/Developer/Platforms/iPhoneOS.platform/Developer/SDKs/iPhoneOS18.2.sdk -target arm64-apple-ios15.0 -g -module-cache-path /Users/runner/work/BaoJunKeyless/BaoJunKeyless/build/ModuleCache.noindex -Xfrontend -serialize-debugging-options -swift-version 5 -I /Users/runner/work/BaoJunKeyless/BaoJunKeyless/build/Build/Products/Release-iphoneos -F /Users/runner/work/BaoJunKeyless/BaoJunKeyless/build/Build/Products/Release-iphoneos -c -num-threads 3 -Xcc -ivfsstatcache -Xcc /Users/runner/work/BaoJunKeyless/BaoJunKeyless/build/SDKStatCaches.noindex/iphoneos18.2-22C146-6f6929c68f51360d5ca70a73a7e0c2f9.sdkstatcache -output-file-map /Users/runner/work/BaoJunKeyless/BaoJunKeyless/build/Build/Intermediates.noindex/BaoJunKeyless.build/Release-iphoneos/BaoJunKeyless.build/Objects-normal/arm64/BaoJunKeyless-OutputFileMap.json -use-frontend-parseable-output -save-temps -no-color-diagnostics -serialize-diagnostics -emit-dependencies -emit-module -emit-module-path /Users/runner/work/BaoJunKeyless/BaoJunKeyless/build/Build/Intermediates.noindex/BaoJunKeyless.build/Release-iphoneos/BaoJunKeyless.build/Objects-normal/arm64/BaoJunKeyless.swiftmodule -validate-clang-modules-once -clang-build-session-file /Users/runner/work/BaoJunKeyless/BaoJunKeyless/build/ModuleCache.noindex/Session.modulevalidation -Xcc -I/Users/runner/work/BaoJunKeyless/BaoJunKeyless/build/Build/Intermediates.noindex/BaoJunKeyless.build/Release-iphoneos/BaoJunKeyless.build/swift-overrides.hmap -emit-const-values -Xfrontend -const-gather-protocols-file -Xfrontend /Users/runner/work/BaoJunKeyless/BaoJunKeyless/build/Build/Intermediates.noindex/BaoJunKeyless.build/Release-iphoneos/BaoJunKeyless.build/Objects-normal/arm64/BaoJunKeyless_const_extract_protocols.json -Xcc -iquote -Xcc /Users/runner/work/BaoJunKeyless/BaoJunKeyless/build/Build/Intermediates.noindex/BaoJunKeyless.build/Release-iphoneos/BaoJunKeyless.build/BaoJunKeyless-generated-files.hmap -Xcc -I/Users/runner/work/BaoJunKeyless/BaoJunKeyless/build/Build/Intermediates.noindex/BaoJunKeyless.build/Release-iphoneos/BaoJunKeyless.build/BaoJunKeyless-own-target-headers.hmap -Xcc -I/Users/runner/work/BaoJunKeyless/BaoJunKeyless/build/Build/Intermediates.noindex/BaoJunKeyless.build/Release-iphoneos/BaoJunKeyless.build/BaoJunKeyless-all-target-headers.hmap -Xcc -iquote -Xcc /Users/runner/work/BaoJunKeyless/BaoJunKeyless/build/Build/Intermediates.noindex/BaoJunKeyless.build/Release-iphoneos/BaoJunKeyless.build/BaoJunKeyless-project-headers.hmap -Xcc -I/Users/runner/work/BaoJunKeyless/BaoJunKeyless/build/Build/Products/Release-iphoneos/include -Xcc -I/Users/runner/work/BaoJunKeyless/BaoJunKeyless/build/Build/Intermediates.noindex/BaoJunKeyless.build/Release-iphoneos/BaoJunKeyless.build/DerivedSources-normal/arm64 -Xcc -I/Users/runner/work/BaoJunKeyless/BaoJunKeyless/build/Build/Intermediates.noindex/BaoJunKeyless.build/Release-iphoneos/BaoJunKeyless.build/DerivedSources/arm64 -Xcc -I/Users/runner/work/BaoJunKeyless/BaoJunKeyless/build/Build/Intermediates.noindex/BaoJunKeyless.build/Release-iphoneos/BaoJunKeyless.build/DerivedSources -emit-objc-header -emit-objc-header-path /Users/runner/work/BaoJunKeyless/BaoJunKeyless/build/Build/Intermediates.noindex/BaoJunKeyless.build/Release-iphoneos/BaoJunKeyless.build/Objects-normal/arm64/BaoJunKeyless-Swift.h -working-directory /Users/runner/work/BaoJunKeyless/BaoJunKeyless -no-emit-module-separately-wmo
2026-06-07T13:08:32.4060620Z 
2026-06-07T13:08:32.4246250Z SwiftCompile normal arm64 Compiling\ AddressServiceSettings.swift,\ AppBackgroundView.swift,\ AppDiagnosticsSettings.swift,\ AppInfo.swift,\ AppNavigationContainerView.swift,\ AppScrollState.swift,\ AppTheme.swift,\ AppViewCompatibility.swift,\ BaoJunKeylessApp.swift,\ ChromeBarMetrics.swift,\ Components.swift,\ ContentView.swift,\ CrashLogger.swift,\ CustomAlertView.swift,\ CustomVibrationPattern.swift,\ KeylessSections.swift,\ KeylessSettingsStore.swift,\ KeylessView.swift,\ LocationManager.swift,\ LocationResolver.swift,\ LogView.swift,\ MenuBarView.swift,\ Models.swift,\ MotionManager.swift,\ PageHeaderView.swift,\ PhotoPicker.swift,\ RadarView.swift,\ RowDividerView.swift,\ SectionHeadingView.swift,\ SettingsEntryButtonView.swift,\ SettingsInlineActionRowView.swift,\ SettingsPanelView.swift,\ SettingsSections.swift,\ SettingsStatusRowView.swift,\ SettingsView.swift,\ ShareSheet.swift,\ StatusCards.swift,\ StatusSections.swift,\ StatusView.swift,\ ThemeImageSupport.swift,\ ThemeManager.swift,\ ThemeOptionCardView.swift,\ VehicleEventLogStore.swift,\ VibrationRecorderView.swift /Users/runner/work/BaoJunKeyless/BaoJunKeyless/Sources/Services/AddressServiceSettings.swift /Users/runner/work/BaoJunKeyless/BaoJunKeyless/Sources/Theme/AppBackgroundView.swift /Users/runner/work/BaoJunKeyless/BaoJunKeyless/Sources/Models/AppDiagnosticsSettings.swift /Users/runner/work/BaoJunKeyless/BaoJunKeyless/Sources/Models/AppInfo.swift /Users/runner/work/BaoJunKeyless/BaoJunKeyless/Sources/Theme/AppNavigationContainerView.swift /Users/runner/work/BaoJunKeyless/BaoJunKeyless/Sources/Theme/AppScrollState.swift /Users/runner/work/BaoJunKeyless/BaoJunKeyless/Sources/Theme/AppTheme.swift /Users/runner/work/BaoJunKeyless/BaoJunKeyless/Sources/Theme/AppViewCompatibility.swift /Users/runner/work/BaoJunKeyless/BaoJunKeyless/Sources/App/BaoJunKeylessApp.swift /Users/runner/work/BaoJunKeyless/BaoJunKeyless/Sources/Theme/ChromeBarMetrics.swift /Users/runner/work/BaoJunKeyless/BaoJunKeyless/Sources/Components/Components.swift /Users/runner/work/BaoJunKeyless/BaoJunKeyless/Sources/Views/ContentView.swift /Users/runner/work/BaoJunKeyless/BaoJunKeyless/Sources/Models/CrashLogger.swift /Users/runner/work/BaoJunKeyless/BaoJunKeyless/Sources/Components/CustomAlertView.swift /Users/runner/work/BaoJunKeyless/BaoJunKeyless/Sources/Models/CustomVibrationPattern.swift /Users/runner/work/BaoJunKeyless/BaoJunKeyless/Sources/Views/Keyless/KeylessSections.swift /Users/runner/work/BaoJunKeyless/BaoJunKeyless/Sources/Models/KeylessSettingsStore.swift /Users/runner/work/BaoJunKeyless/BaoJunKeyless/Sources/Views/KeylessView.swift /Users/runner/work/BaoJunKeyless/BaoJunKeyless/Sources/Models/LocationManager.swift /Users/runner/work/BaoJunKeyless/BaoJunKeyless/Sources/Services/LocationResolver.swift /Users/runner/work/BaoJunKeyless/BaoJunKeyless/Sources/Views/LogView.swift /Users/runner/work/BaoJunKeyless/BaoJunKeyless/Sources/Theme/MenuBarView.swift /Users/runner/work/BaoJunKeyless/BaoJunKeyless/Sources/Models/Models.swift /Users/runner/work/BaoJunKeyless/BaoJunKeyless/Sources/Services/MotionManager.swift /Users/runner/work/BaoJunKeyless/BaoJunKeyless/Sources/Theme/PageHeaderView.swift /Users/runner/work/BaoJunKeyless/BaoJunKeyless/Sources/Views/Settings/PhotoPicker.swift /Users/runner/work/BaoJunKeyless/BaoJunKeyless/Sources/Views/RadarView.swift /Users/runner/work/BaoJunKeyless/BaoJunKeyless/Sources/Theme/RowDividerView.swift /Users/runner/work/BaoJunKeyless/BaoJunKeyless/Sources/Theme/SectionHeadingView.swift /Users/runner/work/BaoJunKeyless/BaoJunKeyless/Sources/Theme/SettingsEntryButtonView.swift /Users/runner/work/BaoJunKeyless/BaoJunKeyless/Sources/Theme/SettingsInlineActionRowView.swift /Users/runner/work/BaoJunKeyless/BaoJunKeyless/Sources/Theme/SettingsPanelView.swift /Users/runner/work/BaoJunKeyless/BaoJunKeyless/Sources/Views/Settings/SettingsSections.swift /Users/runner/work/BaoJunKeyless/BaoJunKeyless/Sources/Theme/SettingsStatusRowView.swift /Users/runner/work/BaoJunKeyless/BaoJunKeyless/Sources/Views/SettingsView.swift /Users/runner/work/BaoJunKeyless/BaoJunKeyless/Sources/Components/ShareSheet.swift /Users/runner/work/BaoJunKeyless/BaoJunKeyless/Sources/Views/Status/StatusCards.swift /Users/runner/work/BaoJunKeyless/BaoJunKeyless/Sources/Views/Status/StatusSections.swift /Users/runner/work/BaoJunKeyless/BaoJunKeyless/Sources/Views/StatusView.swift /Users/runner/work/BaoJunKeyless/BaoJunKeyless/Sources/Theme/ThemeImageSupport.swift /Users/runner/work/BaoJunKeyless/BaoJunKeyless/Sources/Theme/ThemeManager.swift /Users/runner/work/BaoJunKeyless/BaoJunKeyless/Sources/Theme/ThemeOptionCardView.swift /Users/runner/work/BaoJunKeyless/BaoJunKeyless/Sources/Models/VehicleEventLogStore.swift /Users/runner/work/BaoJunKeyless/BaoJunKeyless/Sources/Components/VibrationRecorderView.swift (in target 'BaoJunKeyless' from project 'BaoJunKeyless')
2026-06-07T13:08:32.4319380Z     cd /Users/runner/work/BaoJunKeyless/BaoJunKeyless
2026-06-07T13:08:32.4507410Z     builtin-swiftTaskExecution -- /Applications/Xcode_16.2.app/Contents/Developer/Toolchains/XcodeDefault.xctoolchain/usr/bin/swift-frontend -frontend -c /Users/runner/work/BaoJunKeyless/BaoJunKeyless/Sources/Services/AddressServiceSettings.swift /Users/runner/work/BaoJunKeyless/BaoJunKeyless/Sources/Theme/AppBackgroundView.swift /Users/runner/work/BaoJunKeyless/BaoJunKeyless/Sources/Models/AppDiagnosticsSettings.swift /Users/runner/work/BaoJunKeyless/BaoJunKeyless/Sources/Models/AppInfo.swift /Users/runner/work/BaoJunKeyless/BaoJunKeyless/Sources/Theme/AppNavigationContainerView.swift /Users/runner/work/BaoJunKeyless/BaoJunKeyless/Sources/Theme/AppScrollState.swift /Users/runner/work/BaoJunKeyless/BaoJunKeyless/Sources/Theme/AppTheme.swift /Users/runner/work/BaoJunKeyless/BaoJunKeyless/Sources/Theme/AppViewCompatibility.swift /Users/runner/work/BaoJunKeyless/BaoJunKeyless/Sources/App/BaoJunKeylessApp.swift /Users/runner/work/BaoJunKeyless/BaoJunKeyless/Sources/Theme/ChromeBarMetrics.swift /Users/runner/work/BaoJunKeyless/BaoJunKeyless/Sources/Components/Components.swift /Users/runner/work/BaoJunKeyless/BaoJunKeyless/Sources/Views/ContentView.swift /Users/runner/work/BaoJunKeyless/BaoJunKeyless/Sources/Models/CrashLogger.swift /Users/runner/work/BaoJunKeyless/BaoJunKeyless/Sources/Components/CustomAlertView.swift /Users/runner/work/BaoJunKeyless/BaoJunKeyless/Sources/Models/CustomVibrationPattern.swift /Users/runner/work/BaoJunKeyless/BaoJunKeyless/Sources/Views/Keyless/KeylessSections.swift /Users/runner/work/BaoJunKeyless/BaoJunKeyless/Sources/Models/KeylessSettingsStore.swift /Users/runner/work/BaoJunKeyless/BaoJunKeyless/Sources/Views/KeylessView.swift /Users/runner/work/BaoJunKeyless/BaoJunKeyless/Sources/Models/LocationManager.swift /Users/runner/work/BaoJunKeyless/BaoJunKeyless/Sources/Services/LocationResolver.swift /Users/runner/work/BaoJunKeyless/BaoJunKeyless/Sources/Views/LogView.swift /Users/runner/work/BaoJunKeyless/BaoJunKeyless/Sources/Theme/MenuBarView.swift /Users/runner/work/BaoJunKeyless/BaoJunKeyless/Sources/Models/Models.swift /Users/runner/work/BaoJunKeyless/BaoJunKeyless/Sources/Services/MotionManager.swift /Users/runner/work/BaoJunKeyless/BaoJunKeyless/Sources/Theme/PageHeaderView.swift /Users/runner/work/BaoJunKeyless/BaoJunKeyless/Sources/Views/Settings/PhotoPicker.swift /Users/runner/work/BaoJunKeyless/BaoJunKeyless/Sources/Views/RadarView.swift /Users/runner/work/BaoJunKeyless/BaoJunKeyless/Sources/Theme/RowDividerView.swift /Users/runner/work/BaoJunKeyless/BaoJunKeyless/Sources/Theme/SectionHeadingView.swift /Users/runner/work/BaoJunKeyless/BaoJunKeyless/Sources/Theme/SettingsEntryButtonView.swift /Users/runner/work/BaoJunKeyless/BaoJunKeyless/Sources/Theme/SettingsInlineActionRowView.swift /Users/runner/work/BaoJunKeyless/BaoJunKeyless/Sources/Theme/SettingsPanelView.swift /Users/runner/work/BaoJunKeyless/BaoJunKeyless/Sources/Views/Settings/SettingsSections.swift /Users/runner/work/BaoJunKeyless/BaoJunKeyless/Sources/Theme/SettingsStatusRowView.swift /Users/runner/work/BaoJunKeyless/BaoJunKeyless/Sources/Views/SettingsView.swift /Users/runner/work/BaoJunKeyless/BaoJunKeyless/Sources/Components/ShareSheet.swift /Users/runner/work/BaoJunKeyless/BaoJunKeyless/Sources/Views/Status/StatusCards.swift /Users/runner/work/BaoJunKeyless/BaoJunKeyless/Sources/Views/Status/StatusSections.swift /Users/runner/work/BaoJunKeyless/BaoJunKeyless/Sources/Views/StatusView.swift /Users/runner/work/BaoJunKeyless/BaoJunKeyless/Sources/Theme/ThemeImageSupport.swift /Users/runner/work/BaoJunKeyless/BaoJunKeyless/Sources/Theme/ThemeManager.swift /Users/runner/work/BaoJunKeyless/BaoJunKeyless/Sources/Theme/ThemeOptionCardView.swift /Users/runner/work/BaoJunKeyless/BaoJunKeyless/Sources/Models/VehicleEventLogStore.swift /Users/runner/work/BaoJunKeyless/BaoJunKeyless/Sources/Components/VibrationRecorderView.swift -supplementary-output-file-map /Users/runner/work/BaoJunKeyless/BaoJunKeyless/build/Build/Intermediates.noindex/BaoJunKeyless.build/Release-iphoneos/BaoJunKeyless.build/Objects-normal/arm64/supplementaryOutputs-1 -target arm64-apple-ios15.0 -Xllvm -aarch64-use-tbi -enable-objc-interop -stack-check -sdk /Applications/Xcode_16.2.app/Contents/Developer/Platforms/iPhoneOS.platform/Developer/SDKs/iPhoneOS18.2.sdk -I /Users/runner/work/BaoJunKeyless/BaoJunKeyless/build/Build/Products/Release-iphoneos -F /Users/runner/work/BaoJunKeyless/BaoJunKeyless/build/Build/Products/Release-iphoneos -no-color-diagnostics -g -debug-info-format\=dwarf -dwarf-version\=4 -module-cache-path /Users/runner/work/BaoJunKeyless/BaoJunKeyless/build/ModuleCache.noindex -swift-version 5 -enforce-exclusivity\=checked -O -serialize-debugging-options -const-gather-protocols-file /Users/runner/work/BaoJunKeyless/BaoJunKeyless/build/Build/Intermediates.noindex/BaoJunKeyless.build/Release-iphoneos/BaoJunKeyless.build/Objects-normal/arm64/BaoJunKeyless_const_extract_protocols.json -enable-experimental-feature DebugDescriptionMacro -enable-bare-slash-regex -empty-abi-descriptor -validate-clang-modules-once -clang-build-session-file /Users/runner/work/BaoJunKeyless/BaoJunKeyless/build/ModuleCache.noindex/Session.modulevalidation -Xcc -working-directory -Xcc /Users/runner/work/BaoJunKeyless/BaoJunKeyless -resource-dir /Applications/Xcode_16.2.app/Contents/Developer/Toolchains/XcodeDefault.xctoolchain/usr/lib/swift -file-compilation-dir /Users/runner/work/BaoJunKeyless/BaoJunKeyless -Xcc -ivfsstatcache -Xcc /Users/runner/work/BaoJunKeyless/BaoJunKeyless/build/SDKStatCaches.noindex/iphoneos18.2-22C146-6f6929c68f51360d5ca70a73a7e0c2f9.sdkstatcache -Xcc -I/Users/runner/work/BaoJunKeyless/BaoJunKeyless/build/Build/Intermediates.noindex/BaoJunKeyless.build/Release-iphoneos/BaoJunKeyless.build/swift-overrides.hmap -Xcc -iquote -Xcc /Users/runner/work/BaoJunKeyless/BaoJunKeyless/build/Build/Intermediates.noindex/BaoJunKeyless.build/Release-iphoneos/BaoJunKeyless.build/BaoJunKeyless-generated-files.hmap -Xcc -I/Users/runner/work/BaoJunKeyless/BaoJunKeyless/build/Build/Intermediates.noindex/BaoJunKeyless.build/Release-iphoneos/BaoJunKeyless.build/BaoJunKeyless-own-target-headers.hmap -Xcc -I/Users/runner/work/BaoJunKeyless/BaoJunKeyless/build/Build/Intermediates.noindex/BaoJunKeyless.build/Release-iphoneos/BaoJunKeyless.build/BaoJunKeyless-all-target-headers.hmap -Xcc -iquote -Xcc /Users/runner/work/BaoJunKeyless/BaoJunKeyless/build/Build/Intermediates.noindex/BaoJunKeyless.build/Release-iphoneos/BaoJunKeyless.build/BaoJunKeyless-project-headers.hmap -Xcc -I/Users/runner/work/BaoJunKeyless/BaoJunKeyless/build/Build/Products/Release-iphoneos/include -Xcc -I/Users/runner/work/BaoJunKeyless/BaoJunKeyless/build/Build/Intermediates.noindex/BaoJunKeyless.build/Release-iphoneos/BaoJunKeyless.build/DerivedSources-normal/arm64 -Xcc -I/Users/runner/work/BaoJunKeyless/BaoJunKeyless/build/Build/Intermediates.noindex/BaoJunKeyless.build/Release-iphoneos/BaoJunKeyless.build/DerivedSources/arm64 -Xcc -I/Users/runner/work/BaoJunKeyless/BaoJunKeyless/build/Build/Intermediates.noindex/BaoJunKeyless.build/Release-iphoneos/BaoJunKeyless.build/DerivedSources -module-name BaoJunKeyless -frontend-parseable-output -disable-clang-spi -target-sdk-version 18.2 -target-sdk-name iphoneos18.2 -external-plugin-path /Applications/Xcode_16.2.app/Contents/Developer/Platforms/iPhoneOS.platform/Developer/usr/lib/swift/host/plugins\#/Applications/Xcode_16.2.app/Contents/Developer/Platforms/iPhoneOS.platform/Developer/usr/bin/swift-plugin-server -external-plugin-path /Applications/Xcode_16.2.app/Contents/Developer/Platforms/iPhoneOS.platform/Developer/usr/local/lib/swift/host/plugins\#/Applications/Xcode_16.2.app/Contents/Developer/Platforms/iPhoneOS.platform/Developer/usr/bin/swift-plugin-server -plugin-path /Applications/Xcode_16.2.app/Contents/Developer/Toolchains/XcodeDefault.xctoolchain/usr/lib/swift/host/plugins -plugin-path /Applications/Xcode_16.2.app/Contents/Developer/Toolchains/XcodeDefault.xctoolchain/usr/local/lib/swift/host/plugins -enable-default-cmo -num-threads 3 -o /Users/runner/work/BaoJunKeyless/BaoJunKeyless/build/Build/Intermediates.noindex/BaoJunKeyless.build/Release-iphoneos/BaoJunKeyless.build/Objects-normal/arm64/AddressServiceSettings.o -o /Users/runner/work/BaoJunKeyless/BaoJunKeyless/build/Build/Intermediates.noindex/BaoJunKeyless.build/Release-iphoneos/BaoJunKeyless.build/Objects-normal/arm64/AppBackgroundView.o -o /Users/runner/work/BaoJunKeyless/BaoJunKeyless/build/Build/Intermediates.noindex/BaoJunKeyless.build/Release-iphoneos/BaoJunKeyless.build/Objects-normal/arm64/AppDiagnosticsSettings.o -o /Users/runner/work/BaoJunKeyless/BaoJunKeyless/build/Build/Intermediates.noindex/BaoJunKeyless.build/Release-iphoneos/BaoJunKeyless.build/Objects-normal/arm64/AppInfo.o -o /Users/runner/work/BaoJunKeyless/BaoJunKeyless/build/Build/Intermediates.noindex/BaoJunKeyless.build/Release-iphoneos/BaoJunKeyless.build/Objects-normal/arm64/AppNavigationContainerView.o -o /Users/runner/work/BaoJunKeyless/BaoJunKeyless/build/Build/Intermediates.noindex/BaoJunKeyless.build/Release-iphoneos/BaoJunKeyless.build/Objects-normal/arm64/AppScrollState.o -o /Users/runner/work/BaoJunKeyless/BaoJunKeyless/build/Build/Intermediates.noindex/BaoJunKeyless.build/Release-iphoneos/BaoJunKeyless.build/Objects-normal/arm64/AppTheme.o -o /Users/runner/work/BaoJunKeyless/BaoJunKeyless/build/Build/Intermediates.noindex/BaoJunKeyless.build/Release-iphoneos/BaoJunKeyless.build/Objects-normal/arm64/AppViewCompatibility.o -o /Users/runner/work/BaoJunKeyless/BaoJunKeyless/build/Build/Intermediates.noindex/BaoJunKeyless.build/Release-iphoneos/BaoJunKeyless.build/Objects-normal/arm64/BaoJunKeylessApp.o -o /Users/runner/work/BaoJunKeyless/BaoJunKeyless/build/Build/Intermediates.noindex/BaoJunKeyless.build/Release-iphoneos/BaoJunKeyless.build/Objects-normal/arm64/ChromeBarMetrics.o -o /Users/runner/work/BaoJunKeyless/BaoJunKeyless/build/Build/Intermediates.noindex/BaoJunKeyless.build/Release-iphoneos/BaoJunKeyless.build/Objects-normal/arm64/Components.o -o /Users/runner/work/BaoJunKeyless/BaoJunKeyless/build/Build/Intermediates.noindex/BaoJunKeyless.build/Release-iphoneos/BaoJunKeyless.build/Objects-normal/arm64/ContentView.o -o /Users/runner/work/BaoJunKeyless/BaoJunKeyless/build/Build/Intermediates.noindex/BaoJunKeyless.build/Release-iphoneos/BaoJunKeyless.build/Objects-normal/arm64/CrashLogger.o -o /Users/runner/work/BaoJunKeyless/BaoJunKeyless/build/Build/Intermediates.noindex/BaoJunKeyless.build/Release-iphoneos/BaoJunKeyless.build/Objects-normal/arm64/CustomAlertView.o -o /Users/runner/work/BaoJunKeyless/BaoJunKeyless/build/Build/Intermediates.noindex/BaoJunKeyless.build/Release-iphoneos/BaoJunKeyless.build/Objects-normal/arm64/CustomVibrationPattern.o -o /Users/runner/work/BaoJunKeyless/BaoJunKeyless/build/Build/Intermediates.noindex/BaoJunKeyless.build/Release-iphoneos/BaoJunKeyless.build/Objects-normal/arm64/KeylessSections.o -o /Users/runner/work/BaoJunKeyless/BaoJunKeyless/build/Build/Intermediates.noindex/BaoJunKeyless.build/Release-iphoneos/BaoJunKeyless.build/Objects-normal/arm64/KeylessSettingsStore.o -o /Users/runner/work/BaoJunKeyless/BaoJunKeyless/build/Build/Intermediates.noindex/BaoJunKeyless.build/Release-iphoneos/BaoJunKeyless.build/Objects-normal/arm64/KeylessView.o -o /Users/runner/work/BaoJunKeyless/BaoJunKeyless/build/Build/Intermediates.noindex/BaoJunKeyless.build/Release-iphoneos/BaoJunKeyless.build/Objects-normal/arm64/LocationManager.o -o /Users/runner/work/BaoJunKeyless/BaoJunKeyless/build/Build/Intermediates.noindex/BaoJunKeyless.build/Release-iphoneos/BaoJunKeyless.build/Objects-normal/arm64/LocationResolver.o -o /Users/runner/work/BaoJunKeyless/BaoJunKeyless/build/Build/Intermediates.noindex/BaoJunKeyless.build/Release-iphoneos/BaoJunKeyless.build/Objects-normal/arm64/LogView.o -o /Users/runner/work/BaoJunKeyless/BaoJunKeyless/build/Build/Intermediates.noindex/BaoJunKeyless.build/Release-iphoneos/BaoJunKeyless.build/Objects-normal/arm64/MenuBarView.o -o /Users/runner/work/BaoJunKeyless/BaoJunKeyless/build/Build/Intermediates.noindex/BaoJunKeyless.build/Release-iphoneos/BaoJunKeyless.build/Objects-normal/arm64/Models.o -o /Users/runner/work/BaoJunKeyless/BaoJunKeyless/build/Build/Intermediates.noindex/BaoJunKeyless.build/Release-iphoneos/BaoJunKeyless.build/Objects-normal/arm64/MotionManager.o -o /Users/runner/work/BaoJunKeyless/BaoJunKeyless/build/Build/Intermediates.noindex/BaoJunKeyless.build/Release-iphoneos/BaoJunKeyless.build/Objects-normal/arm64/PageHeaderView.o -o /Users/runner/work/BaoJunKeyless/BaoJunKeyless/build/Build/Intermediates.noindex/BaoJunKeyless.build/Release-iphoneos/BaoJunKeyless.build/Objects-normal/arm64/PhotoPicker.o -o /Users/runner/work/BaoJunKeyless/BaoJunKeyless/build/Build/Intermediates.noindex/BaoJunKeyless.build/Release-iphoneos/BaoJunKeyless.build/Objects-normal/arm64/RadarView.o -o /Users/runner/work/BaoJunKeyless/BaoJunKeyless/build/Build/Intermediates.noindex/BaoJunKeyless.build/Release-iphoneos/BaoJunKeyless.build/Objects-normal/arm64/RowDividerView.o -o /Users/runner/work/BaoJunKeyless/BaoJunKeyless/build/Build/Intermediates.noindex/BaoJunKeyless.build/Release-iphoneos/BaoJunKeyless.build/Objects-normal/arm64/SectionHeadingView.o -o /Users/runner/work/BaoJunKeyless/BaoJunKeyless/build/Build/Intermediates.noindex/BaoJunKeyless.build/Release-iphoneos/BaoJunKeyless.build/Objects-normal/arm64/SettingsEntryButtonView.o -o /Users/runner/work/BaoJunKeyless/BaoJunKeyless/build/Build/Intermediates.noindex/BaoJunKeyless.build/Release-iphoneos/BaoJunKeyless.build/Objects-normal/arm64/SettingsInlineActionRowView.o -o /Users/runner/work/BaoJunKeyless/BaoJunKeyless/build/Build/Intermediates.noindex/BaoJunKeyless.build/Release-iphoneos/BaoJunKeyless.build/Objects-normal/arm64/SettingsPanelView.o -o /Users/runner/work/BaoJunKeyless/BaoJunKeyless/build/Build/Intermediates.noindex/BaoJunKeyless.build/Release-iphoneos/BaoJunKeyless.build/Objects-normal/arm64/SettingsSections.o -o /Users/runner/work/BaoJunKeyless/BaoJunKeyless/build/Build/Intermediates.noindex/BaoJunKeyless.build/Release-iphoneos/BaoJunKeyless.build/Objects-normal/arm64/SettingsStatusRowView.o -o /Users/runner/work/BaoJunKeyless/BaoJunKeyless/build/Build/Intermediates.noindex/BaoJunKeyless.build/Release-iphoneos/BaoJunKeyless.build/Objects-normal/arm64/SettingsView.o -o /Users/runner/work/BaoJunKeyless/BaoJunKeyless/build/Build/Intermediates.noindex/BaoJunKeyless.build/Release-iphoneos/BaoJunKeyless.build/Objects-normal/arm64/ShareSheet.o -o /Users/runner/work/BaoJunKeyless/BaoJunKeyless/build/Build/Intermediates.noindex/BaoJunKeyless.build/Release-iphoneos/BaoJunKeyless.build/Objects-normal/arm64/StatusCards.o -o /Users/runner/work/BaoJunKeyless/BaoJunKeyless/build/Build/Intermediates.noindex/BaoJunKeyless.build/Release-iphoneos/BaoJunKeyless.build/Objects-normal/arm64/StatusSections.o -o /Users/runner/work/BaoJunKeyless/BaoJunKeyless/build/Build/Intermediates.noindex/BaoJunKeyless.build/Release-iphoneos/BaoJunKeyless.build/Objects-normal/arm64/StatusView.o -o /Users/runner/work/BaoJunKeyless/BaoJunKeyless/build/Build/Intermediates.noindex/BaoJunKeyless.build/Release-iphoneos/BaoJunKeyless.build/Objects-normal/arm64/ThemeImageSupport.o -o /Users/runner/work/BaoJunKeyless/BaoJunKeyless/build/Build/Intermediates.noindex/BaoJunKeyless.build/Release-iphoneos/BaoJunKeyless.build/Objects-normal/arm64/ThemeManager.o -o /Users/runner/work/BaoJunKeyless/BaoJunKeyless/build/Build/Intermediates.noindex/BaoJunKeyless.build/Release-iphoneos/BaoJunKeyless.build/Objects-normal/arm64/ThemeOptionCardView.o -o /Users/runner/work/BaoJunKeyless/BaoJunKeyless/build/Build/Intermediates.noindex/BaoJunKeyless.build/Release-iphoneos/BaoJunKeyless.build/Objects-normal/arm64/VehicleEventLogStore.o -o /Users/runner/work/BaoJunKeyless/BaoJunKeyless/build/Build/Intermediates.noindex/BaoJunKeyless.build/Release-iphoneos/BaoJunKeyless.build/Objects-normal/arm64/VibrationRecorderView.o -index-unit-output-path /BaoJunKeyless.build/Release-iphoneos/BaoJunKeyless.build/Objects-normal/arm64/AddressServiceSettings.o -index-unit-output-path /BaoJunKeyless.build/Release-iphoneos/BaoJunKeyless.build/Objects-normal/arm64/AppBackgroundView.o -index-unit-output-path /BaoJunKeyless.build/Release-iphoneos/BaoJunKeyless.build/Objects-normal/arm64/AppDiagnosticsSettings.o -index-unit-output-path /BaoJunKeyless.build/Release-iphoneos/BaoJunKeyless.build/Objects-normal/arm64/AppInfo.o -index-unit-output-path /BaoJunKeyless.build/Release-iphoneos/BaoJunKeyless.build/Objects-normal/arm64/AppNavigationContainerView.o -index-unit-output-path /BaoJunKeyless.build/Release-iphoneos/BaoJunKeyless.build/Objects-normal/arm64/AppScrollState.o -index-unit-output-path /BaoJunKeyless.build/Release-iphoneos/BaoJunKeyless.build/Objects-normal/arm64/AppTheme.o -index-unit-output-path /BaoJunKeyless.build/Release-iphoneos/BaoJunKeyless.build/Objects-normal/arm64/AppViewCompatibility.o -index-unit-output-path /BaoJunKeyless.build/Release-iphoneos/BaoJunKeyless.build/Objects-normal/arm64/BaoJunKeylessApp.o -index-unit-output-path /BaoJunKeyless.build/Release-iphoneos/BaoJunKeyless.build/Objects-normal/arm64/ChromeBarMetrics.o -index-unit-output-path /BaoJunKeyless.build/Release-iphoneos/BaoJunKeyless.build/Objects-normal/arm64/Components.o -index-unit-output-path /BaoJunKeyless.build/Release-iphoneos/BaoJunKeyless.build/Objects-normal/arm64/ContentView.o -index-unit-output-path /BaoJunKeyless.build/Release-iphoneos/BaoJunKeyless.build/Objects-normal/arm64/CrashLogger.o -index-unit-output-path /BaoJunKeyless.build/Release-iphoneos/BaoJunKeyless.build/Objects-normal/arm64/CustomAlertView.o -index-unit-output-path /BaoJunKeyless.build/Release-iphoneos/BaoJunKeyless.build/Objects-normal/arm64/CustomVibrationPattern.o -index-unit-output-path /BaoJunKeyless.build/Release-iphoneos/BaoJunKeyless.build/Objects-normal/arm64/KeylessSections.o -index-unit-output-path /BaoJunKeyless.build/Release-iphoneos/BaoJunKeyless.build/Objects-normal/arm64/KeylessSettingsStore.o -index-unit-output-path /BaoJunKeyless.build/Release-iphoneos/BaoJunKeyless.build/Objects-normal/arm64/KeylessView.o -index-unit-output-path /BaoJunKeyless.build/Release-iphoneos/BaoJunKeyless.build/Objects-normal/arm64/LocationManager.o -index-unit-output-path /BaoJunKeyless.build/Release-iphoneos/BaoJunKeyless.build/Objects-normal/arm64/LocationResolver.o -index-unit-output-path /BaoJunKeyless.build/Release-iphoneos/BaoJunKeyless.build/Objects-normal/arm64/LogView.o -index-unit-output-path /BaoJunKeyless.build/Release-iphoneos/BaoJunKeyless.build/Objects-normal/arm64/MenuBarView.o -index-unit-output-path /BaoJunKeyless.build/Release-iphoneos/BaoJunKeyless.build/Objects-normal/arm64/Models.o -index-unit-output-path /BaoJunKeyless.build/Release-iphoneos/BaoJunKeyless.build/Objects-normal/arm64/MotionManager.o -index-unit-output-path /BaoJunKeyless.build/Release-iphoneos/BaoJunKeyless.build/Objects-normal/arm64/PageHeaderView.o -index-unit-output-path /BaoJunKeyless.build/Release-iphoneos/BaoJunKeyless.build/Objects-normal/arm64/PhotoPicker.o -index-unit-output-path /BaoJunKeyless.build/Release-iphoneos/BaoJunKeyless.build/Objects-normal/arm64/RadarView.o -index-unit-output-path /BaoJunKeyless.build/Release-iphoneos/BaoJunKeyless.build/Objects-normal/arm64/RowDividerView.o -index-unit-output-path /BaoJunKeyless.build/Release-iphoneos/BaoJunKeyless.build/Objects-normal/arm64/SectionHeadingView.o -index-unit-output-path /BaoJunKeyless.build/Release-iphoneos/BaoJunKeyless.build/Objects-normal/arm64/SettingsEntryButtonView.o -index-unit-output-path /BaoJunKeyless.build/Release-iphoneos/BaoJunKeyless.build/Objects-normal/arm64/SettingsInlineActionRowView.o -index-unit-output-path /BaoJunKeyless.build/Release-iphoneos/BaoJunKeyless.build/Objects-normal/arm64/SettingsPanelView.o -index-unit-output-path /BaoJunKeyless.build/Release-iphoneos/BaoJunKeyless.build/Objects-normal/arm64/SettingsSections.o -index-unit-output-path /BaoJunKeyless.build/Release-iphoneos/BaoJunKeyless.build/Objects-normal/arm64/SettingsStatusRowView.o -index-unit-output-path /BaoJunKeyless.build/Release-iphoneos/BaoJunKeyless.build/Objects-normal/arm64/SettingsView.o -index-unit-output-path /BaoJunKeyless.build/Release-iphoneos/BaoJunKeyless.build/Objects-normal/arm64/ShareSheet.o -index-unit-output-path /BaoJunKeyless.build/Release-iphoneos/BaoJunKeyless.build/Objects-normal/arm64/StatusCards.o -index-unit-output-path /BaoJunKeyless.build/Release-iphoneos/BaoJunKeyless.build/Objects-normal/arm64/StatusSections.o -index-unit-output-path /BaoJunKeyless.build/Release-iphoneos/BaoJunKeyless.build/Objects-normal/arm64/StatusView.o -index-unit-output-path /BaoJunKeyless.build/Release-iphoneos/BaoJunKeyless.build/Objects-normal/arm64/ThemeImageSupport.o -index-unit-output-path /BaoJunKeyless.build/Release-iphoneos/BaoJunKeyless.build/Objects-normal/arm64/ThemeManager.o -index-unit-output-path /BaoJunKeyless.build/Release-iphoneos/BaoJunKeyless.build/Objects-normal/arm64/ThemeOptionCardView.o -index-unit-output-path /BaoJunKeyless.build/Release-iphoneos/BaoJunKeyless.build/Objects-normal/arm64/VehicleEventLogStore.o -index-unit-output-path /BaoJunKeyless.build/Release-iphoneos/BaoJunKeyless.build/Objects-normal/arm64/VibrationRecorderView.o
2026-06-07T13:08:32.4577840Z 
2026-06-07T13:08:32.4661870Z CompileSwift normal arm64 (in target 'BaoJunKeyless' from project 'BaoJunKeyless')
2026-06-07T13:08:32.4763850Z     cd /Users/runner/work/BaoJunKeyless/BaoJunKeyless
2026-06-07T13:08:32.5027450Z     /Applications/Xcode_16.2.app/Contents/Developer/Toolchains/XcodeDefault.xctoolchain/usr/bin/swift-frontend -c /Users/runner/work/BaoJunKeyless/BaoJunKeyless/Sources/Services/AddressServiceSettings.swift /Users/runner/work/BaoJunKeyless/BaoJunKeyless/Sources/Theme/AppBackgroundView.swift /Users/runner/work/BaoJunKeyless/BaoJunKeyless/Sources/Models/AppDiagnosticsSettings.swift /Users/runner/work/BaoJunKeyless/BaoJunKeyless/Sources/Models/AppInfo.swift /Users/runner/work/BaoJunKeyless/BaoJunKeyless/Sources/Theme/AppNavigationContainerView.swift /Users/runner/work/BaoJunKeyless/BaoJunKeyless/Sources/Theme/AppScrollState.swift /Users/runner/work/BaoJunKeyless/BaoJunKeyless/Sources/Theme/AppTheme.swift /Users/runner/work/BaoJunKeyless/BaoJunKeyless/Sources/Theme/AppViewCompatibility.swift /Users/runner/work/BaoJunKeyless/BaoJunKeyless/Sources/App/BaoJunKeylessApp.swift /Users/runner/work/BaoJunKeyless/BaoJunKeyless/Sources/Theme/ChromeBarMetrics.swift /Users/runner/work/BaoJunKeyless/BaoJunKeyless/Sources/Components/Components.swift /Users/runner/work/BaoJunKeyless/BaoJunKeyless/Sources/Views/ContentView.swift /Users/runner/work/BaoJunKeyless/BaoJunKeyless/Sources/Models/CrashLogger.swift /Users/runner/work/BaoJunKeyless/BaoJunKeyless/Sources/Components/CustomAlertView.swift /Users/runner/work/BaoJunKeyless/BaoJunKeyless/Sources/Models/CustomVibrationPattern.swift /Users/runner/work/BaoJunKeyless/BaoJunKeyless/Sources/Views/Keyless/KeylessSections.swift /Users/runner/work/BaoJunKeyless/BaoJunKeyless/Sources/Models/KeylessSettingsStore.swift /Users/runner/work/BaoJunKeyless/BaoJunKeyless/Sources/Views/KeylessView.swift /Users/runner/work/BaoJunKeyless/BaoJunKeyless/Sources/Models/LocationManager.swift /Users/runner/work/BaoJunKeyless/BaoJunKeyless/Sources/Services/LocationResolver.swift /Users/runner/work/BaoJunKeyless/BaoJunKeyless/Sources/Views/LogView.swift /Users/runner/work/BaoJunKeyless/BaoJunKeyless/Sources/Theme/MenuBarView.swift /Users/runner/work/BaoJunKeyless/BaoJunKeyless/Sources/Models/Models.swift /Users/runner/work/BaoJunKeyless/BaoJunKeyless/Sources/Services/MotionManager.swift /Users/runner/work/BaoJunKeyless/BaoJunKeyless/Sources/Theme/PageHeaderView.swift /Users/runner/work/BaoJunKeyless/BaoJunKeyless/Sources/Views/Settings/PhotoPicker.swift /Users/runner/work/BaoJunKeyless/BaoJunKeyless/Sources/Views/RadarView.swift /Users/runner/work/BaoJunKeyless/BaoJunKeyless/Sources/Theme/RowDividerView.swift /Users/runner/work/BaoJunKeyless/BaoJunKeyless/Sources/Theme/SectionHeadingView.swift /Users/runner/work/BaoJunKeyless/BaoJunKeyless/Sources/Theme/SettingsEntryButtonView.swift /Users/runner/work/BaoJunKeyless/BaoJunKeyless/Sources/Theme/SettingsInlineActionRowView.swift /Users/runner/work/BaoJunKeyless/BaoJunKeyless/Sources/Theme/SettingsPanelView.swift /Users/runner/work/BaoJunKeyless/BaoJunKeyless/Sources/Views/Settings/SettingsSections.swift /Users/runner/work/BaoJunKeyless/BaoJunKeyless/Sources/Theme/SettingsStatusRowView.swift /Users/runner/work/BaoJunKeyless/BaoJunKeyless/Sources/Views/SettingsView.swift /Users/runner/work/BaoJunKeyless/BaoJunKeyless/Sources/Components/ShareSheet.swift /Users/runner/work/BaoJunKeyless/BaoJunKeyless/Sources/Views/Status/StatusCards.swift /Users/runner/work/BaoJunKeyless/BaoJunKeyless/Sources/Views/Status/StatusSections.swift /Users/runner/work/BaoJunKeyless/BaoJunKeyless/Sources/Views/StatusView.swift /Users/runner/work/BaoJunKeyless/BaoJunKeyless/Sources/Theme/ThemeImageSupport.swift /Users/runner/work/BaoJunKeyless/BaoJunKeyless/Sources/Theme/ThemeManager.swift /Users/runner/work/BaoJunKeyless/BaoJunKeyless/Sources/Theme/ThemeOptionCardView.swift /Users/runner/work/BaoJunKeyless/BaoJunKeyless/Sources/Models/VehicleEventLogStore.swift /Users/runner/work/BaoJunKeyless/BaoJunKeyless/Sources/Components/VibrationRecorderView.swift -supplementary-output-file-map /Users/runner/work/BaoJunKeyless/BaoJunKeyless/build/Build/Intermediates.noindex/BaoJunKeyless.build/Release-iphoneos/BaoJunKeyless.build/Objects-normal/arm64/supplementaryOutputs-1 -target arm64-apple-ios15.0 -Xllvm -aarch64-use-tbi -enable-objc-interop -stack-check -sdk /Applications/Xcode_16.2.app/Contents/Developer/Platforms/iPhoneOS.platform/Developer/SDKs/iPhoneOS18.2.sdk -I /Users/runner/work/BaoJunKeyless/BaoJunKeyless/build/Build/Products/Release-iphoneos -F /Users/runner/work/BaoJunKeyless/BaoJunKeyless/build/Build/Products/Release-iphoneos -no-color-diagnostics -g -debug-info-format\=dwarf -dwarf-version\=4 -module-cache-path /Users/runner/work/BaoJunKeyless/BaoJunKeyless/build/ModuleCache.noindex -swift-version 5 -enforce-exclusivity\=checked -O -serialize-debugging-options -const-gather-protocols-file /Users/runner/work/BaoJunKeyless/BaoJunKeyless/build/Build/Intermediates.noindex/BaoJunKeyless.build/Release-iphoneos/BaoJunKeyless.build/Objects-normal/arm64/BaoJunKeyless_const_extract_protocols.json -enable-experimental-feature DebugDescriptionMacro -enable-bare-slash-regex -empty-abi-descriptor -validate-clang-modules-once -clang-build-session-file /Users/runner/work/BaoJunKeyless/BaoJunKeyless/build/ModuleCache.noindex/Session.modulevalidation -Xcc -working-directory -Xcc /Users/runner/work/BaoJunKeyless/BaoJunKeyless -resource-dir /Applications/Xcode_16.2.app/Contents/Developer/Toolchains/XcodeDefault.xctoolchain/usr/lib/swift -file-compilation-dir /Users/runner/work/BaoJunKeyless/BaoJunKeyless -Xcc -ivfsstatcache -Xcc /Users/runner/work/BaoJunKeyless/BaoJunKeyless/build/SDKStatCaches.noindex/iphoneos18.2-22C146-6f6929c68f51360d5ca70a73a7e0c2f9.sdkstatcache -Xcc -I/Users/runner/work/BaoJunKeyless/BaoJunKeyless/build/Build/Intermediates.noindex/BaoJunKeyless.build/Release-iphoneos/BaoJunKeyless.build/swift-overrides.hmap -Xcc -iquote -Xcc /Users/runner/work/BaoJunKeyless/BaoJunKeyless/build/Build/Intermediates.noindex/BaoJunKeyless.build/Release-iphoneos/BaoJunKeyless.build/BaoJunKeyless-generated-files.hmap -Xcc -I/Users/runner/work/BaoJunKeyless/BaoJunKeyless/build/Build/Intermediates.noindex/BaoJunKeyless.build/Release-iphoneos/BaoJunKeyless.build/BaoJunKeyless-own-target-headers.hmap -Xcc -I/Users/runner/work/BaoJunKeyless/BaoJunKeyless/build/Build/Intermediates.noindex/BaoJunKeyless.build/Release-iphoneos/BaoJunKeyless.build/BaoJunKeyless-all-target-headers.hmap -Xcc -iquote -Xcc /Users/runner/work/BaoJunKeyless/BaoJunKeyless/build/Build/Intermediates.noindex/BaoJunKeyless.build/Release-iphoneos/BaoJunKeyless.build/BaoJunKeyless-project-headers.hmap -Xcc -I/Users/runner/work/BaoJunKeyless/BaoJunKeyless/build/Build/Products/Release-iphoneos/include -Xcc -I/Users/runner/work/BaoJunKeyless/BaoJunKeyless/build/Build/Intermediates.noindex/BaoJunKeyless.build/Release-iphoneos/BaoJunKeyless.build/DerivedSources-normal/arm64 -Xcc -I/Users/runner/work/BaoJunKeyless/BaoJunKeyless/build/Build/Intermediates.noindex/BaoJunKeyless.build/Release-iphoneos/BaoJunKeyless.build/DerivedSources/arm64 -Xcc -I/Users/runner/work/BaoJunKeyless/BaoJunKeyless/build/Build/Intermediates.noindex/BaoJunKeyless.build/Release-iphoneos/BaoJunKeyless.build/DerivedSources -module-name BaoJunKeyless -frontend-parseable-output -disable-clang-spi -target-sdk-version 18.2 -target-sdk-name iphoneos18.2 -external-plugin-path /Applications/Xcode_16.2.app/Contents/Developer/Platforms/iPhoneOS.platform/Developer/usr/lib/swift/host/plugins\#/Applications/Xcode_16.2.app/Contents/Developer/Platforms/iPhoneOS.platform/Developer/usr/bin/swift-plugin-server -external-plugin-path /Applications/Xcode_16.2.app/Contents/Developer/Platforms/iPhoneOS.platform/Developer/usr/local/lib/swift/host/plugins\#/Applications/Xcode_16.2.app/Contents/Developer/Platforms/iPhoneOS.platform/Developer/usr/bin/swift-plugin-server -plugin-path /Applications/Xcode_16.2.app/Contents/Developer/Toolchains/XcodeDefault.xctoolchain/usr/lib/swift/host/plugins -plugin-path /Applications/Xcode_16.2.app/Contents/Developer/Toolchains/XcodeDefault.xctoolchain/usr/local/lib/swift/host/plugins -enable-default-cmo -num-threads 3 -o /Users/runner/work/BaoJunKeyless/BaoJunKeyless/build/Build/Intermediates.noindex/BaoJunKeyless.build/Release-iphoneos/BaoJunKeyless.build/Objects-normal/arm64/AddressServiceSettings.o -o /Users/runner/work/BaoJunKeyless/BaoJunKeyless/build/Build/Intermediates.noindex/BaoJunKeyless.build/Release-iphoneos/BaoJunKeyless.build/Objects-normal/arm64/AppBackgroundView.o -o /Users/runner/work/BaoJunKeyless/BaoJunKeyless/build/Build/Intermediates.noindex/BaoJunKeyless.build/Release-iphoneos/BaoJunKeyless.build/Objects-normal/arm64/AppDiagnosticsSettings.o -o /Users/runner/work/BaoJunKeyless/BaoJunKeyless/build/Build/Intermediates.noindex/BaoJunKeyless.build/Release-iphoneos/BaoJunKeyless.build/Objects-normal/arm64/AppInfo.o -o /Users/runner/work/BaoJunKeyless/BaoJunKeyless/build/Build/Intermediates.noindex/BaoJunKeyless.build/Release-iphoneos/BaoJunKeyless.build/Objects-normal/arm64/AppNavigationContainerView.o -o /Users/runner/work/BaoJunKeyless/BaoJunKeyless/build/Build/Intermediates.noindex/BaoJunKeyless.build/Release-iphoneos/BaoJunKeyless.build/Objects-normal/arm64/AppScrollState.o -o /Users/runner/work/BaoJunKeyless/BaoJunKeyless/build/Build/Intermediates.noindex/BaoJunKeyless.build/Release-iphoneos/BaoJunKeyless.build/Objects-normal/arm64/AppTheme.o -o /Users/runner/work/BaoJunKeyless/BaoJunKeyless/build/Build/Intermediates.noindex/BaoJunKeyless.build/Release-iphoneos/BaoJunKeyless.build/Objects-normal/arm64/AppViewCompatibility.o -o /Users/runner/work/BaoJunKeyless/BaoJunKeyless/build/Build/Intermediates.noindex/BaoJunKeyless.build/Release-iphoneos/BaoJunKeyless.build/Objects-normal/arm64/BaoJunKeylessApp.o -o /Users/runner/work/BaoJunKeyless/BaoJunKeyless/build/Build/Intermediates.noindex/BaoJunKeyless.build/Release-iphoneos/BaoJunKeyless.build/Objects-normal/arm64/ChromeBarMetrics.o -o /Users/runner/work/BaoJunKeyless/BaoJunKeyless/build/Build/Intermediates.noindex/BaoJunKeyless.build/Release-iphoneos/BaoJunKeyless.build/Objects-normal/arm64/Components.o -o /Users/runner/work/BaoJunKeyless/BaoJunKeyless/build/Build/Intermediates.noindex/BaoJunKeyless.build/Release-iphoneos/BaoJunKeyless.build/Objects-normal/arm64/ContentView.o -o /Users/runner/work/BaoJunKeyless/BaoJunKeyless/build/Build/Intermediates.noindex/BaoJunKeyless.build/Release-iphoneos/BaoJunKeyless.build/Objects-normal/arm64/CrashLogger.o -o /Users/runner/work/BaoJunKeyless/BaoJunKeyless/build/Build/Intermediates.noindex/BaoJunKeyless.build/Release-iphoneos/BaoJunKeyless.build/Objects-normal/arm64/CustomAlertView.o -o /Users/runner/work/BaoJunKeyless/BaoJunKeyless/build/Build/Intermediates.noindex/BaoJunKeyless.build/Release-iphoneos/BaoJunKeyless.build/Objects-normal/arm64/CustomVibrationPattern.o -o /Users/runner/work/BaoJunKeyless/BaoJunKeyless/build/Build/Intermediates.noindex/BaoJunKeyless.build/Release-iphoneos/BaoJunKeyless.build/Objects-normal/arm64/KeylessSections.o -o /Users/runner/work/BaoJunKeyless/BaoJunKeyless/build/Build/Intermediates.noindex/BaoJunKeyless.build/Release-iphoneos/BaoJunKeyless.build/Objects-normal/arm64/KeylessSettingsStore.o -o /Users/runner/work/BaoJunKeyless/BaoJunKeyless/build/Build/Intermediates.noindex/BaoJunKeyless.build/Release-iphoneos/BaoJunKeyless.build/Objects-normal/arm64/KeylessView.o -o /Users/runner/work/BaoJunKeyless/BaoJunKeyless/build/Build/Intermediates.noindex/BaoJunKeyless.build/Release-iphoneos/BaoJunKeyless.build/Objects-normal/arm64/LocationManager.o -o /Users/runner/work/BaoJunKeyless/BaoJunKeyless/build/Build/Intermediates.noindex/BaoJunKeyless.build/Release-iphoneos/BaoJunKeyless.build/Objects-normal/arm64/LocationResolver.o -o /Users/runner/work/BaoJunKeyless/BaoJunKeyless/build/Build/Intermediates.noindex/BaoJunKeyless.build/Release-iphoneos/BaoJunKeyless.build/Objects-normal/arm64/LogView.o -o /Users/runner/work/BaoJunKeyless/BaoJunKeyless/build/Build/Intermediates.noindex/BaoJunKeyless.build/Release-iphoneos/BaoJunKeyless.build/Objects-normal/arm64/MenuBarView.o -o /Users/runner/work/BaoJunKeyless/BaoJunKeyless/build/Build/Intermediates.noindex/BaoJunKeyless.build/Release-iphoneos/BaoJunKeyless.build/Objects-normal/arm64/Models.o -o /Users/runner/work/BaoJunKeyless/BaoJunKeyless/build/Build/Intermediates.noindex/BaoJunKeyless.build/Release-iphoneos/BaoJunKeyless.build/Objects-normal/arm64/MotionManager.o -o /Users/runner/work/BaoJunKeyless/BaoJunKeyless/build/Build/Intermediates.noindex/BaoJunKeyless.build/Release-iphoneos/BaoJunKeyless.build/Objects-normal/arm64/PageHeaderView.o -o /Users/runner/work/BaoJunKeyless/BaoJunKeyless/build/Build/Intermediates.noindex/BaoJunKeyless.build/Release-iphoneos/BaoJunKeyless.build/Objects-normal/arm64/PhotoPicker.o -o /Users/runner/work/BaoJunKeyless/BaoJunKeyless/build/Build/Intermediates.noindex/BaoJunKeyless.build/Release-iphoneos/BaoJunKeyless.build/Objects-normal/arm64/RadarView.o -o /Users/runner/work/BaoJunKeyless/BaoJunKeyless/build/Build/Intermediates.noindex/BaoJunKeyless.build/Release-iphoneos/BaoJunKeyless.build/Objects-normal/arm64/RowDividerView.o -o /Users/runner/work/BaoJunKeyless/BaoJunKeyless/build/Build/Intermediates.noindex/BaoJunKeyless.build/Release-iphoneos/BaoJunKeyless.build/Objects-normal/arm64/SectionHeadingView.o -o /Users/runner/work/BaoJunKeyless/BaoJunKeyless/build/Build/Intermediates.noindex/BaoJunKeyless.build/Release-iphoneos/BaoJunKeyless.build/Objects-normal/arm64/SettingsEntryButtonView.o -o /Users/runner/work/BaoJunKeyless/BaoJunKeyless/build/Build/Intermediates.noindex/BaoJunKeyless.build/Release-iphoneos/BaoJunKeyless.build/Objects-normal/arm64/SettingsInlineActionRowView.o -o /Users/runner/work/BaoJunKeyless/BaoJunKeyless/build/Build/Intermediates.noindex/BaoJunKeyless.build/Release-iphoneos/BaoJunKeyless.build/Objects-normal/arm64/SettingsPanelView.o -o /Users/runner/work/BaoJunKeyless/BaoJunKeyless/build/Build/Intermediates.noindex/BaoJunKeyless.build/Release-iphoneos/BaoJunKeyless.build/Objects-normal/arm64/SettingsSections.o -o /Users/runner/work/BaoJunKeyless/BaoJunKeyless/build/Build/Intermediates.noindex/BaoJunKeyless.build/Release-iphoneos/BaoJunKeyless.build/Objects-normal/arm64/SettingsStatusRowView.o -o /Users/runner/work/BaoJunKeyless/BaoJunKeyless/build/Build/Intermediates.noindex/BaoJunKeyless.build/Release-iphoneos/BaoJunKeyless.build/Objects-normal/arm64/SettingsView.o -o /Users/runner/work/BaoJunKeyless/BaoJunKeyless/build/Build/Intermediates.noindex/BaoJunKeyless.build/Release-iphoneos/BaoJunKeyless.build/Objects-normal/arm64/ShareSheet.o -o /Users/runner/work/BaoJunKeyless/BaoJunKeyless/build/Build/Intermediates.noindex/BaoJunKeyless.build/Release-iphoneos/BaoJunKeyless.build/Objects-normal/arm64/StatusCards.o -o /Users/runner/work/BaoJunKeyless/BaoJunKeyless/build/Build/Intermediates.noindex/BaoJunKeyless.build/Release-iphoneos/BaoJunKeyless.build/Objects-normal/arm64/StatusSections.o -o /Users/runner/work/BaoJunKeyless/BaoJunKeyless/build/Build/Intermediates.noindex/BaoJunKeyless.build/Release-iphoneos/BaoJunKeyless.build/Objects-normal/arm64/StatusView.o -o /Users/runner/work/BaoJunKeyless/BaoJunKeyless/build/Build/Intermediates.noindex/BaoJunKeyless.build/Release-iphoneos/BaoJunKeyless.build/Objects-normal/arm64/ThemeImageSupport.o -o /Users/runner/work/BaoJunKeyless/BaoJunKeyless/build/Build/Intermediates.noindex/BaoJunKeyless.build/Release-iphoneos/BaoJunKeyless.build/Objects-normal/arm64/ThemeManager.o -o /Users/runner/work/BaoJunKeyless/BaoJunKeyless/build/Build/Intermediates.noindex/BaoJunKeyless.build/Release-iphoneos/BaoJunKeyless.build/Objects-normal/arm64/ThemeOptionCardView.o -o /Users/runner/work/BaoJunKeyless/BaoJunKeyless/build/Build/Intermediates.noindex/BaoJunKeyless.build/Release-iphoneos/BaoJunKeyless.build/Objects-normal/arm64/VehicleEventLogStore.o -o /Users/runner/work/BaoJunKeyless/BaoJunKeyless/build/Build/Intermediates.noindex/BaoJunKeyless.build/Release-iphoneos/BaoJunKeyless.build/Objects-normal/arm64/VibrationRecorderView.o -index-unit-output-path /BaoJunKeyless.build/Release-iphoneos/BaoJunKeyless.build/Objects-normal/arm64/AddressServiceSettings.o -index-unit-output-path /BaoJunKeyless.build/Release-iphoneos/BaoJunKeyless.build/Objects-normal/arm64/AppBackgroundView.o -index-unit-output-path /BaoJunKeyless.build/Release-iphoneos/BaoJunKeyless.build/Objects-normal/arm64/AppDiagnosticsSettings.o -index-unit-output-path /BaoJunKeyless.build/Release-iphoneos/BaoJunKeyless.build/Objects-normal/arm64/AppInfo.o -index-unit-output-path /BaoJunKeyless.build/Release-iphoneos/BaoJunKeyless.build/Objects-normal/arm64/AppNavigationContainerView.o -index-unit-output-path /BaoJunKeyless.build/Release-iphoneos/BaoJunKeyless.build/Objects-normal/arm64/AppScrollState.o -index-unit-output-path /BaoJunKeyless.build/Release-iphoneos/BaoJunKeyless.build/Objects-normal/arm64/AppTheme.o -index-unit-output-path /BaoJunKeyless.build/Release-iphoneos/BaoJunKeyless.build/Objects-normal/arm64/AppViewCompatibility.o -index-unit-output-path /BaoJunKeyless.build/Release-iphoneos/BaoJunKeyless.build/Objects-normal/arm64/BaoJunKeylessApp.o -index-unit-output-path /BaoJunKeyless.build/Release-iphoneos/BaoJunKeyless.build/Objects-normal/arm64/ChromeBarMetrics.o -index-unit-output-path /BaoJunKeyless.build/Release-iphoneos/BaoJunKeyless.build/Objects-normal/arm64/Components.o -index-unit-output-path /BaoJunKeyless.build/Release-iphoneos/BaoJunKeyless.build/Objects-normal/arm64/ContentView.o -index-unit-output-path /BaoJunKeyless.build/Release-iphoneos/BaoJunKeyless.build/Objects-normal/arm64/CrashLogger.o -index-unit-output-path /BaoJunKeyless.build/Release-iphoneos/BaoJunKeyless.build/Objects-normal/arm64/CustomAlertView.o -index-unit-output-path /BaoJunKeyless.build/Release-iphoneos/BaoJunKeyless.build/Objects-normal/arm64/CustomVibrationPattern.o -index-unit-output-path /BaoJunKeyless.build/Release-iphoneos/BaoJunKeyless.build/Objects-normal/arm64/KeylessSections.o -index-unit-output-path /BaoJunKeyless.build/Release-iphoneos/BaoJunKeyless.build/Objects-normal/arm64/KeylessSettingsStore.o -index-unit-output-path /BaoJunKeyless.build/Release-iphoneos/BaoJunKeyless.build/Objects-normal/arm64/KeylessView.o -index-unit-output-path /BaoJunKeyless.build/Release-iphoneos/BaoJunKeyless.build/Objects-normal/arm64/LocationManager.o -index-unit-output-path /BaoJunKeyless.build/Release-iphoneos/BaoJunKeyless.build/Objects-normal/arm64/LocationResolver.o -index-unit-output-path /BaoJunKeyless.build/Release-iphoneos/BaoJunKeyless.build/Objects-normal/arm64/LogView.o -index-unit-output-path /BaoJunKeyless.build/Release-iphoneos/BaoJunKeyless.build/Objects-normal/arm64/MenuBarView.o -index-unit-output-path /BaoJunKeyless.build/Release-iphoneos/BaoJunKeyless.build/Objects-normal/arm64/Models.o -index-unit-output-path /BaoJunKeyless.build/Release-iphoneos/BaoJunKeyless.build/Objects-normal/arm64/MotionManager.o -index-unit-output-path /BaoJunKeyless.build/Release-iphoneos/BaoJunKeyless.build/Objects-normal/arm64/PageHeaderView.o -index-unit-output-path /BaoJunKeyless.build/Release-iphoneos/BaoJunKeyless.build/Objects-normal/arm64/PhotoPicker.o -index-unit-output-path /BaoJunKeyless.build/Release-iphoneos/BaoJunKeyless.build/Objects-normal/arm64/RadarView.o -index-unit-output-path /BaoJunKeyless.build/Release-iphoneos/BaoJunKeyless.build/Objects-normal/arm64/RowDividerView.o -index-unit-output-path /BaoJunKeyless.build/Release-iphoneos/BaoJunKeyless.build/Objects-normal/arm64/SectionHeadingView.o -index-unit-output-path /BaoJunKeyless.build/Release-iphoneos/BaoJunKeyless.build/Objects-normal/arm64/SettingsEntryButtonView.o -index-unit-output-path /BaoJunKeyless.build/Release-iphoneos/BaoJunKeyless.build/Objects-normal/arm64/SettingsInlineActionRowView.o -index-unit-output-path /BaoJunKeyless.build/Release-iphoneos/BaoJunKeyless.build/Objects-normal/arm64/SettingsPanelView.o -index-unit-output-path /BaoJunKeyless.build/Release-iphoneos/BaoJunKeyless.build/Objects-normal/arm64/SettingsSections.o -index-unit-output-path /BaoJunKeyless.build/Release-iphoneos/BaoJunKeyless.build/Objects-normal/arm64/SettingsStatusRowView.o -index-unit-output-path /BaoJunKeyless.build/Release-iphoneos/BaoJunKeyless.build/Objects-normal/arm64/SettingsView.o -index-unit-output-path /BaoJunKeyless.build/Release-iphoneos/BaoJunKeyless.build/Objects-normal/arm64/ShareSheet.o -index-unit-output-path /BaoJunKeyless.build/Release-iphoneos/BaoJunKeyless.build/Objects-normal/arm64/StatusCards.o -index-unit-output-path /BaoJunKeyless.build/Release-iphoneos/BaoJunKeyless.build/Objects-normal/arm64/StatusSections.o -index-unit-output-path /BaoJunKeyless.build/Release-iphoneos/BaoJunKeyless.build/Objects-normal/arm64/StatusView.o -index-unit-output-path /BaoJunKeyless.build/Release-iphoneos/BaoJunKeyless.build/Objects-normal/arm64/ThemeImageSupport.o -index-unit-output-path /BaoJunKeyless.build/Release-iphoneos/BaoJunKeyless.build/Objects-normal/arm64/ThemeManager.o -index-unit-output-path /BaoJunKeyless.build/Release-iphoneos/BaoJunKeyless.build/Objects-normal/arm64/ThemeOptionCardView.o -index-unit-output-path /BaoJunKeyless.build/Release-iphoneos/BaoJunKeyless.build/Objects-normal/arm64/VehicleEventLogStore.o -index-unit-output-path /BaoJunKeyless.build/Release-iphoneos/BaoJunKeyless.build/Objects-normal/arm64/VibrationRecorderView.o
2026-06-07T13:08:32.5105370Z /Users/runner/work/BaoJunKeyless/BaoJunKeyless/Sources/Views/RadarView.swift:612:54: error: cannot find '$addressSheetToastText' in scope
2026-06-07T13:08:32.5106480Z             SettingsAddressServiceSection(toastText: $addressSheetToastText)
2026-06-07T13:08:32.5107160Z                                                      ^~~~~~~~~~~~~~~~~~~~~~
2026-06-07T13:08:32.5107400Z 
2026-06-07T13:08:32.5108030Z note: Disabling previews because SWIFT_VERSION is set and SWIFT_OPTIMIZATION_LEVEL=-O, expected -Onone (in target 'BaoJunKeyless' from project 'BaoJunKeyless')
2026-06-07T13:08:32.5108920Z ** BUILD FAILED **
2026-06-07T13:08:32.5109080Z 
2026-06-07T13:08:32.5109080Z 
2026-06-07T13:08:32.5109270Z The following build commands failed:
2026-06-07T13:08:32.5110090Z 	CompileSwift normal arm64 (in target 'BaoJunKeyless' from project 'BaoJunKeyless')
2026-06-07T13:08:32.5132990Z 	SwiftCompile normal arm64 Compiling\ AddressServiceSettings.swift,\ AppBackgroundView.swift,\ AppDiagnosticsSettings.swift,\ AppInfo.swift,\ AppNavigationContainerView.swift,\ AppScrollState.swift,\ AppTheme.swift,\ AppViewCompatibility.swift,\ BaoJunKeylessApp.swift,\ ChromeBarMetrics.swift,\ Components.swift,\ ContentView.swift,\ CrashLogger.swift,\ CustomAlertView.swift,\ CustomVibrationPattern.swift,\ KeylessSections.swift,\ KeylessSettingsStore.swift,\ KeylessView.swift,\ LocationManager.swift,\ LocationResolver.swift,\ LogView.swift,\ MenuBarView.swift,\ Models.swift,\ MotionManager.swift,\ PageHeaderView.swift,\ PhotoPicker.swift,\ RadarView.swift,\ RowDividerView.swift,\ SectionHeadingView.swift,\ SettingsEntryButtonView.swift,\ SettingsInlineActionRowView.swift,\ SettingsPanelView.swift,\ SettingsSections.swift,\ SettingsStatusRowView.swift,\ SettingsView.swift,\ ShareSheet.swift,\ StatusCards.swift,\ StatusSections.swift,\ StatusView.swift,\ ThemeImageSupport.swift,\ ThemeManager.swift,\ ThemeOptionCardView.swift,\ VehicleEventLogStore.swift,\ VibrationRecorderView.swift /Users/runner/work/BaoJunKeyless/BaoJunKeyless/Sources/Services/AddressServiceSettings.swift /Users/runner/work/BaoJunKeyless/BaoJunKeyless/Sources/Theme/AppBackgroundView.swift /Users/runner/work/BaoJunKeyless/BaoJunKeyless/Sources/Models/AppDiagnosticsSettings.swift /Users/runner/work/BaoJunKeyless/BaoJunKeyless/Sources/Models/AppInfo.swift /Users/runner/work/BaoJunKeyless/BaoJunKeyless/Sources/Theme/AppNavigationContainerView.swift /Users/runner/work/BaoJunKeyless/BaoJunKeyless/Sources/Theme/AppScrollState.swift /Users/runner/work/BaoJunKeyless/BaoJunKeyless/Sources/Theme/AppTheme.swift /Users/runner/work/BaoJunKeyless/BaoJunKeyless/Sources/Theme/AppViewCompatibility.swift /Users/runner/work/BaoJunKeyless/BaoJunKeyless/Sources/App/BaoJunKeylessApp.swift /Users/runner/work/BaoJunKeyless/BaoJunKeyless/Sources/Theme/ChromeBarMetrics.swift /Users/runner/work/BaoJunKeyless/BaoJunKeyless/Sources/Components/Components.swift /Users/runner/work/BaoJunKeyless/BaoJunKeyless/Sources/Views/ContentView.swift /Users/runner/work/BaoJunKeyless/BaoJunKeyless/Sources/Models/CrashLogger.swift /Users/runner/work/BaoJunKeyless/BaoJunKeyless/Sources/Components/CustomAlertView.swift /Users/runner/work/BaoJunKeyless/BaoJunKeyless/Sources/Models/CustomVibrationPattern.swift /Users/runner/work/BaoJunKeyless/BaoJunKeyless/Sources/Views/Keyless/KeylessSections.swift /Users/runner/work/BaoJunKeyless/BaoJunKeyless/Sources/Models/KeylessSettingsStore.swift /Users/runner/work/BaoJunKeyless/BaoJunKeyless/Sources/Views/KeylessView.swift /Users/runner/work/BaoJunKeyless/BaoJunKeyless/Sources/Models/LocationManager.swift /Users/runner/work/BaoJunKeyless/BaoJunKeyless/Sources/Services/LocationResolver.swift /Users/runner/work/BaoJunKeyless/BaoJunKeyless/Sources/Views/LogView.swift /Users/runner/work/BaoJunKeyless/BaoJunKeyless/Sources/Theme/MenuBarView.swift /Users/runner/work/BaoJunKeyless/BaoJunKeyless/Sources/Models/Models.swift /Users/runner/work/BaoJunKeyless/BaoJunKeyless/Sources/Services/MotionManager.swift /Users/runner/work/BaoJunKeyless/BaoJunKeyless/Sources/Theme/PageHeaderView.swift /Users/runner/work/BaoJunKeyless/BaoJunKeyless/Sources/Views/Settings/PhotoPicker.swift /Users/runner/work/BaoJunKeyless/BaoJunKeyless/Sources/Views/RadarView.swift /Users/runner/work/BaoJunKeyless/BaoJunKeyless/Sources/Theme/RowDividerView.swift /Users/runner/work/BaoJunKeyless/BaoJunKeyless/Sources/Theme/SectionHeadingView.swift /Users/runner/work/BaoJunKeyless/BaoJunKeyless/Sources/Theme/SettingsEntryButtonView.swift /Users/runner/work/BaoJunKeyless/BaoJunKeyless/Sources/Theme/SettingsInlineActionRowView.swift /Users/runner/work/BaoJunKeyless/BaoJunKeyless/Sources/Theme/SettingsPanelView.swift /Users/runner/work/BaoJunKeyless/BaoJunKeyless/Sources/Views/Settings/SettingsSections.swift /Users/runner/work/BaoJunKeyless/BaoJunKeyless/Sources/Theme/SettingsStatusRowView.swift /Users/runner/work/BaoJunKeyless/BaoJunKeyless/Sources/Views/SettingsView.swift /Users/runner/work/BaoJunKeyless/BaoJunKeyless/Sources/Components/ShareSheet.swift /Users/runner/work/BaoJunKeyless/BaoJunKeyless/Sources/Views/Status/StatusCards.swift /Users/runner/work/BaoJunKeyless/BaoJunKeyless/Sources/Views/Status/StatusSections.swift /Users/runner/work/BaoJunKeyless/BaoJunKeyless/Sources/Views/StatusView.swift /Users/runner/work/BaoJunKeyless/BaoJunKeyless/Sources/Theme/ThemeImageSupport.swift /Users/runner/work/BaoJunKeyless/BaoJunKeyless/Sources/Theme/ThemeManager.swift /Users/runner/work/BaoJunKeyless/BaoJunKeyless/Sources/Theme/ThemeOptionCardView.swift /Users/runner/work/BaoJunKeyless/BaoJunKeyless/Sources/Models/VehicleEventLogStore.swift /Users/runner/work/BaoJunKeyless/BaoJunKeyless/Sources/Components/VibrationRecorderView.swift (in target 'BaoJunKeyless' from project 'BaoJunKeyless')
2026-06-07T13:08:32.5153400Z 	Building project BaoJunKeyless with scheme BaoJunKeyless and configuration Release
2026-06-07T13:08:32.5153970Z (3 failures)
2026-06-07T13:08:32.5237730Z ##[group]Run APP=build/Build/Products/Release-iphoneos/BaoJunKeyless.app
2026-06-07T13:08:32.5238400Z [36;1mAPP=build/Build/Products/Release-iphoneos/BaoJunKeyless.app[0m
2026-06-07T13:08:32.5238890Z [36;1mfind "$APP" -maxdepth 1 -ls[0m
2026-06-07T13:08:32.5239260Z [36;1mfile "$APP/BaoJunKeyless" || echo "NO BINARY"[0m
2026-06-07T13:08:32.7708470Z shell: /bin/bash -e {0}
2026-06-07T13:08:32.7708680Z env:
2026-06-07T13:08:32.7708900Z   BUILD_DATE: 20260607.2108
2026-06-07T13:08:32.7709150Z ##[endgroup]
2026-06-07T13:08:32.8988880Z 3479439        0 drwxr-xr-x    5 runner           staff                 160 Jun  7 13:08 build/Build/Products/Release-iphoneos/BaoJunKeyless.app
2026-06-07T13:08:32.9056380Z 3479440        0 drwxr-xr-x    5 runner           staff                 160 Jun  7 13:08 build/Build/Products/Release-iphoneos/BaoJunKeyless.app/Assets.xcassets
2026-06-07T13:08:32.9158220Z 3479446        8 -rw-r--r--    1 runner           staff                1307 Jun  7 13:08 build/Build/Products/Release-iphoneos/BaoJunKeyless.app/Info.plist
2026-06-07T13:08:32.9259690Z 3479447        8 -rw-r--r--    1 runner           staff                   8 Jun  7 13:08 build/Build/Products/Release-iphoneos/BaoJunKeyless.app/PkgInfo
2026-06-07T13:08:32.9328990Z build/Build/Products/Release-iphoneos/BaoJunKeyless.app/BaoJunKeyless: cannot open `build/Build/Products/Release-iphoneos/BaoJunKeyless.app/BaoJunKeyless' (No such file or directory)
2026-06-07T13:08:32.9402190Z ##[group]Run APP=build/Build/Products/Release-iphoneos/BaoJunKeyless.app
2026-06-07T13:08:32.9402760Z [36;1mAPP=build/Build/Products/Release-iphoneos/BaoJunKeyless.app[0m
2026-06-07T13:08:32.9403250Z [36;1mcodesign --force --deep --sign - "$APP" || true[0m
2026-06-07T13:08:32.9403590Z [36;1mmkdir -p Payload && cp -R "$APP" Payload/[0m
2026-06-07T13:08:32.9403890Z [36;1mzip -r -y BaoJunKeyless.ipa Payload[0m
2026-06-07T13:08:32.9404180Z [36;1mls -lh BaoJunKeyless.ipa[0m
2026-06-07T13:08:32.9404650Z [36;1munzip -l BaoJunKeyless.ipa | grep "BaoJunKeyless.app/BaoJunKeyless"[0m
2026-06-07T13:08:32.9438510Z shell: /bin/bash -e {0}
2026-06-07T13:08:32.9438830Z env:
2026-06-07T13:08:32.9439080Z   BUILD_DATE: 20260607.2108
2026-06-07T13:08:32.9439420Z ##[endgroup]
2026-06-07T13:08:33.0596750Z   adding: Payload/ (stored 0%)
2026-06-07T13:08:33.0614190Z   adding: Payload/BaoJunKeyless.app/ (stored 0%)
2026-06-07T13:08:33.0623190Z   adding: Payload/BaoJunKeyless.app/_CodeSignature/ (stored 0%)
2026-06-07T13:08:33.0625080Z   adding: Payload/BaoJunKeyless.app/_CodeSignature/CodeResources (deflated 75%)
2026-06-07T13:08:33.0628920Z   adding: Payload/BaoJunKeyless.app/_CodeSignature/CodeDirectory (deflated 20%)
2026-06-07T13:08:33.0670960Z   adding: Payload/BaoJunKeyless.app/_CodeSignature/CodeRequirements-1 (deflated 20%)
2026-06-07T13:08:33.0686030Z   adding: Payload/BaoJunKeyless.app/_CodeSignature/CodeSignature (stored 0%)
2026-06-07T13:08:33.0696550Z   adding: Payload/BaoJunKeyless.app/_CodeSignature/CodeRequirements (stored 0%)
2026-06-07T13:08:33.0704210Z   adding: Payload/BaoJunKeyless.app/Assets.xcassets/ (stored 0%)
2026-06-07T13:08:33.0761660Z   adding: Payload/BaoJunKeyless.app/Assets.xcassets/AppIcon.appiconset/ (stored 0%)
2026-06-07T13:08:33.0763450Z   adding: Payload/BaoJunKeyless.app/Assets.xcassets/AppIcon.appiconset/Contents.json (deflated 34%)
2026-06-07T13:08:33.0773550Z   adding: Payload/BaoJunKeyless.app/Assets.xcassets/AccentColor.colorset/ (stored 0%)
2026-06-07T13:08:33.0786980Z   adding: Payload/BaoJunKeyless.app/Assets.xcassets/AccentColor.colorset/Contents.json (deflated 27%)
2026-06-07T13:08:33.0793990Z   adding: Payload/BaoJunKeyless.app/Assets.xcassets/Contents.json (deflated 16%)
2026-06-07T13:08:33.0795760Z   adding: Payload/BaoJunKeyless.app/Info.plist (deflated 31%)
2026-06-07T13:08:33.0801080Z   adding: Payload/BaoJunKeyless.app/PkgInfo (deflated 38%)
2026-06-07T13:08:33.0805320Z -rw-r--r--  1 runner  staff   5.7K Jun  7 13:08 BaoJunKeyless.ipa
2026-06-07T13:08:33.0826480Z ##[error]Process completed with exit code 1.
2026-06-07T13:08:33.0934280Z Post job cleanup.
2026-06-07T13:08:33.3985380Z [command]/opt/homebrew/bin/git version
2026-06-07T13:08:33.4398510Z git version 2.54.0
2026-06-07T13:08:33.4715910Z Copying '/Users/runner/.gitconfig' to '/Users/runner/work/_temp/3de2e1bf-3ee4-4085-8f92-d3f7dc68ed07/.gitconfig'
2026-06-07T13:08:33.4730930Z Temporarily overriding HOME='/Users/runner/work/_temp/3de2e1bf-3ee4-4085-8f92-d3f7dc68ed07' before making global git config changes
2026-06-07T13:08:33.4779530Z Adding repository directory to the temporary git global config as a safe directory
2026-06-07T13:08:33.4874180Z [command]/opt/homebrew/bin/git config --global --add safe.directory /Users/runner/work/BaoJunKeyless/BaoJunKeyless
2026-06-07T13:08:33.5023820Z [command]/opt/homebrew/bin/git config --local --name-only --get-regexp core\.sshCommand
2026-06-07T13:08:33.5295220Z [command]/opt/homebrew/bin/git submodule foreach --recursive sh -c "git config --local --name-only --get-regexp 'core\.sshCommand' && git config --local --unset-all 'core.sshCommand' || :"
2026-06-07T13:08:33.6474310Z [command]/opt/homebrew/bin/git config --local --name-only --get-regexp http\.https\:\/\/github\.com\/\.extraheader
2026-06-07T13:08:33.6538370Z http.https://github.com/.extraheader
2026-06-07T13:08:33.6606930Z [command]/opt/homebrew/bin/git config --local --unset-all http.https://github.com/.extraheader
2026-06-07T13:08:33.6638960Z [command]/opt/homebrew/bin/git submodule foreach --recursive sh -c "git config --local --name-only --get-regexp 'http\.https\:\/\/github\.com\/\.extraheader' && git config --local --unset-all 'http.https://github.com/.extraheader' || :"
2026-06-07T13:08:33.7697610Z [command]/opt/homebrew/bin/git config --local --name-only --get-regexp ^includeIf\.gitdir:
2026-06-07T13:08:33.7736880Z [command]/opt/homebrew/bin/git submodule foreach --recursive git config --local --show-origin --name-only --get-regexp remote.origin.url
2026-06-07T13:08:33.8645200Z Cleaning up orphan processes
2026-06-07T13:08:34.4799590Z ##[warning]Node.js 20 actions are deprecated. The following actions are running on Node.js 20 and may not work as expected: actions/checkout@v4. Actions will be forced to run with Node.js 24 by default starting June 16th, 2026. Node.js 20 will be removed from the runner on September 16th, 2026. Please check if updated versions of these actions are available that support Node.js 24. To opt into Node.js 24 now, set the FORCE_JAVASCRIPT_ACTIONS_TO_NODE24=true environment variable on the runner or in your workflow file. Once Node.js 24 becomes the default, you can temporarily opt out by setting ACTIONS_ALLOW_USE_UNSECURE_NODE_VERSION=true. For more information see: https://github.blog/changelog/2025-09-19-deprecation-of-node-20-on-github-actions-runners/
